{"ts":"2026-06-30T10:47:23.944Z","runId":"20260630-134723","type":"queue_saved","depth":0,"entries":2,"engines":"duckduckgo"}
{"ts":"2026-06-30T10:47:23.945Z","runId":"20260630-134723","type":"search_executed","query":"Q1","resultCount":1,"elapsedMs":1,"depth":0}
{"ts":"2026-06-30T10:47:23.946Z","runId":"20260630-134723","type":"search_executed","query":"Q2","resultCount":1,"elapsedMs":2,"depth":0}
{"ts":"2026-06-30T10:47:23.947Z","runId":"20260630-134723","type":"scrape_executed","url":"https://a.com","title":"https://a.com","bytes":4,"elapsedMs":0,"depth":0}
{"ts":"2026-06-30T10:47:23.948Z","runId":"20260630-134723","type":"phase_changed","from":"searching","to":"extracting","depth":1}
{"ts":"2026-06-30T10:47:23.948Z","runId":"20260630-134723","type":"extraction","length":470,"depth":1}
{"ts":"2026-06-30T10:47:23.949Z","runId":"20260630-134723","type":"phase_changed","from":"extracting","to":"questioning","depth":1}
{"ts":"2026-06-30T10:47:23.950Z","runId":"20260630-134723","type":"deepening","length":323,"depth":1}
{"ts":"2026-06-30T10:47:23.951Z","runId":"20260630-134723","type":"queue_saved","depth":1,"entries":2,"engines":"duckduckgo"}
{"ts":"2026-06-30T10:47:23.952Z","runId":"20260630-134723","type":"search_executed","query":"Question one?","resultCount":1,"elapsedMs":1,"depth":1}
{"ts":"2026-06-30T10:47:23.952Z","runId":"20260630-134723","type":"search_executed","query":"Question two?","resultCount":1,"elapsedMs":1,"depth":1}
{"ts":"2026-06-30T10:47:23.953Z","runId":"20260630-134723","type":"phase_changed","from":"searching","to":"extracting","depth":2}
{"ts":"2026-06-30T10:47:23.953Z","runId":"20260630-134723","type":"extraction","length":418,"depth":2}
{"ts":"2026-06-30T10:47:23.956Z","runId":"20260630-134723","type":"queue_saved","depth":0,"entries":1,"engines":"brave"}
{"ts":"2026-06-30T10:47:23.956Z","runId":"20260630-134723","type":"queue_saved","depth":0,"entries":2,"engines":"duckduckgo"}
{"ts":"2026-06-30T10:47:23.956Z","runId":"20260630-134723","type":"search_executed","query":"q1","resultCount":0,"elapsedMs":0,"depth":0}
{"ts":"2026-06-30T10:47:23.957Z","runId":"20260630-134723","type":"search_executed","query":"Q1","resultCount":1,"elapsedMs":0,"depth":0}
{"ts":"2026-06-30T10:47:23.957Z","runId":"20260630-134723","type":"phase_changed","from":"searching","to":"extracting","depth":1}
{"ts":"2026-06-30T10:47:23.957Z","runId":"20260630-134723","type":"search_executed","query":"Q2","resultCount":1,"elapsedMs":0,"depth":0}
{"ts":"2026-06-30T10:47:23.957Z","runId":"20260630-134723","type":"extraction","length":333,"depth":1}
{"ts":"2026-06-30T10:47:23.957Z","runId":"20260630-134723","type":"scrape_executed","url":"https://a.com","title":"https://a.com","bytes":4,"elapsedMs":0,"depth":0}
{"ts":"2026-06-30T10:47:23.957Z","runId":"20260630-134723","type":"phase_changed","from":"searching","to":"extracting","depth":1}
{"ts":"2026-06-30T10:47:23.958Z","runId":"20260630-134723","type":"extraction","length":470,"depth":1}
{"ts":"2026-06-30T10:47:23.958Z","runId":"20260630-134723","type":"phase_changed","from":"extracting","to":"questioning","depth":1}
{"ts":"2026-06-30T10:47:23.958Z","runId":"20260630-134723","type":"deepening","length":323,"depth":1}
{"ts":"2026-06-30T10:47:23.958Z","runId":"20260630-134723","type":"queue_saved","depth":0,"entries":4,"engines":"duckduckgo"}
{"ts":"2026-06-30T10:47:23.959Z","runId":"20260630-134723","type":"queue_saved","depth":1,"entries":2,"engines":"duckduckgo"}
{"ts":"2026-06-30T10:47:23.959Z","runId":"20260630-134723","type":"search_executed","query":"Question one?","resultCount":1,"elapsedMs":0,"depth":1}
{"ts":"2026-06-30T10:47:23.959Z","runId":"20260630-134723","type":"queue_saved","depth":0,"entries":1,"engines":"brave"}
{"ts":"2026-06-30T10:47:23.960Z","runId":"20260630-134723","type":"search_executed","query":"Question two?","resultCount":1,"elapsedMs":1,"depth":1}
{"ts":"2026-06-30T10:47:23.960Z","runId":"20260630-134723","type":"search_executed","query":"q1","resultCount":0,"elapsedMs":0,"depth":0}
{"ts":"2026-06-30T10:47:23.960Z","runId":"20260630-134723","type":"phase_changed","from":"searching","to":"extracting","depth":2}
{"ts":"2026-06-30T10:47:23.960Z","runId":"20260630-134723","type":"phase_changed","from":"searching","to":"extracting","depth":1}
{"ts":"2026-06-30T10:47:23.960Z","runId":"20260630-134723","type":"extraction","length":418,"depth":2}
{"ts":"2026-06-30T10:47:23.960Z","runId":"20260630-134723","type":"extraction","length":333,"depth":1}
{"ts":"2026-06-30T10:47:23.961Z","runId":"20260630-134723","type":"queue_saved","depth":0,"entries":2,"engines":"duckduckgo"}
{"ts":"2026-06-30T10:47:23.961Z","runId":"20260630-134723","type":"queue_saved","depth":0,"entries":2,"engines":"duckduckgo"}
{"ts":"2026-06-30T10:47:23.961Z","runId":"20260630-134723","type":"search_executed","query":"Original Q1","resultCount":1,"elapsedMs":0,"depth":0}
{"ts":"2026-06-30T10:47:23.962Z","runId":"20260630-134723","type":"search_executed","query":"Q1","resultCount":1,"elapsedMs":0,"depth":0}
{"ts":"2026-06-30T10:47:23.963Z","runId":"20260630-134723","type":"search_executed","query":"Original Q2","resultCount":1,"elapsedMs":2,"depth":0}
{"ts":"2026-06-30T10:47:23.963Z","runId":"20260630-134723","type":"search_executed","query":"Q2","resultCount":1,"elapsedMs":1,"depth":0}
{"ts":"2026-06-30T10:47:23.963Z","runId":"20260630-134723","type":"scrape_executed","url":"https://a.com","title":"https://a.com","bytes":4,"elapsedMs":0,"depth":0}
{"ts":"2026-06-30T10:47:23.963Z","runId":"20260630-134723","type":"scrape_executed","url":"https://a.com","title":"https://a.com","bytes":4,"elapsedMs":0,"depth":0}
{"ts":"2026-06-30T10:47:23.964Z","runId":"20260630-134723","type":"phase_changed","from":"searching","to":"extracting","depth":1}
{"ts":"2026-06-30T10:47:23.964Z","runId":"20260630-134723","type":"phase_changed","from":"searching","to":"extracting","depth":1}
{"ts":"2026-06-30T10:47:23.964Z","runId":"20260630-134723","type":"extraction","length":470,"depth":1}
{"ts":"2026-06-30T10:47:23.964Z","runId":"20260630-134723","type":"extraction","length":488,"depth":1}
{"ts":"2026-06-30T10:47:23.964Z","runId":"20260630-134723","type":"phase_changed","from":"extracting","to":"questioning","depth":1}
{"ts":"2026-06-30T10:47:23.964Z","runId":"20260630-134723","type":"deepening","length":323,"depth":1}
{"ts":"2026-06-30T10:47:23.965Z","runId":"20260630-134723","type":"queue_saved","depth":1,"entries":2,"engines":"duckduckgo"}
{"ts":"2026-06-30T10:47:23.965Z","runId":"20260630-134723","type":"queue_saved","depth":0,"entries":2,"engines":"duckduckgo"}
{"ts":"2026-06-30T10:47:23.965Z","runId":"20260630-134723","type":"search_executed","query":"Original Q1","resultCount":1,"elapsedMs":0,"depth":0}
{"ts":"2026-06-30T10:47:23.965Z","runId":"20260630-134723","type":"search_executed","query":"Q1","resultCount":1,"elapsedMs":0,"depth":1}
{"ts":"2026-06-30T10:47:23.965Z","runId":"20260630-134723","type":"search_executed","query":"Original Q2","resultCount":1,"elapsedMs":0,"depth":0}
{"ts":"2026-06-30T10:47:23.965Z","runId":"20260630-134723","type":"search_executed","query":"Q2","resultCount":1,"elapsedMs":0,"depth":1}
{"ts":"2026-06-30T10:47:23.966Z","runId":"20260630-134723","type":"scrape_executed","url":"https://a.com","title":"https://a.com","bytes":4,"elapsedMs":0,"depth":0}
{"ts":"2026-06-30T10:47:23.966Z","runId":"20260630-134723","type":"phase_changed","from":"searching","to":"extracting","depth":2}
{"ts":"2026-06-30T10:47:23.966Z","runId":"20260630-134723","type":"phase_changed","from":"searching","to":"extracting","depth":1}
{"ts":"2026-06-30T10:47:23.966Z","runId":"20260630-134723","type":"extraction","length":488,"depth":1}
{"ts":"2026-06-30T10:47:23.966Z","runId":"20260630-134723","type":"extraction","length":396,"depth":2}
{"ts":"2026-06-30T10:47:23.966Z","runId":"20260630-134723","type":"phase_changed","from":"extracting","to":"questioning","depth":1}
{"ts":"2026-06-30T10:47:23.967Z","runId":"20260630-134723","type":"deepening","length":323,"depth":1}
{"ts":"2026-06-30T10:47:23.967Z","runId":"20260630-134723","type":"queue_saved","depth":1,"entries":2,"engines":"duckduckgo"}
{"ts":"2026-06-30T10:47:23.968Z","runId":"20260630-134723","type":"search_executed","query":"What is the first follow-up question?","resultCount":1,"elapsedMs":1,"depth":1}
{"ts":"2026-06-30T10:47:23.968Z","runId":"20260630-134723","type":"search_executed","query":"What is the second follow-up question?","resultCount":1,"elapsedMs":0,"depth":1}
{"ts":"2026-06-30T10:47:23.969Z","runId":"20260630-134723","type":"phase_changed","from":"searching","to":"extracting","depth":2}
{"ts":"2026-06-30T10:47:23.969Z","runId":"20260630-134723","type":"extraction","length":467,"depth":2}
{"ts":"2026-06-30T10:47:23.970Z","runId":"20260630-134723","type":"queue_saved","depth":0,"entries":2,"engines":"duckduckgo"}
{"ts":"2026-06-30T10:47:23.970Z","runId":"20260630-134723","type":"search_executed","query":"Original Q1","resultCount":1,"elapsedMs":0,"depth":0}
{"ts":"2026-06-30T10:47:23.970Z","runId":"20260630-134723","type":"search_executed","query":"Original Q2","resultCount":1,"elapsedMs":0,"depth":0}
{"ts":"2026-06-30T10:47:23.971Z","runId":"20260630-134723","type":"scrape_executed","url":"https://a.com","title":"https://a.com","bytes":4,"elapsedMs":0,"depth":0}
{"ts":"2026-06-30T10:47:23.971Z","runId":"20260630-134723","type":"phase_changed","from":"searching","to":"extracting","depth":1}
{"ts":"2026-06-30T10:47:23.971Z","runId":"20260630-134723","type":"extraction","length":488,"depth":1}
{"ts":"2026-06-30T10:47:23.971Z","runId":"20260630-134723","type":"phase_changed","from":"extracting","to":"questioning","depth":1}
{"ts":"2026-06-30T10:47:23.971Z","runId":"20260630-134723","type":"deepening","length":323,"depth":1}
{"ts":"2026-06-30T10:47:23.972Z","runId":"20260630-134723","type":"queue_saved","depth":1,"entries":2,"engines":"duckduckgo"}
{"ts":"2026-06-30T10:47:23.972Z","runId":"20260630-134723","type":"search_executed","query":"Original Q1","resultCount":1,"elapsedMs":0,"depth":1}
{"ts":"2026-06-30T10:47:23.972Z","runId":"20260630-134723","type":"search_executed","query":"Original Q2","resultCount":1,"elapsedMs":0,"depth":1}
{"ts":"2026-06-30T10:47:23.972Z","runId":"20260630-134723","type":"phase_changed","from":"searching","to":"extracting","depth":2}
{"ts":"2026-06-30T10:47:23.972Z","runId":"20260630-134723","type":"extraction","length":414,"depth":2}
{"ts":"2026-06-30T10:47:23.974Z","runId":"20260630-134723","type":"queue_saved","depth":0,"entries":2,"engines":"duckduckgo"}
{"ts":"2026-06-30T10:47:23.974Z","runId":"20260630-134723","type":"search_executed","query":"Original Q1","resultCount":1,"elapsedMs":0,"depth":0}
{"ts":"2026-06-30T10:47:23.974Z","runId":"20260630-134723","type":"search_executed","query":"Original Q2","resultCount":1,"elapsedMs":0,"depth":0}
{"ts":"2026-06-30T10:47:23.974Z","runId":"20260630-134723","type":"scrape_executed","url":"https://a.com","title":"https://a.com","bytes":4,"elapsedMs":0,"depth":0}
{"ts":"2026-06-30T10:47:23.975Z","runId":"20260630-134723","type":"phase_changed","from":"searching","to":"extracting","depth":1}
{"ts":"2026-06-30T10:47:23.975Z","runId":"20260630-134723","type":"extraction","length":488,"depth":1}
{"ts":"2026-06-30T10:47:23.975Z","runId":"20260630-134723","type":"phase_changed","from":"extracting","to":"questioning","depth":1}
{"ts":"2026-06-30T10:47:23.975Z","runId":"20260630-134723","type":"deepening","length":323,"depth":1}
{"ts":"2026-06-30T10:47:23.976Z","runId":"20260630-134723","type":"queue_saved","depth":1,"entries":2,"engines":"duckduckgo"}
{"ts":"2026-06-30T10:47:23.976Z","runId":"20260630-134723","type":"search_executed","query":"Original Q1","resultCount":1,"elapsedMs":0,"depth":1}
{"ts":"2026-06-30T10:47:23.976Z","runId":"20260630-134723","type":"search_executed","query":"Original Q2","resultCount":1,"elapsedMs":0,"depth":1}
{"ts":"2026-06-30T10:47:23.976Z","runId":"20260630-134723","type":"phase_changed","from":"searching","to":"extracting","depth":2}
{"ts":"2026-06-30T10:47:23.977Z","runId":"20260630-134723","type":"extraction","length":414,"depth":2}
{"ts":"2026-06-30T10:47:24.010Z","runId":"20260630-134723","type":"search_executed","query":"Q1","resultCount":2,"elapsedMs":51,"depth":0}
{"ts":"2026-06-30T10:47:24.010Z","runId":"20260630-134723","type":"search_executed","query":"Q2","resultCount":2,"elapsedMs":51,"depth":0}
{"ts":"2026-06-30T10:47:24.010Z","runId":"20260630-134723","type":"search_executed","query":"Q3","resultCount":2,"elapsedMs":51,"depth":0}
{"ts":"2026-06-30T10:47:24.011Z","runId":"20260630-134723","type":"search_executed","query":"Q4","resultCount":2,"elapsedMs":52,"depth":0}
{"ts":"2026-06-30T10:47:24.016Z","runId":"20260630-134723","type":"scrape_executed","url":"https://a.com","title":"https://a.com","bytes":4,"elapsedMs":5,"depth":0}
{"ts":"2026-06-30T10:47:24.016Z","runId":"20260630-134723","type":"scrape_executed","url":"https://b.com","title":"https://b.com","bytes":4,"elapsedMs":5,"depth":0}
{"ts":"2026-06-30T10:47:24.017Z","runId":"20260630-134723","type":"phase_changed","from":"searching","to":"extracting","depth":1}
{"ts":"2026-06-30T10:47:24.017Z","runId":"20260630-134723","type":"extraction","length":705,"depth":1}
