{"ts":"2026-06-29T22:07:54.128Z","runId":"20260630-010754","type":"queue_saved","depth":0,"entries":3,"engines":"duckduckgo"}
{"ts":"2026-06-29T22:07:54.129Z","runId":"20260630-010754","type":"search_executed","query":"Q1","resultCount":2,"elapsedMs":0,"depth":0}
{"ts":"2026-06-29T22:07:54.129Z","runId":"20260630-010754","type":"search_executed","query":"Q2","resultCount":2,"elapsedMs":0,"depth":0}
{"ts":"2026-06-29T22:07:54.129Z","runId":"20260630-010754","type":"search_executed","query":"Q3","resultCount":2,"elapsedMs":0,"depth":0}
{"ts":"2026-06-29T22:07:54.130Z","runId":"20260630-010754","type":"scrape_executed","url":"https://xstate.js.org","title":"XState Docs","bytes":46,"elapsedMs":0,"depth":0}
{"ts":"2026-06-29T22:07:54.130Z","runId":"20260630-010754","type":"scrape_executed","url":"https://thisrobot.life","title":"Robot FSM","bytes":45,"elapsedMs":0,"depth":0}
{"ts":"2026-06-29T22:07:54.131Z","runId":"20260630-010754","type":"phase_changed","from":"searching","to":"extracting","depth":1}
{"ts":"2026-06-29T22:07:54.131Z","runId":"20260630-010754","type":"extraction","length":974,"depth":1}
{"ts":"2026-06-29T22:07:54.131Z","runId":"20260630-010754","type":"phase_changed","from":"extracting","to":"questioning","depth":1}
{"ts":"2026-06-29T22:07:54.131Z","runId":"20260630-010754","type":"deepening","length":350,"depth":1}
{"ts":"2026-06-29T22:07:54.132Z","runId":"20260630-010754","type":"queue_saved","depth":1,"entries":3,"engines":"duckduckgo"}
{"ts":"2026-06-29T22:07:54.132Z","runId":"20260630-010754","type":"search_executed","query":"Q1","resultCount":2,"elapsedMs":0,"depth":1}
{"ts":"2026-06-29T22:07:54.133Z","runId":"20260630-010754","type":"search_executed","query":"Q2","resultCount":2,"elapsedMs":1,"depth":1}
{"ts":"2026-06-29T22:07:54.133Z","runId":"20260630-010754","type":"search_executed","query":"Q3","resultCount":2,"elapsedMs":1,"depth":1}
{"ts":"2026-06-29T22:07:54.133Z","runId":"20260630-010754","type":"phase_changed","from":"searching","to":"extracting","depth":2}
{"ts":"2026-06-29T22:07:54.133Z","runId":"20260630-010754","type":"extraction","length":753,"depth":2}
{"ts":"2026-06-29T22:07:54.134Z","runId":"20260630-010754","type":"deepening_skipped","reason":"depth_reached","currentDepth":2,"totalDepth":2}
{"ts":"2026-06-29T22:07:54.134Z","runId":"20260630-010754","type":"phase_changed","from":"extracting","to":"drafting","depth":2}
{"ts":"2026-06-29T22:07:54.134Z","runId":"20260630-010754","type":"drafting","length":629}
{"ts":"2026-06-29T22:07:54.135Z","runId":"20260630-010754","type":"drafting_extracted","textLength":51,"agentResponseType":"string","isArray":false}
{"ts":"2026-06-29T22:07:54.135Z","runId":"20260630-010754","type":"phase_changed","from":"drafting","to":"saving"}
{"ts":"2026-06-29T22:07:54.136Z","runId":"20260630-010754","type":"phase_changed","from":"saving","to":"done","draftLength":51}
{"ts":"2026-06-29T22:07:54.138Z","runId":"20260630-010754","type":"queue_saved","depth":0,"entries":1,"engines":"duckduckgo"}
{"ts":"2026-06-29T22:07:54.138Z","runId":"20260630-010754","type":"search_executed","query":"q","resultCount":2,"elapsedMs":0,"depth":0}
{"ts":"2026-06-29T22:07:54.139Z","runId":"20260630-010754","type":"scrape_executed","url":"https://xstate.js.org","title":"XState Docs","bytes":46,"elapsedMs":0,"depth":0}
{"ts":"2026-06-29T22:07:54.139Z","runId":"20260630-010754","type":"scrape_executed","url":"https://thisrobot.life","title":"Robot FSM","bytes":45,"elapsedMs":0,"depth":0}
{"ts":"2026-06-29T22:07:54.139Z","runId":"20260630-010754","type":"phase_changed","from":"searching","to":"extracting","depth":1}
{"ts":"2026-06-29T22:07:54.139Z","runId":"20260630-010754","type":"extraction","length":683,"depth":1}
{"ts":"2026-06-29T22:07:54.139Z","runId":"20260630-010754","type":"phase_changed","from":"extracting","to":"questioning","depth":1}
{"ts":"2026-06-29T22:07:54.139Z","runId":"20260630-010754","type":"deepening","length":323,"depth":1}
{"ts":"2026-06-29T22:07:54.140Z","runId":"20260630-010754","type":"queue_saved","depth":1,"entries":1,"engines":"duckduckgo"}
{"ts":"2026-06-29T22:07:54.140Z","runId":"20260630-010754","type":"search_executed","query":"q","resultCount":2,"elapsedMs":0,"depth":1}
{"ts":"2026-06-29T22:07:54.140Z","runId":"20260630-010754","type":"phase_changed","from":"searching","to":"extracting","depth":2}
{"ts":"2026-06-29T22:07:54.140Z","runId":"20260630-010754","type":"extraction","length":462,"depth":2}
{"ts":"2026-06-29T22:07:54.141Z","runId":"20260630-010754","type":"deepening_skipped","reason":"depth_reached","currentDepth":2,"totalDepth":2}
{"ts":"2026-06-29T22:07:54.141Z","runId":"20260630-010754","type":"phase_changed","from":"extracting","to":"drafting","depth":2}
{"ts":"2026-06-29T22:07:54.141Z","runId":"20260630-010754","type":"drafting","length":569}
{"ts":"2026-06-29T22:07:54.142Z","runId":"20260630-010754","type":"drafting_extracted","textLength":0,"agentResponseType":"string","isArray":false}
{"ts":"2026-06-29T22:07:54.142Z","runId":"20260630-010754","type":"drafting_retry","reason":"empty_response","length":0}
{"ts":"2026-06-29T22:07:54.146Z","runId":"20260630-010754","type":"queue_saved","depth":0,"entries":3,"engines":"duckduckgo"}
{"ts":"2026-06-29T22:07:54.146Z","runId":"20260630-010754","type":"search_executed","query":"Q1","resultCount":2,"elapsedMs":0,"depth":0}
{"ts":"2026-06-29T22:07:54.146Z","runId":"20260630-010754","type":"search_executed","query":"Q2","resultCount":2,"elapsedMs":0,"depth":0}
{"ts":"2026-06-29T22:07:54.149Z","runId":"20260630-010754","type":"search_executed","query":"Q3","resultCount":2,"elapsedMs":3,"depth":0}
{"ts":"2026-06-29T22:07:54.149Z","runId":"20260630-010754","type":"scrape_executed","url":"https://xstate.js.org","title":"XState Docs","bytes":46,"elapsedMs":0,"depth":0}
{"ts":"2026-06-29T22:07:54.149Z","runId":"20260630-010754","type":"scrape_executed","url":"https://thisrobot.life","title":"Robot FSM","bytes":45,"elapsedMs":0,"depth":0}
{"ts":"2026-06-29T22:07:54.150Z","runId":"20260630-010754","type":"phase_changed","from":"searching","to":"extracting","depth":1}
{"ts":"2026-06-29T22:07:54.150Z","runId":"20260630-010754","type":"extraction","length":974,"depth":1}
{"ts":"2026-06-29T22:07:54.150Z","runId":"20260630-010754","type":"phase_changed","from":"extracting","to":"questioning","depth":1}
{"ts":"2026-06-29T22:07:54.151Z","runId":"20260630-010754","type":"deepening","length":350,"depth":1}
{"ts":"2026-06-29T22:07:54.152Z","runId":"20260630-010754","type":"queue_saved","depth":1,"entries":3,"engines":"duckduckgo"}
{"ts":"2026-06-29T22:07:54.152Z","runId":"20260630-010754","type":"search_executed","query":"Q1","resultCount":2,"elapsedMs":0,"depth":1}
{"ts":"2026-06-29T22:07:54.152Z","runId":"20260630-010754","type":"search_executed","query":"Q2","resultCount":2,"elapsedMs":0,"depth":1}
{"ts":"2026-06-29T22:07:54.152Z","runId":"20260630-010754","type":"search_executed","query":"Q3","resultCount":2,"elapsedMs":0,"depth":1}
{"ts":"2026-06-29T22:07:54.153Z","runId":"20260630-010754","type":"phase_changed","from":"searching","to":"extracting","depth":2}
{"ts":"2026-06-29T22:07:54.153Z","runId":"20260630-010754","type":"extraction","length":753,"depth":2}
{"ts":"2026-06-29T22:07:54.154Z","runId":"20260630-010754","type":"deepening_skipped","reason":"depth_reached","currentDepth":2,"totalDepth":2}
{"ts":"2026-06-29T22:07:54.154Z","runId":"20260630-010754","type":"phase_changed","from":"extracting","to":"drafting","depth":2}
{"ts":"2026-06-29T22:07:54.154Z","runId":"20260630-010754","type":"drafting","length":629}
{"ts":"2026-06-29T22:07:54.154Z","runId":"20260630-010754","type":"drafting_extracted","textLength":117,"agentResponseType":"string","isArray":false}
{"ts":"2026-06-29T22:07:54.155Z","runId":"20260630-010754","type":"phase_changed","from":"drafting","to":"saving"}
{"ts":"2026-06-29T22:07:54.155Z","runId":"20260630-010754","type":"phase_changed","from":"saving","to":"done","draftLength":117}
{"ts":"2026-06-29T22:07:54.329Z","runId":"20260630-010754","type":"queue_saved","depth":0,"entries":1,"engines":"duckduckgo"}
{"ts":"2026-06-29T22:07:54.330Z","runId":"20260630-010754","type":"search_executed","query":"q1","resultCount":0,"elapsedMs":0,"depth":0}
{"ts":"2026-06-29T22:07:54.331Z","runId":"20260630-010754","type":"phase_changed","from":"searching","to":"extracting","depth":1}
{"ts":"2026-06-29T22:07:54.331Z","runId":"20260630-010754","type":"extraction","length":333,"depth":1}
{"ts":"2026-06-29T22:07:54.493Z","runId":"20260630-010754","type":"queue_saved","depth":0,"entries":3,"engines":"duckduckgo"}
{"ts":"2026-06-29T22:07:54.493Z","runId":"20260630-010754","type":"search_executed","query":"Q1","resultCount":1,"elapsedMs":0,"depth":0}
{"ts":"2026-06-29T22:07:54.494Z","runId":"20260630-010754","type":"search_executed","query":"Q2","resultCount":1,"elapsedMs":1,"depth":0}
{"ts":"2026-06-29T22:07:54.494Z","runId":"20260630-010754","type":"search_executed","query":"Q3","resultCount":1,"elapsedMs":1,"depth":0}
{"ts":"2026-06-29T22:07:54.494Z","runId":"20260630-010754","type":"scrape_executed","url":"https://a.com","title":"https://a.com","bytes":4,"elapsedMs":0,"depth":0}
{"ts":"2026-06-29T22:07:54.494Z","runId":"20260630-010754","type":"phase_changed","from":"searching","to":"extracting","depth":1}
{"ts":"2026-06-29T22:07:54.495Z","runId":"20260630-010754","type":"extraction","length":509,"depth":1}
{"ts":"2026-06-29T22:07:54.495Z","runId":"20260630-010754","type":"phase_changed","from":"extracting","to":"questioning","depth":1}
{"ts":"2026-06-29T22:07:54.495Z","runId":"20260630-010754","type":"deepening","length":323,"depth":1}
{"ts":"2026-06-29T22:07:54.496Z","runId":"20260630-010754","type":"queue_saved","depth":1,"entries":3,"engines":"duckduckgo"}
{"ts":"2026-06-29T22:07:54.496Z","runId":"20260630-010754","type":"search_executed","query":"Q1","resultCount":1,"elapsedMs":0,"depth":1}
{"ts":"2026-06-29T22:07:54.496Z","runId":"20260630-010754","type":"search_executed","query":"Q2","resultCount":1,"elapsedMs":0,"depth":1}
{"ts":"2026-06-29T22:07:54.496Z","runId":"20260630-010754","type":"search_executed","query":"Q3","resultCount":1,"elapsedMs":0,"depth":1}
{"ts":"2026-06-29T22:07:54.496Z","runId":"20260630-010754","type":"soft_limit_triggered","searchCalls":6,"maxSearchCalls":5,"elapsedSeconds":0,"maxElapsedSeconds":0}
{"ts":"2026-06-29T22:07:54.497Z","runId":"20260630-010754","type":"phase_changed","from":"searching","to":"extracting","depth":2}
{"ts":"2026-06-29T22:07:54.497Z","runId":"20260630-010754","type":"extraction","length":435,"depth":2}
{"ts":"2026-06-29T22:07:54.497Z","runId":"20260630-010754","type":"deepening_skipped","reason":"soft_limit","currentDepth":2,"totalDepth":3}
{"ts":"2026-06-29T22:07:54.497Z","runId":"20260630-010754","type":"phase_changed","from":"extracting","to":"drafting","depth":2}
{"ts":"2026-06-29T22:07:54.497Z","runId":"20260630-010754","type":"drafting","length":569}
{"ts":"2026-06-29T22:07:54.498Z","runId":"20260630-010754","type":"drafting_extracted","textLength":82,"agentResponseType":"string","isArray":false}
{"ts":"2026-06-29T22:07:54.498Z","runId":"20260630-010754","type":"phase_changed","from":"drafting","to":"saving"}
{"ts":"2026-06-29T22:07:54.499Z","runId":"20260630-010754","type":"phase_changed","from":"saving","to":"done","draftLength":82}
{"ts":"2026-06-29T22:07:54.499Z","runId":"20260630-010754","type":"queue_saved","depth":0,"entries":2,"engines":"duckduckgo"}
{"ts":"2026-06-29T22:07:54.499Z","runId":"20260630-010754","type":"search_executed","query":"Q1","resultCount":2,"elapsedMs":0,"depth":0}
{"ts":"2026-06-29T22:07:54.500Z","runId":"20260630-010754","type":"search_executed","query":"Q2","resultCount":2,"elapsedMs":1,"depth":0}
{"ts":"2026-06-29T22:07:54.500Z","runId":"20260630-010754","type":"scrape_executed","url":"https://xstate.js.org","title":"XState","bytes":15,"elapsedMs":0,"depth":0}
{"ts":"2026-06-29T22:07:54.500Z","runId":"20260630-010754","type":"queue_saved","depth":0,"entries":3,"engines":"duckduckgo"}
{"ts":"2026-06-29T22:07:54.500Z","runId":"20260630-010754","type":"scrape_executed","url":"https://thisrobot.life","title":"Robot","bytes":16,"elapsedMs":0,"depth":0}
{"ts":"2026-06-29T22:07:54.501Z","runId":"20260630-010754","type":"search_executed","query":"Q1","resultCount":1,"elapsedMs":1,"depth":0}
{"ts":"2026-06-29T22:07:54.501Z","runId":"20260630-010754","type":"search_executed","query":"Q2","resultCount":1,"elapsedMs":1,"depth":0}
{"ts":"2026-06-29T22:07:54.501Z","runId":"20260630-010754","type":"phase_changed","from":"searching","to":"extracting","depth":1}
{"ts":"2026-06-29T22:07:54.501Z","runId":"20260630-010754","type":"search_executed","query":"Q3","resultCount":1,"elapsedMs":1,"depth":0}
{"ts":"2026-06-29T22:07:54.501Z","runId":"20260630-010754","type":"extraction","length":712,"depth":1}
{"ts":"2026-06-29T22:07:54.501Z","runId":"20260630-010754","type":"scrape_executed","url":"https://a.com","title":"https://a.com","bytes":4,"elapsedMs":0,"depth":0}
{"ts":"2026-06-29T22:07:54.501Z","runId":"20260630-010754","type":"phase_changed","from":"extracting","to":"questioning","depth":1}
{"ts":"2026-06-29T22:07:54.501Z","runId":"20260630-010754","type":"deepening","length":350,"depth":1}
{"ts":"2026-06-29T22:07:54.501Z","runId":"20260630-010754","type":"phase_changed","from":"searching","to":"extracting","depth":1}
{"ts":"2026-06-29T22:07:54.501Z","runId":"20260630-010754","type":"extraction","length":509,"depth":1}
{"ts":"2026-06-29T22:07:54.502Z","runId":"20260630-010754","type":"phase_changed","from":"extracting","to":"questioning","depth":1}
{"ts":"2026-06-29T22:07:54.502Z","runId":"20260630-010754","type":"deepening","length":323,"depth":1}
{"ts":"2026-06-29T22:07:54.502Z","runId":"20260630-010754","type":"queue_saved","depth":1,"entries":2,"engines":"duckduckgo"}
{"ts":"2026-06-29T22:07:54.502Z","runId":"20260630-010754","type":"search_executed","query":"Q1","resultCount":2,"elapsedMs":0,"depth":1}
{"ts":"2026-06-29T22:07:54.502Z","runId":"20260630-010754","type":"search_executed","query":"Q2","resultCount":2,"elapsedMs":0,"depth":1}
{"ts":"2026-06-29T22:07:54.502Z","runId":"20260630-010754","type":"queue_saved","depth":1,"entries":3,"engines":"duckduckgo"}
{"ts":"2026-06-29T22:07:54.502Z","runId":"20260630-010754","type":"search_executed","query":"Q1","resultCount":1,"elapsedMs":0,"depth":1}
{"ts":"2026-06-29T22:07:54.502Z","runId":"20260630-010754","type":"phase_changed","from":"searching","to":"extracting","depth":2}
{"ts":"2026-06-29T22:07:54.502Z","runId":"20260630-010754","type":"extraction","length":560,"depth":2}
{"ts":"2026-06-29T22:07:54.502Z","runId":"20260630-010754","type":"search_executed","query":"Q2","resultCount":1,"elapsedMs":0,"depth":1}
{"ts":"2026-06-29T22:07:54.503Z","runId":"20260630-010754","type":"search_executed","query":"Q3","resultCount":1,"elapsedMs":1,"depth":1}
{"ts":"2026-06-29T22:07:54.503Z","runId":"20260630-010754","type":"deepening_skipped","reason":"depth_reached","currentDepth":2,"totalDepth":2}
{"ts":"2026-06-29T22:07:54.503Z","runId":"20260630-010754","type":"phase_changed","from":"extracting","to":"drafting","depth":2}
{"ts":"2026-06-29T22:07:54.503Z","runId":"20260630-010754","type":"phase_changed","from":"searching","to":"extracting","depth":2}
{"ts":"2026-06-29T22:07:54.503Z","runId":"20260630-010754","type":"drafting","length":620}
{"ts":"2026-06-29T22:07:54.503Z","runId":"20260630-010754","type":"extraction","length":435,"depth":2}
{"ts":"2026-06-29T22:07:54.503Z","runId":"20260630-010754","type":"drafting_extracted","textLength":82,"agentResponseType":"string","isArray":false}
{"ts":"2026-06-29T22:07:54.503Z","runId":"20260630-010754","type":"phase_changed","from":"drafting","to":"saving"}
{"ts":"2026-06-29T22:07:54.504Z","runId":"20260630-010754","type":"phase_changed","from":"saving","to":"done","draftLength":82}
{"ts":"2026-06-29T22:07:54.505Z","runId":"20260630-010754","type":"queue_saved","depth":0,"entries":2,"engines":"duckduckgo"}
{"ts":"2026-06-29T22:07:54.505Z","runId":"20260630-010754","type":"search_executed","query":"Q1","resultCount":2,"elapsedMs":0,"depth":0}
{"ts":"2026-06-29T22:07:54.505Z","runId":"20260630-010754","type":"search_executed","query":"Q2","resultCount":2,"elapsedMs":0,"depth":0}
{"ts":"2026-06-29T22:07:54.506Z","runId":"20260630-010754","type":"scrape_executed","url":"https://xstate.js.org","title":"XState","bytes":15,"elapsedMs":0,"depth":0}
{"ts":"2026-06-29T22:07:54.506Z","runId":"20260630-010754","type":"scrape_executed","url":"https://thisrobot.life","title":"Robot","bytes":16,"elapsedMs":0,"depth":0}
{"ts":"2026-06-29T22:07:54.506Z","runId":"20260630-010754","type":"phase_changed","from":"searching","to":"extracting","depth":1}
{"ts":"2026-06-29T22:07:54.506Z","runId":"20260630-010754","type":"extraction","length":712,"depth":1}
{"ts":"2026-06-29T22:07:54.507Z","runId":"20260630-010754","type":"phase_changed","from":"extracting","to":"questioning","depth":1}
{"ts":"2026-06-29T22:07:54.507Z","runId":"20260630-010754","type":"deepening","length":350,"depth":1}
{"ts":"2026-06-29T22:07:54.507Z","runId":"20260630-010754","type":"queue_saved","depth":1,"entries":2,"engines":"duckduckgo"}
{"ts":"2026-06-29T22:07:54.507Z","runId":"20260630-010754","type":"search_executed","query":"Q1","resultCount":2,"elapsedMs":0,"depth":1}
{"ts":"2026-06-29T22:07:54.508Z","runId":"20260630-010754","type":"search_executed","query":"Q2","resultCount":2,"elapsedMs":1,"depth":1}
{"ts":"2026-06-29T22:07:54.508Z","runId":"20260630-010754","type":"phase_changed","from":"searching","to":"extracting","depth":2}
{"ts":"2026-06-29T22:07:54.508Z","runId":"20260630-010754","type":"extraction","length":560,"depth":2}
{"ts":"2026-06-29T22:07:54.509Z","runId":"20260630-010754","type":"queue_saved","depth":0,"entries":2,"engines":"duckduckgo"}
{"ts":"2026-06-29T22:07:54.509Z","runId":"20260630-010754","type":"search_executed","query":"Q1","resultCount":2,"elapsedMs":0,"depth":0}
{"ts":"2026-06-29T22:07:54.509Z","runId":"20260630-010754","type":"search_executed","query":"Q2","resultCount":2,"elapsedMs":0,"depth":0}
{"ts":"2026-06-29T22:07:54.509Z","runId":"20260630-010754","type":"scrape_executed","url":"https://xstate.js.org","title":"XState","bytes":15,"elapsedMs":0,"depth":0}
{"ts":"2026-06-29T22:07:54.509Z","runId":"20260630-010754","type":"scrape_executed","url":"https://thisrobot.life","title":"Robot","bytes":16,"elapsedMs":0,"depth":0}
{"ts":"2026-06-29T22:07:54.510Z","runId":"20260630-010754","type":"phase_changed","from":"searching","to":"extracting","depth":1}
{"ts":"2026-06-29T22:07:54.510Z","runId":"20260630-010754","type":"extraction","length":712,"depth":1}
{"ts":"2026-06-29T22:07:54.510Z","runId":"20260630-010754","type":"phase_changed","from":"extracting","to":"questioning","depth":1}
{"ts":"2026-06-29T22:07:54.510Z","runId":"20260630-010754","type":"deepening","length":350,"depth":1}
{"ts":"2026-06-29T22:07:54.510Z","runId":"20260630-010754","type":"queue_saved","depth":1,"entries":2,"engines":"duckduckgo"}
{"ts":"2026-06-29T22:07:54.510Z","runId":"20260630-010754","type":"search_executed","query":"Q1","resultCount":2,"elapsedMs":0,"depth":1}
{"ts":"2026-06-29T22:07:54.511Z","runId":"20260630-010754","type":"search_executed","query":"Q2","resultCount":2,"elapsedMs":1,"depth":1}
{"ts":"2026-06-29T22:07:54.511Z","runId":"20260630-010754","type":"phase_changed","from":"searching","to":"extracting","depth":2}
{"ts":"2026-06-29T22:07:54.511Z","runId":"20260630-010754","type":"extraction","length":560,"depth":2}
{"ts":"2026-06-29T22:07:54.511Z","runId":"20260630-010754","type":"deepening_skipped","reason":"depth_reached","currentDepth":2,"totalDepth":2}
{"ts":"2026-06-29T22:07:54.511Z","runId":"20260630-010754","type":"phase_changed","from":"extracting","to":"drafting","depth":2}
{"ts":"2026-06-29T22:07:54.511Z","runId":"20260630-010754","type":"drafting","length":620}
{"ts":"2026-06-29T22:07:54.512Z","runId":"20260630-010754","type":"queue_saved","depth":0,"entries":2,"engines":"duckduckgo"}
{"ts":"2026-06-29T22:07:54.512Z","runId":"20260630-010754","type":"search_executed","query":"Q1","resultCount":2,"elapsedMs":0,"depth":0}
{"ts":"2026-06-29T22:07:54.512Z","runId":"20260630-010754","type":"search_executed","query":"Q2","resultCount":2,"elapsedMs":0,"depth":0}
{"ts":"2026-06-29T22:07:54.512Z","runId":"20260630-010754","type":"scrape_executed","url":"https://xstate.js.org","title":"XState","bytes":15,"elapsedMs":0,"depth":0}
{"ts":"2026-06-29T22:07:54.513Z","runId":"20260630-010754","type":"scrape_executed","url":"https://thisrobot.life","title":"Robot","bytes":16,"elapsedMs":1,"depth":0}
{"ts":"2026-06-29T22:07:54.513Z","runId":"20260630-010754","type":"phase_changed","from":"searching","to":"extracting","depth":1}
{"ts":"2026-06-29T22:07:54.513Z","runId":"20260630-010754","type":"extraction","length":712,"depth":1}
{"ts":"2026-06-29T22:07:54.513Z","runId":"20260630-010754","type":"deepening_skipped","reason":"depth_reached","currentDepth":1,"totalDepth":1}
{"ts":"2026-06-29T22:07:54.513Z","runId":"20260630-010754","type":"phase_changed","from":"extracting","to":"drafting","depth":1}
{"ts":"2026-06-29T22:07:54.513Z","runId":"20260630-010754","type":"drafting","length":620}
{"ts":"2026-06-29T22:07:54.514Z","runId":"20260630-010754","type":"drafting_extracted","textLength":86,"agentResponseType":"string","isArray":false}
{"ts":"2026-06-29T22:07:54.514Z","runId":"20260630-010754","type":"phase_changed","from":"drafting","to":"saving"}
{"ts":"2026-06-29T22:07:54.514Z","runId":"20260630-010754","type":"phase_changed","from":"saving","to":"done","draftLength":86}
{"ts":"2026-06-29T22:07:54.514Z","runId":"20260630-010754","type":"queue_saved","depth":0,"entries":2,"engines":"duckduckgo"}
{"ts":"2026-06-29T22:07:54.515Z","runId":"20260630-010754","type":"search_executed","query":"Q1","resultCount":2,"elapsedMs":0,"depth":0}
{"ts":"2026-06-29T22:07:54.515Z","runId":"20260630-010754","type":"search_executed","query":"Q2","resultCount":2,"elapsedMs":0,"depth":0}
{"ts":"2026-06-29T22:07:54.515Z","runId":"20260630-010754","type":"scrape_executed","url":"https://xstate.js.org","title":"XState","bytes":15,"elapsedMs":0,"depth":0}
{"ts":"2026-06-29T22:07:54.515Z","runId":"20260630-010754","type":"scrape_executed","url":"https://thisrobot.life","title":"Robot","bytes":16,"elapsedMs":0,"depth":0}
{"ts":"2026-06-29T22:07:54.515Z","runId":"20260630-010754","type":"phase_changed","from":"searching","to":"extracting","depth":1}
{"ts":"2026-06-29T22:07:54.515Z","runId":"20260630-010754","type":"extraction","length":712,"depth":1}
{"ts":"2026-06-29T22:07:54.515Z","runId":"20260630-010754","type":"deepening_skipped","reason":"depth_reached","currentDepth":1,"totalDepth":1}
{"ts":"2026-06-29T22:07:54.515Z","runId":"20260630-010754","type":"phase_changed","from":"extracting","to":"drafting","depth":1}
{"ts":"2026-06-29T22:07:54.515Z","runId":"20260630-010754","type":"drafting","length":620}
