{"ts":"2026-06-30T21:43:22.451Z","runId":"20260701-004322","type":"queue_saved","depth":0,"entries":1,"engines":"duckduckgo"}
{"ts":"2026-06-30T21:43:22.452Z","runId":"20260701-004322","type":"search_executed","query":"q1","resultCount":0,"elapsedMs":0,"depth":0}
{"ts":"2026-06-30T21:43:22.457Z","runId":"20260701-004322","type":"phase_changed","from":"searching","to":"extracting","depth":1}
{"ts":"2026-06-30T21:43:22.457Z","runId":"20260701-004322","type":"extraction","length":333,"depth":1}
{"ts":"2026-06-30T21:43:22.734Z","runId":"20260701-004322","type":"queue_saved","depth":0,"entries":3,"engines":"duckduckgo"}
{"ts":"2026-06-30T21:43:22.739Z","runId":"20260701-004322","type":"search_executed","query":"Q1","resultCount":1,"elapsedMs":0,"depth":0}
{"ts":"2026-06-30T21:43:22.740Z","runId":"20260701-004322","type":"search_executed","query":"Q2","resultCount":1,"elapsedMs":1,"depth":0}
{"ts":"2026-06-30T21:43:22.741Z","runId":"20260701-004322","type":"search_executed","query":"Q3","resultCount":1,"elapsedMs":2,"depth":0}
{"ts":"2026-06-30T21:43:22.742Z","runId":"20260701-004322","type":"scrape_executed","url":"https://a.com","title":"https://a.com","bytes":4,"elapsedMs":0,"depth":0}
{"ts":"2026-06-30T21:43:22.744Z","runId":"20260701-004322","type":"phase_changed","from":"searching","to":"extracting","depth":1}
{"ts":"2026-06-30T21:43:22.745Z","runId":"20260701-004322","type":"extraction","length":509,"depth":1}
{"ts":"2026-06-30T21:43:22.746Z","runId":"20260701-004322","type":"phase_changed","from":"extracting","to":"questioning","depth":1}
{"ts":"2026-06-30T21:43:22.747Z","runId":"20260701-004322","type":"deepening","length":323,"depth":1}
{"ts":"2026-06-30T21:43:22.748Z","runId":"20260701-004322","type":"queue_saved","depth":1,"entries":3,"engines":"duckduckgo"}
{"ts":"2026-06-30T21:43:22.757Z","runId":"20260701-004322","type":"search_executed","query":"Q1","resultCount":1,"elapsedMs":0,"depth":1}
{"ts":"2026-06-30T21:43:22.761Z","runId":"20260701-004322","type":"search_executed","query":"Q2","resultCount":1,"elapsedMs":4,"depth":1}
{"ts":"2026-06-30T21:43:22.762Z","runId":"20260701-004322","type":"search_executed","query":"Q3","resultCount":1,"elapsedMs":5,"depth":1}
{"ts":"2026-06-30T21:43:22.762Z","runId":"20260701-004322","type":"soft_limit_triggered","searchCalls":6,"maxSearchCalls":5,"elapsedSeconds":0,"maxElapsedSeconds":0}
{"ts":"2026-06-30T21:43:22.763Z","runId":"20260701-004322","type":"phase_changed","from":"searching","to":"extracting","depth":2}
{"ts":"2026-06-30T21:43:22.763Z","runId":"20260701-004322","type":"extraction","length":435,"depth":2}
{"ts":"2026-06-30T21:43:22.763Z","runId":"20260701-004322","type":"deepening_skipped","reason":"soft_limit","currentDepth":2,"totalDepth":3}
{"ts":"2026-06-30T21:43:22.764Z","runId":"20260701-004322","type":"phase_changed","from":"extracting","to":"drafting","depth":2}
{"ts":"2026-06-30T21:43:22.764Z","runId":"20260701-004322","type":"drafting","length":569}
{"ts":"2026-06-30T21:43:22.765Z","runId":"20260701-004322","type":"drafting_extracted","textLength":82,"agentResponseType":"string","isArray":false}
{"ts":"2026-06-30T21:43:22.766Z","runId":"20260701-004322","type":"phase_changed","from":"drafting","to":"saving"}
{"ts":"2026-06-30T21:43:22.767Z","runId":"20260701-004322","type":"phase_changed","from":"saving","to":"done","draftLength":82}
{"ts":"2026-06-30T21:43:22.774Z","runId":"20260701-004322","type":"queue_saved","depth":0,"entries":3,"engines":"duckduckgo"}
{"ts":"2026-06-30T21:43:22.777Z","runId":"20260701-004322","type":"search_executed","query":"Q1","resultCount":1,"elapsedMs":0,"depth":0}
{"ts":"2026-06-30T21:43:22.778Z","runId":"20260701-004322","type":"search_executed","query":"Q2","resultCount":1,"elapsedMs":1,"depth":0}
{"ts":"2026-06-30T21:43:22.780Z","runId":"20260701-004322","type":"search_executed","query":"Q3","resultCount":1,"elapsedMs":3,"depth":0}
{"ts":"2026-06-30T21:43:22.780Z","runId":"20260701-004322","type":"scrape_executed","url":"https://a.com","title":"https://a.com","bytes":4,"elapsedMs":0,"depth":0}
{"ts":"2026-06-30T21:43:22.781Z","runId":"20260701-004322","type":"phase_changed","from":"searching","to":"extracting","depth":1}
{"ts":"2026-06-30T21:43:22.782Z","runId":"20260701-004322","type":"extraction","length":509,"depth":1}
{"ts":"2026-06-30T21:43:22.782Z","runId":"20260701-004322","type":"queue_saved","depth":0,"entries":2,"engines":"duckduckgo"}
{"ts":"2026-06-30T21:43:22.783Z","runId":"20260701-004322","type":"phase_changed","from":"extracting","to":"questioning","depth":1}
{"ts":"2026-06-30T21:43:22.784Z","runId":"20260701-004322","type":"search_executed","query":"Q1","resultCount":2,"elapsedMs":1,"depth":0}
{"ts":"2026-06-30T21:43:22.784Z","runId":"20260701-004322","type":"deepening","length":323,"depth":1}
{"ts":"2026-06-30T21:43:22.786Z","runId":"20260701-004322","type":"search_executed","query":"Q2","resultCount":2,"elapsedMs":2,"depth":0}
{"ts":"2026-06-30T21:43:22.790Z","runId":"20260701-004322","type":"scrape_executed","url":"https://xstate.js.org","title":"XState","bytes":15,"elapsedMs":0,"depth":0}
{"ts":"2026-06-30T21:43:22.792Z","runId":"20260701-004322","type":"queue_saved","depth":1,"entries":3,"engines":"duckduckgo"}
{"ts":"2026-06-30T21:43:22.792Z","runId":"20260701-004322","type":"scrape_executed","url":"https://thisrobot.life","title":"Robot","bytes":16,"elapsedMs":2,"depth":0}
{"ts":"2026-06-30T21:43:22.795Z","runId":"20260701-004322","type":"search_executed","query":"Q1","resultCount":1,"elapsedMs":0,"depth":1}
{"ts":"2026-06-30T21:43:22.796Z","runId":"20260701-004322","type":"search_executed","query":"Q2","resultCount":1,"elapsedMs":1,"depth":1}
{"ts":"2026-06-30T21:43:22.796Z","runId":"20260701-004322","type":"phase_changed","from":"searching","to":"extracting","depth":1}
{"ts":"2026-06-30T21:43:22.798Z","runId":"20260701-004322","type":"search_executed","query":"Q3","resultCount":1,"elapsedMs":3,"depth":1}
{"ts":"2026-06-30T21:43:22.799Z","runId":"20260701-004322","type":"extraction","length":712,"depth":1}
{"ts":"2026-06-30T21:43:22.799Z","runId":"20260701-004322","type":"phase_changed","from":"searching","to":"extracting","depth":2}
{"ts":"2026-06-30T21:43:22.801Z","runId":"20260701-004322","type":"extraction","length":435,"depth":2}
{"ts":"2026-06-30T21:43:22.800Z","runId":"20260701-004322","type":"phase_changed","from":"extracting","to":"questioning","depth":1}
{"ts":"2026-06-30T21:43:22.806Z","runId":"20260701-004322","type":"deepening","length":350,"depth":1}
{"ts":"2026-06-30T21:43:22.811Z","runId":"20260701-004322","type":"queue_saved","depth":1,"entries":2,"engines":"duckduckgo"}
{"ts":"2026-06-30T21:43:22.813Z","runId":"20260701-004322","type":"search_executed","query":"Q1","resultCount":2,"elapsedMs":1,"depth":1}
{"ts":"2026-06-30T21:43:22.815Z","runId":"20260701-004322","type":"search_executed","query":"Q2","resultCount":2,"elapsedMs":3,"depth":1}
{"ts":"2026-06-30T21:43:22.819Z","runId":"20260701-004322","type":"phase_changed","from":"searching","to":"extracting","depth":2}
{"ts":"2026-06-30T21:43:22.826Z","runId":"20260701-004322","type":"extraction","length":560,"depth":2}
{"ts":"2026-06-30T21:43:22.829Z","runId":"20260701-004322","type":"deepening_skipped","reason":"depth_reached","currentDepth":2,"totalDepth":2}
{"ts":"2026-06-30T21:43:22.829Z","runId":"20260701-004322","type":"phase_changed","from":"extracting","to":"drafting","depth":2}
{"ts":"2026-06-30T21:43:22.831Z","runId":"20260701-004322","type":"drafting","length":620}
{"ts":"2026-06-30T21:43:22.834Z","runId":"20260701-004322","type":"drafting_extracted","textLength":82,"agentResponseType":"string","isArray":false}
{"ts":"2026-06-30T21:43:22.840Z","runId":"20260701-004322","type":"phase_changed","from":"drafting","to":"saving"}
{"ts":"2026-06-30T21:43:22.843Z","runId":"20260701-004322","type":"phase_changed","from":"saving","to":"done","draftLength":82}
{"ts":"2026-06-30T21:43:22.851Z","runId":"20260701-004322","type":"queue_saved","depth":0,"entries":2,"engines":"duckduckgo"}
{"ts":"2026-06-30T21:43:22.854Z","runId":"20260701-004322","type":"search_executed","query":"Q1","resultCount":2,"elapsedMs":0,"depth":0}
{"ts":"2026-06-30T21:43:22.855Z","runId":"20260701-004322","type":"search_executed","query":"Q2","resultCount":2,"elapsedMs":1,"depth":0}
{"ts":"2026-06-30T21:43:22.857Z","runId":"20260701-004322","type":"scrape_executed","url":"https://xstate.js.org","title":"XState","bytes":15,"elapsedMs":0,"depth":0}
{"ts":"2026-06-30T21:43:22.863Z","runId":"20260701-004322","type":"scrape_executed","url":"https://thisrobot.life","title":"Robot","bytes":16,"elapsedMs":6,"depth":0}
{"ts":"2026-06-30T21:43:22.866Z","runId":"20260701-004322","type":"phase_changed","from":"searching","to":"extracting","depth":1}
{"ts":"2026-06-30T21:43:22.867Z","runId":"20260701-004322","type":"extraction","length":712,"depth":1}
{"ts":"2026-06-30T21:43:22.867Z","runId":"20260701-004322","type":"phase_changed","from":"extracting","to":"questioning","depth":1}
{"ts":"2026-06-30T21:43:22.868Z","runId":"20260701-004322","type":"deepening","length":350,"depth":1}
{"ts":"2026-06-30T21:43:22.871Z","runId":"20260701-004322","type":"queue_saved","depth":1,"entries":2,"engines":"duckduckgo"}
{"ts":"2026-06-30T21:43:22.873Z","runId":"20260701-004322","type":"search_executed","query":"Q1","resultCount":2,"elapsedMs":0,"depth":1}
{"ts":"2026-06-30T21:43:22.874Z","runId":"20260701-004322","type":"search_executed","query":"Q2","resultCount":2,"elapsedMs":1,"depth":1}
{"ts":"2026-06-30T21:43:22.877Z","runId":"20260701-004322","type":"phase_changed","from":"searching","to":"extracting","depth":2}
{"ts":"2026-06-30T21:43:22.879Z","runId":"20260701-004322","type":"extraction","length":560,"depth":2}
{"ts":"2026-06-30T21:43:22.883Z","runId":"20260701-004322","type":"queue_saved","depth":0,"entries":2,"engines":"duckduckgo"}
{"ts":"2026-06-30T21:43:22.884Z","runId":"20260701-004322","type":"search_executed","query":"Q1","resultCount":2,"elapsedMs":0,"depth":0}
{"ts":"2026-06-30T21:43:22.887Z","runId":"20260701-004322","type":"search_executed","query":"Q2","resultCount":2,"elapsedMs":3,"depth":0}
{"ts":"2026-06-30T21:43:22.890Z","runId":"20260701-004322","type":"scrape_executed","url":"https://xstate.js.org","title":"XState","bytes":15,"elapsedMs":0,"depth":0}
{"ts":"2026-06-30T21:43:22.890Z","runId":"20260701-004322","type":"scrape_executed","url":"https://thisrobot.life","title":"Robot","bytes":16,"elapsedMs":0,"depth":0}
{"ts":"2026-06-30T21:43:22.891Z","runId":"20260701-004322","type":"phase_changed","from":"searching","to":"extracting","depth":1}
{"ts":"2026-06-30T21:43:22.893Z","runId":"20260701-004322","type":"extraction","length":712,"depth":1}
{"ts":"2026-06-30T21:43:22.894Z","runId":"20260701-004322","type":"phase_changed","from":"extracting","to":"questioning","depth":1}
{"ts":"2026-06-30T21:43:22.895Z","runId":"20260701-004322","type":"deepening","length":350,"depth":1}
{"ts":"2026-06-30T21:43:22.903Z","runId":"20260701-004322","type":"queue_saved","depth":1,"entries":2,"engines":"duckduckgo"}
{"ts":"2026-06-30T21:43:22.903Z","runId":"20260701-004322","type":"search_executed","query":"Q1","resultCount":2,"elapsedMs":0,"depth":1}
{"ts":"2026-06-30T21:43:22.911Z","runId":"20260701-004322","type":"search_executed","query":"Q2","resultCount":2,"elapsedMs":8,"depth":1}
{"ts":"2026-06-30T21:43:22.915Z","runId":"20260701-004322","type":"phase_changed","from":"searching","to":"extracting","depth":2}
{"ts":"2026-06-30T21:43:22.916Z","runId":"20260701-004322","type":"extraction","length":560,"depth":2}
{"ts":"2026-06-30T21:43:22.916Z","runId":"20260701-004322","type":"deepening_skipped","reason":"depth_reached","currentDepth":2,"totalDepth":2}
{"ts":"2026-06-30T21:43:22.916Z","runId":"20260701-004322","type":"phase_changed","from":"extracting","to":"drafting","depth":2}
{"ts":"2026-06-30T21:43:22.917Z","runId":"20260701-004322","type":"drafting","length":620}
{"ts":"2026-06-30T21:43:22.920Z","runId":"20260701-004322","type":"queue_saved","depth":0,"entries":2,"engines":"duckduckgo"}
{"ts":"2026-06-30T21:43:22.922Z","runId":"20260701-004322","type":"search_executed","query":"Q1","resultCount":2,"elapsedMs":0,"depth":0}
{"ts":"2026-06-30T21:43:22.923Z","runId":"20260701-004322","type":"search_executed","query":"Q2","resultCount":2,"elapsedMs":1,"depth":0}
{"ts":"2026-06-30T21:43:22.924Z","runId":"20260701-004322","type":"scrape_executed","url":"https://xstate.js.org","title":"XState","bytes":15,"elapsedMs":0,"depth":0}
{"ts":"2026-06-30T21:43:22.925Z","runId":"20260701-004322","type":"scrape_executed","url":"https://thisrobot.life","title":"Robot","bytes":16,"elapsedMs":1,"depth":0}
{"ts":"2026-06-30T21:43:22.926Z","runId":"20260701-004322","type":"phase_changed","from":"searching","to":"extracting","depth":1}
{"ts":"2026-06-30T21:43:22.927Z","runId":"20260701-004322","type":"extraction","length":712,"depth":1}
{"ts":"2026-06-30T21:43:22.927Z","runId":"20260701-004322","type":"deepening_skipped","reason":"depth_reached","currentDepth":1,"totalDepth":1}
{"ts":"2026-06-30T21:43:22.928Z","runId":"20260701-004322","type":"phase_changed","from":"extracting","to":"drafting","depth":1}
{"ts":"2026-06-30T21:43:22.928Z","runId":"20260701-004322","type":"drafting","length":620}
{"ts":"2026-06-30T21:43:22.929Z","runId":"20260701-004322","type":"drafting_extracted","textLength":86,"agentResponseType":"string","isArray":false}
{"ts":"2026-06-30T21:43:22.929Z","runId":"20260701-004322","type":"phase_changed","from":"drafting","to":"saving"}
{"ts":"2026-06-30T21:43:22.929Z","runId":"20260701-004322","type":"phase_changed","from":"saving","to":"done","draftLength":86}
{"ts":"2026-06-30T21:43:22.931Z","runId":"20260701-004322","type":"queue_saved","depth":0,"entries":2,"engines":"duckduckgo"}
{"ts":"2026-06-30T21:43:22.931Z","runId":"20260701-004322","type":"search_executed","query":"Q1","resultCount":2,"elapsedMs":0,"depth":0}
{"ts":"2026-06-30T21:43:22.931Z","runId":"20260701-004322","type":"search_executed","query":"Q2","resultCount":2,"elapsedMs":0,"depth":0}
{"ts":"2026-06-30T21:43:22.932Z","runId":"20260701-004322","type":"scrape_executed","url":"https://xstate.js.org","title":"XState","bytes":15,"elapsedMs":0,"depth":0}
{"ts":"2026-06-30T21:43:22.932Z","runId":"20260701-004322","type":"scrape_executed","url":"https://thisrobot.life","title":"Robot","bytes":16,"elapsedMs":0,"depth":0}
{"ts":"2026-06-30T21:43:22.932Z","runId":"20260701-004322","type":"phase_changed","from":"searching","to":"extracting","depth":1}
{"ts":"2026-06-30T21:43:22.932Z","runId":"20260701-004322","type":"extraction","length":712,"depth":1}
{"ts":"2026-06-30T21:43:22.933Z","runId":"20260701-004322","type":"deepening_skipped","reason":"depth_reached","currentDepth":1,"totalDepth":1}
{"ts":"2026-06-30T21:43:22.933Z","runId":"20260701-004322","type":"phase_changed","from":"extracting","to":"drafting","depth":1}
{"ts":"2026-06-30T21:43:22.933Z","runId":"20260701-004322","type":"drafting","length":620}
