{"ts":"2026-06-29T22:08:09.551Z","runId":"20260630-010809","type":"queue_saved","depth":0,"entries":1,"engines":"brave"}
{"ts":"2026-06-29T22:08:09.551Z","runId":"20260630-010809","type":"search_executed","query":"q1","resultCount":0,"elapsedMs":0,"depth":0}
{"ts":"2026-06-29T22:08:09.552Z","runId":"20260630-010809","type":"queue_saved","depth":0,"entries":2,"engines":"duckduckgo"}
{"ts":"2026-06-29T22:08:09.552Z","runId":"20260630-010809","type":"phase_changed","from":"searching","to":"extracting","depth":1}
{"ts":"2026-06-29T22:08:09.552Z","runId":"20260630-010809","type":"search_executed","query":"Q1","resultCount":1,"elapsedMs":0,"depth":0}
{"ts":"2026-06-29T22:08:09.553Z","runId":"20260630-010809","type":"extraction","length":333,"depth":1}
{"ts":"2026-06-29T22:08:09.553Z","runId":"20260630-010809","type":"search_executed","query":"Q2","resultCount":1,"elapsedMs":1,"depth":0}
{"ts":"2026-06-29T22:08:09.553Z","runId":"20260630-010809","type":"scrape_executed","url":"https://a.com","title":"https://a.com","bytes":4,"elapsedMs":0,"depth":0}
{"ts":"2026-06-29T22:08:09.553Z","runId":"20260630-010809","type":"phase_changed","from":"searching","to":"extracting","depth":1}
{"ts":"2026-06-29T22:08:09.554Z","runId":"20260630-010809","type":"extraction","length":470,"depth":1}
{"ts":"2026-06-29T22:08:09.554Z","runId":"20260630-010809","type":"phase_changed","from":"extracting","to":"questioning","depth":1}
{"ts":"2026-06-29T22:08:09.554Z","runId":"20260630-010809","type":"deepening","length":323,"depth":1}
{"ts":"2026-06-29T22:08:09.555Z","runId":"20260630-010809","type":"queue_saved","depth":1,"entries":2,"engines":"duckduckgo"}
{"ts":"2026-06-29T22:08:09.555Z","runId":"20260630-010809","type":"queue_saved","depth":0,"entries":1,"engines":"brave"}
{"ts":"2026-06-29T22:08:09.555Z","runId":"20260630-010809","type":"search_executed","query":"Question one?","resultCount":1,"elapsedMs":0,"depth":1}
{"ts":"2026-06-29T22:08:09.555Z","runId":"20260630-010809","type":"search_executed","query":"q1","resultCount":0,"elapsedMs":0,"depth":0}
{"ts":"2026-06-29T22:08:09.555Z","runId":"20260630-010809","type":"search_executed","query":"Question two?","resultCount":1,"elapsedMs":0,"depth":1}
{"ts":"2026-06-29T22:08:09.556Z","runId":"20260630-010809","type":"phase_changed","from":"searching","to":"extracting","depth":1}
{"ts":"2026-06-29T22:08:09.556Z","runId":"20260630-010809","type":"phase_changed","from":"searching","to":"extracting","depth":2}
{"ts":"2026-06-29T22:08:09.556Z","runId":"20260630-010809","type":"extraction","length":333,"depth":1}
{"ts":"2026-06-29T22:08:09.556Z","runId":"20260630-010809","type":"extraction","length":418,"depth":2}
{"ts":"2026-06-29T22:08:09.557Z","runId":"20260630-010809","type":"queue_saved","depth":0,"entries":2,"engines":"duckduckgo"}
{"ts":"2026-06-29T22:08:09.558Z","runId":"20260630-010809","type":"search_executed","query":"Original Q1","resultCount":1,"elapsedMs":0,"depth":0}
{"ts":"2026-06-29T22:08:09.559Z","runId":"20260630-010809","type":"search_executed","query":"Original Q2","resultCount":1,"elapsedMs":1,"depth":0}
{"ts":"2026-06-29T22:08:09.560Z","runId":"20260630-010809","type":"queue_saved","depth":0,"entries":2,"engines":"duckduckgo"}
{"ts":"2026-06-29T22:08:09.560Z","runId":"20260630-010809","type":"scrape_executed","url":"https://a.com","title":"https://a.com","bytes":4,"elapsedMs":0,"depth":0}
{"ts":"2026-06-29T22:08:09.561Z","runId":"20260630-010809","type":"phase_changed","from":"searching","to":"extracting","depth":1}
{"ts":"2026-06-29T22:08:09.560Z","runId":"20260630-010809","type":"search_executed","query":"Q1","resultCount":1,"elapsedMs":0,"depth":0}
{"ts":"2026-06-29T22:08:09.561Z","runId":"20260630-010809","type":"extraction","length":488,"depth":1}
{"ts":"2026-06-29T22:08:09.562Z","runId":"20260630-010809","type":"search_executed","query":"Q2","resultCount":1,"elapsedMs":2,"depth":0}
{"ts":"2026-06-29T22:08:09.563Z","runId":"20260630-010809","type":"scrape_executed","url":"https://a.com","title":"https://a.com","bytes":4,"elapsedMs":0,"depth":0}
{"ts":"2026-06-29T22:08:09.565Z","runId":"20260630-010809","type":"queue_saved","depth":0,"entries":2,"engines":"duckduckgo"}
{"ts":"2026-06-29T22:08:09.565Z","runId":"20260630-010809","type":"phase_changed","from":"searching","to":"extracting","depth":1}
{"ts":"2026-06-29T22:08:09.565Z","runId":"20260630-010809","type":"search_executed","query":"Original Q1","resultCount":1,"elapsedMs":0,"depth":0}
{"ts":"2026-06-29T22:08:09.567Z","runId":"20260630-010809","type":"extraction","length":470,"depth":1}
{"ts":"2026-06-29T22:08:09.568Z","runId":"20260630-010809","type":"search_executed","query":"Original Q2","resultCount":1,"elapsedMs":3,"depth":0}
{"ts":"2026-06-29T22:08:09.569Z","runId":"20260630-010809","type":"phase_changed","from":"extracting","to":"questioning","depth":1}
{"ts":"2026-06-29T22:08:09.569Z","runId":"20260630-010809","type":"scrape_executed","url":"https://a.com","title":"https://a.com","bytes":4,"elapsedMs":0,"depth":0}
{"ts":"2026-06-29T22:08:09.569Z","runId":"20260630-010809","type":"deepening","length":323,"depth":1}
{"ts":"2026-06-29T22:08:09.570Z","runId":"20260630-010809","type":"phase_changed","from":"searching","to":"extracting","depth":1}
{"ts":"2026-06-29T22:08:09.570Z","runId":"20260630-010809","type":"extraction","length":488,"depth":1}
{"ts":"2026-06-29T22:08:09.571Z","runId":"20260630-010809","type":"queue_saved","depth":1,"entries":2,"engines":"duckduckgo"}
{"ts":"2026-06-29T22:08:09.571Z","runId":"20260630-010809","type":"phase_changed","from":"extracting","to":"questioning","depth":1}
{"ts":"2026-06-29T22:08:09.572Z","runId":"20260630-010809","type":"search_executed","query":"Question one?","resultCount":1,"elapsedMs":0,"depth":1}
{"ts":"2026-06-29T22:08:09.572Z","runId":"20260630-010809","type":"deepening","length":323,"depth":1}
{"ts":"2026-06-29T22:08:09.572Z","runId":"20260630-010809","type":"search_executed","query":"Question two?","resultCount":1,"elapsedMs":0,"depth":1}
{"ts":"2026-06-29T22:08:09.572Z","runId":"20260630-010809","type":"queue_saved","depth":0,"entries":4,"engines":"duckduckgo"}
{"ts":"2026-06-29T22:08:09.572Z","runId":"20260630-010809","type":"phase_changed","from":"searching","to":"extracting","depth":2}
{"ts":"2026-06-29T22:08:09.573Z","runId":"20260630-010809","type":"queue_saved","depth":1,"entries":2,"engines":"duckduckgo"}
{"ts":"2026-06-29T22:08:09.573Z","runId":"20260630-010809","type":"extraction","length":418,"depth":2}
{"ts":"2026-06-29T22:08:09.574Z","runId":"20260630-010809","type":"search_executed","query":"What is the first follow-up question?","resultCount":1,"elapsedMs":1,"depth":1}
{"ts":"2026-06-29T22:08:09.574Z","runId":"20260630-010809","type":"search_executed","query":"What is the second follow-up question?","resultCount":1,"elapsedMs":1,"depth":1}
{"ts":"2026-06-29T22:08:09.574Z","runId":"20260630-010809","type":"phase_changed","from":"searching","to":"extracting","depth":2}
{"ts":"2026-06-29T22:08:09.575Z","runId":"20260630-010809","type":"extraction","length":467,"depth":2}
{"ts":"2026-06-29T22:08:09.575Z","runId":"20260630-010809","type":"queue_saved","depth":0,"entries":2,"engines":"duckduckgo"}
{"ts":"2026-06-29T22:08:09.575Z","runId":"20260630-010809","type":"search_executed","query":"Q1","resultCount":1,"elapsedMs":0,"depth":0}
{"ts":"2026-06-29T22:08:09.576Z","runId":"20260630-010809","type":"search_executed","query":"Q2","resultCount":1,"elapsedMs":1,"depth":0}
{"ts":"2026-06-29T22:08:09.576Z","runId":"20260630-010809","type":"queue_saved","depth":0,"entries":2,"engines":"duckduckgo"}
{"ts":"2026-06-29T22:08:09.576Z","runId":"20260630-010809","type":"search_executed","query":"Original Q1","resultCount":1,"elapsedMs":0,"depth":0}
{"ts":"2026-06-29T22:08:09.576Z","runId":"20260630-010809","type":"scrape_executed","url":"https://a.com","title":"https://a.com","bytes":4,"elapsedMs":0,"depth":0}
{"ts":"2026-06-29T22:08:09.576Z","runId":"20260630-010809","type":"phase_changed","from":"searching","to":"extracting","depth":1}
{"ts":"2026-06-29T22:08:09.576Z","runId":"20260630-010809","type":"search_executed","query":"Original Q2","resultCount":1,"elapsedMs":0,"depth":0}
{"ts":"2026-06-29T22:08:09.576Z","runId":"20260630-010809","type":"scrape_executed","url":"https://a.com","title":"https://a.com","bytes":4,"elapsedMs":0,"depth":0}
{"ts":"2026-06-29T22:08:09.576Z","runId":"20260630-010809","type":"extraction","length":470,"depth":1}
{"ts":"2026-06-29T22:08:09.576Z","runId":"20260630-010809","type":"phase_changed","from":"extracting","to":"questioning","depth":1}
{"ts":"2026-06-29T22:08:09.576Z","runId":"20260630-010809","type":"phase_changed","from":"searching","to":"extracting","depth":1}
{"ts":"2026-06-29T22:08:09.576Z","runId":"20260630-010809","type":"deepening","length":323,"depth":1}
{"ts":"2026-06-29T22:08:09.577Z","runId":"20260630-010809","type":"extraction","length":488,"depth":1}
{"ts":"2026-06-29T22:08:09.577Z","runId":"20260630-010809","type":"phase_changed","from":"extracting","to":"questioning","depth":1}
{"ts":"2026-06-29T22:08:09.577Z","runId":"20260630-010809","type":"queue_saved","depth":1,"entries":2,"engines":"duckduckgo"}
{"ts":"2026-06-29T22:08:09.577Z","runId":"20260630-010809","type":"search_executed","query":"Q1","resultCount":1,"elapsedMs":0,"depth":1}
{"ts":"2026-06-29T22:08:09.577Z","runId":"20260630-010809","type":"deepening","length":323,"depth":1}
{"ts":"2026-06-29T22:08:09.577Z","runId":"20260630-010809","type":"search_executed","query":"Q2","resultCount":1,"elapsedMs":0,"depth":1}
{"ts":"2026-06-29T22:08:09.578Z","runId":"20260630-010809","type":"phase_changed","from":"searching","to":"extracting","depth":2}
{"ts":"2026-06-29T22:08:09.578Z","runId":"20260630-010809","type":"extraction","length":396,"depth":2}
{"ts":"2026-06-29T22:08:09.578Z","runId":"20260630-010809","type":"queue_saved","depth":1,"entries":2,"engines":"duckduckgo"}
{"ts":"2026-06-29T22:08:09.578Z","runId":"20260630-010809","type":"search_executed","query":"Original Q1","resultCount":1,"elapsedMs":0,"depth":1}
{"ts":"2026-06-29T22:08:09.578Z","runId":"20260630-010809","type":"search_executed","query":"Original Q2","resultCount":1,"elapsedMs":0,"depth":1}
{"ts":"2026-06-29T22:08:09.579Z","runId":"20260630-010809","type":"phase_changed","from":"searching","to":"extracting","depth":2}
{"ts":"2026-06-29T22:08:09.579Z","runId":"20260630-010809","type":"extraction","length":414,"depth":2}
{"ts":"2026-06-29T22:08:09.579Z","runId":"20260630-010809","type":"queue_saved","depth":0,"entries":2,"engines":"duckduckgo"}
{"ts":"2026-06-29T22:08:09.580Z","runId":"20260630-010809","type":"search_executed","query":"Original Q1","resultCount":1,"elapsedMs":0,"depth":0}
{"ts":"2026-06-29T22:08:09.580Z","runId":"20260630-010809","type":"search_executed","query":"Original Q2","resultCount":1,"elapsedMs":0,"depth":0}
{"ts":"2026-06-29T22:08:09.581Z","runId":"20260630-010809","type":"scrape_executed","url":"https://a.com","title":"https://a.com","bytes":4,"elapsedMs":0,"depth":0}
{"ts":"2026-06-29T22:08:09.582Z","runId":"20260630-010809","type":"phase_changed","from":"searching","to":"extracting","depth":1}
{"ts":"2026-06-29T22:08:09.582Z","runId":"20260630-010809","type":"extraction","length":488,"depth":1}
{"ts":"2026-06-29T22:08:09.582Z","runId":"20260630-010809","type":"phase_changed","from":"extracting","to":"questioning","depth":1}
{"ts":"2026-06-29T22:08:09.582Z","runId":"20260630-010809","type":"deepening","length":323,"depth":1}
{"ts":"2026-06-29T22:08:09.583Z","runId":"20260630-010809","type":"queue_saved","depth":1,"entries":2,"engines":"duckduckgo"}
{"ts":"2026-06-29T22:08:09.583Z","runId":"20260630-010809","type":"search_executed","query":"Original Q1","resultCount":1,"elapsedMs":0,"depth":1}
{"ts":"2026-06-29T22:08:09.584Z","runId":"20260630-010809","type":"search_executed","query":"Original Q2","resultCount":1,"elapsedMs":1,"depth":1}
{"ts":"2026-06-29T22:08:09.584Z","runId":"20260630-010809","type":"phase_changed","from":"searching","to":"extracting","depth":2}
{"ts":"2026-06-29T22:08:09.585Z","runId":"20260630-010809","type":"extraction","length":414,"depth":2}
{"ts":"2026-06-29T22:08:09.624Z","runId":"20260630-010809","type":"search_executed","query":"Q1","resultCount":2,"elapsedMs":51,"depth":0}
{"ts":"2026-06-29T22:08:09.624Z","runId":"20260630-010809","type":"search_executed","query":"Q2","resultCount":2,"elapsedMs":51,"depth":0}
{"ts":"2026-06-29T22:08:09.625Z","runId":"20260630-010809","type":"search_executed","query":"Q3","resultCount":2,"elapsedMs":52,"depth":0}
{"ts":"2026-06-29T22:08:09.625Z","runId":"20260630-010809","type":"search_executed","query":"Q4","resultCount":2,"elapsedMs":52,"depth":0}
{"ts":"2026-06-29T22:08:09.631Z","runId":"20260630-010809","type":"scrape_executed","url":"https://a.com","title":"https://a.com","bytes":4,"elapsedMs":6,"depth":0}
{"ts":"2026-06-29T22:08:09.632Z","runId":"20260630-010809","type":"scrape_executed","url":"https://b.com","title":"https://b.com","bytes":4,"elapsedMs":7,"depth":0}
{"ts":"2026-06-29T22:08:09.632Z","runId":"20260630-010809","type":"phase_changed","from":"searching","to":"extracting","depth":1}
{"ts":"2026-06-29T22:08:09.632Z","runId":"20260630-010809","type":"extraction","length":705,"depth":1}
{"ts":"2026-06-29T22:08:09.635Z","runId":"20260630-010809","type":"queue_saved","depth":0,"entries":3,"engines":"duckduckgo"}
{"ts":"2026-06-29T22:08:09.647Z","runId":"20260630-010809","type":"search_executed","query":"Q1","resultCount":2,"elapsedMs":12,"depth":0}
{"ts":"2026-06-29T22:08:09.647Z","runId":"20260630-010809","type":"search_executed","query":"Q2","resultCount":2,"elapsedMs":12,"depth":0}
{"ts":"2026-06-29T22:08:09.647Z","runId":"20260630-010809","type":"search_executed","query":"Q3","resultCount":2,"elapsedMs":12,"depth":0}
{"ts":"2026-06-29T22:08:09.653Z","runId":"20260630-010809","type":"scrape_executed","url":"https://a.com","title":"https://a.com","bytes":4,"elapsedMs":5,"depth":0}
{"ts":"2026-06-29T22:08:09.654Z","runId":"20260630-010809","type":"scrape_executed","url":"https://b.com","title":"https://b.com","bytes":4,"elapsedMs":6,"depth":0}
{"ts":"2026-06-29T22:08:09.654Z","runId":"20260630-010809","type":"phase_changed","from":"searching","to":"extracting","depth":1}
{"ts":"2026-06-29T22:08:09.654Z","runId":"20260630-010809","type":"extraction","length":640,"depth":1}
{"ts":"2026-06-29T22:08:09.654Z","runId":"20260630-010809","type":"deepening_skipped","reason":"depth_reached","currentDepth":1,"totalDepth":1}
{"ts":"2026-06-29T22:08:09.655Z","runId":"20260630-010809","type":"phase_changed","from":"extracting","to":"drafting","depth":1}
{"ts":"2026-06-29T22:08:09.655Z","runId":"20260630-010809","type":"drafting","length":569}
{"ts":"2026-06-29T22:08:09.656Z","runId":"20260630-010809","type":"drafting_extracted","textLength":117,"agentResponseType":"string","isArray":false}
{"ts":"2026-06-29T22:08:09.656Z","runId":"20260630-010809","type":"phase_changed","from":"drafting","to":"saving"}
{"ts":"2026-06-29T22:08:09.657Z","runId":"20260630-010809","type":"phase_changed","from":"saving","to":"done","draftLength":117}
{"ts":"2026-06-29T22:08:09.727Z","runId":"20260630-010809","type":"queue_saved","depth":0,"entries":3,"engines":"duckduckgo"}
{"ts":"2026-06-29T22:08:09.728Z","runId":"20260630-010809","type":"search_executed","query":"Q1","resultCount":2,"elapsedMs":0,"depth":0}
{"ts":"2026-06-29T22:08:09.729Z","runId":"20260630-010809","type":"search_executed","query":"Q2","resultCount":2,"elapsedMs":1,"depth":0}
{"ts":"2026-06-29T22:08:09.730Z","runId":"20260630-010809","type":"search_executed","query":"Q3","resultCount":2,"elapsedMs":2,"depth":0}
{"ts":"2026-06-29T22:08:09.731Z","runId":"20260630-010809","type":"scrape_executed","url":"https://xstate.js.org","title":"XState Docs","bytes":46,"elapsedMs":0,"depth":0}
{"ts":"2026-06-29T22:08:09.734Z","runId":"20260630-010809","type":"scrape_executed","url":"https://thisrobot.life","title":"Robot FSM","bytes":45,"elapsedMs":3,"depth":0}
{"ts":"2026-06-29T22:08:09.735Z","runId":"20260630-010809","type":"phase_changed","from":"searching","to":"extracting","depth":1}
{"ts":"2026-06-29T22:08:09.736Z","runId":"20260630-010809","type":"extraction","length":974,"depth":1}
{"ts":"2026-06-29T22:08:09.737Z","runId":"20260630-010809","type":"phase_changed","from":"extracting","to":"questioning","depth":1}
{"ts":"2026-06-29T22:08:09.738Z","runId":"20260630-010809","type":"deepening","length":350,"depth":1}
{"ts":"2026-06-29T22:08:09.739Z","runId":"20260630-010809","type":"queue_saved","depth":1,"entries":3,"engines":"duckduckgo"}
{"ts":"2026-06-29T22:08:09.739Z","runId":"20260630-010809","type":"search_executed","query":"Q1","resultCount":2,"elapsedMs":0,"depth":1}
{"ts":"2026-06-29T22:08:09.740Z","runId":"20260630-010809","type":"search_executed","query":"Q2","resultCount":2,"elapsedMs":1,"depth":1}
{"ts":"2026-06-29T22:08:09.740Z","runId":"20260630-010809","type":"search_executed","query":"Q3","resultCount":2,"elapsedMs":1,"depth":1}
{"ts":"2026-06-29T22:08:09.740Z","runId":"20260630-010809","type":"phase_changed","from":"searching","to":"extracting","depth":2}
{"ts":"2026-06-29T22:08:09.741Z","runId":"20260630-010809","type":"extraction","length":753,"depth":2}
{"ts":"2026-06-29T22:08:09.741Z","runId":"20260630-010809","type":"deepening_skipped","reason":"depth_reached","currentDepth":2,"totalDepth":2}
{"ts":"2026-06-29T22:08:09.742Z","runId":"20260630-010809","type":"phase_changed","from":"extracting","to":"drafting","depth":2}
{"ts":"2026-06-29T22:08:09.742Z","runId":"20260630-010809","type":"drafting","length":629}
{"ts":"2026-06-29T22:08:09.743Z","runId":"20260630-010809","type":"drafting_extracted","textLength":51,"agentResponseType":"string","isArray":false}
{"ts":"2026-06-29T22:08:09.744Z","runId":"20260630-010809","type":"phase_changed","from":"drafting","to":"saving"}
{"ts":"2026-06-29T22:08:09.745Z","runId":"20260630-010809","type":"phase_changed","from":"saving","to":"done","draftLength":51}
{"ts":"2026-06-29T22:08:09.748Z","runId":"20260630-010809","type":"queue_saved","depth":0,"entries":1,"engines":"duckduckgo"}
{"ts":"2026-06-29T22:08:09.748Z","runId":"20260630-010809","type":"search_executed","query":"q","resultCount":2,"elapsedMs":0,"depth":0}
{"ts":"2026-06-29T22:08:09.749Z","runId":"20260630-010809","type":"scrape_executed","url":"https://xstate.js.org","title":"XState Docs","bytes":46,"elapsedMs":0,"depth":0}
{"ts":"2026-06-29T22:08:09.750Z","runId":"20260630-010809","type":"scrape_executed","url":"https://thisrobot.life","title":"Robot FSM","bytes":45,"elapsedMs":1,"depth":0}
{"ts":"2026-06-29T22:08:09.750Z","runId":"20260630-010809","type":"phase_changed","from":"searching","to":"extracting","depth":1}
{"ts":"2026-06-29T22:08:09.751Z","runId":"20260630-010809","type":"extraction","length":683,"depth":1}
{"ts":"2026-06-29T22:08:09.751Z","runId":"20260630-010809","type":"phase_changed","from":"extracting","to":"questioning","depth":1}
{"ts":"2026-06-29T22:08:09.751Z","runId":"20260630-010809","type":"deepening","length":323,"depth":1}
{"ts":"2026-06-29T22:08:09.752Z","runId":"20260630-010809","type":"queue_saved","depth":1,"entries":1,"engines":"duckduckgo"}
{"ts":"2026-06-29T22:08:09.752Z","runId":"20260630-010809","type":"search_executed","query":"q","resultCount":2,"elapsedMs":0,"depth":1}
{"ts":"2026-06-29T22:08:09.752Z","runId":"20260630-010809","type":"phase_changed","from":"searching","to":"extracting","depth":2}
{"ts":"2026-06-29T22:08:09.752Z","runId":"20260630-010809","type":"extraction","length":462,"depth":2}
{"ts":"2026-06-29T22:08:09.753Z","runId":"20260630-010809","type":"deepening_skipped","reason":"depth_reached","currentDepth":2,"totalDepth":2}
{"ts":"2026-06-29T22:08:09.753Z","runId":"20260630-010809","type":"phase_changed","from":"extracting","to":"drafting","depth":2}
{"ts":"2026-06-29T22:08:09.753Z","runId":"20260630-010809","type":"drafting","length":569}
{"ts":"2026-06-29T22:08:09.753Z","runId":"20260630-010809","type":"drafting_extracted","textLength":0,"agentResponseType":"string","isArray":false}
{"ts":"2026-06-29T22:08:09.753Z","runId":"20260630-010809","type":"drafting_retry","reason":"empty_response","length":0}
{"ts":"2026-06-29T22:08:09.759Z","runId":"20260630-010809","type":"queue_saved","depth":0,"entries":3,"engines":"duckduckgo"}
{"ts":"2026-06-29T22:08:09.760Z","runId":"20260630-010809","type":"search_executed","query":"Q1","resultCount":2,"elapsedMs":0,"depth":0}
{"ts":"2026-06-29T22:08:09.760Z","runId":"20260630-010809","type":"search_executed","query":"Q2","resultCount":2,"elapsedMs":0,"depth":0}
{"ts":"2026-06-29T22:08:09.761Z","runId":"20260630-010809","type":"search_executed","query":"Q3","resultCount":2,"elapsedMs":1,"depth":0}
{"ts":"2026-06-29T22:08:09.761Z","runId":"20260630-010809","type":"scrape_executed","url":"https://xstate.js.org","title":"XState Docs","bytes":46,"elapsedMs":0,"depth":0}
{"ts":"2026-06-29T22:08:09.762Z","runId":"20260630-010809","type":"scrape_executed","url":"https://thisrobot.life","title":"Robot FSM","bytes":45,"elapsedMs":1,"depth":0}
{"ts":"2026-06-29T22:08:09.763Z","runId":"20260630-010809","type":"phase_changed","from":"searching","to":"extracting","depth":1}
{"ts":"2026-06-29T22:08:09.763Z","runId":"20260630-010809","type":"extraction","length":974,"depth":1}
{"ts":"2026-06-29T22:08:09.763Z","runId":"20260630-010809","type":"phase_changed","from":"extracting","to":"questioning","depth":1}
{"ts":"2026-06-29T22:08:09.764Z","runId":"20260630-010809","type":"deepening","length":350,"depth":1}
{"ts":"2026-06-29T22:08:09.765Z","runId":"20260630-010809","type":"queue_saved","depth":1,"entries":3,"engines":"duckduckgo"}
{"ts":"2026-06-29T22:08:09.765Z","runId":"20260630-010809","type":"search_executed","query":"Q1","resultCount":2,"elapsedMs":0,"depth":1}
{"ts":"2026-06-29T22:08:09.766Z","runId":"20260630-010809","type":"search_executed","query":"Q2","resultCount":2,"elapsedMs":1,"depth":1}
{"ts":"2026-06-29T22:08:09.766Z","runId":"20260630-010809","type":"search_executed","query":"Q3","resultCount":2,"elapsedMs":1,"depth":1}
{"ts":"2026-06-29T22:08:09.766Z","runId":"20260630-010809","type":"phase_changed","from":"searching","to":"extracting","depth":2}
{"ts":"2026-06-29T22:08:09.767Z","runId":"20260630-010809","type":"extraction","length":753,"depth":2}
{"ts":"2026-06-29T22:08:09.767Z","runId":"20260630-010809","type":"deepening_skipped","reason":"depth_reached","currentDepth":2,"totalDepth":2}
{"ts":"2026-06-29T22:08:09.767Z","runId":"20260630-010809","type":"phase_changed","from":"extracting","to":"drafting","depth":2}
{"ts":"2026-06-29T22:08:09.767Z","runId":"20260630-010809","type":"drafting","length":629}
{"ts":"2026-06-29T22:08:09.768Z","runId":"20260630-010809","type":"drafting_extracted","textLength":117,"agentResponseType":"string","isArray":false}
{"ts":"2026-06-29T22:08:09.768Z","runId":"20260630-010809","type":"phase_changed","from":"drafting","to":"saving"}
{"ts":"2026-06-29T22:08:09.768Z","runId":"20260630-010809","type":"phase_changed","from":"saving","to":"done","draftLength":117}
{"ts":"2026-06-29T22:08:09.940Z","runId":"20260630-010809","type":"queue_saved","depth":0,"entries":1,"engines":"duckduckgo"}
{"ts":"2026-06-29T22:08:09.941Z","runId":"20260630-010809","type":"search_executed","query":"q1","resultCount":0,"elapsedMs":0,"depth":0}
{"ts":"2026-06-29T22:08:09.941Z","runId":"20260630-010809","type":"phase_changed","from":"searching","to":"extracting","depth":1}
{"ts":"2026-06-29T22:08:09.942Z","runId":"20260630-010809","type":"extraction","length":333,"depth":1}
