{"ts":"2026-06-30T10:48:25.291Z","runId":"20260630-134825","type":"queue_saved","depth":0,"entries":2,"engines":"duckduckgo"}
{"ts":"2026-06-30T10:48:25.291Z","runId":"20260630-134825","type":"search_executed","query":"Q1","resultCount":1,"elapsedMs":0,"depth":0}
{"ts":"2026-06-30T10:48:25.292Z","runId":"20260630-134825","type":"search_executed","query":"Q2","resultCount":1,"elapsedMs":1,"depth":0}
{"ts":"2026-06-30T10:48:25.293Z","runId":"20260630-134825","type":"scrape_executed","url":"https://a.com","title":"https://a.com","bytes":4,"elapsedMs":0,"depth":0}
{"ts":"2026-06-30T10:48:25.293Z","runId":"20260630-134825","type":"queue_saved","depth":0,"entries":1,"engines":"brave"}
{"ts":"2026-06-30T10:48:25.293Z","runId":"20260630-134825","type":"phase_changed","from":"searching","to":"extracting","depth":1}
{"ts":"2026-06-30T10:48:25.294Z","runId":"20260630-134825","type":"extraction","length":470,"depth":1}
{"ts":"2026-06-30T10:48:25.294Z","runId":"20260630-134825","type":"search_executed","query":"q1","resultCount":0,"elapsedMs":0,"depth":0}
{"ts":"2026-06-30T10:48:25.295Z","runId":"20260630-134825","type":"phase_changed","from":"extracting","to":"questioning","depth":1}
{"ts":"2026-06-30T10:48:25.296Z","runId":"20260630-134825","type":"deepening","length":323,"depth":1}
{"ts":"2026-06-30T10:48:25.295Z","runId":"20260630-134825","type":"phase_changed","from":"searching","to":"extracting","depth":1}
{"ts":"2026-06-30T10:48:25.296Z","runId":"20260630-134825","type":"extraction","length":333,"depth":1}
{"ts":"2026-06-30T10:48:25.296Z","runId":"20260630-134825","type":"queue_saved","depth":1,"entries":2,"engines":"duckduckgo"}
{"ts":"2026-06-30T10:48:25.297Z","runId":"20260630-134825","type":"search_executed","query":"Question one?","resultCount":1,"elapsedMs":0,"depth":1}
{"ts":"2026-06-30T10:48:25.297Z","runId":"20260630-134825","type":"search_executed","query":"Question two?","resultCount":1,"elapsedMs":0,"depth":1}
{"ts":"2026-06-30T10:48:25.298Z","runId":"20260630-134825","type":"phase_changed","from":"searching","to":"extracting","depth":2}
{"ts":"2026-06-30T10:48:25.299Z","runId":"20260630-134825","type":"queue_saved","depth":0,"entries":1,"engines":"brave"}
{"ts":"2026-06-30T10:48:25.299Z","runId":"20260630-134825","type":"extraction","length":418,"depth":2}
{"ts":"2026-06-30T10:48:25.300Z","runId":"20260630-134825","type":"search_executed","query":"q1","resultCount":0,"elapsedMs":0,"depth":0}
{"ts":"2026-06-30T10:48:25.300Z","runId":"20260630-134825","type":"phase_changed","from":"searching","to":"extracting","depth":1}
{"ts":"2026-06-30T10:48:25.301Z","runId":"20260630-134825","type":"extraction","length":333,"depth":1}
{"ts":"2026-06-30T10:48:25.302Z","runId":"20260630-134825","type":"queue_saved","depth":0,"entries":2,"engines":"duckduckgo"}
{"ts":"2026-06-30T10:48:25.303Z","runId":"20260630-134825","type":"search_executed","query":"Q1","resultCount":1,"elapsedMs":1,"depth":0}
{"ts":"2026-06-30T10:48:25.303Z","runId":"20260630-134825","type":"search_executed","query":"Q2","resultCount":1,"elapsedMs":1,"depth":0}
{"ts":"2026-06-30T10:48:25.303Z","runId":"20260630-134825","type":"scrape_executed","url":"https://a.com","title":"https://a.com","bytes":4,"elapsedMs":0,"depth":0}
{"ts":"2026-06-30T10:48:25.303Z","runId":"20260630-134825","type":"phase_changed","from":"searching","to":"extracting","depth":1}
{"ts":"2026-06-30T10:48:25.304Z","runId":"20260630-134825","type":"extraction","length":470,"depth":1}
{"ts":"2026-06-30T10:48:25.303Z","runId":"20260630-134825","type":"queue_saved","depth":0,"entries":4,"engines":"duckduckgo"}
{"ts":"2026-06-30T10:48:25.304Z","runId":"20260630-134825","type":"phase_changed","from":"extracting","to":"questioning","depth":1}
{"ts":"2026-06-30T10:48:25.304Z","runId":"20260630-134825","type":"deepening","length":323,"depth":1}
{"ts":"2026-06-30T10:48:25.305Z","runId":"20260630-134825","type":"queue_saved","depth":1,"entries":2,"engines":"duckduckgo"}
{"ts":"2026-06-30T10:48:25.306Z","runId":"20260630-134825","type":"search_executed","query":"Question one?","resultCount":1,"elapsedMs":0,"depth":1}
{"ts":"2026-06-30T10:48:25.306Z","runId":"20260630-134825","type":"search_executed","query":"Question two?","resultCount":1,"elapsedMs":0,"depth":1}
{"ts":"2026-06-30T10:48:25.307Z","runId":"20260630-134825","type":"phase_changed","from":"searching","to":"extracting","depth":2}
{"ts":"2026-06-30T10:48:25.307Z","runId":"20260630-134825","type":"extraction","length":418,"depth":2}
{"ts":"2026-06-30T10:48:25.309Z","runId":"20260630-134825","type":"queue_saved","depth":0,"entries":2,"engines":"duckduckgo"}
{"ts":"2026-06-30T10:48:25.309Z","runId":"20260630-134825","type":"queue_saved","depth":0,"entries":2,"engines":"duckduckgo"}
{"ts":"2026-06-30T10:48:25.309Z","runId":"20260630-134825","type":"search_executed","query":"Q1","resultCount":1,"elapsedMs":0,"depth":0}
{"ts":"2026-06-30T10:48:25.309Z","runId":"20260630-134825","type":"search_executed","query":"Q2","resultCount":1,"elapsedMs":0,"depth":0}
{"ts":"2026-06-30T10:48:25.310Z","runId":"20260630-134825","type":"search_executed","query":"Original Q1","resultCount":1,"elapsedMs":1,"depth":0}
{"ts":"2026-06-30T10:48:25.310Z","runId":"20260630-134825","type":"scrape_executed","url":"https://a.com","title":"https://a.com","bytes":4,"elapsedMs":0,"depth":0}
{"ts":"2026-06-30T10:48:25.310Z","runId":"20260630-134825","type":"phase_changed","from":"searching","to":"extracting","depth":1}
{"ts":"2026-06-30T10:48:25.310Z","runId":"20260630-134825","type":"search_executed","query":"Original Q2","resultCount":1,"elapsedMs":1,"depth":0}
{"ts":"2026-06-30T10:48:25.310Z","runId":"20260630-134825","type":"extraction","length":470,"depth":1}
{"ts":"2026-06-30T10:48:25.310Z","runId":"20260630-134825","type":"scrape_executed","url":"https://a.com","title":"https://a.com","bytes":4,"elapsedMs":0,"depth":0}
{"ts":"2026-06-30T10:48:25.310Z","runId":"20260630-134825","type":"phase_changed","from":"extracting","to":"questioning","depth":1}
{"ts":"2026-06-30T10:48:25.310Z","runId":"20260630-134825","type":"phase_changed","from":"searching","to":"extracting","depth":1}
{"ts":"2026-06-30T10:48:25.310Z","runId":"20260630-134825","type":"deepening","length":323,"depth":1}
{"ts":"2026-06-30T10:48:25.311Z","runId":"20260630-134825","type":"extraction","length":488,"depth":1}
{"ts":"2026-06-30T10:48:25.311Z","runId":"20260630-134825","type":"queue_saved","depth":1,"entries":2,"engines":"duckduckgo"}
{"ts":"2026-06-30T10:48:25.311Z","runId":"20260630-134825","type":"search_executed","query":"Q1","resultCount":1,"elapsedMs":0,"depth":1}
{"ts":"2026-06-30T10:48:25.311Z","runId":"20260630-134825","type":"search_executed","query":"Q2","resultCount":1,"elapsedMs":0,"depth":1}
{"ts":"2026-06-30T10:48:25.312Z","runId":"20260630-134825","type":"phase_changed","from":"searching","to":"extracting","depth":2}
{"ts":"2026-06-30T10:48:25.312Z","runId":"20260630-134825","type":"extraction","length":396,"depth":2}
{"ts":"2026-06-30T10:48:25.312Z","runId":"20260630-134825","type":"queue_saved","depth":0,"entries":2,"engines":"duckduckgo"}
{"ts":"2026-06-30T10:48:25.313Z","runId":"20260630-134825","type":"search_executed","query":"Original Q1","resultCount":1,"elapsedMs":1,"depth":0}
{"ts":"2026-06-30T10:48:25.313Z","runId":"20260630-134825","type":"search_executed","query":"Original Q2","resultCount":1,"elapsedMs":1,"depth":0}
{"ts":"2026-06-30T10:48:25.313Z","runId":"20260630-134825","type":"scrape_executed","url":"https://a.com","title":"https://a.com","bytes":4,"elapsedMs":0,"depth":0}
{"ts":"2026-06-30T10:48:25.313Z","runId":"20260630-134825","type":"phase_changed","from":"searching","to":"extracting","depth":1}
{"ts":"2026-06-30T10:48:25.313Z","runId":"20260630-134825","type":"extraction","length":488,"depth":1}
{"ts":"2026-06-30T10:48:25.313Z","runId":"20260630-134825","type":"phase_changed","from":"extracting","to":"questioning","depth":1}
{"ts":"2026-06-30T10:48:25.314Z","runId":"20260630-134825","type":"deepening","length":323,"depth":1}
{"ts":"2026-06-30T10:48:25.314Z","runId":"20260630-134825","type":"queue_saved","depth":1,"entries":2,"engines":"duckduckgo"}
{"ts":"2026-06-30T10:48:25.315Z","runId":"20260630-134825","type":"search_executed","query":"What is the first follow-up question?","resultCount":1,"elapsedMs":0,"depth":1}
{"ts":"2026-06-30T10:48:25.315Z","runId":"20260630-134825","type":"search_executed","query":"What is the second follow-up question?","resultCount":1,"elapsedMs":0,"depth":1}
{"ts":"2026-06-30T10:48:25.315Z","runId":"20260630-134825","type":"phase_changed","from":"searching","to":"extracting","depth":2}
{"ts":"2026-06-30T10:48:25.315Z","runId":"20260630-134825","type":"extraction","length":467,"depth":2}
{"ts":"2026-06-30T10:48:25.316Z","runId":"20260630-134825","type":"queue_saved","depth":0,"entries":2,"engines":"duckduckgo"}
{"ts":"2026-06-30T10:48:25.316Z","runId":"20260630-134825","type":"search_executed","query":"Original Q1","resultCount":1,"elapsedMs":0,"depth":0}
{"ts":"2026-06-30T10:48:25.316Z","runId":"20260630-134825","type":"search_executed","query":"Original Q2","resultCount":1,"elapsedMs":0,"depth":0}
{"ts":"2026-06-30T10:48:25.317Z","runId":"20260630-134825","type":"scrape_executed","url":"https://a.com","title":"https://a.com","bytes":4,"elapsedMs":0,"depth":0}
{"ts":"2026-06-30T10:48:25.317Z","runId":"20260630-134825","type":"phase_changed","from":"searching","to":"extracting","depth":1}
{"ts":"2026-06-30T10:48:25.317Z","runId":"20260630-134825","type":"extraction","length":488,"depth":1}
{"ts":"2026-06-30T10:48:25.317Z","runId":"20260630-134825","type":"phase_changed","from":"extracting","to":"questioning","depth":1}
{"ts":"2026-06-30T10:48:25.317Z","runId":"20260630-134825","type":"deepening","length":323,"depth":1}
{"ts":"2026-06-30T10:48:25.317Z","runId":"20260630-134825","type":"queue_saved","depth":1,"entries":2,"engines":"duckduckgo"}
{"ts":"2026-06-30T10:48:25.318Z","runId":"20260630-134825","type":"search_executed","query":"Original Q1","resultCount":1,"elapsedMs":0,"depth":1}
{"ts":"2026-06-30T10:48:25.318Z","runId":"20260630-134825","type":"search_executed","query":"Original Q2","resultCount":1,"elapsedMs":0,"depth":1}
{"ts":"2026-06-30T10:48:25.318Z","runId":"20260630-134825","type":"phase_changed","from":"searching","to":"extracting","depth":2}
{"ts":"2026-06-30T10:48:25.318Z","runId":"20260630-134825","type":"extraction","length":414,"depth":2}
{"ts":"2026-06-30T10:48:25.319Z","runId":"20260630-134825","type":"queue_saved","depth":0,"entries":2,"engines":"duckduckgo"}
{"ts":"2026-06-30T10:48:25.319Z","runId":"20260630-134825","type":"search_executed","query":"Original Q1","resultCount":1,"elapsedMs":0,"depth":0}
{"ts":"2026-06-30T10:48:25.319Z","runId":"20260630-134825","type":"search_executed","query":"Original Q2","resultCount":1,"elapsedMs":0,"depth":0}
{"ts":"2026-06-30T10:48:25.320Z","runId":"20260630-134825","type":"scrape_executed","url":"https://a.com","title":"https://a.com","bytes":4,"elapsedMs":0,"depth":0}
{"ts":"2026-06-30T10:48:25.320Z","runId":"20260630-134825","type":"phase_changed","from":"searching","to":"extracting","depth":1}
{"ts":"2026-06-30T10:48:25.320Z","runId":"20260630-134825","type":"extraction","length":488,"depth":1}
{"ts":"2026-06-30T10:48:25.320Z","runId":"20260630-134825","type":"phase_changed","from":"extracting","to":"questioning","depth":1}
{"ts":"2026-06-30T10:48:25.320Z","runId":"20260630-134825","type":"deepening","length":323,"depth":1}
{"ts":"2026-06-30T10:48:25.321Z","runId":"20260630-134825","type":"queue_saved","depth":1,"entries":2,"engines":"duckduckgo"}
{"ts":"2026-06-30T10:48:25.321Z","runId":"20260630-134825","type":"search_executed","query":"Original Q1","resultCount":1,"elapsedMs":0,"depth":1}
{"ts":"2026-06-30T10:48:25.321Z","runId":"20260630-134825","type":"search_executed","query":"Original Q2","resultCount":1,"elapsedMs":0,"depth":1}
{"ts":"2026-06-30T10:48:25.321Z","runId":"20260630-134825","type":"phase_changed","from":"searching","to":"extracting","depth":2}
{"ts":"2026-06-30T10:48:25.322Z","runId":"20260630-134825","type":"extraction","length":414,"depth":2}
{"ts":"2026-06-30T10:48:25.357Z","runId":"20260630-134825","type":"search_executed","query":"Q1","resultCount":2,"elapsedMs":53,"depth":0}
{"ts":"2026-06-30T10:48:25.357Z","runId":"20260630-134825","type":"search_executed","query":"Q2","resultCount":2,"elapsedMs":53,"depth":0}
{"ts":"2026-06-30T10:48:25.358Z","runId":"20260630-134825","type":"search_executed","query":"Q3","resultCount":2,"elapsedMs":54,"depth":0}
{"ts":"2026-06-30T10:48:25.358Z","runId":"20260630-134825","type":"search_executed","query":"Q4","resultCount":2,"elapsedMs":54,"depth":0}
{"ts":"2026-06-30T10:48:25.365Z","runId":"20260630-134825","type":"scrape_executed","url":"https://a.com","title":"https://a.com","bytes":4,"elapsedMs":7,"depth":0}
{"ts":"2026-06-30T10:48:25.365Z","runId":"20260630-134825","type":"scrape_executed","url":"https://b.com","title":"https://b.com","bytes":4,"elapsedMs":7,"depth":0}
{"ts":"2026-06-30T10:48:25.366Z","runId":"20260630-134825","type":"phase_changed","from":"searching","to":"extracting","depth":1}
{"ts":"2026-06-30T10:48:25.366Z","runId":"20260630-134825","type":"extraction","length":705,"depth":1}
{"ts":"2026-06-30T10:48:25.368Z","runId":"20260630-134825","type":"queue_saved","depth":0,"entries":3,"engines":"duckduckgo"}
{"ts":"2026-06-30T10:48:25.381Z","runId":"20260630-134825","type":"search_executed","query":"Q1","resultCount":2,"elapsedMs":13,"depth":0}
{"ts":"2026-06-30T10:48:25.381Z","runId":"20260630-134825","type":"search_executed","query":"Q2","resultCount":2,"elapsedMs":12,"depth":0}
{"ts":"2026-06-30T10:48:25.382Z","runId":"20260630-134825","type":"search_executed","query":"Q3","resultCount":2,"elapsedMs":13,"depth":0}
{"ts":"2026-06-30T10:48:25.388Z","runId":"20260630-134825","type":"scrape_executed","url":"https://a.com","title":"https://a.com","bytes":4,"elapsedMs":6,"depth":0}
{"ts":"2026-06-30T10:48:25.388Z","runId":"20260630-134825","type":"scrape_executed","url":"https://b.com","title":"https://b.com","bytes":4,"elapsedMs":6,"depth":0}
{"ts":"2026-06-30T10:48:25.388Z","runId":"20260630-134825","type":"phase_changed","from":"searching","to":"extracting","depth":1}
{"ts":"2026-06-30T10:48:25.388Z","runId":"20260630-134825","type":"extraction","length":640,"depth":1}
{"ts":"2026-06-30T10:48:25.389Z","runId":"20260630-134825","type":"deepening_skipped","reason":"depth_reached","currentDepth":1,"totalDepth":1}
{"ts":"2026-06-30T10:48:25.389Z","runId":"20260630-134825","type":"phase_changed","from":"extracting","to":"drafting","depth":1}
{"ts":"2026-06-30T10:48:25.389Z","runId":"20260630-134825","type":"drafting","length":569}
{"ts":"2026-06-30T10:48:25.389Z","runId":"20260630-134825","type":"drafting_extracted","textLength":117,"agentResponseType":"string","isArray":false}
{"ts":"2026-06-30T10:48:25.390Z","runId":"20260630-134825","type":"phase_changed","from":"drafting","to":"saving"}
{"ts":"2026-06-30T10:48:25.390Z","runId":"20260630-134825","type":"phase_changed","from":"saving","to":"done","draftLength":117}
{"ts":"2026-06-30T10:48:25.472Z","runId":"20260630-134825","type":"queue_saved","depth":0,"entries":3,"engines":"duckduckgo"}
{"ts":"2026-06-30T10:48:25.475Z","runId":"20260630-134825","type":"search_executed","query":"Q1","resultCount":2,"elapsedMs":0,"depth":0}
{"ts":"2026-06-30T10:48:25.478Z","runId":"20260630-134825","type":"search_executed","query":"Q2","resultCount":2,"elapsedMs":3,"depth":0}
{"ts":"2026-06-30T10:48:25.479Z","runId":"20260630-134825","type":"search_executed","query":"Q3","resultCount":2,"elapsedMs":4,"depth":0}
{"ts":"2026-06-30T10:48:25.479Z","runId":"20260630-134825","type":"scrape_executed","url":"https://xstate.js.org","title":"XState Docs","bytes":46,"elapsedMs":0,"depth":0}
{"ts":"2026-06-30T10:48:25.480Z","runId":"20260630-134825","type":"scrape_executed","url":"https://thisrobot.life","title":"Robot FSM","bytes":45,"elapsedMs":1,"depth":0}
{"ts":"2026-06-30T10:48:25.480Z","runId":"20260630-134825","type":"phase_changed","from":"searching","to":"extracting","depth":1}
{"ts":"2026-06-30T10:48:25.480Z","runId":"20260630-134825","type":"extraction","length":974,"depth":1}
{"ts":"2026-06-30T10:48:25.481Z","runId":"20260630-134825","type":"phase_changed","from":"extracting","to":"questioning","depth":1}
{"ts":"2026-06-30T10:48:25.481Z","runId":"20260630-134825","type":"deepening","length":350,"depth":1}
{"ts":"2026-06-30T10:48:25.483Z","runId":"20260630-134825","type":"queue_saved","depth":1,"entries":3,"engines":"duckduckgo"}
{"ts":"2026-06-30T10:48:25.484Z","runId":"20260630-134825","type":"search_executed","query":"Q1","resultCount":2,"elapsedMs":0,"depth":1}
{"ts":"2026-06-30T10:48:25.484Z","runId":"20260630-134825","type":"search_executed","query":"Q2","resultCount":2,"elapsedMs":0,"depth":1}
{"ts":"2026-06-30T10:48:25.485Z","runId":"20260630-134825","type":"search_executed","query":"Q3","resultCount":2,"elapsedMs":1,"depth":1}
{"ts":"2026-06-30T10:48:25.485Z","runId":"20260630-134825","type":"phase_changed","from":"searching","to":"extracting","depth":2}
{"ts":"2026-06-30T10:48:25.485Z","runId":"20260630-134825","type":"extraction","length":753,"depth":2}
{"ts":"2026-06-30T10:48:25.486Z","runId":"20260630-134825","type":"deepening_skipped","reason":"depth_reached","currentDepth":2,"totalDepth":2}
{"ts":"2026-06-30T10:48:25.486Z","runId":"20260630-134825","type":"phase_changed","from":"extracting","to":"drafting","depth":2}
{"ts":"2026-06-30T10:48:25.486Z","runId":"20260630-134825","type":"drafting","length":629}
{"ts":"2026-06-30T10:48:25.487Z","runId":"20260630-134825","type":"drafting_extracted","textLength":51,"agentResponseType":"string","isArray":false}
{"ts":"2026-06-30T10:48:25.487Z","runId":"20260630-134825","type":"phase_changed","from":"drafting","to":"saving"}
{"ts":"2026-06-30T10:48:25.487Z","runId":"20260630-134825","type":"phase_changed","from":"saving","to":"done","draftLength":51}
{"ts":"2026-06-30T10:48:25.490Z","runId":"20260630-134825","type":"queue_saved","depth":0,"entries":1,"engines":"duckduckgo"}
{"ts":"2026-06-30T10:48:25.491Z","runId":"20260630-134825","type":"search_executed","query":"q","resultCount":2,"elapsedMs":0,"depth":0}
{"ts":"2026-06-30T10:48:25.492Z","runId":"20260630-134825","type":"scrape_executed","url":"https://xstate.js.org","title":"XState Docs","bytes":46,"elapsedMs":1,"depth":0}
{"ts":"2026-06-30T10:48:25.492Z","runId":"20260630-134825","type":"scrape_executed","url":"https://thisrobot.life","title":"Robot FSM","bytes":45,"elapsedMs":1,"depth":0}
{"ts":"2026-06-30T10:48:25.492Z","runId":"20260630-134825","type":"phase_changed","from":"searching","to":"extracting","depth":1}
{"ts":"2026-06-30T10:48:25.493Z","runId":"20260630-134825","type":"extraction","length":683,"depth":1}
{"ts":"2026-06-30T10:48:25.493Z","runId":"20260630-134825","type":"phase_changed","from":"extracting","to":"questioning","depth":1}
{"ts":"2026-06-30T10:48:25.494Z","runId":"20260630-134825","type":"deepening","length":323,"depth":1}
{"ts":"2026-06-30T10:48:25.494Z","runId":"20260630-134825","type":"queue_saved","depth":1,"entries":1,"engines":"duckduckgo"}
{"ts":"2026-06-30T10:48:25.495Z","runId":"20260630-134825","type":"search_executed","query":"q","resultCount":2,"elapsedMs":0,"depth":1}
{"ts":"2026-06-30T10:48:25.495Z","runId":"20260630-134825","type":"phase_changed","from":"searching","to":"extracting","depth":2}
{"ts":"2026-06-30T10:48:25.495Z","runId":"20260630-134825","type":"extraction","length":462,"depth":2}
{"ts":"2026-06-30T10:48:25.496Z","runId":"20260630-134825","type":"deepening_skipped","reason":"depth_reached","currentDepth":2,"totalDepth":2}
{"ts":"2026-06-30T10:48:25.496Z","runId":"20260630-134825","type":"phase_changed","from":"extracting","to":"drafting","depth":2}
{"ts":"2026-06-30T10:48:25.496Z","runId":"20260630-134825","type":"drafting","length":569}
{"ts":"2026-06-30T10:48:25.496Z","runId":"20260630-134825","type":"drafting_extracted","textLength":0,"agentResponseType":"string","isArray":false}
{"ts":"2026-06-30T10:48:25.496Z","runId":"20260630-134825","type":"drafting_retry","reason":"empty_response","length":0}
{"ts":"2026-06-30T10:48:25.502Z","runId":"20260630-134825","type":"queue_saved","depth":0,"entries":3,"engines":"duckduckgo"}
{"ts":"2026-06-30T10:48:25.502Z","runId":"20260630-134825","type":"search_executed","query":"Q1","resultCount":2,"elapsedMs":0,"depth":0}
{"ts":"2026-06-30T10:48:25.502Z","runId":"20260630-134825","type":"search_executed","query":"Q2","resultCount":2,"elapsedMs":0,"depth":0}
{"ts":"2026-06-30T10:48:25.502Z","runId":"20260630-134825","type":"search_executed","query":"Q3","resultCount":2,"elapsedMs":0,"depth":0}
{"ts":"2026-06-30T10:48:25.503Z","runId":"20260630-134825","type":"scrape_executed","url":"https://xstate.js.org","title":"XState Docs","bytes":46,"elapsedMs":0,"depth":0}
{"ts":"2026-06-30T10:48:25.503Z","runId":"20260630-134825","type":"scrape_executed","url":"https://thisrobot.life","title":"Robot FSM","bytes":45,"elapsedMs":0,"depth":0}
{"ts":"2026-06-30T10:48:25.503Z","runId":"20260630-134825","type":"phase_changed","from":"searching","to":"extracting","depth":1}
{"ts":"2026-06-30T10:48:25.503Z","runId":"20260630-134825","type":"extraction","length":974,"depth":1}
{"ts":"2026-06-30T10:48:25.504Z","runId":"20260630-134825","type":"phase_changed","from":"extracting","to":"questioning","depth":1}
{"ts":"2026-06-30T10:48:25.504Z","runId":"20260630-134825","type":"deepening","length":350,"depth":1}
{"ts":"2026-06-30T10:48:25.504Z","runId":"20260630-134825","type":"queue_saved","depth":1,"entries":3,"engines":"duckduckgo"}
{"ts":"2026-06-30T10:48:25.505Z","runId":"20260630-134825","type":"search_executed","query":"Q1","resultCount":2,"elapsedMs":0,"depth":1}
{"ts":"2026-06-30T10:48:25.505Z","runId":"20260630-134825","type":"search_executed","query":"Q2","resultCount":2,"elapsedMs":0,"depth":1}
{"ts":"2026-06-30T10:48:25.505Z","runId":"20260630-134825","type":"search_executed","query":"Q3","resultCount":2,"elapsedMs":0,"depth":1}
{"ts":"2026-06-30T10:48:25.506Z","runId":"20260630-134825","type":"phase_changed","from":"searching","to":"extracting","depth":2}
{"ts":"2026-06-30T10:48:25.506Z","runId":"20260630-134825","type":"extraction","length":753,"depth":2}
{"ts":"2026-06-30T10:48:25.506Z","runId":"20260630-134825","type":"deepening_skipped","reason":"depth_reached","currentDepth":2,"totalDepth":2}
{"ts":"2026-06-30T10:48:25.506Z","runId":"20260630-134825","type":"phase_changed","from":"extracting","to":"drafting","depth":2}
{"ts":"2026-06-30T10:48:25.506Z","runId":"20260630-134825","type":"drafting","length":629}
{"ts":"2026-06-30T10:48:25.507Z","runId":"20260630-134825","type":"drafting_extracted","textLength":117,"agentResponseType":"string","isArray":false}
{"ts":"2026-06-30T10:48:25.507Z","runId":"20260630-134825","type":"phase_changed","from":"drafting","to":"saving"}
{"ts":"2026-06-30T10:48:25.507Z","runId":"20260630-134825","type":"phase_changed","from":"saving","to":"done","draftLength":117}
{"ts":"2026-06-30T10:48:25.693Z","runId":"20260630-134825","type":"queue_saved","depth":0,"entries":1,"engines":"duckduckgo"}
{"ts":"2026-06-30T10:48:25.693Z","runId":"20260630-134825","type":"search_executed","query":"q1","resultCount":0,"elapsedMs":0,"depth":0}
{"ts":"2026-06-30T10:48:25.694Z","runId":"20260630-134825","type":"phase_changed","from":"searching","to":"extracting","depth":1}
{"ts":"2026-06-30T10:48:25.694Z","runId":"20260630-134825","type":"extraction","length":333,"depth":1}
{"ts":"2026-06-30T10:48:25.852Z","runId":"20260630-134825","type":"queue_saved","depth":0,"entries":3,"engines":"duckduckgo"}
{"ts":"2026-06-30T10:48:25.853Z","runId":"20260630-134825","type":"search_executed","query":"Q1","resultCount":1,"elapsedMs":1,"depth":0}
{"ts":"2026-06-30T10:48:25.853Z","runId":"20260630-134825","type":"search_executed","query":"Q2","resultCount":1,"elapsedMs":1,"depth":0}
{"ts":"2026-06-30T10:48:25.853Z","runId":"20260630-134825","type":"search_executed","query":"Q3","resultCount":1,"elapsedMs":1,"depth":0}
{"ts":"2026-06-30T10:48:25.853Z","runId":"20260630-134825","type":"scrape_executed","url":"https://a.com","title":"https://a.com","bytes":4,"elapsedMs":0,"depth":0}
{"ts":"2026-06-30T10:48:25.854Z","runId":"20260630-134825","type":"phase_changed","from":"searching","to":"extracting","depth":1}
{"ts":"2026-06-30T10:48:25.855Z","runId":"20260630-134825","type":"extraction","length":509,"depth":1}
{"ts":"2026-06-30T10:48:25.855Z","runId":"20260630-134825","type":"phase_changed","from":"extracting","to":"questioning","depth":1}
{"ts":"2026-06-30T10:48:25.856Z","runId":"20260630-134825","type":"deepening","length":323,"depth":1}
{"ts":"2026-06-30T10:48:25.859Z","runId":"20260630-134825","type":"queue_saved","depth":1,"entries":3,"engines":"duckduckgo"}
{"ts":"2026-06-30T10:48:25.859Z","runId":"20260630-134825","type":"search_executed","query":"Q1","resultCount":1,"elapsedMs":0,"depth":1}
{"ts":"2026-06-30T10:48:25.860Z","runId":"20260630-134825","type":"search_executed","query":"Q2","resultCount":1,"elapsedMs":1,"depth":1}
{"ts":"2026-06-30T10:48:25.860Z","runId":"20260630-134825","type":"search_executed","query":"Q3","resultCount":1,"elapsedMs":1,"depth":1}
{"ts":"2026-06-30T10:48:25.860Z","runId":"20260630-134825","type":"soft_limit_triggered","searchCalls":6,"maxSearchCalls":5,"elapsedSeconds":0,"maxElapsedSeconds":0}
{"ts":"2026-06-30T10:48:25.860Z","runId":"20260630-134825","type":"phase_changed","from":"searching","to":"extracting","depth":2}
{"ts":"2026-06-30T10:48:25.861Z","runId":"20260630-134825","type":"extraction","length":435,"depth":2}
{"ts":"2026-06-30T10:48:25.862Z","runId":"20260630-134825","type":"deepening_skipped","reason":"soft_limit","currentDepth":2,"totalDepth":3}
{"ts":"2026-06-30T10:48:25.863Z","runId":"20260630-134825","type":"phase_changed","from":"extracting","to":"drafting","depth":2}
{"ts":"2026-06-30T10:48:25.863Z","runId":"20260630-134825","type":"drafting","length":569}
{"ts":"2026-06-30T10:48:25.863Z","runId":"20260630-134825","type":"drafting_extracted","textLength":82,"agentResponseType":"string","isArray":false}
{"ts":"2026-06-30T10:48:25.864Z","runId":"20260630-134825","type":"phase_changed","from":"drafting","to":"saving"}
{"ts":"2026-06-30T10:48:25.864Z","runId":"20260630-134825","type":"phase_changed","from":"saving","to":"done","draftLength":82}
{"ts":"2026-06-30T10:48:25.866Z","runId":"20260630-134825","type":"queue_saved","depth":0,"entries":3,"engines":"duckduckgo"}
{"ts":"2026-06-30T10:48:25.867Z","runId":"20260630-134825","type":"search_executed","query":"Q1","resultCount":1,"elapsedMs":0,"depth":0}
{"ts":"2026-06-30T10:48:25.867Z","runId":"20260630-134825","type":"search_executed","query":"Q2","resultCount":1,"elapsedMs":0,"depth":0}
{"ts":"2026-06-30T10:48:25.868Z","runId":"20260630-134825","type":"search_executed","query":"Q3","resultCount":1,"elapsedMs":1,"depth":0}
{"ts":"2026-06-30T10:48:25.868Z","runId":"20260630-134825","type":"scrape_executed","url":"https://a.com","title":"https://a.com","bytes":4,"elapsedMs":0,"depth":0}
{"ts":"2026-06-30T10:48:25.868Z","runId":"20260630-134825","type":"phase_changed","from":"searching","to":"extracting","depth":1}
{"ts":"2026-06-30T10:48:25.869Z","runId":"20260630-134825","type":"extraction","length":509,"depth":1}
{"ts":"2026-06-30T10:48:25.869Z","runId":"20260630-134825","type":"phase_changed","from":"extracting","to":"questioning","depth":1}
{"ts":"2026-06-30T10:48:25.869Z","runId":"20260630-134825","type":"deepening","length":323,"depth":1}
{"ts":"2026-06-30T10:48:25.870Z","runId":"20260630-134825","type":"queue_saved","depth":1,"entries":3,"engines":"duckduckgo"}
{"ts":"2026-06-30T10:48:25.870Z","runId":"20260630-134825","type":"search_executed","query":"Q1","resultCount":1,"elapsedMs":0,"depth":1}
{"ts":"2026-06-30T10:48:25.871Z","runId":"20260630-134825","type":"search_executed","query":"Q2","resultCount":1,"elapsedMs":1,"depth":1}
{"ts":"2026-06-30T10:48:25.871Z","runId":"20260630-134825","type":"search_executed","query":"Q3","resultCount":1,"elapsedMs":1,"depth":1}
{"ts":"2026-06-30T10:48:25.871Z","runId":"20260630-134825","type":"phase_changed","from":"searching","to":"extracting","depth":2}
{"ts":"2026-06-30T10:48:25.872Z","runId":"20260630-134825","type":"extraction","length":435,"depth":2}
{"ts":"2026-06-30T10:48:25.884Z","runId":"20260630-134825","type":"queue_saved","depth":0,"entries":2,"engines":"duckduckgo"}
{"ts":"2026-06-30T10:48:25.885Z","runId":"20260630-134825","type":"search_executed","query":"Q1","resultCount":2,"elapsedMs":1,"depth":0}
{"ts":"2026-06-30T10:48:25.885Z","runId":"20260630-134825","type":"search_executed","query":"Q2","resultCount":2,"elapsedMs":1,"depth":0}
{"ts":"2026-06-30T10:48:25.885Z","runId":"20260630-134825","type":"scrape_executed","url":"https://xstate.js.org","title":"XState","bytes":15,"elapsedMs":0,"depth":0}
{"ts":"2026-06-30T10:48:25.886Z","runId":"20260630-134825","type":"scrape_executed","url":"https://thisrobot.life","title":"Robot","bytes":16,"elapsedMs":1,"depth":0}
{"ts":"2026-06-30T10:48:25.886Z","runId":"20260630-134825","type":"phase_changed","from":"searching","to":"extracting","depth":1}
{"ts":"2026-06-30T10:48:25.887Z","runId":"20260630-134825","type":"extraction","length":712,"depth":1}
{"ts":"2026-06-30T10:48:25.887Z","runId":"20260630-134825","type":"phase_changed","from":"extracting","to":"questioning","depth":1}
{"ts":"2026-06-30T10:48:25.887Z","runId":"20260630-134825","type":"deepening","length":350,"depth":1}
{"ts":"2026-06-30T10:48:25.888Z","runId":"20260630-134825","type":"queue_saved","depth":1,"entries":2,"engines":"duckduckgo"}
{"ts":"2026-06-30T10:48:25.888Z","runId":"20260630-134825","type":"search_executed","query":"Q1","resultCount":2,"elapsedMs":0,"depth":1}
{"ts":"2026-06-30T10:48:25.889Z","runId":"20260630-134825","type":"search_executed","query":"Q2","resultCount":2,"elapsedMs":1,"depth":1}
{"ts":"2026-06-30T10:48:25.889Z","runId":"20260630-134825","type":"phase_changed","from":"searching","to":"extracting","depth":2}
{"ts":"2026-06-30T10:48:25.889Z","runId":"20260630-134825","type":"extraction","length":560,"depth":2}
{"ts":"2026-06-30T10:48:25.890Z","runId":"20260630-134825","type":"deepening_skipped","reason":"depth_reached","currentDepth":2,"totalDepth":2}
{"ts":"2026-06-30T10:48:25.890Z","runId":"20260630-134825","type":"phase_changed","from":"extracting","to":"drafting","depth":2}
{"ts":"2026-06-30T10:48:25.890Z","runId":"20260630-134825","type":"drafting","length":620}
{"ts":"2026-06-30T10:48:25.891Z","runId":"20260630-134825","type":"drafting_extracted","textLength":82,"agentResponseType":"string","isArray":false}
{"ts":"2026-06-30T10:48:25.891Z","runId":"20260630-134825","type":"phase_changed","from":"drafting","to":"saving"}
{"ts":"2026-06-30T10:48:25.891Z","runId":"20260630-134825","type":"phase_changed","from":"saving","to":"done","draftLength":82}
{"ts":"2026-06-30T10:48:25.893Z","runId":"20260630-134825","type":"queue_saved","depth":0,"entries":2,"engines":"duckduckgo"}
{"ts":"2026-06-30T10:48:25.893Z","runId":"20260630-134825","type":"search_executed","query":"Q1","resultCount":2,"elapsedMs":0,"depth":0}
{"ts":"2026-06-30T10:48:25.894Z","runId":"20260630-134825","type":"search_executed","query":"Q2","resultCount":2,"elapsedMs":1,"depth":0}
{"ts":"2026-06-30T10:48:25.894Z","runId":"20260630-134825","type":"scrape_executed","url":"https://xstate.js.org","title":"XState","bytes":15,"elapsedMs":0,"depth":0}
{"ts":"2026-06-30T10:48:25.894Z","runId":"20260630-134825","type":"scrape_executed","url":"https://thisrobot.life","title":"Robot","bytes":16,"elapsedMs":0,"depth":0}
{"ts":"2026-06-30T10:48:25.894Z","runId":"20260630-134825","type":"phase_changed","from":"searching","to":"extracting","depth":1}
{"ts":"2026-06-30T10:48:25.894Z","runId":"20260630-134825","type":"extraction","length":712,"depth":1}
{"ts":"2026-06-30T10:48:25.895Z","runId":"20260630-134825","type":"phase_changed","from":"extracting","to":"questioning","depth":1}
{"ts":"2026-06-30T10:48:25.895Z","runId":"20260630-134825","type":"deepening","length":350,"depth":1}
{"ts":"2026-06-30T10:48:25.896Z","runId":"20260630-134825","type":"queue_saved","depth":1,"entries":2,"engines":"duckduckgo"}
{"ts":"2026-06-30T10:48:25.896Z","runId":"20260630-134825","type":"search_executed","query":"Q1","resultCount":2,"elapsedMs":0,"depth":1}
{"ts":"2026-06-30T10:48:25.896Z","runId":"20260630-134825","type":"search_executed","query":"Q2","resultCount":2,"elapsedMs":0,"depth":1}
{"ts":"2026-06-30T10:48:25.896Z","runId":"20260630-134825","type":"phase_changed","from":"searching","to":"extracting","depth":2}
{"ts":"2026-06-30T10:48:25.896Z","runId":"20260630-134825","type":"extraction","length":560,"depth":2}
{"ts":"2026-06-30T10:48:25.897Z","runId":"20260630-134825","type":"queue_saved","depth":0,"entries":2,"engines":"duckduckgo"}
{"ts":"2026-06-30T10:48:25.897Z","runId":"20260630-134825","type":"search_executed","query":"Q1","resultCount":2,"elapsedMs":0,"depth":0}
{"ts":"2026-06-30T10:48:25.897Z","runId":"20260630-134825","type":"search_executed","query":"Q2","resultCount":2,"elapsedMs":0,"depth":0}
{"ts":"2026-06-30T10:48:25.898Z","runId":"20260630-134825","type":"scrape_executed","url":"https://xstate.js.org","title":"XState","bytes":15,"elapsedMs":0,"depth":0}
{"ts":"2026-06-30T10:48:25.898Z","runId":"20260630-134825","type":"scrape_executed","url":"https://thisrobot.life","title":"Robot","bytes":16,"elapsedMs":0,"depth":0}
{"ts":"2026-06-30T10:48:25.898Z","runId":"20260630-134825","type":"phase_changed","from":"searching","to":"extracting","depth":1}
{"ts":"2026-06-30T10:48:25.898Z","runId":"20260630-134825","type":"extraction","length":712,"depth":1}
{"ts":"2026-06-30T10:48:25.899Z","runId":"20260630-134825","type":"phase_changed","from":"extracting","to":"questioning","depth":1}
{"ts":"2026-06-30T10:48:25.899Z","runId":"20260630-134825","type":"deepening","length":350,"depth":1}
{"ts":"2026-06-30T10:48:25.899Z","runId":"20260630-134825","type":"queue_saved","depth":1,"entries":2,"engines":"duckduckgo"}
{"ts":"2026-06-30T10:48:25.899Z","runId":"20260630-134825","type":"search_executed","query":"Q1","resultCount":2,"elapsedMs":0,"depth":1}
{"ts":"2026-06-30T10:48:25.899Z","runId":"20260630-134825","type":"search_executed","query":"Q2","resultCount":2,"elapsedMs":0,"depth":1}
{"ts":"2026-06-30T10:48:25.900Z","runId":"20260630-134825","type":"phase_changed","from":"searching","to":"extracting","depth":2}
{"ts":"2026-06-30T10:48:25.900Z","runId":"20260630-134825","type":"extraction","length":560,"depth":2}
{"ts":"2026-06-30T10:48:25.900Z","runId":"20260630-134825","type":"deepening_skipped","reason":"depth_reached","currentDepth":2,"totalDepth":2}
{"ts":"2026-06-30T10:48:25.900Z","runId":"20260630-134825","type":"phase_changed","from":"extracting","to":"drafting","depth":2}
{"ts":"2026-06-30T10:48:25.900Z","runId":"20260630-134825","type":"drafting","length":620}
{"ts":"2026-06-30T10:48:25.901Z","runId":"20260630-134825","type":"queue_saved","depth":0,"entries":2,"engines":"duckduckgo"}
{"ts":"2026-06-30T10:48:25.901Z","runId":"20260630-134825","type":"search_executed","query":"Q1","resultCount":2,"elapsedMs":0,"depth":0}
{"ts":"2026-06-30T10:48:25.901Z","runId":"20260630-134825","type":"search_executed","query":"Q2","resultCount":2,"elapsedMs":0,"depth":0}
{"ts":"2026-06-30T10:48:25.902Z","runId":"20260630-134825","type":"scrape_executed","url":"https://xstate.js.org","title":"XState","bytes":15,"elapsedMs":0,"depth":0}
{"ts":"2026-06-30T10:48:25.902Z","runId":"20260630-134825","type":"scrape_executed","url":"https://thisrobot.life","title":"Robot","bytes":16,"elapsedMs":0,"depth":0}
{"ts":"2026-06-30T10:48:25.902Z","runId":"20260630-134825","type":"phase_changed","from":"searching","to":"extracting","depth":1}
{"ts":"2026-06-30T10:48:25.902Z","runId":"20260630-134825","type":"extraction","length":712,"depth":1}
{"ts":"2026-06-30T10:48:25.902Z","runId":"20260630-134825","type":"deepening_skipped","reason":"depth_reached","currentDepth":1,"totalDepth":1}
{"ts":"2026-06-30T10:48:25.902Z","runId":"20260630-134825","type":"phase_changed","from":"extracting","to":"drafting","depth":1}
{"ts":"2026-06-30T10:48:25.902Z","runId":"20260630-134825","type":"drafting","length":620}
{"ts":"2026-06-30T10:48:25.902Z","runId":"20260630-134825","type":"drafting_extracted","textLength":86,"agentResponseType":"string","isArray":false}
{"ts":"2026-06-30T10:48:25.902Z","runId":"20260630-134825","type":"phase_changed","from":"drafting","to":"saving"}
{"ts":"2026-06-30T10:48:25.903Z","runId":"20260630-134825","type":"phase_changed","from":"saving","to":"done","draftLength":86}
{"ts":"2026-06-30T10:48:25.903Z","runId":"20260630-134825","type":"queue_saved","depth":0,"entries":2,"engines":"duckduckgo"}
{"ts":"2026-06-30T10:48:25.903Z","runId":"20260630-134825","type":"search_executed","query":"Q1","resultCount":2,"elapsedMs":0,"depth":0}
{"ts":"2026-06-30T10:48:25.903Z","runId":"20260630-134825","type":"search_executed","query":"Q2","resultCount":2,"elapsedMs":0,"depth":0}
{"ts":"2026-06-30T10:48:25.904Z","runId":"20260630-134825","type":"scrape_executed","url":"https://xstate.js.org","title":"XState","bytes":15,"elapsedMs":0,"depth":0}
{"ts":"2026-06-30T10:48:25.905Z","runId":"20260630-134825","type":"scrape_executed","url":"https://thisrobot.life","title":"Robot","bytes":16,"elapsedMs":1,"depth":0}
{"ts":"2026-06-30T10:48:25.905Z","runId":"20260630-134825","type":"phase_changed","from":"searching","to":"extracting","depth":1}
{"ts":"2026-06-30T10:48:25.905Z","runId":"20260630-134825","type":"extraction","length":712,"depth":1}
{"ts":"2026-06-30T10:48:25.905Z","runId":"20260630-134825","type":"deepening_skipped","reason":"depth_reached","currentDepth":1,"totalDepth":1}
{"ts":"2026-06-30T10:48:25.905Z","runId":"20260630-134825","type":"phase_changed","from":"extracting","to":"drafting","depth":1}
{"ts":"2026-06-30T10:48:25.905Z","runId":"20260630-134825","type":"drafting","length":620}
