{"ts":"2026-06-30T10:47:24.019Z","runId":"20260630-134724","type":"queue_saved","depth":0,"entries":3,"engines":"duckduckgo"}
{"ts":"2026-06-30T10:47:24.031Z","runId":"20260630-134724","type":"search_executed","query":"Q1","resultCount":2,"elapsedMs":11,"depth":0}
{"ts":"2026-06-30T10:47:24.032Z","runId":"20260630-134724","type":"search_executed","query":"Q2","resultCount":2,"elapsedMs":12,"depth":0}
{"ts":"2026-06-30T10:47:24.033Z","runId":"20260630-134724","type":"search_executed","query":"Q3","resultCount":2,"elapsedMs":13,"depth":0}
{"ts":"2026-06-30T10:47:24.039Z","runId":"20260630-134724","type":"scrape_executed","url":"https://a.com","title":"https://a.com","bytes":4,"elapsedMs":6,"depth":0}
{"ts":"2026-06-30T10:47:24.041Z","runId":"20260630-134724","type":"scrape_executed","url":"https://b.com","title":"https://b.com","bytes":4,"elapsedMs":8,"depth":0}
{"ts":"2026-06-30T10:47:24.042Z","runId":"20260630-134724","type":"phase_changed","from":"searching","to":"extracting","depth":1}
{"ts":"2026-06-30T10:47:24.046Z","runId":"20260630-134724","type":"extraction","length":640,"depth":1}
{"ts":"2026-06-30T10:47:24.046Z","runId":"20260630-134724","type":"deepening_skipped","reason":"depth_reached","currentDepth":1,"totalDepth":1}
{"ts":"2026-06-30T10:47:24.047Z","runId":"20260630-134724","type":"phase_changed","from":"extracting","to":"drafting","depth":1}
{"ts":"2026-06-30T10:47:24.047Z","runId":"20260630-134724","type":"drafting","length":569}
{"ts":"2026-06-30T10:47:24.048Z","runId":"20260630-134724","type":"drafting_extracted","textLength":117,"agentResponseType":"string","isArray":false}
{"ts":"2026-06-30T10:47:24.048Z","runId":"20260630-134724","type":"phase_changed","from":"drafting","to":"saving"}
{"ts":"2026-06-30T10:47:24.048Z","runId":"20260630-134724","type":"phase_changed","from":"saving","to":"done","draftLength":117}
{"ts":"2026-06-30T10:47:24.123Z","runId":"20260630-134724","type":"queue_saved","depth":0,"entries":3,"engines":"duckduckgo"}
{"ts":"2026-06-30T10:47:24.124Z","runId":"20260630-134724","type":"search_executed","query":"Q1","resultCount":2,"elapsedMs":0,"depth":0}
{"ts":"2026-06-30T10:47:24.124Z","runId":"20260630-134724","type":"search_executed","query":"Q2","resultCount":2,"elapsedMs":0,"depth":0}
{"ts":"2026-06-30T10:47:24.125Z","runId":"20260630-134724","type":"search_executed","query":"Q3","resultCount":2,"elapsedMs":1,"depth":0}
{"ts":"2026-06-30T10:47:24.125Z","runId":"20260630-134724","type":"scrape_executed","url":"https://xstate.js.org","title":"XState Docs","bytes":46,"elapsedMs":0,"depth":0}
{"ts":"2026-06-30T10:47:24.125Z","runId":"20260630-134724","type":"scrape_executed","url":"https://thisrobot.life","title":"Robot FSM","bytes":45,"elapsedMs":0,"depth":0}
{"ts":"2026-06-30T10:47:24.125Z","runId":"20260630-134724","type":"phase_changed","from":"searching","to":"extracting","depth":1}
{"ts":"2026-06-30T10:47:24.126Z","runId":"20260630-134724","type":"extraction","length":974,"depth":1}
{"ts":"2026-06-30T10:47:24.126Z","runId":"20260630-134724","type":"phase_changed","from":"extracting","to":"questioning","depth":1}
{"ts":"2026-06-30T10:47:24.126Z","runId":"20260630-134724","type":"deepening","length":350,"depth":1}
{"ts":"2026-06-30T10:47:24.127Z","runId":"20260630-134724","type":"queue_saved","depth":1,"entries":3,"engines":"duckduckgo"}
{"ts":"2026-06-30T10:47:24.127Z","runId":"20260630-134724","type":"search_executed","query":"Q1","resultCount":2,"elapsedMs":0,"depth":1}
{"ts":"2026-06-30T10:47:24.127Z","runId":"20260630-134724","type":"search_executed","query":"Q2","resultCount":2,"elapsedMs":0,"depth":1}
{"ts":"2026-06-30T10:47:24.127Z","runId":"20260630-134724","type":"search_executed","query":"Q3","resultCount":2,"elapsedMs":0,"depth":1}
{"ts":"2026-06-30T10:47:24.128Z","runId":"20260630-134724","type":"phase_changed","from":"searching","to":"extracting","depth":2}
{"ts":"2026-06-30T10:47:24.128Z","runId":"20260630-134724","type":"extraction","length":753,"depth":2}
{"ts":"2026-06-30T10:47:24.128Z","runId":"20260630-134724","type":"deepening_skipped","reason":"depth_reached","currentDepth":2,"totalDepth":2}
{"ts":"2026-06-30T10:47:24.128Z","runId":"20260630-134724","type":"phase_changed","from":"extracting","to":"drafting","depth":2}
{"ts":"2026-06-30T10:47:24.128Z","runId":"20260630-134724","type":"drafting","length":629}
{"ts":"2026-06-30T10:47:24.128Z","runId":"20260630-134724","type":"drafting_extracted","textLength":51,"agentResponseType":"string","isArray":false}
{"ts":"2026-06-30T10:47:24.128Z","runId":"20260630-134724","type":"phase_changed","from":"drafting","to":"saving"}
{"ts":"2026-06-30T10:47:24.129Z","runId":"20260630-134724","type":"phase_changed","from":"saving","to":"done","draftLength":51}
{"ts":"2026-06-30T10:47:24.130Z","runId":"20260630-134724","type":"queue_saved","depth":0,"entries":1,"engines":"duckduckgo"}
{"ts":"2026-06-30T10:47:24.131Z","runId":"20260630-134724","type":"search_executed","query":"q","resultCount":2,"elapsedMs":0,"depth":0}
{"ts":"2026-06-30T10:47:24.131Z","runId":"20260630-134724","type":"scrape_executed","url":"https://xstate.js.org","title":"XState Docs","bytes":46,"elapsedMs":0,"depth":0}
{"ts":"2026-06-30T10:47:24.131Z","runId":"20260630-134724","type":"scrape_executed","url":"https://thisrobot.life","title":"Robot FSM","bytes":45,"elapsedMs":0,"depth":0}
{"ts":"2026-06-30T10:47:24.131Z","runId":"20260630-134724","type":"phase_changed","from":"searching","to":"extracting","depth":1}
{"ts":"2026-06-30T10:47:24.132Z","runId":"20260630-134724","type":"extraction","length":683,"depth":1}
{"ts":"2026-06-30T10:47:24.132Z","runId":"20260630-134724","type":"phase_changed","from":"extracting","to":"questioning","depth":1}
{"ts":"2026-06-30T10:47:24.132Z","runId":"20260630-134724","type":"deepening","length":323,"depth":1}
{"ts":"2026-06-30T10:47:24.132Z","runId":"20260630-134724","type":"queue_saved","depth":1,"entries":1,"engines":"duckduckgo"}
{"ts":"2026-06-30T10:47:24.132Z","runId":"20260630-134724","type":"search_executed","query":"q","resultCount":2,"elapsedMs":0,"depth":1}
{"ts":"2026-06-30T10:47:24.133Z","runId":"20260630-134724","type":"phase_changed","from":"searching","to":"extracting","depth":2}
{"ts":"2026-06-30T10:47:24.133Z","runId":"20260630-134724","type":"extraction","length":462,"depth":2}
{"ts":"2026-06-30T10:47:24.133Z","runId":"20260630-134724","type":"deepening_skipped","reason":"depth_reached","currentDepth":2,"totalDepth":2}
{"ts":"2026-06-30T10:47:24.133Z","runId":"20260630-134724","type":"phase_changed","from":"extracting","to":"drafting","depth":2}
{"ts":"2026-06-30T10:47:24.133Z","runId":"20260630-134724","type":"drafting","length":569}
{"ts":"2026-06-30T10:47:24.134Z","runId":"20260630-134724","type":"drafting_extracted","textLength":0,"agentResponseType":"string","isArray":false}
{"ts":"2026-06-30T10:47:24.134Z","runId":"20260630-134724","type":"drafting_retry","reason":"empty_response","length":0}
{"ts":"2026-06-30T10:47:24.137Z","runId":"20260630-134724","type":"queue_saved","depth":0,"entries":3,"engines":"duckduckgo"}
{"ts":"2026-06-30T10:47:24.137Z","runId":"20260630-134724","type":"search_executed","query":"Q1","resultCount":2,"elapsedMs":0,"depth":0}
{"ts":"2026-06-30T10:47:24.137Z","runId":"20260630-134724","type":"search_executed","query":"Q2","resultCount":2,"elapsedMs":0,"depth":0}
{"ts":"2026-06-30T10:47:24.137Z","runId":"20260630-134724","type":"search_executed","query":"Q3","resultCount":2,"elapsedMs":0,"depth":0}
{"ts":"2026-06-30T10:47:24.137Z","runId":"20260630-134724","type":"scrape_executed","url":"https://xstate.js.org","title":"XState Docs","bytes":46,"elapsedMs":0,"depth":0}
{"ts":"2026-06-30T10:47:24.138Z","runId":"20260630-134724","type":"scrape_executed","url":"https://thisrobot.life","title":"Robot FSM","bytes":45,"elapsedMs":1,"depth":0}
{"ts":"2026-06-30T10:47:24.138Z","runId":"20260630-134724","type":"phase_changed","from":"searching","to":"extracting","depth":1}
{"ts":"2026-06-30T10:47:24.138Z","runId":"20260630-134724","type":"extraction","length":974,"depth":1}
{"ts":"2026-06-30T10:47:24.138Z","runId":"20260630-134724","type":"phase_changed","from":"extracting","to":"questioning","depth":1}
{"ts":"2026-06-30T10:47:24.138Z","runId":"20260630-134724","type":"deepening","length":350,"depth":1}
{"ts":"2026-06-30T10:47:24.139Z","runId":"20260630-134724","type":"queue_saved","depth":1,"entries":3,"engines":"duckduckgo"}
{"ts":"2026-06-30T10:47:24.139Z","runId":"20260630-134724","type":"search_executed","query":"Q1","resultCount":2,"elapsedMs":0,"depth":1}
{"ts":"2026-06-30T10:47:24.139Z","runId":"20260630-134724","type":"search_executed","query":"Q2","resultCount":2,"elapsedMs":0,"depth":1}
{"ts":"2026-06-30T10:47:24.139Z","runId":"20260630-134724","type":"search_executed","query":"Q3","resultCount":2,"elapsedMs":0,"depth":1}
{"ts":"2026-06-30T10:47:24.140Z","runId":"20260630-134724","type":"phase_changed","from":"searching","to":"extracting","depth":2}
{"ts":"2026-06-30T10:47:24.140Z","runId":"20260630-134724","type":"extraction","length":753,"depth":2}
{"ts":"2026-06-30T10:47:24.140Z","runId":"20260630-134724","type":"deepening_skipped","reason":"depth_reached","currentDepth":2,"totalDepth":2}
{"ts":"2026-06-30T10:47:24.140Z","runId":"20260630-134724","type":"phase_changed","from":"extracting","to":"drafting","depth":2}
{"ts":"2026-06-30T10:47:24.140Z","runId":"20260630-134724","type":"drafting","length":629}
{"ts":"2026-06-30T10:47:24.140Z","runId":"20260630-134724","type":"drafting_extracted","textLength":117,"agentResponseType":"string","isArray":false}
{"ts":"2026-06-30T10:47:24.141Z","runId":"20260630-134724","type":"phase_changed","from":"drafting","to":"saving"}
{"ts":"2026-06-30T10:47:24.141Z","runId":"20260630-134724","type":"phase_changed","from":"saving","to":"done","draftLength":117}
{"ts":"2026-06-30T10:47:24.321Z","runId":"20260630-134724","type":"queue_saved","depth":0,"entries":1,"engines":"duckduckgo"}
{"ts":"2026-06-30T10:47:24.321Z","runId":"20260630-134724","type":"search_executed","query":"q1","resultCount":0,"elapsedMs":0,"depth":0}
{"ts":"2026-06-30T10:47:24.322Z","runId":"20260630-134724","type":"phase_changed","from":"searching","to":"extracting","depth":1}
{"ts":"2026-06-30T10:47:24.322Z","runId":"20260630-134724","type":"extraction","length":333,"depth":1}
{"ts":"2026-06-30T10:47:24.479Z","runId":"20260630-134724","type":"queue_saved","depth":0,"entries":3,"engines":"duckduckgo"}
{"ts":"2026-06-30T10:47:24.480Z","runId":"20260630-134724","type":"search_executed","query":"Q1","resultCount":1,"elapsedMs":0,"depth":0}
{"ts":"2026-06-30T10:47:24.480Z","runId":"20260630-134724","type":"search_executed","query":"Q2","resultCount":1,"elapsedMs":0,"depth":0}
{"ts":"2026-06-30T10:47:24.481Z","runId":"20260630-134724","type":"search_executed","query":"Q3","resultCount":1,"elapsedMs":1,"depth":0}
{"ts":"2026-06-30T10:47:24.481Z","runId":"20260630-134724","type":"scrape_executed","url":"https://a.com","title":"https://a.com","bytes":4,"elapsedMs":0,"depth":0}
{"ts":"2026-06-30T10:47:24.482Z","runId":"20260630-134724","type":"phase_changed","from":"searching","to":"extracting","depth":1}
{"ts":"2026-06-30T10:47:24.482Z","runId":"20260630-134724","type":"extraction","length":509,"depth":1}
{"ts":"2026-06-30T10:47:24.482Z","runId":"20260630-134724","type":"phase_changed","from":"extracting","to":"questioning","depth":1}
{"ts":"2026-06-30T10:47:24.482Z","runId":"20260630-134724","type":"deepening","length":323,"depth":1}
{"ts":"2026-06-30T10:47:24.483Z","runId":"20260630-134724","type":"queue_saved","depth":1,"entries":3,"engines":"duckduckgo"}
{"ts":"2026-06-30T10:47:24.483Z","runId":"20260630-134724","type":"search_executed","query":"Q1","resultCount":1,"elapsedMs":0,"depth":1}
{"ts":"2026-06-30T10:47:24.484Z","runId":"20260630-134724","type":"search_executed","query":"Q2","resultCount":1,"elapsedMs":1,"depth":1}
{"ts":"2026-06-30T10:47:24.484Z","runId":"20260630-134724","type":"search_executed","query":"Q3","resultCount":1,"elapsedMs":1,"depth":1}
{"ts":"2026-06-30T10:47:24.484Z","runId":"20260630-134724","type":"soft_limit_triggered","searchCalls":6,"maxSearchCalls":5,"elapsedSeconds":0,"maxElapsedSeconds":0}
{"ts":"2026-06-30T10:47:24.484Z","runId":"20260630-134724","type":"phase_changed","from":"searching","to":"extracting","depth":2}
{"ts":"2026-06-30T10:47:24.485Z","runId":"20260630-134724","type":"extraction","length":435,"depth":2}
{"ts":"2026-06-30T10:47:24.485Z","runId":"20260630-134724","type":"deepening_skipped","reason":"soft_limit","currentDepth":2,"totalDepth":3}
{"ts":"2026-06-30T10:47:24.485Z","runId":"20260630-134724","type":"phase_changed","from":"extracting","to":"drafting","depth":2}
{"ts":"2026-06-30T10:47:24.485Z","runId":"20260630-134724","type":"drafting","length":569}
{"ts":"2026-06-30T10:47:24.486Z","runId":"20260630-134724","type":"drafting_extracted","textLength":82,"agentResponseType":"string","isArray":false}
{"ts":"2026-06-30T10:47:24.486Z","runId":"20260630-134724","type":"phase_changed","from":"drafting","to":"saving"}
{"ts":"2026-06-30T10:47:24.487Z","runId":"20260630-134724","type":"phase_changed","from":"saving","to":"done","draftLength":82}
{"ts":"2026-06-30T10:47:24.490Z","runId":"20260630-134724","type":"queue_saved","depth":0,"entries":3,"engines":"duckduckgo"}
{"ts":"2026-06-30T10:47:24.491Z","runId":"20260630-134724","type":"search_executed","query":"Q1","resultCount":1,"elapsedMs":0,"depth":0}
{"ts":"2026-06-30T10:47:24.491Z","runId":"20260630-134724","type":"search_executed","query":"Q2","resultCount":1,"elapsedMs":0,"depth":0}
{"ts":"2026-06-30T10:47:24.492Z","runId":"20260630-134724","type":"search_executed","query":"Q3","resultCount":1,"elapsedMs":1,"depth":0}
{"ts":"2026-06-30T10:47:24.492Z","runId":"20260630-134724","type":"scrape_executed","url":"https://a.com","title":"https://a.com","bytes":4,"elapsedMs":0,"depth":0}
{"ts":"2026-06-30T10:47:24.493Z","runId":"20260630-134724","type":"phase_changed","from":"searching","to":"extracting","depth":1}
{"ts":"2026-06-30T10:47:24.493Z","runId":"20260630-134724","type":"extraction","length":509,"depth":1}
{"ts":"2026-06-30T10:47:24.494Z","runId":"20260630-134724","type":"phase_changed","from":"extracting","to":"questioning","depth":1}
{"ts":"2026-06-30T10:47:24.494Z","runId":"20260630-134724","type":"deepening","length":323,"depth":1}
{"ts":"2026-06-30T10:47:24.496Z","runId":"20260630-134724","type":"queue_saved","depth":1,"entries":3,"engines":"duckduckgo"}
{"ts":"2026-06-30T10:47:24.496Z","runId":"20260630-134724","type":"search_executed","query":"Q1","resultCount":1,"elapsedMs":0,"depth":1}
{"ts":"2026-06-30T10:47:24.496Z","runId":"20260630-134724","type":"search_executed","query":"Q2","resultCount":1,"elapsedMs":0,"depth":1}
{"ts":"2026-06-30T10:47:24.497Z","runId":"20260630-134724","type":"search_executed","query":"Q3","resultCount":1,"elapsedMs":1,"depth":1}
{"ts":"2026-06-30T10:47:24.497Z","runId":"20260630-134724","type":"phase_changed","from":"searching","to":"extracting","depth":2}
{"ts":"2026-06-30T10:47:24.497Z","runId":"20260630-134724","type":"extraction","length":435,"depth":2}
{"ts":"2026-06-30T10:47:24.556Z","runId":"20260630-134724","type":"queue_saved","depth":0,"entries":2,"engines":"duckduckgo"}
{"ts":"2026-06-30T10:47:24.556Z","runId":"20260630-134724","type":"search_executed","query":"Q1","resultCount":2,"elapsedMs":0,"depth":0}
{"ts":"2026-06-30T10:47:24.557Z","runId":"20260630-134724","type":"search_executed","query":"Q2","resultCount":2,"elapsedMs":1,"depth":0}
{"ts":"2026-06-30T10:47:24.557Z","runId":"20260630-134724","type":"scrape_executed","url":"https://xstate.js.org","title":"XState","bytes":15,"elapsedMs":0,"depth":0}
{"ts":"2026-06-30T10:47:24.557Z","runId":"20260630-134724","type":"scrape_executed","url":"https://thisrobot.life","title":"Robot","bytes":16,"elapsedMs":0,"depth":0}
{"ts":"2026-06-30T10:47:24.558Z","runId":"20260630-134724","type":"phase_changed","from":"searching","to":"extracting","depth":1}
{"ts":"2026-06-30T10:47:24.558Z","runId":"20260630-134724","type":"extraction","length":712,"depth":1}
{"ts":"2026-06-30T10:47:24.558Z","runId":"20260630-134724","type":"phase_changed","from":"extracting","to":"questioning","depth":1}
{"ts":"2026-06-30T10:47:24.559Z","runId":"20260630-134724","type":"deepening","length":350,"depth":1}
{"ts":"2026-06-30T10:47:24.559Z","runId":"20260630-134724","type":"queue_saved","depth":1,"entries":2,"engines":"duckduckgo"}
{"ts":"2026-06-30T10:47:24.559Z","runId":"20260630-134724","type":"search_executed","query":"Q1","resultCount":2,"elapsedMs":0,"depth":1}
{"ts":"2026-06-30T10:47:24.559Z","runId":"20260630-134724","type":"search_executed","query":"Q2","resultCount":2,"elapsedMs":0,"depth":1}
{"ts":"2026-06-30T10:47:24.560Z","runId":"20260630-134724","type":"phase_changed","from":"searching","to":"extracting","depth":2}
{"ts":"2026-06-30T10:47:24.560Z","runId":"20260630-134724","type":"extraction","length":560,"depth":2}
{"ts":"2026-06-30T10:47:24.560Z","runId":"20260630-134724","type":"deepening_skipped","reason":"depth_reached","currentDepth":2,"totalDepth":2}
{"ts":"2026-06-30T10:47:24.560Z","runId":"20260630-134724","type":"phase_changed","from":"extracting","to":"drafting","depth":2}
{"ts":"2026-06-30T10:47:24.561Z","runId":"20260630-134724","type":"drafting","length":620}
{"ts":"2026-06-30T10:47:24.561Z","runId":"20260630-134724","type":"drafting_extracted","textLength":82,"agentResponseType":"string","isArray":false}
{"ts":"2026-06-30T10:47:24.561Z","runId":"20260630-134724","type":"phase_changed","from":"drafting","to":"saving"}
{"ts":"2026-06-30T10:47:24.561Z","runId":"20260630-134724","type":"phase_changed","from":"saving","to":"done","draftLength":82}
{"ts":"2026-06-30T10:47:24.563Z","runId":"20260630-134724","type":"queue_saved","depth":0,"entries":2,"engines":"duckduckgo"}
{"ts":"2026-06-30T10:47:24.563Z","runId":"20260630-134724","type":"search_executed","query":"Q1","resultCount":2,"elapsedMs":0,"depth":0}
{"ts":"2026-06-30T10:47:24.563Z","runId":"20260630-134724","type":"search_executed","query":"Q2","resultCount":2,"elapsedMs":0,"depth":0}
{"ts":"2026-06-30T10:47:24.564Z","runId":"20260630-134724","type":"scrape_executed","url":"https://xstate.js.org","title":"XState","bytes":15,"elapsedMs":0,"depth":0}
{"ts":"2026-06-30T10:47:24.564Z","runId":"20260630-134724","type":"scrape_executed","url":"https://thisrobot.life","title":"Robot","bytes":16,"elapsedMs":0,"depth":0}
{"ts":"2026-06-30T10:47:24.564Z","runId":"20260630-134724","type":"phase_changed","from":"searching","to":"extracting","depth":1}
{"ts":"2026-06-30T10:47:24.564Z","runId":"20260630-134724","type":"extraction","length":712,"depth":1}
{"ts":"2026-06-30T10:47:24.564Z","runId":"20260630-134724","type":"phase_changed","from":"extracting","to":"questioning","depth":1}
{"ts":"2026-06-30T10:47:24.565Z","runId":"20260630-134724","type":"deepening","length":350,"depth":1}
{"ts":"2026-06-30T10:47:24.565Z","runId":"20260630-134724","type":"queue_saved","depth":1,"entries":2,"engines":"duckduckgo"}
{"ts":"2026-06-30T10:47:24.565Z","runId":"20260630-134724","type":"search_executed","query":"Q1","resultCount":2,"elapsedMs":0,"depth":1}
{"ts":"2026-06-30T10:47:24.566Z","runId":"20260630-134724","type":"search_executed","query":"Q2","resultCount":2,"elapsedMs":1,"depth":1}
{"ts":"2026-06-30T10:47:24.566Z","runId":"20260630-134724","type":"phase_changed","from":"searching","to":"extracting","depth":2}
{"ts":"2026-06-30T10:47:24.566Z","runId":"20260630-134724","type":"extraction","length":560,"depth":2}
{"ts":"2026-06-30T10:47:24.567Z","runId":"20260630-134724","type":"queue_saved","depth":0,"entries":2,"engines":"duckduckgo"}
{"ts":"2026-06-30T10:47:24.567Z","runId":"20260630-134724","type":"search_executed","query":"Q1","resultCount":2,"elapsedMs":0,"depth":0}
{"ts":"2026-06-30T10:47:24.568Z","runId":"20260630-134724","type":"search_executed","query":"Q2","resultCount":2,"elapsedMs":1,"depth":0}
{"ts":"2026-06-30T10:47:24.568Z","runId":"20260630-134724","type":"scrape_executed","url":"https://xstate.js.org","title":"XState","bytes":15,"elapsedMs":0,"depth":0}
{"ts":"2026-06-30T10:47:24.568Z","runId":"20260630-134724","type":"scrape_executed","url":"https://thisrobot.life","title":"Robot","bytes":16,"elapsedMs":0,"depth":0}
{"ts":"2026-06-30T10:47:24.568Z","runId":"20260630-134724","type":"phase_changed","from":"searching","to":"extracting","depth":1}
{"ts":"2026-06-30T10:47:24.568Z","runId":"20260630-134724","type":"extraction","length":712,"depth":1}
{"ts":"2026-06-30T10:47:24.569Z","runId":"20260630-134724","type":"phase_changed","from":"extracting","to":"questioning","depth":1}
{"ts":"2026-06-30T10:47:24.569Z","runId":"20260630-134724","type":"deepening","length":350,"depth":1}
{"ts":"2026-06-30T10:47:24.570Z","runId":"20260630-134724","type":"queue_saved","depth":1,"entries":2,"engines":"duckduckgo"}
{"ts":"2026-06-30T10:47:24.570Z","runId":"20260630-134724","type":"search_executed","query":"Q1","resultCount":2,"elapsedMs":0,"depth":1}
{"ts":"2026-06-30T10:47:24.570Z","runId":"20260630-134724","type":"search_executed","query":"Q2","resultCount":2,"elapsedMs":0,"depth":1}
{"ts":"2026-06-30T10:47:24.571Z","runId":"20260630-134724","type":"phase_changed","from":"searching","to":"extracting","depth":2}
{"ts":"2026-06-30T10:47:24.571Z","runId":"20260630-134724","type":"extraction","length":560,"depth":2}
{"ts":"2026-06-30T10:47:24.571Z","runId":"20260630-134724","type":"deepening_skipped","reason":"depth_reached","currentDepth":2,"totalDepth":2}
{"ts":"2026-06-30T10:47:24.571Z","runId":"20260630-134724","type":"phase_changed","from":"extracting","to":"drafting","depth":2}
{"ts":"2026-06-30T10:47:24.571Z","runId":"20260630-134724","type":"drafting","length":620}
{"ts":"2026-06-30T10:47:24.572Z","runId":"20260630-134724","type":"queue_saved","depth":0,"entries":2,"engines":"duckduckgo"}
{"ts":"2026-06-30T10:47:24.573Z","runId":"20260630-134724","type":"search_executed","query":"Q1","resultCount":2,"elapsedMs":0,"depth":0}
{"ts":"2026-06-30T10:47:24.573Z","runId":"20260630-134724","type":"search_executed","query":"Q2","resultCount":2,"elapsedMs":0,"depth":0}
{"ts":"2026-06-30T10:47:24.573Z","runId":"20260630-134724","type":"scrape_executed","url":"https://xstate.js.org","title":"XState","bytes":15,"elapsedMs":0,"depth":0}
{"ts":"2026-06-30T10:47:24.573Z","runId":"20260630-134724","type":"scrape_executed","url":"https://thisrobot.life","title":"Robot","bytes":16,"elapsedMs":0,"depth":0}
{"ts":"2026-06-30T10:47:24.574Z","runId":"20260630-134724","type":"phase_changed","from":"searching","to":"extracting","depth":1}
{"ts":"2026-06-30T10:47:24.574Z","runId":"20260630-134724","type":"extraction","length":712,"depth":1}
{"ts":"2026-06-30T10:47:24.574Z","runId":"20260630-134724","type":"deepening_skipped","reason":"depth_reached","currentDepth":1,"totalDepth":1}
{"ts":"2026-06-30T10:47:24.574Z","runId":"20260630-134724","type":"phase_changed","from":"extracting","to":"drafting","depth":1}
{"ts":"2026-06-30T10:47:24.574Z","runId":"20260630-134724","type":"drafting","length":620}
{"ts":"2026-06-30T10:47:24.575Z","runId":"20260630-134724","type":"drafting_extracted","textLength":86,"agentResponseType":"string","isArray":false}
{"ts":"2026-06-30T10:47:24.575Z","runId":"20260630-134724","type":"phase_changed","from":"drafting","to":"saving"}
{"ts":"2026-06-30T10:47:24.575Z","runId":"20260630-134724","type":"phase_changed","from":"saving","to":"done","draftLength":86}
{"ts":"2026-06-30T10:47:24.576Z","runId":"20260630-134724","type":"queue_saved","depth":0,"entries":2,"engines":"duckduckgo"}
{"ts":"2026-06-30T10:47:24.576Z","runId":"20260630-134724","type":"search_executed","query":"Q1","resultCount":2,"elapsedMs":0,"depth":0}
{"ts":"2026-06-30T10:47:24.576Z","runId":"20260630-134724","type":"search_executed","query":"Q2","resultCount":2,"elapsedMs":0,"depth":0}
{"ts":"2026-06-30T10:47:24.576Z","runId":"20260630-134724","type":"scrape_executed","url":"https://xstate.js.org","title":"XState","bytes":15,"elapsedMs":0,"depth":0}
{"ts":"2026-06-30T10:47:24.577Z","runId":"20260630-134724","type":"scrape_executed","url":"https://thisrobot.life","title":"Robot","bytes":16,"elapsedMs":1,"depth":0}
{"ts":"2026-06-30T10:47:24.577Z","runId":"20260630-134724","type":"phase_changed","from":"searching","to":"extracting","depth":1}
{"ts":"2026-06-30T10:47:24.577Z","runId":"20260630-134724","type":"extraction","length":712,"depth":1}
{"ts":"2026-06-30T10:47:24.577Z","runId":"20260630-134724","type":"deepening_skipped","reason":"depth_reached","currentDepth":1,"totalDepth":1}
{"ts":"2026-06-30T10:47:24.577Z","runId":"20260630-134724","type":"phase_changed","from":"extracting","to":"drafting","depth":1}
{"ts":"2026-06-30T10:47:24.577Z","runId":"20260630-134724","type":"drafting","length":620}
