{"ts":"2026-06-29T22:12:37.367Z","runId":"20260630-011237","type":"queue_saved","depth":0,"entries":2,"engines":"duckduckgo"}
{"ts":"2026-06-29T22:12:37.367Z","runId":"20260630-011237","type":"search_executed","query":"Q1","resultCount":1,"elapsedMs":0,"depth":0}
{"ts":"2026-06-29T22:12:37.367Z","runId":"20260630-011237","type":"search_executed","query":"Q2","resultCount":1,"elapsedMs":0,"depth":0}
{"ts":"2026-06-29T22:12:37.367Z","runId":"20260630-011237","type":"scrape_executed","url":"https://a.com","title":"https://a.com","bytes":4,"elapsedMs":0,"depth":0}
{"ts":"2026-06-29T22:12:37.368Z","runId":"20260630-011237","type":"phase_changed","from":"searching","to":"extracting","depth":1}
{"ts":"2026-06-29T22:12:37.368Z","runId":"20260630-011237","type":"extraction","length":470,"depth":1}
{"ts":"2026-06-29T22:12:37.369Z","runId":"20260630-011237","type":"phase_changed","from":"extracting","to":"questioning","depth":1}
{"ts":"2026-06-29T22:12:37.369Z","runId":"20260630-011237","type":"deepening","length":323,"depth":1}
{"ts":"2026-06-29T22:12:37.370Z","runId":"20260630-011237","type":"queue_saved","depth":1,"entries":2,"engines":"duckduckgo"}
{"ts":"2026-06-29T22:12:37.370Z","runId":"20260630-011237","type":"search_executed","query":"Question one?","resultCount":1,"elapsedMs":0,"depth":1}
{"ts":"2026-06-29T22:12:37.370Z","runId":"20260630-011237","type":"search_executed","query":"Question two?","resultCount":1,"elapsedMs":0,"depth":1}
{"ts":"2026-06-29T22:12:37.370Z","runId":"20260630-011237","type":"phase_changed","from":"searching","to":"extracting","depth":2}
{"ts":"2026-06-29T22:12:37.370Z","runId":"20260630-011237","type":"extraction","length":418,"depth":2}
{"ts":"2026-06-29T22:12:37.373Z","runId":"20260630-011237","type":"queue_saved","depth":0,"entries":2,"engines":"duckduckgo"}
{"ts":"2026-06-29T22:12:37.373Z","runId":"20260630-011237","type":"search_executed","query":"Q1","resultCount":1,"elapsedMs":0,"depth":0}
{"ts":"2026-06-29T22:12:37.374Z","runId":"20260630-011237","type":"search_executed","query":"Q2","resultCount":1,"elapsedMs":1,"depth":0}
{"ts":"2026-06-29T22:12:37.374Z","runId":"20260630-011237","type":"scrape_executed","url":"https://a.com","title":"https://a.com","bytes":4,"elapsedMs":0,"depth":0}
{"ts":"2026-06-29T22:12:37.374Z","runId":"20260630-011237","type":"phase_changed","from":"searching","to":"extracting","depth":1}
{"ts":"2026-06-29T22:12:37.374Z","runId":"20260630-011237","type":"extraction","length":470,"depth":1}
{"ts":"2026-06-29T22:12:37.376Z","runId":"20260630-011237","type":"phase_changed","from":"extracting","to":"questioning","depth":1}
{"ts":"2026-06-29T22:12:37.376Z","runId":"20260630-011237","type":"deepening","length":323,"depth":1}
{"ts":"2026-06-29T22:12:37.377Z","runId":"20260630-011237","type":"queue_saved","depth":1,"entries":2,"engines":"duckduckgo"}
{"ts":"2026-06-29T22:12:37.377Z","runId":"20260630-011237","type":"search_executed","query":"Question one?","resultCount":1,"elapsedMs":0,"depth":1}
{"ts":"2026-06-29T22:12:37.377Z","runId":"20260630-011237","type":"search_executed","query":"Question two?","resultCount":1,"elapsedMs":0,"depth":1}
{"ts":"2026-06-29T22:12:37.377Z","runId":"20260630-011237","type":"phase_changed","from":"searching","to":"extracting","depth":2}
{"ts":"2026-06-29T22:12:37.378Z","runId":"20260630-011237","type":"extraction","length":418,"depth":2}
{"ts":"2026-06-29T22:12:37.379Z","runId":"20260630-011237","type":"queue_saved","depth":0,"entries":2,"engines":"duckduckgo"}
{"ts":"2026-06-29T22:12:37.379Z","runId":"20260630-011237","type":"search_executed","query":"Q1","resultCount":1,"elapsedMs":0,"depth":0}
{"ts":"2026-06-29T22:12:37.380Z","runId":"20260630-011237","type":"search_executed","query":"Q2","resultCount":1,"elapsedMs":1,"depth":0}
{"ts":"2026-06-29T22:12:37.380Z","runId":"20260630-011237","type":"scrape_executed","url":"https://a.com","title":"https://a.com","bytes":4,"elapsedMs":0,"depth":0}
{"ts":"2026-06-29T22:12:37.380Z","runId":"20260630-011237","type":"phase_changed","from":"searching","to":"extracting","depth":1}
{"ts":"2026-06-29T22:12:37.380Z","runId":"20260630-011237","type":"extraction","length":470,"depth":1}
{"ts":"2026-06-29T22:12:37.381Z","runId":"20260630-011237","type":"phase_changed","from":"extracting","to":"questioning","depth":1}
{"ts":"2026-06-29T22:12:37.381Z","runId":"20260630-011237","type":"deepening","length":323,"depth":1}
{"ts":"2026-06-29T22:12:37.381Z","runId":"20260630-011237","type":"queue_saved","depth":1,"entries":2,"engines":"duckduckgo"}
{"ts":"2026-06-29T22:12:37.382Z","runId":"20260630-011237","type":"search_executed","query":"Q1","resultCount":1,"elapsedMs":0,"depth":1}
{"ts":"2026-06-29T22:12:37.382Z","runId":"20260630-011237","type":"search_executed","query":"Q2","resultCount":1,"elapsedMs":0,"depth":1}
{"ts":"2026-06-29T22:12:37.382Z","runId":"20260630-011237","type":"queue_saved","depth":0,"entries":1,"engines":"brave"}
{"ts":"2026-06-29T22:12:37.382Z","runId":"20260630-011237","type":"phase_changed","from":"searching","to":"extracting","depth":2}
{"ts":"2026-06-29T22:12:37.382Z","runId":"20260630-011237","type":"extraction","length":396,"depth":2}
{"ts":"2026-06-29T22:12:37.382Z","runId":"20260630-011237","type":"search_executed","query":"q1","resultCount":0,"elapsedMs":0,"depth":0}
{"ts":"2026-06-29T22:12:37.383Z","runId":"20260630-011237","type":"phase_changed","from":"searching","to":"extracting","depth":1}
{"ts":"2026-06-29T22:12:37.383Z","runId":"20260630-011237","type":"extraction","length":333,"depth":1}
{"ts":"2026-06-29T22:12:37.388Z","runId":"20260630-011237","type":"queue_saved","depth":0,"entries":1,"engines":"brave"}
{"ts":"2026-06-29T22:12:37.388Z","runId":"20260630-011237","type":"search_executed","query":"q1","resultCount":0,"elapsedMs":0,"depth":0}
{"ts":"2026-06-29T22:12:37.389Z","runId":"20260630-011237","type":"phase_changed","from":"searching","to":"extracting","depth":1}
{"ts":"2026-06-29T22:12:37.389Z","runId":"20260630-011237","type":"extraction","length":333,"depth":1}
{"ts":"2026-06-29T22:12:37.433Z","runId":"20260630-011237","type":"queue_saved","depth":0,"entries":4,"engines":"duckduckgo"}
{"ts":"2026-06-29T22:12:37.440Z","runId":"20260630-011237","type":"queue_saved","depth":0,"entries":2,"engines":"duckduckgo"}
{"ts":"2026-06-29T22:12:37.440Z","runId":"20260630-011237","type":"search_executed","query":"Original Q1","resultCount":1,"elapsedMs":0,"depth":0}
{"ts":"2026-06-29T22:12:37.440Z","runId":"20260630-011237","type":"search_executed","query":"Original Q2","resultCount":1,"elapsedMs":0,"depth":0}
{"ts":"2026-06-29T22:12:37.441Z","runId":"20260630-011237","type":"scrape_executed","url":"https://a.com","title":"https://a.com","bytes":4,"elapsedMs":0,"depth":0}
{"ts":"2026-06-29T22:12:37.441Z","runId":"20260630-011237","type":"phase_changed","from":"searching","to":"extracting","depth":1}
{"ts":"2026-06-29T22:12:37.441Z","runId":"20260630-011237","type":"extraction","length":488,"depth":1}
{"ts":"2026-06-29T22:12:37.445Z","runId":"20260630-011237","type":"queue_saved","depth":0,"entries":2,"engines":"duckduckgo"}
{"ts":"2026-06-29T22:12:37.445Z","runId":"20260630-011237","type":"search_executed","query":"Original Q1","resultCount":1,"elapsedMs":0,"depth":0}
{"ts":"2026-06-29T22:12:37.446Z","runId":"20260630-011237","type":"search_executed","query":"Original Q2","resultCount":1,"elapsedMs":1,"depth":0}
{"ts":"2026-06-29T22:12:37.446Z","runId":"20260630-011237","type":"scrape_executed","url":"https://a.com","title":"https://a.com","bytes":4,"elapsedMs":0,"depth":0}
{"ts":"2026-06-29T22:12:37.447Z","runId":"20260630-011237","type":"phase_changed","from":"searching","to":"extracting","depth":1}
{"ts":"2026-06-29T22:12:37.447Z","runId":"20260630-011237","type":"extraction","length":488,"depth":1}
{"ts":"2026-06-29T22:12:37.448Z","runId":"20260630-011237","type":"phase_changed","from":"extracting","to":"questioning","depth":1}
{"ts":"2026-06-29T22:12:37.449Z","runId":"20260630-011237","type":"deepening","length":323,"depth":1}
{"ts":"2026-06-29T22:12:37.449Z","runId":"20260630-011237","type":"queue_saved","depth":1,"entries":2,"engines":"duckduckgo"}
{"ts":"2026-06-29T22:12:37.450Z","runId":"20260630-011237","type":"search_executed","query":"What is the first follow-up question?","resultCount":1,"elapsedMs":0,"depth":1}
{"ts":"2026-06-29T22:12:37.450Z","runId":"20260630-011237","type":"search_executed","query":"What is the second follow-up question?","resultCount":1,"elapsedMs":0,"depth":1}
{"ts":"2026-06-29T22:12:37.450Z","runId":"20260630-011237","type":"phase_changed","from":"searching","to":"extracting","depth":2}
{"ts":"2026-06-29T22:12:37.451Z","runId":"20260630-011237","type":"extraction","length":467,"depth":2}
{"ts":"2026-06-29T22:12:37.451Z","runId":"20260630-011237","type":"queue_saved","depth":0,"entries":2,"engines":"duckduckgo"}
{"ts":"2026-06-29T22:12:37.452Z","runId":"20260630-011237","type":"search_executed","query":"Original Q1","resultCount":1,"elapsedMs":0,"depth":0}
{"ts":"2026-06-29T22:12:37.452Z","runId":"20260630-011237","type":"search_executed","query":"Original Q2","resultCount":1,"elapsedMs":0,"depth":0}
{"ts":"2026-06-29T22:12:37.452Z","runId":"20260630-011237","type":"scrape_executed","url":"https://a.com","title":"https://a.com","bytes":4,"elapsedMs":0,"depth":0}
{"ts":"2026-06-29T22:12:37.452Z","runId":"20260630-011237","type":"phase_changed","from":"searching","to":"extracting","depth":1}
{"ts":"2026-06-29T22:12:37.453Z","runId":"20260630-011237","type":"extraction","length":488,"depth":1}
{"ts":"2026-06-29T22:12:37.453Z","runId":"20260630-011237","type":"phase_changed","from":"extracting","to":"questioning","depth":1}
{"ts":"2026-06-29T22:12:37.453Z","runId":"20260630-011237","type":"deepening","length":323,"depth":1}
{"ts":"2026-06-29T22:12:37.454Z","runId":"20260630-011237","type":"queue_saved","depth":1,"entries":2,"engines":"duckduckgo"}
{"ts":"2026-06-29T22:12:37.454Z","runId":"20260630-011237","type":"search_executed","query":"Original Q1","resultCount":1,"elapsedMs":0,"depth":1}
{"ts":"2026-06-29T22:12:37.455Z","runId":"20260630-011237","type":"search_executed","query":"Original Q2","resultCount":1,"elapsedMs":1,"depth":1}
{"ts":"2026-06-29T22:12:37.455Z","runId":"20260630-011237","type":"phase_changed","from":"searching","to":"extracting","depth":2}
{"ts":"2026-06-29T22:12:37.455Z","runId":"20260630-011237","type":"extraction","length":414,"depth":2}
{"ts":"2026-06-29T22:12:37.456Z","runId":"20260630-011237","type":"queue_saved","depth":0,"entries":2,"engines":"duckduckgo"}
{"ts":"2026-06-29T22:12:37.456Z","runId":"20260630-011237","type":"search_executed","query":"Original Q1","resultCount":1,"elapsedMs":0,"depth":0}
{"ts":"2026-06-29T22:12:37.456Z","runId":"20260630-011237","type":"search_executed","query":"Original Q2","resultCount":1,"elapsedMs":0,"depth":0}
{"ts":"2026-06-29T22:12:37.456Z","runId":"20260630-011237","type":"scrape_executed","url":"https://a.com","title":"https://a.com","bytes":4,"elapsedMs":0,"depth":0}
{"ts":"2026-06-29T22:12:37.457Z","runId":"20260630-011237","type":"phase_changed","from":"searching","to":"extracting","depth":1}
{"ts":"2026-06-29T22:12:37.457Z","runId":"20260630-011237","type":"extraction","length":488,"depth":1}
{"ts":"2026-06-29T22:12:37.457Z","runId":"20260630-011237","type":"phase_changed","from":"extracting","to":"questioning","depth":1}
{"ts":"2026-06-29T22:12:37.457Z","runId":"20260630-011237","type":"deepening","length":323,"depth":1}
{"ts":"2026-06-29T22:12:37.458Z","runId":"20260630-011237","type":"queue_saved","depth":1,"entries":2,"engines":"duckduckgo"}
{"ts":"2026-06-29T22:12:37.458Z","runId":"20260630-011237","type":"search_executed","query":"Original Q1","resultCount":1,"elapsedMs":0,"depth":1}
{"ts":"2026-06-29T22:12:37.458Z","runId":"20260630-011237","type":"search_executed","query":"Original Q2","resultCount":1,"elapsedMs":0,"depth":1}
{"ts":"2026-06-29T22:12:37.458Z","runId":"20260630-011237","type":"phase_changed","from":"searching","to":"extracting","depth":2}
{"ts":"2026-06-29T22:12:37.458Z","runId":"20260630-011237","type":"extraction","length":414,"depth":2}
{"ts":"2026-06-29T22:12:37.485Z","runId":"20260630-011237","type":"search_executed","query":"Q1","resultCount":2,"elapsedMs":52,"depth":0}
{"ts":"2026-06-29T22:12:37.486Z","runId":"20260630-011237","type":"search_executed","query":"Q2","resultCount":2,"elapsedMs":52,"depth":0}
{"ts":"2026-06-29T22:12:37.487Z","runId":"20260630-011237","type":"search_executed","query":"Q3","resultCount":2,"elapsedMs":53,"depth":0}
{"ts":"2026-06-29T22:12:37.487Z","runId":"20260630-011237","type":"search_executed","query":"Q4","resultCount":2,"elapsedMs":53,"depth":0}
{"ts":"2026-06-29T22:12:37.494Z","runId":"20260630-011237","type":"scrape_executed","url":"https://a.com","title":"https://a.com","bytes":4,"elapsedMs":6,"depth":0}
{"ts":"2026-06-29T22:12:37.495Z","runId":"20260630-011237","type":"scrape_executed","url":"https://b.com","title":"https://b.com","bytes":4,"elapsedMs":7,"depth":0}
{"ts":"2026-06-29T22:12:37.496Z","runId":"20260630-011237","type":"phase_changed","from":"searching","to":"extracting","depth":1}
{"ts":"2026-06-29T22:12:37.496Z","runId":"20260630-011237","type":"extraction","length":705,"depth":1}
{"ts":"2026-06-29T22:12:37.499Z","runId":"20260630-011237","type":"queue_saved","depth":0,"entries":3,"engines":"duckduckgo"}
{"ts":"2026-06-29T22:12:37.514Z","runId":"20260630-011237","type":"search_executed","query":"Q1","resultCount":2,"elapsedMs":14,"depth":0}
{"ts":"2026-06-29T22:12:37.515Z","runId":"20260630-011237","type":"search_executed","query":"Q2","resultCount":2,"elapsedMs":15,"depth":0}
{"ts":"2026-06-29T22:12:37.516Z","runId":"20260630-011237","type":"search_executed","query":"Q3","resultCount":2,"elapsedMs":16,"depth":0}
{"ts":"2026-06-29T22:12:37.523Z","runId":"20260630-011237","type":"scrape_executed","url":"https://a.com","title":"https://a.com","bytes":4,"elapsedMs":6,"depth":0}
{"ts":"2026-06-29T22:12:37.523Z","runId":"20260630-011237","type":"scrape_executed","url":"https://b.com","title":"https://b.com","bytes":4,"elapsedMs":6,"depth":0}
{"ts":"2026-06-29T22:12:37.524Z","runId":"20260630-011237","type":"phase_changed","from":"searching","to":"extracting","depth":1}
{"ts":"2026-06-29T22:12:37.525Z","runId":"20260630-011237","type":"extraction","length":640,"depth":1}
{"ts":"2026-06-29T22:12:37.526Z","runId":"20260630-011237","type":"deepening_skipped","reason":"depth_reached","currentDepth":1,"totalDepth":1}
{"ts":"2026-06-29T22:12:37.526Z","runId":"20260630-011237","type":"phase_changed","from":"extracting","to":"drafting","depth":1}
{"ts":"2026-06-29T22:12:37.527Z","runId":"20260630-011237","type":"drafting","length":569}
{"ts":"2026-06-29T22:12:37.527Z","runId":"20260630-011237","type":"drafting_extracted","textLength":117,"agentResponseType":"string","isArray":false}
{"ts":"2026-06-29T22:12:37.527Z","runId":"20260630-011237","type":"phase_changed","from":"drafting","to":"saving"}
{"ts":"2026-06-29T22:12:37.527Z","runId":"20260630-011237","type":"phase_changed","from":"saving","to":"done","draftLength":117}
{"ts":"2026-06-29T22:12:37.560Z","runId":"20260630-011237","type":"queue_saved","depth":0,"entries":3,"engines":"duckduckgo"}
{"ts":"2026-06-29T22:12:37.561Z","runId":"20260630-011237","type":"search_executed","query":"Q1","resultCount":2,"elapsedMs":0,"depth":0}
{"ts":"2026-06-29T22:12:37.561Z","runId":"20260630-011237","type":"search_executed","query":"Q2","resultCount":2,"elapsedMs":0,"depth":0}
{"ts":"2026-06-29T22:12:37.562Z","runId":"20260630-011237","type":"search_executed","query":"Q3","resultCount":2,"elapsedMs":1,"depth":0}
{"ts":"2026-06-29T22:12:37.563Z","runId":"20260630-011237","type":"scrape_executed","url":"https://xstate.js.org","title":"XState Docs","bytes":46,"elapsedMs":1,"depth":0}
{"ts":"2026-06-29T22:12:37.563Z","runId":"20260630-011237","type":"scrape_executed","url":"https://thisrobot.life","title":"Robot FSM","bytes":45,"elapsedMs":0,"depth":0}
{"ts":"2026-06-29T22:12:37.564Z","runId":"20260630-011237","type":"phase_changed","from":"searching","to":"extracting","depth":1}
{"ts":"2026-06-29T22:12:37.564Z","runId":"20260630-011237","type":"extraction","length":974,"depth":1}
{"ts":"2026-06-29T22:12:37.565Z","runId":"20260630-011237","type":"phase_changed","from":"extracting","to":"questioning","depth":1}
{"ts":"2026-06-29T22:12:37.565Z","runId":"20260630-011237","type":"deepening","length":350,"depth":1}
{"ts":"2026-06-29T22:12:37.566Z","runId":"20260630-011237","type":"queue_saved","depth":1,"entries":3,"engines":"duckduckgo"}
{"ts":"2026-06-29T22:12:37.566Z","runId":"20260630-011237","type":"search_executed","query":"Q1","resultCount":2,"elapsedMs":0,"depth":1}
{"ts":"2026-06-29T22:12:37.567Z","runId":"20260630-011237","type":"search_executed","query":"Q2","resultCount":2,"elapsedMs":1,"depth":1}
{"ts":"2026-06-29T22:12:37.567Z","runId":"20260630-011237","type":"search_executed","query":"Q3","resultCount":2,"elapsedMs":1,"depth":1}
{"ts":"2026-06-29T22:12:37.567Z","runId":"20260630-011237","type":"phase_changed","from":"searching","to":"extracting","depth":2}
{"ts":"2026-06-29T22:12:37.569Z","runId":"20260630-011237","type":"extraction","length":753,"depth":2}
{"ts":"2026-06-29T22:12:37.569Z","runId":"20260630-011237","type":"deepening_skipped","reason":"depth_reached","currentDepth":2,"totalDepth":2}
{"ts":"2026-06-29T22:12:37.569Z","runId":"20260630-011237","type":"phase_changed","from":"extracting","to":"drafting","depth":2}
{"ts":"2026-06-29T22:12:37.569Z","runId":"20260630-011237","type":"drafting","length":629}
{"ts":"2026-06-29T22:12:37.570Z","runId":"20260630-011237","type":"drafting_extracted","textLength":51,"agentResponseType":"string","isArray":false}
{"ts":"2026-06-29T22:12:37.570Z","runId":"20260630-011237","type":"phase_changed","from":"drafting","to":"saving"}
{"ts":"2026-06-29T22:12:37.571Z","runId":"20260630-011237","type":"phase_changed","from":"saving","to":"done","draftLength":51}
{"ts":"2026-06-29T22:12:37.575Z","runId":"20260630-011237","type":"queue_saved","depth":0,"entries":1,"engines":"duckduckgo"}
{"ts":"2026-06-29T22:12:37.575Z","runId":"20260630-011237","type":"search_executed","query":"q","resultCount":2,"elapsedMs":0,"depth":0}
{"ts":"2026-06-29T22:12:37.575Z","runId":"20260630-011237","type":"scrape_executed","url":"https://xstate.js.org","title":"XState Docs","bytes":46,"elapsedMs":0,"depth":0}
{"ts":"2026-06-29T22:12:37.576Z","runId":"20260630-011237","type":"scrape_executed","url":"https://thisrobot.life","title":"Robot FSM","bytes":45,"elapsedMs":1,"depth":0}
{"ts":"2026-06-29T22:12:37.576Z","runId":"20260630-011237","type":"phase_changed","from":"searching","to":"extracting","depth":1}
{"ts":"2026-06-29T22:12:37.578Z","runId":"20260630-011237","type":"extraction","length":683,"depth":1}
{"ts":"2026-06-29T22:12:37.578Z","runId":"20260630-011237","type":"phase_changed","from":"extracting","to":"questioning","depth":1}
{"ts":"2026-06-29T22:12:37.579Z","runId":"20260630-011237","type":"deepening","length":323,"depth":1}
{"ts":"2026-06-29T22:12:37.579Z","runId":"20260630-011237","type":"queue_saved","depth":1,"entries":1,"engines":"duckduckgo"}
{"ts":"2026-06-29T22:12:37.579Z","runId":"20260630-011237","type":"search_executed","query":"q","resultCount":2,"elapsedMs":0,"depth":1}
{"ts":"2026-06-29T22:12:37.580Z","runId":"20260630-011237","type":"phase_changed","from":"searching","to":"extracting","depth":2}
{"ts":"2026-06-29T22:12:37.580Z","runId":"20260630-011237","type":"extraction","length":462,"depth":2}
{"ts":"2026-06-29T22:12:37.580Z","runId":"20260630-011237","type":"deepening_skipped","reason":"depth_reached","currentDepth":2,"totalDepth":2}
{"ts":"2026-06-29T22:12:37.580Z","runId":"20260630-011237","type":"phase_changed","from":"extracting","to":"drafting","depth":2}
{"ts":"2026-06-29T22:12:37.580Z","runId":"20260630-011237","type":"drafting","length":569}
{"ts":"2026-06-29T22:12:37.581Z","runId":"20260630-011237","type":"drafting_extracted","textLength":0,"agentResponseType":"string","isArray":false}
{"ts":"2026-06-29T22:12:37.581Z","runId":"20260630-011237","type":"drafting_retry","reason":"empty_response","length":0}
{"ts":"2026-06-29T22:12:37.587Z","runId":"20260630-011237","type":"queue_saved","depth":0,"entries":3,"engines":"duckduckgo"}
{"ts":"2026-06-29T22:12:37.587Z","runId":"20260630-011237","type":"search_executed","query":"Q1","resultCount":2,"elapsedMs":0,"depth":0}
{"ts":"2026-06-29T22:12:37.588Z","runId":"20260630-011237","type":"search_executed","query":"Q2","resultCount":2,"elapsedMs":1,"depth":0}
{"ts":"2026-06-29T22:12:37.588Z","runId":"20260630-011237","type":"search_executed","query":"Q3","resultCount":2,"elapsedMs":1,"depth":0}
{"ts":"2026-06-29T22:12:37.588Z","runId":"20260630-011237","type":"scrape_executed","url":"https://xstate.js.org","title":"XState Docs","bytes":46,"elapsedMs":0,"depth":0}
{"ts":"2026-06-29T22:12:37.588Z","runId":"20260630-011237","type":"scrape_executed","url":"https://thisrobot.life","title":"Robot FSM","bytes":45,"elapsedMs":0,"depth":0}
{"ts":"2026-06-29T22:12:37.589Z","runId":"20260630-011237","type":"phase_changed","from":"searching","to":"extracting","depth":1}
{"ts":"2026-06-29T22:12:37.589Z","runId":"20260630-011237","type":"extraction","length":974,"depth":1}
{"ts":"2026-06-29T22:12:37.589Z","runId":"20260630-011237","type":"phase_changed","from":"extracting","to":"questioning","depth":1}
{"ts":"2026-06-29T22:12:37.589Z","runId":"20260630-011237","type":"deepening","length":350,"depth":1}
{"ts":"2026-06-29T22:12:37.590Z","runId":"20260630-011237","type":"queue_saved","depth":1,"entries":3,"engines":"duckduckgo"}
{"ts":"2026-06-29T22:12:37.590Z","runId":"20260630-011237","type":"search_executed","query":"Q1","resultCount":2,"elapsedMs":0,"depth":1}
{"ts":"2026-06-29T22:12:37.590Z","runId":"20260630-011237","type":"search_executed","query":"Q2","resultCount":2,"elapsedMs":0,"depth":1}
{"ts":"2026-06-29T22:12:37.591Z","runId":"20260630-011237","type":"search_executed","query":"Q3","resultCount":2,"elapsedMs":1,"depth":1}
{"ts":"2026-06-29T22:12:37.591Z","runId":"20260630-011237","type":"phase_changed","from":"searching","to":"extracting","depth":2}
{"ts":"2026-06-29T22:12:37.591Z","runId":"20260630-011237","type":"extraction","length":753,"depth":2}
{"ts":"2026-06-29T22:12:37.591Z","runId":"20260630-011237","type":"deepening_skipped","reason":"depth_reached","currentDepth":2,"totalDepth":2}
{"ts":"2026-06-29T22:12:37.591Z","runId":"20260630-011237","type":"phase_changed","from":"extracting","to":"drafting","depth":2}
{"ts":"2026-06-29T22:12:37.591Z","runId":"20260630-011237","type":"drafting","length":629}
{"ts":"2026-06-29T22:12:37.592Z","runId":"20260630-011237","type":"drafting_extracted","textLength":117,"agentResponseType":"string","isArray":false}
{"ts":"2026-06-29T22:12:37.592Z","runId":"20260630-011237","type":"phase_changed","from":"drafting","to":"saving"}
{"ts":"2026-06-29T22:12:37.592Z","runId":"20260630-011237","type":"phase_changed","from":"saving","to":"done","draftLength":117}
{"ts":"2026-06-29T22:12:37.791Z","runId":"20260630-011237","type":"queue_saved","depth":0,"entries":1,"engines":"duckduckgo"}
{"ts":"2026-06-29T22:12:37.792Z","runId":"20260630-011237","type":"search_executed","query":"q1","resultCount":0,"elapsedMs":0,"depth":0}
{"ts":"2026-06-29T22:12:37.792Z","runId":"20260630-011237","type":"phase_changed","from":"searching","to":"extracting","depth":1}
{"ts":"2026-06-29T22:12:37.793Z","runId":"20260630-011237","type":"extraction","length":333,"depth":1}
{"ts":"2026-06-29T22:12:37.900Z","runId":"20260630-011237","type":"queue_saved","depth":0,"entries":3,"engines":"duckduckgo"}
{"ts":"2026-06-29T22:12:37.901Z","runId":"20260630-011237","type":"search_executed","query":"Q1","resultCount":1,"elapsedMs":1,"depth":0}
{"ts":"2026-06-29T22:12:37.901Z","runId":"20260630-011237","type":"search_executed","query":"Q2","resultCount":1,"elapsedMs":1,"depth":0}
{"ts":"2026-06-29T22:12:37.901Z","runId":"20260630-011237","type":"search_executed","query":"Q3","resultCount":1,"elapsedMs":1,"depth":0}
{"ts":"2026-06-29T22:12:37.901Z","runId":"20260630-011237","type":"scrape_executed","url":"https://a.com","title":"https://a.com","bytes":4,"elapsedMs":0,"depth":0}
{"ts":"2026-06-29T22:12:37.902Z","runId":"20260630-011237","type":"phase_changed","from":"searching","to":"extracting","depth":1}
{"ts":"2026-06-29T22:12:37.902Z","runId":"20260630-011237","type":"extraction","length":509,"depth":1}
{"ts":"2026-06-29T22:12:37.903Z","runId":"20260630-011237","type":"phase_changed","from":"extracting","to":"questioning","depth":1}
{"ts":"2026-06-29T22:12:37.903Z","runId":"20260630-011237","type":"deepening","length":323,"depth":1}
{"ts":"2026-06-29T22:12:37.903Z","runId":"20260630-011237","type":"queue_saved","depth":1,"entries":3,"engines":"duckduckgo"}
{"ts":"2026-06-29T22:12:37.904Z","runId":"20260630-011237","type":"search_executed","query":"Q1","resultCount":1,"elapsedMs":0,"depth":1}
{"ts":"2026-06-29T22:12:37.904Z","runId":"20260630-011237","type":"search_executed","query":"Q2","resultCount":1,"elapsedMs":0,"depth":1}
{"ts":"2026-06-29T22:12:37.904Z","runId":"20260630-011237","type":"search_executed","query":"Q3","resultCount":1,"elapsedMs":0,"depth":1}
{"ts":"2026-06-29T22:12:37.904Z","runId":"20260630-011237","type":"soft_limit_triggered","searchCalls":6,"maxSearchCalls":5,"elapsedSeconds":0,"maxElapsedSeconds":0}
{"ts":"2026-06-29T22:12:37.905Z","runId":"20260630-011237","type":"phase_changed","from":"searching","to":"extracting","depth":2}
{"ts":"2026-06-29T22:12:37.905Z","runId":"20260630-011237","type":"extraction","length":435,"depth":2}
{"ts":"2026-06-29T22:12:37.905Z","runId":"20260630-011237","type":"deepening_skipped","reason":"soft_limit","currentDepth":2,"totalDepth":3}
{"ts":"2026-06-29T22:12:37.905Z","runId":"20260630-011237","type":"phase_changed","from":"extracting","to":"drafting","depth":2}
{"ts":"2026-06-29T22:12:37.905Z","runId":"20260630-011237","type":"drafting","length":569}
{"ts":"2026-06-29T22:12:37.906Z","runId":"20260630-011237","type":"drafting_extracted","textLength":82,"agentResponseType":"string","isArray":false}
{"ts":"2026-06-29T22:12:37.906Z","runId":"20260630-011237","type":"phase_changed","from":"drafting","to":"saving"}
{"ts":"2026-06-29T22:12:37.906Z","runId":"20260630-011237","type":"phase_changed","from":"saving","to":"done","draftLength":82}
{"ts":"2026-06-29T22:12:37.908Z","runId":"20260630-011237","type":"queue_saved","depth":0,"entries":3,"engines":"duckduckgo"}
{"ts":"2026-06-29T22:12:37.908Z","runId":"20260630-011237","type":"search_executed","query":"Q1","resultCount":1,"elapsedMs":0,"depth":0}
{"ts":"2026-06-29T22:12:37.908Z","runId":"20260630-011237","type":"search_executed","query":"Q2","resultCount":1,"elapsedMs":0,"depth":0}
{"ts":"2026-06-29T22:12:37.909Z","runId":"20260630-011237","type":"search_executed","query":"Q3","resultCount":1,"elapsedMs":1,"depth":0}
{"ts":"2026-06-29T22:12:37.909Z","runId":"20260630-011237","type":"scrape_executed","url":"https://a.com","title":"https://a.com","bytes":4,"elapsedMs":0,"depth":0}
{"ts":"2026-06-29T22:12:37.909Z","runId":"20260630-011237","type":"phase_changed","from":"searching","to":"extracting","depth":1}
{"ts":"2026-06-29T22:12:37.909Z","runId":"20260630-011237","type":"extraction","length":509,"depth":1}
{"ts":"2026-06-29T22:12:37.909Z","runId":"20260630-011237","type":"phase_changed","from":"extracting","to":"questioning","depth":1}
{"ts":"2026-06-29T22:12:37.910Z","runId":"20260630-011237","type":"deepening","length":323,"depth":1}
{"ts":"2026-06-29T22:12:37.910Z","runId":"20260630-011237","type":"queue_saved","depth":1,"entries":3,"engines":"duckduckgo"}
{"ts":"2026-06-29T22:12:37.910Z","runId":"20260630-011237","type":"search_executed","query":"Q1","resultCount":1,"elapsedMs":0,"depth":1}
{"ts":"2026-06-29T22:12:37.910Z","runId":"20260630-011237","type":"search_executed","query":"Q2","resultCount":1,"elapsedMs":0,"depth":1}
{"ts":"2026-06-29T22:12:37.911Z","runId":"20260630-011237","type":"search_executed","query":"Q3","resultCount":1,"elapsedMs":1,"depth":1}
{"ts":"2026-06-29T22:12:37.911Z","runId":"20260630-011237","type":"phase_changed","from":"searching","to":"extracting","depth":2}
{"ts":"2026-06-29T22:12:37.911Z","runId":"20260630-011237","type":"extraction","length":435,"depth":2}
{"ts":"2026-06-29T22:12:37.933Z","runId":"20260630-011237","type":"queue_saved","depth":0,"entries":2,"engines":"duckduckgo"}
{"ts":"2026-06-29T22:12:37.933Z","runId":"20260630-011237","type":"search_executed","query":"Q1","resultCount":2,"elapsedMs":0,"depth":0}
{"ts":"2026-06-29T22:12:37.933Z","runId":"20260630-011237","type":"search_executed","query":"Q2","resultCount":2,"elapsedMs":0,"depth":0}
{"ts":"2026-06-29T22:12:37.934Z","runId":"20260630-011237","type":"scrape_executed","url":"https://xstate.js.org","title":"XState","bytes":15,"elapsedMs":0,"depth":0}
{"ts":"2026-06-29T22:12:37.934Z","runId":"20260630-011237","type":"scrape_executed","url":"https://thisrobot.life","title":"Robot","bytes":16,"elapsedMs":0,"depth":0}
{"ts":"2026-06-29T22:12:37.934Z","runId":"20260630-011237","type":"phase_changed","from":"searching","to":"extracting","depth":1}
{"ts":"2026-06-29T22:12:37.934Z","runId":"20260630-011237","type":"extraction","length":712,"depth":1}
{"ts":"2026-06-29T22:12:37.935Z","runId":"20260630-011237","type":"phase_changed","from":"extracting","to":"questioning","depth":1}
{"ts":"2026-06-29T22:12:37.935Z","runId":"20260630-011237","type":"deepening","length":350,"depth":1}
{"ts":"2026-06-29T22:12:37.936Z","runId":"20260630-011237","type":"queue_saved","depth":1,"entries":2,"engines":"duckduckgo"}
{"ts":"2026-06-29T22:12:37.936Z","runId":"20260630-011237","type":"search_executed","query":"Q1","resultCount":2,"elapsedMs":0,"depth":1}
{"ts":"2026-06-29T22:12:37.936Z","runId":"20260630-011237","type":"search_executed","query":"Q2","resultCount":2,"elapsedMs":0,"depth":1}
{"ts":"2026-06-29T22:12:37.936Z","runId":"20260630-011237","type":"phase_changed","from":"searching","to":"extracting","depth":2}
{"ts":"2026-06-29T22:12:37.937Z","runId":"20260630-011237","type":"extraction","length":560,"depth":2}
{"ts":"2026-06-29T22:12:37.937Z","runId":"20260630-011237","type":"deepening_skipped","reason":"depth_reached","currentDepth":2,"totalDepth":2}
{"ts":"2026-06-29T22:12:37.937Z","runId":"20260630-011237","type":"phase_changed","from":"extracting","to":"drafting","depth":2}
{"ts":"2026-06-29T22:12:37.937Z","runId":"20260630-011237","type":"drafting","length":620}
{"ts":"2026-06-29T22:12:37.938Z","runId":"20260630-011237","type":"drafting_extracted","textLength":82,"agentResponseType":"string","isArray":false}
{"ts":"2026-06-29T22:12:37.938Z","runId":"20260630-011237","type":"phase_changed","from":"drafting","to":"saving"}
{"ts":"2026-06-29T22:12:37.938Z","runId":"20260630-011237","type":"phase_changed","from":"saving","to":"done","draftLength":82}
{"ts":"2026-06-29T22:12:37.940Z","runId":"20260630-011237","type":"queue_saved","depth":0,"entries":2,"engines":"duckduckgo"}
{"ts":"2026-06-29T22:12:37.940Z","runId":"20260630-011237","type":"search_executed","query":"Q1","resultCount":2,"elapsedMs":0,"depth":0}
{"ts":"2026-06-29T22:12:37.940Z","runId":"20260630-011237","type":"search_executed","query":"Q2","resultCount":2,"elapsedMs":0,"depth":0}
{"ts":"2026-06-29T22:12:37.940Z","runId":"20260630-011237","type":"scrape_executed","url":"https://xstate.js.org","title":"XState","bytes":15,"elapsedMs":0,"depth":0}
{"ts":"2026-06-29T22:12:37.941Z","runId":"20260630-011237","type":"scrape_executed","url":"https://thisrobot.life","title":"Robot","bytes":16,"elapsedMs":1,"depth":0}
{"ts":"2026-06-29T22:12:37.941Z","runId":"20260630-011237","type":"phase_changed","from":"searching","to":"extracting","depth":1}
{"ts":"2026-06-29T22:12:37.941Z","runId":"20260630-011237","type":"extraction","length":712,"depth":1}
{"ts":"2026-06-29T22:12:37.941Z","runId":"20260630-011237","type":"phase_changed","from":"extracting","to":"questioning","depth":1}
{"ts":"2026-06-29T22:12:37.941Z","runId":"20260630-011237","type":"deepening","length":350,"depth":1}
{"ts":"2026-06-29T22:12:37.941Z","runId":"20260630-011237","type":"queue_saved","depth":1,"entries":2,"engines":"duckduckgo"}
{"ts":"2026-06-29T22:12:37.942Z","runId":"20260630-011237","type":"search_executed","query":"Q1","resultCount":2,"elapsedMs":0,"depth":1}
{"ts":"2026-06-29T22:12:37.942Z","runId":"20260630-011237","type":"search_executed","query":"Q2","resultCount":2,"elapsedMs":0,"depth":1}
{"ts":"2026-06-29T22:12:37.942Z","runId":"20260630-011237","type":"phase_changed","from":"searching","to":"extracting","depth":2}
{"ts":"2026-06-29T22:12:37.942Z","runId":"20260630-011237","type":"extraction","length":560,"depth":2}
{"ts":"2026-06-29T22:12:37.943Z","runId":"20260630-011237","type":"queue_saved","depth":0,"entries":2,"engines":"duckduckgo"}
{"ts":"2026-06-29T22:12:37.943Z","runId":"20260630-011237","type":"search_executed","query":"Q1","resultCount":2,"elapsedMs":0,"depth":0}
{"ts":"2026-06-29T22:12:37.943Z","runId":"20260630-011237","type":"search_executed","query":"Q2","resultCount":2,"elapsedMs":0,"depth":0}
{"ts":"2026-06-29T22:12:37.943Z","runId":"20260630-011237","type":"scrape_executed","url":"https://xstate.js.org","title":"XState","bytes":15,"elapsedMs":0,"depth":0}
{"ts":"2026-06-29T22:12:37.943Z","runId":"20260630-011237","type":"scrape_executed","url":"https://thisrobot.life","title":"Robot","bytes":16,"elapsedMs":0,"depth":0}
{"ts":"2026-06-29T22:12:37.944Z","runId":"20260630-011237","type":"phase_changed","from":"searching","to":"extracting","depth":1}
{"ts":"2026-06-29T22:12:37.944Z","runId":"20260630-011237","type":"extraction","length":712,"depth":1}
{"ts":"2026-06-29T22:12:37.944Z","runId":"20260630-011237","type":"phase_changed","from":"extracting","to":"questioning","depth":1}
{"ts":"2026-06-29T22:12:37.944Z","runId":"20260630-011237","type":"deepening","length":350,"depth":1}
{"ts":"2026-06-29T22:12:37.944Z","runId":"20260630-011237","type":"queue_saved","depth":1,"entries":2,"engines":"duckduckgo"}
{"ts":"2026-06-29T22:12:37.944Z","runId":"20260630-011237","type":"search_executed","query":"Q1","resultCount":2,"elapsedMs":0,"depth":1}
{"ts":"2026-06-29T22:12:37.944Z","runId":"20260630-011237","type":"search_executed","query":"Q2","resultCount":2,"elapsedMs":0,"depth":1}
{"ts":"2026-06-29T22:12:37.944Z","runId":"20260630-011237","type":"phase_changed","from":"searching","to":"extracting","depth":2}
{"ts":"2026-06-29T22:12:37.944Z","runId":"20260630-011237","type":"extraction","length":560,"depth":2}
{"ts":"2026-06-29T22:12:37.944Z","runId":"20260630-011237","type":"deepening_skipped","reason":"depth_reached","currentDepth":2,"totalDepth":2}
{"ts":"2026-06-29T22:12:37.945Z","runId":"20260630-011237","type":"phase_changed","from":"extracting","to":"drafting","depth":2}
{"ts":"2026-06-29T22:12:37.945Z","runId":"20260630-011237","type":"drafting","length":620}
{"ts":"2026-06-29T22:12:37.945Z","runId":"20260630-011237","type":"queue_saved","depth":0,"entries":2,"engines":"duckduckgo"}
{"ts":"2026-06-29T22:12:37.945Z","runId":"20260630-011237","type":"search_executed","query":"Q1","resultCount":2,"elapsedMs":0,"depth":0}
{"ts":"2026-06-29T22:12:37.946Z","runId":"20260630-011237","type":"search_executed","query":"Q2","resultCount":2,"elapsedMs":1,"depth":0}
{"ts":"2026-06-29T22:12:37.946Z","runId":"20260630-011237","type":"scrape_executed","url":"https://xstate.js.org","title":"XState","bytes":15,"elapsedMs":0,"depth":0}
{"ts":"2026-06-29T22:12:37.946Z","runId":"20260630-011237","type":"scrape_executed","url":"https://thisrobot.life","title":"Robot","bytes":16,"elapsedMs":0,"depth":0}
{"ts":"2026-06-29T22:12:37.946Z","runId":"20260630-011237","type":"phase_changed","from":"searching","to":"extracting","depth":1}
{"ts":"2026-06-29T22:12:37.946Z","runId":"20260630-011237","type":"extraction","length":712,"depth":1}
{"ts":"2026-06-29T22:12:37.946Z","runId":"20260630-011237","type":"deepening_skipped","reason":"depth_reached","currentDepth":1,"totalDepth":1}
{"ts":"2026-06-29T22:12:37.946Z","runId":"20260630-011237","type":"phase_changed","from":"extracting","to":"drafting","depth":1}
{"ts":"2026-06-29T22:12:37.946Z","runId":"20260630-011237","type":"drafting","length":620}
{"ts":"2026-06-29T22:12:37.947Z","runId":"20260630-011237","type":"drafting_extracted","textLength":86,"agentResponseType":"string","isArray":false}
{"ts":"2026-06-29T22:12:37.947Z","runId":"20260630-011237","type":"phase_changed","from":"drafting","to":"saving"}
{"ts":"2026-06-29T22:12:37.947Z","runId":"20260630-011237","type":"phase_changed","from":"saving","to":"done","draftLength":86}
{"ts":"2026-06-29T22:12:37.947Z","runId":"20260630-011237","type":"queue_saved","depth":0,"entries":2,"engines":"duckduckgo"}
{"ts":"2026-06-29T22:12:37.947Z","runId":"20260630-011237","type":"search_executed","query":"Q1","resultCount":2,"elapsedMs":0,"depth":0}
{"ts":"2026-06-29T22:12:37.948Z","runId":"20260630-011237","type":"search_executed","query":"Q2","resultCount":2,"elapsedMs":1,"depth":0}
{"ts":"2026-06-29T22:12:37.948Z","runId":"20260630-011237","type":"scrape_executed","url":"https://xstate.js.org","title":"XState","bytes":15,"elapsedMs":0,"depth":0}
{"ts":"2026-06-29T22:12:37.948Z","runId":"20260630-011237","type":"scrape_executed","url":"https://thisrobot.life","title":"Robot","bytes":16,"elapsedMs":0,"depth":0}
{"ts":"2026-06-29T22:12:37.948Z","runId":"20260630-011237","type":"phase_changed","from":"searching","to":"extracting","depth":1}
{"ts":"2026-06-29T22:12:37.948Z","runId":"20260630-011237","type":"extraction","length":712,"depth":1}
{"ts":"2026-06-29T22:12:37.948Z","runId":"20260630-011237","type":"deepening_skipped","reason":"depth_reached","currentDepth":1,"totalDepth":1}
{"ts":"2026-06-29T22:12:37.948Z","runId":"20260630-011237","type":"phase_changed","from":"extracting","to":"drafting","depth":1}
{"ts":"2026-06-29T22:12:37.948Z","runId":"20260630-011237","type":"drafting","length":620}
