{"ts":"2026-06-30T10:46:12.127Z","runId":"20260630-134612","type":"queue_saved","depth":0,"entries":2,"engines":"duckduckgo"}
{"ts":"2026-06-30T10:46:12.127Z","runId":"20260630-134612","type":"search_executed","query":"Q1","resultCount":1,"elapsedMs":0,"depth":0}
{"ts":"2026-06-30T10:46:12.128Z","runId":"20260630-134612","type":"search_executed","query":"Q2","resultCount":1,"elapsedMs":1,"depth":0}
{"ts":"2026-06-30T10:46:12.129Z","runId":"20260630-134612","type":"scrape_executed","url":"https://a.com","title":"https://a.com","bytes":4,"elapsedMs":0,"depth":0}
{"ts":"2026-06-30T10:46:12.131Z","runId":"20260630-134612","type":"phase_changed","from":"searching","to":"extracting","depth":1}
{"ts":"2026-06-30T10:46:12.131Z","runId":"20260630-134612","type":"extraction","length":470,"depth":1}
{"ts":"2026-06-30T10:46:12.132Z","runId":"20260630-134612","type":"phase_changed","from":"extracting","to":"questioning","depth":1}
{"ts":"2026-06-30T10:46:12.132Z","runId":"20260630-134612","type":"queue_saved","depth":0,"entries":4,"engines":"duckduckgo"}
{"ts":"2026-06-30T10:46:12.132Z","runId":"20260630-134612","type":"deepening","length":323,"depth":1}
{"ts":"2026-06-30T10:46:12.133Z","runId":"20260630-134612","type":"queue_saved","depth":1,"entries":2,"engines":"duckduckgo"}
{"ts":"2026-06-30T10:46:12.134Z","runId":"20260630-134612","type":"search_executed","query":"Question one?","resultCount":1,"elapsedMs":0,"depth":1}
{"ts":"2026-06-30T10:46:12.135Z","runId":"20260630-134612","type":"search_executed","query":"Question two?","resultCount":1,"elapsedMs":1,"depth":1}
{"ts":"2026-06-30T10:46:12.135Z","runId":"20260630-134612","type":"phase_changed","from":"searching","to":"extracting","depth":2}
{"ts":"2026-06-30T10:46:12.136Z","runId":"20260630-134612","type":"extraction","length":418,"depth":2}
{"ts":"2026-06-30T10:46:12.138Z","runId":"20260630-134612","type":"queue_saved","depth":0,"entries":2,"engines":"duckduckgo"}
{"ts":"2026-06-30T10:46:12.138Z","runId":"20260630-134612","type":"search_executed","query":"Q1","resultCount":1,"elapsedMs":0,"depth":0}
{"ts":"2026-06-30T10:46:12.139Z","runId":"20260630-134612","type":"search_executed","query":"Q2","resultCount":1,"elapsedMs":1,"depth":0}
{"ts":"2026-06-30T10:46:12.139Z","runId":"20260630-134612","type":"scrape_executed","url":"https://a.com","title":"https://a.com","bytes":4,"elapsedMs":0,"depth":0}
{"ts":"2026-06-30T10:46:12.139Z","runId":"20260630-134612","type":"phase_changed","from":"searching","to":"extracting","depth":1}
{"ts":"2026-06-30T10:46:12.139Z","runId":"20260630-134612","type":"extraction","length":470,"depth":1}
{"ts":"2026-06-30T10:46:12.140Z","runId":"20260630-134612","type":"phase_changed","from":"extracting","to":"questioning","depth":1}
{"ts":"2026-06-30T10:46:12.140Z","runId":"20260630-134612","type":"deepening","length":323,"depth":1}
{"ts":"2026-06-30T10:46:12.140Z","runId":"20260630-134612","type":"queue_saved","depth":1,"entries":2,"engines":"duckduckgo"}
{"ts":"2026-06-30T10:46:12.141Z","runId":"20260630-134612","type":"search_executed","query":"Question one?","resultCount":1,"elapsedMs":0,"depth":1}
{"ts":"2026-06-30T10:46:12.141Z","runId":"20260630-134612","type":"search_executed","query":"Question two?","resultCount":1,"elapsedMs":0,"depth":1}
{"ts":"2026-06-30T10:46:12.141Z","runId":"20260630-134612","type":"phase_changed","from":"searching","to":"extracting","depth":2}
{"ts":"2026-06-30T10:46:12.142Z","runId":"20260630-134612","type":"extraction","length":418,"depth":2}
{"ts":"2026-06-30T10:46:12.143Z","runId":"20260630-134612","type":"queue_saved","depth":0,"entries":2,"engines":"duckduckgo"}
{"ts":"2026-06-30T10:46:12.143Z","runId":"20260630-134612","type":"search_executed","query":"Q1","resultCount":1,"elapsedMs":0,"depth":0}
{"ts":"2026-06-30T10:46:12.143Z","runId":"20260630-134612","type":"search_executed","query":"Q2","resultCount":1,"elapsedMs":0,"depth":0}
{"ts":"2026-06-30T10:46:12.143Z","runId":"20260630-134612","type":"scrape_executed","url":"https://a.com","title":"https://a.com","bytes":4,"elapsedMs":0,"depth":0}
{"ts":"2026-06-30T10:46:12.144Z","runId":"20260630-134612","type":"phase_changed","from":"searching","to":"extracting","depth":1}
{"ts":"2026-06-30T10:46:12.144Z","runId":"20260630-134612","type":"extraction","length":470,"depth":1}
{"ts":"2026-06-30T10:46:12.144Z","runId":"20260630-134612","type":"phase_changed","from":"extracting","to":"questioning","depth":1}
{"ts":"2026-06-30T10:46:12.144Z","runId":"20260630-134612","type":"deepening","length":323,"depth":1}
{"ts":"2026-06-30T10:46:12.145Z","runId":"20260630-134612","type":"queue_saved","depth":1,"entries":2,"engines":"duckduckgo"}
{"ts":"2026-06-30T10:46:12.146Z","runId":"20260630-134612","type":"search_executed","query":"Q1","resultCount":1,"elapsedMs":0,"depth":1}
{"ts":"2026-06-30T10:46:12.146Z","runId":"20260630-134612","type":"search_executed","query":"Q2","resultCount":1,"elapsedMs":0,"depth":1}
{"ts":"2026-06-30T10:46:12.146Z","runId":"20260630-134612","type":"phase_changed","from":"searching","to":"extracting","depth":2}
{"ts":"2026-06-30T10:46:12.146Z","runId":"20260630-134612","type":"extraction","length":396,"depth":2}
{"ts":"2026-06-30T10:46:12.152Z","runId":"20260630-134612","type":"queue_saved","depth":0,"entries":2,"engines":"duckduckgo"}
{"ts":"2026-06-30T10:46:12.153Z","runId":"20260630-134612","type":"search_executed","query":"Original Q1","resultCount":1,"elapsedMs":0,"depth":0}
{"ts":"2026-06-30T10:46:12.153Z","runId":"20260630-134612","type":"search_executed","query":"Original Q2","resultCount":1,"elapsedMs":0,"depth":0}
{"ts":"2026-06-30T10:46:12.154Z","runId":"20260630-134612","type":"scrape_executed","url":"https://a.com","title":"https://a.com","bytes":4,"elapsedMs":0,"depth":0}
{"ts":"2026-06-30T10:46:12.154Z","runId":"20260630-134612","type":"phase_changed","from":"searching","to":"extracting","depth":1}
{"ts":"2026-06-30T10:46:12.155Z","runId":"20260630-134612","type":"extraction","length":488,"depth":1}
{"ts":"2026-06-30T10:46:12.161Z","runId":"20260630-134612","type":"queue_saved","depth":0,"entries":2,"engines":"duckduckgo"}
{"ts":"2026-06-30T10:46:12.161Z","runId":"20260630-134612","type":"search_executed","query":"Original Q1","resultCount":1,"elapsedMs":0,"depth":0}
{"ts":"2026-06-30T10:46:12.161Z","runId":"20260630-134612","type":"search_executed","query":"Original Q2","resultCount":1,"elapsedMs":0,"depth":0}
{"ts":"2026-06-30T10:46:12.162Z","runId":"20260630-134612","type":"scrape_executed","url":"https://a.com","title":"https://a.com","bytes":4,"elapsedMs":0,"depth":0}
{"ts":"2026-06-30T10:46:12.162Z","runId":"20260630-134612","type":"phase_changed","from":"searching","to":"extracting","depth":1}
{"ts":"2026-06-30T10:46:12.162Z","runId":"20260630-134612","type":"extraction","length":488,"depth":1}
{"ts":"2026-06-30T10:46:12.162Z","runId":"20260630-134612","type":"phase_changed","from":"extracting","to":"questioning","depth":1}
{"ts":"2026-06-30T10:46:12.162Z","runId":"20260630-134612","type":"deepening","length":323,"depth":1}
{"ts":"2026-06-30T10:46:12.164Z","runId":"20260630-134612","type":"queue_saved","depth":1,"entries":2,"engines":"duckduckgo"}
{"ts":"2026-06-30T10:46:12.165Z","runId":"20260630-134612","type":"search_executed","query":"What is the first follow-up question?","resultCount":1,"elapsedMs":0,"depth":1}
{"ts":"2026-06-30T10:46:12.165Z","runId":"20260630-134612","type":"search_executed","query":"What is the second follow-up question?","resultCount":1,"elapsedMs":0,"depth":1}
{"ts":"2026-06-30T10:46:12.165Z","runId":"20260630-134612","type":"phase_changed","from":"searching","to":"extracting","depth":2}
{"ts":"2026-06-30T10:46:12.166Z","runId":"20260630-134612","type":"extraction","length":467,"depth":2}
{"ts":"2026-06-30T10:46:12.167Z","runId":"20260630-134612","type":"queue_saved","depth":0,"entries":2,"engines":"duckduckgo"}
{"ts":"2026-06-30T10:46:12.167Z","runId":"20260630-134612","type":"search_executed","query":"Original Q1","resultCount":1,"elapsedMs":0,"depth":0}
{"ts":"2026-06-30T10:46:12.167Z","runId":"20260630-134612","type":"search_executed","query":"Original Q2","resultCount":1,"elapsedMs":0,"depth":0}
{"ts":"2026-06-30T10:46:12.167Z","runId":"20260630-134612","type":"scrape_executed","url":"https://a.com","title":"https://a.com","bytes":4,"elapsedMs":0,"depth":0}
{"ts":"2026-06-30T10:46:12.168Z","runId":"20260630-134612","type":"phase_changed","from":"searching","to":"extracting","depth":1}
{"ts":"2026-06-30T10:46:12.168Z","runId":"20260630-134612","type":"extraction","length":488,"depth":1}
{"ts":"2026-06-30T10:46:12.168Z","runId":"20260630-134612","type":"phase_changed","from":"extracting","to":"questioning","depth":1}
{"ts":"2026-06-30T10:46:12.169Z","runId":"20260630-134612","type":"deepening","length":323,"depth":1}
{"ts":"2026-06-30T10:46:12.169Z","runId":"20260630-134612","type":"queue_saved","depth":1,"entries":2,"engines":"duckduckgo"}
{"ts":"2026-06-30T10:46:12.170Z","runId":"20260630-134612","type":"search_executed","query":"Original Q1","resultCount":1,"elapsedMs":0,"depth":1}
{"ts":"2026-06-30T10:46:12.171Z","runId":"20260630-134612","type":"search_executed","query":"Original Q2","resultCount":1,"elapsedMs":1,"depth":1}
{"ts":"2026-06-30T10:46:12.174Z","runId":"20260630-134612","type":"phase_changed","from":"searching","to":"extracting","depth":2}
{"ts":"2026-06-30T10:46:12.174Z","runId":"20260630-134612","type":"extraction","length":414,"depth":2}
{"ts":"2026-06-30T10:46:12.175Z","runId":"20260630-134612","type":"queue_saved","depth":0,"entries":2,"engines":"duckduckgo"}
{"ts":"2026-06-30T10:46:12.175Z","runId":"20260630-134612","type":"search_executed","query":"Original Q1","resultCount":1,"elapsedMs":0,"depth":0}
{"ts":"2026-06-30T10:46:12.175Z","runId":"20260630-134612","type":"search_executed","query":"Original Q2","resultCount":1,"elapsedMs":0,"depth":0}
{"ts":"2026-06-30T10:46:12.176Z","runId":"20260630-134612","type":"scrape_executed","url":"https://a.com","title":"https://a.com","bytes":4,"elapsedMs":0,"depth":0}
{"ts":"2026-06-30T10:46:12.176Z","runId":"20260630-134612","type":"phase_changed","from":"searching","to":"extracting","depth":1}
{"ts":"2026-06-30T10:46:12.176Z","runId":"20260630-134612","type":"extraction","length":488,"depth":1}
{"ts":"2026-06-30T10:46:12.177Z","runId":"20260630-134612","type":"phase_changed","from":"extracting","to":"questioning","depth":1}
{"ts":"2026-06-30T10:46:12.177Z","runId":"20260630-134612","type":"deepening","length":323,"depth":1}
{"ts":"2026-06-30T10:46:12.177Z","runId":"20260630-134612","type":"queue_saved","depth":1,"entries":2,"engines":"duckduckgo"}
{"ts":"2026-06-30T10:46:12.178Z","runId":"20260630-134612","type":"search_executed","query":"Original Q1","resultCount":1,"elapsedMs":0,"depth":1}
{"ts":"2026-06-30T10:46:12.178Z","runId":"20260630-134612","type":"search_executed","query":"Original Q2","resultCount":1,"elapsedMs":0,"depth":1}
{"ts":"2026-06-30T10:46:12.178Z","runId":"20260630-134612","type":"phase_changed","from":"searching","to":"extracting","depth":2}
{"ts":"2026-06-30T10:46:12.179Z","runId":"20260630-134612","type":"extraction","length":414,"depth":2}
{"ts":"2026-06-30T10:46:12.184Z","runId":"20260630-134612","type":"search_executed","query":"Q1","resultCount":2,"elapsedMs":51,"depth":0}
{"ts":"2026-06-30T10:46:12.185Z","runId":"20260630-134612","type":"search_executed","query":"Q2","resultCount":2,"elapsedMs":52,"depth":0}
{"ts":"2026-06-30T10:46:12.186Z","runId":"20260630-134612","type":"search_executed","query":"Q3","resultCount":2,"elapsedMs":53,"depth":0}
{"ts":"2026-06-30T10:46:12.187Z","runId":"20260630-134612","type":"search_executed","query":"Q4","resultCount":2,"elapsedMs":54,"depth":0}
{"ts":"2026-06-30T10:46:12.194Z","runId":"20260630-134612","type":"scrape_executed","url":"https://a.com","title":"https://a.com","bytes":4,"elapsedMs":6,"depth":0}
{"ts":"2026-06-30T10:46:12.195Z","runId":"20260630-134612","type":"scrape_executed","url":"https://b.com","title":"https://b.com","bytes":4,"elapsedMs":6,"depth":0}
{"ts":"2026-06-30T10:46:12.195Z","runId":"20260630-134612","type":"phase_changed","from":"searching","to":"extracting","depth":1}
{"ts":"2026-06-30T10:46:12.196Z","runId":"20260630-134612","type":"extraction","length":705,"depth":1}
{"ts":"2026-06-30T10:46:12.197Z","runId":"20260630-134612","type":"queue_saved","depth":0,"entries":3,"engines":"duckduckgo"}
{"ts":"2026-06-30T10:46:12.199Z","runId":"20260630-134612","type":"queue_saved","depth":0,"entries":1,"engines":"brave"}
{"ts":"2026-06-30T10:46:12.200Z","runId":"20260630-134612","type":"search_executed","query":"q1","resultCount":0,"elapsedMs":0,"depth":0}
{"ts":"2026-06-30T10:46:12.201Z","runId":"20260630-134612","type":"phase_changed","from":"searching","to":"extracting","depth":1}
{"ts":"2026-06-30T10:46:12.201Z","runId":"20260630-134612","type":"extraction","length":333,"depth":1}
{"ts":"2026-06-30T10:46:12.203Z","runId":"20260630-134612","type":"queue_saved","depth":0,"entries":1,"engines":"brave"}
{"ts":"2026-06-30T10:46:12.203Z","runId":"20260630-134612","type":"search_executed","query":"q1","resultCount":0,"elapsedMs":0,"depth":0}
{"ts":"2026-06-30T10:46:12.204Z","runId":"20260630-134612","type":"phase_changed","from":"searching","to":"extracting","depth":1}
{"ts":"2026-06-30T10:46:12.204Z","runId":"20260630-134612","type":"extraction","length":333,"depth":1}
{"ts":"2026-06-30T10:46:12.208Z","runId":"20260630-134612","type":"search_executed","query":"Q1","resultCount":2,"elapsedMs":11,"depth":0}
{"ts":"2026-06-30T10:46:12.209Z","runId":"20260630-134612","type":"search_executed","query":"Q2","resultCount":2,"elapsedMs":12,"depth":0}
{"ts":"2026-06-30T10:46:12.210Z","runId":"20260630-134612","type":"search_executed","query":"Q3","resultCount":2,"elapsedMs":13,"depth":0}
{"ts":"2026-06-30T10:46:12.219Z","runId":"20260630-134612","type":"scrape_executed","url":"https://a.com","title":"https://a.com","bytes":4,"elapsedMs":7,"depth":0}
{"ts":"2026-06-30T10:46:12.220Z","runId":"20260630-134612","type":"scrape_executed","url":"https://b.com","title":"https://b.com","bytes":4,"elapsedMs":8,"depth":0}
{"ts":"2026-06-30T10:46:12.222Z","runId":"20260630-134612","type":"phase_changed","from":"searching","to":"extracting","depth":1}
{"ts":"2026-06-30T10:46:12.223Z","runId":"20260630-134612","type":"extraction","length":640,"depth":1}
{"ts":"2026-06-30T10:46:12.224Z","runId":"20260630-134612","type":"deepening_skipped","reason":"depth_reached","currentDepth":1,"totalDepth":1}
{"ts":"2026-06-30T10:46:12.225Z","runId":"20260630-134612","type":"phase_changed","from":"extracting","to":"drafting","depth":1}
{"ts":"2026-06-30T10:46:12.225Z","runId":"20260630-134612","type":"drafting","length":569}
{"ts":"2026-06-30T10:46:12.226Z","runId":"20260630-134612","type":"drafting_extracted","textLength":117,"agentResponseType":"string","isArray":false}
{"ts":"2026-06-30T10:46:12.226Z","runId":"20260630-134612","type":"phase_changed","from":"drafting","to":"saving"}
{"ts":"2026-06-30T10:46:12.226Z","runId":"20260630-134612","type":"phase_changed","from":"saving","to":"done","draftLength":117}
{"ts":"2026-06-30T10:46:12.317Z","runId":"20260630-134612","type":"queue_saved","depth":0,"entries":3,"engines":"duckduckgo"}
{"ts":"2026-06-30T10:46:12.317Z","runId":"20260630-134612","type":"search_executed","query":"Q1","resultCount":2,"elapsedMs":0,"depth":0}
{"ts":"2026-06-30T10:46:12.318Z","runId":"20260630-134612","type":"search_executed","query":"Q2","resultCount":2,"elapsedMs":1,"depth":0}
{"ts":"2026-06-30T10:46:12.318Z","runId":"20260630-134612","type":"search_executed","query":"Q3","resultCount":2,"elapsedMs":1,"depth":0}
{"ts":"2026-06-30T10:46:12.318Z","runId":"20260630-134612","type":"scrape_executed","url":"https://xstate.js.org","title":"XState Docs","bytes":46,"elapsedMs":0,"depth":0}
{"ts":"2026-06-30T10:46:12.319Z","runId":"20260630-134612","type":"scrape_executed","url":"https://thisrobot.life","title":"Robot FSM","bytes":45,"elapsedMs":1,"depth":0}
{"ts":"2026-06-30T10:46:12.319Z","runId":"20260630-134612","type":"phase_changed","from":"searching","to":"extracting","depth":1}
{"ts":"2026-06-30T10:46:12.319Z","runId":"20260630-134612","type":"extraction","length":974,"depth":1}
{"ts":"2026-06-30T10:46:12.320Z","runId":"20260630-134612","type":"phase_changed","from":"extracting","to":"questioning","depth":1}
{"ts":"2026-06-30T10:46:12.320Z","runId":"20260630-134612","type":"deepening","length":350,"depth":1}
{"ts":"2026-06-30T10:46:12.321Z","runId":"20260630-134612","type":"queue_saved","depth":1,"entries":3,"engines":"duckduckgo"}
{"ts":"2026-06-30T10:46:12.322Z","runId":"20260630-134612","type":"search_executed","query":"Q1","resultCount":2,"elapsedMs":1,"depth":1}
{"ts":"2026-06-30T10:46:12.322Z","runId":"20260630-134612","type":"search_executed","query":"Q2","resultCount":2,"elapsedMs":0,"depth":1}
{"ts":"2026-06-30T10:46:12.322Z","runId":"20260630-134612","type":"search_executed","query":"Q3","resultCount":2,"elapsedMs":0,"depth":1}
{"ts":"2026-06-30T10:46:12.322Z","runId":"20260630-134612","type":"phase_changed","from":"searching","to":"extracting","depth":2}
{"ts":"2026-06-30T10:46:12.322Z","runId":"20260630-134612","type":"extraction","length":753,"depth":2}
{"ts":"2026-06-30T10:46:12.323Z","runId":"20260630-134612","type":"deepening_skipped","reason":"depth_reached","currentDepth":2,"totalDepth":2}
{"ts":"2026-06-30T10:46:12.323Z","runId":"20260630-134612","type":"phase_changed","from":"extracting","to":"drafting","depth":2}
{"ts":"2026-06-30T10:46:12.324Z","runId":"20260630-134612","type":"drafting","length":629}
{"ts":"2026-06-30T10:46:12.325Z","runId":"20260630-134612","type":"drafting_extracted","textLength":51,"agentResponseType":"string","isArray":false}
{"ts":"2026-06-30T10:46:12.325Z","runId":"20260630-134612","type":"phase_changed","from":"drafting","to":"saving"}
{"ts":"2026-06-30T10:46:12.326Z","runId":"20260630-134612","type":"phase_changed","from":"saving","to":"done","draftLength":51}
{"ts":"2026-06-30T10:46:12.330Z","runId":"20260630-134612","type":"queue_saved","depth":0,"entries":1,"engines":"duckduckgo"}
{"ts":"2026-06-30T10:46:12.331Z","runId":"20260630-134612","type":"search_executed","query":"q","resultCount":2,"elapsedMs":0,"depth":0}
{"ts":"2026-06-30T10:46:12.331Z","runId":"20260630-134612","type":"scrape_executed","url":"https://xstate.js.org","title":"XState Docs","bytes":46,"elapsedMs":0,"depth":0}
{"ts":"2026-06-30T10:46:12.331Z","runId":"20260630-134612","type":"scrape_executed","url":"https://thisrobot.life","title":"Robot FSM","bytes":45,"elapsedMs":0,"depth":0}
{"ts":"2026-06-30T10:46:12.332Z","runId":"20260630-134612","type":"phase_changed","from":"searching","to":"extracting","depth":1}
{"ts":"2026-06-30T10:46:12.332Z","runId":"20260630-134612","type":"extraction","length":683,"depth":1}
{"ts":"2026-06-30T10:46:12.332Z","runId":"20260630-134612","type":"phase_changed","from":"extracting","to":"questioning","depth":1}
{"ts":"2026-06-30T10:46:12.332Z","runId":"20260630-134612","type":"deepening","length":323,"depth":1}
{"ts":"2026-06-30T10:46:12.333Z","runId":"20260630-134612","type":"queue_saved","depth":1,"entries":1,"engines":"duckduckgo"}
{"ts":"2026-06-30T10:46:12.333Z","runId":"20260630-134612","type":"search_executed","query":"q","resultCount":2,"elapsedMs":0,"depth":1}
{"ts":"2026-06-30T10:46:12.334Z","runId":"20260630-134612","type":"phase_changed","from":"searching","to":"extracting","depth":2}
{"ts":"2026-06-30T10:46:12.334Z","runId":"20260630-134612","type":"extraction","length":462,"depth":2}
{"ts":"2026-06-30T10:46:12.335Z","runId":"20260630-134612","type":"deepening_skipped","reason":"depth_reached","currentDepth":2,"totalDepth":2}
{"ts":"2026-06-30T10:46:12.335Z","runId":"20260630-134612","type":"phase_changed","from":"extracting","to":"drafting","depth":2}
{"ts":"2026-06-30T10:46:12.335Z","runId":"20260630-134612","type":"drafting","length":569}
{"ts":"2026-06-30T10:46:12.335Z","runId":"20260630-134612","type":"drafting_extracted","textLength":0,"agentResponseType":"string","isArray":false}
{"ts":"2026-06-30T10:46:12.336Z","runId":"20260630-134612","type":"drafting_retry","reason":"empty_response","length":0}
{"ts":"2026-06-30T10:46:12.339Z","runId":"20260630-134612","type":"queue_saved","depth":0,"entries":3,"engines":"duckduckgo"}
{"ts":"2026-06-30T10:46:12.339Z","runId":"20260630-134612","type":"search_executed","query":"Q1","resultCount":2,"elapsedMs":0,"depth":0}
{"ts":"2026-06-30T10:46:12.339Z","runId":"20260630-134612","type":"search_executed","query":"Q2","resultCount":2,"elapsedMs":0,"depth":0}
{"ts":"2026-06-30T10:46:12.340Z","runId":"20260630-134612","type":"search_executed","query":"Q3","resultCount":2,"elapsedMs":1,"depth":0}
{"ts":"2026-06-30T10:46:12.340Z","runId":"20260630-134612","type":"scrape_executed","url":"https://xstate.js.org","title":"XState Docs","bytes":46,"elapsedMs":0,"depth":0}
{"ts":"2026-06-30T10:46:12.340Z","runId":"20260630-134612","type":"scrape_executed","url":"https://thisrobot.life","title":"Robot FSM","bytes":45,"elapsedMs":0,"depth":0}
{"ts":"2026-06-30T10:46:12.340Z","runId":"20260630-134612","type":"phase_changed","from":"searching","to":"extracting","depth":1}
{"ts":"2026-06-30T10:46:12.341Z","runId":"20260630-134612","type":"extraction","length":974,"depth":1}
{"ts":"2026-06-30T10:46:12.341Z","runId":"20260630-134612","type":"phase_changed","from":"extracting","to":"questioning","depth":1}
{"ts":"2026-06-30T10:46:12.341Z","runId":"20260630-134612","type":"deepening","length":350,"depth":1}
{"ts":"2026-06-30T10:46:12.342Z","runId":"20260630-134612","type":"queue_saved","depth":1,"entries":3,"engines":"duckduckgo"}
{"ts":"2026-06-30T10:46:12.342Z","runId":"20260630-134612","type":"search_executed","query":"Q1","resultCount":2,"elapsedMs":0,"depth":1}
{"ts":"2026-06-30T10:46:12.343Z","runId":"20260630-134612","type":"search_executed","query":"Q2","resultCount":2,"elapsedMs":1,"depth":1}
{"ts":"2026-06-30T10:46:12.343Z","runId":"20260630-134612","type":"search_executed","query":"Q3","resultCount":2,"elapsedMs":1,"depth":1}
{"ts":"2026-06-30T10:46:12.343Z","runId":"20260630-134612","type":"phase_changed","from":"searching","to":"extracting","depth":2}
{"ts":"2026-06-30T10:46:12.343Z","runId":"20260630-134612","type":"extraction","length":753,"depth":2}
{"ts":"2026-06-30T10:46:12.343Z","runId":"20260630-134612","type":"deepening_skipped","reason":"depth_reached","currentDepth":2,"totalDepth":2}
{"ts":"2026-06-30T10:46:12.343Z","runId":"20260630-134612","type":"phase_changed","from":"extracting","to":"drafting","depth":2}
{"ts":"2026-06-30T10:46:12.343Z","runId":"20260630-134612","type":"drafting","length":629}
{"ts":"2026-06-30T10:46:12.344Z","runId":"20260630-134612","type":"drafting_extracted","textLength":117,"agentResponseType":"string","isArray":false}
{"ts":"2026-06-30T10:46:12.344Z","runId":"20260630-134612","type":"phase_changed","from":"drafting","to":"saving"}
{"ts":"2026-06-30T10:46:12.344Z","runId":"20260630-134612","type":"phase_changed","from":"saving","to":"done","draftLength":117}
{"ts":"2026-06-30T10:46:12.596Z","runId":"20260630-134612","type":"queue_saved","depth":0,"entries":1,"engines":"duckduckgo"}
{"ts":"2026-06-30T10:46:12.596Z","runId":"20260630-134612","type":"search_executed","query":"q1","resultCount":0,"elapsedMs":0,"depth":0}
{"ts":"2026-06-30T10:46:12.597Z","runId":"20260630-134612","type":"phase_changed","from":"searching","to":"extracting","depth":1}
{"ts":"2026-06-30T10:46:12.597Z","runId":"20260630-134612","type":"extraction","length":333,"depth":1}
{"ts":"2026-06-30T10:46:12.758Z","runId":"20260630-134612","type":"queue_saved","depth":0,"entries":3,"engines":"duckduckgo"}
{"ts":"2026-06-30T10:46:12.758Z","runId":"20260630-134612","type":"queue_saved","depth":0,"entries":2,"engines":"duckduckgo"}
{"ts":"2026-06-30T10:46:12.759Z","runId":"20260630-134612","type":"search_executed","query":"Q1","resultCount":1,"elapsedMs":1,"depth":0}
{"ts":"2026-06-30T10:46:12.759Z","runId":"20260630-134612","type":"search_executed","query":"Q2","resultCount":1,"elapsedMs":1,"depth":0}
{"ts":"2026-06-30T10:46:12.759Z","runId":"20260630-134612","type":"search_executed","query":"Q1","resultCount":2,"elapsedMs":0,"depth":0}
{"ts":"2026-06-30T10:46:12.759Z","runId":"20260630-134612","type":"search_executed","query":"Q3","resultCount":1,"elapsedMs":1,"depth":0}
{"ts":"2026-06-30T10:46:12.760Z","runId":"20260630-134612","type":"search_executed","query":"Q2","resultCount":2,"elapsedMs":1,"depth":0}
{"ts":"2026-06-30T10:46:12.760Z","runId":"20260630-134612","type":"scrape_executed","url":"https://a.com","title":"https://a.com","bytes":4,"elapsedMs":0,"depth":0}
{"ts":"2026-06-30T10:46:12.760Z","runId":"20260630-134612","type":"scrape_executed","url":"https://xstate.js.org","title":"XState","bytes":15,"elapsedMs":0,"depth":0}
{"ts":"2026-06-30T10:46:12.760Z","runId":"20260630-134612","type":"scrape_executed","url":"https://thisrobot.life","title":"Robot","bytes":16,"elapsedMs":0,"depth":0}
{"ts":"2026-06-30T10:46:12.760Z","runId":"20260630-134612","type":"phase_changed","from":"searching","to":"extracting","depth":1}
{"ts":"2026-06-30T10:46:12.761Z","runId":"20260630-134612","type":"extraction","length":509,"depth":1}
{"ts":"2026-06-30T10:46:12.761Z","runId":"20260630-134612","type":"phase_changed","from":"searching","to":"extracting","depth":1}
{"ts":"2026-06-30T10:46:12.761Z","runId":"20260630-134612","type":"phase_changed","from":"extracting","to":"questioning","depth":1}
{"ts":"2026-06-30T10:46:12.762Z","runId":"20260630-134612","type":"deepening","length":323,"depth":1}
{"ts":"2026-06-30T10:46:12.762Z","runId":"20260630-134612","type":"extraction","length":712,"depth":1}
{"ts":"2026-06-30T10:46:12.762Z","runId":"20260630-134612","type":"phase_changed","from":"extracting","to":"questioning","depth":1}
{"ts":"2026-06-30T10:46:12.762Z","runId":"20260630-134612","type":"deepening","length":350,"depth":1}
{"ts":"2026-06-30T10:46:12.762Z","runId":"20260630-134612","type":"queue_saved","depth":1,"entries":3,"engines":"duckduckgo"}
{"ts":"2026-06-30T10:46:12.763Z","runId":"20260630-134612","type":"search_executed","query":"Q1","resultCount":1,"elapsedMs":1,"depth":1}
{"ts":"2026-06-30T10:46:12.763Z","runId":"20260630-134612","type":"queue_saved","depth":1,"entries":2,"engines":"duckduckgo"}
{"ts":"2026-06-30T10:46:12.763Z","runId":"20260630-134612","type":"search_executed","query":"Q2","resultCount":1,"elapsedMs":1,"depth":1}
{"ts":"2026-06-30T10:46:12.763Z","runId":"20260630-134612","type":"search_executed","query":"Q3","resultCount":1,"elapsedMs":1,"depth":1}
{"ts":"2026-06-30T10:46:12.763Z","runId":"20260630-134612","type":"search_executed","query":"Q1","resultCount":2,"elapsedMs":0,"depth":1}
{"ts":"2026-06-30T10:46:12.763Z","runId":"20260630-134612","type":"soft_limit_triggered","searchCalls":6,"maxSearchCalls":5,"elapsedSeconds":0,"maxElapsedSeconds":0}
{"ts":"2026-06-30T10:46:12.763Z","runId":"20260630-134612","type":"phase_changed","from":"searching","to":"extracting","depth":2}
{"ts":"2026-06-30T10:46:12.763Z","runId":"20260630-134612","type":"search_executed","query":"Q2","resultCount":2,"elapsedMs":0,"depth":1}
{"ts":"2026-06-30T10:46:12.763Z","runId":"20260630-134612","type":"extraction","length":435,"depth":2}
{"ts":"2026-06-30T10:46:12.763Z","runId":"20260630-134612","type":"phase_changed","from":"searching","to":"extracting","depth":2}
{"ts":"2026-06-30T10:46:12.763Z","runId":"20260630-134612","type":"deepening_skipped","reason":"soft_limit","currentDepth":2,"totalDepth":3}
{"ts":"2026-06-30T10:46:12.763Z","runId":"20260630-134612","type":"phase_changed","from":"extracting","to":"drafting","depth":2}
{"ts":"2026-06-30T10:46:12.764Z","runId":"20260630-134612","type":"drafting","length":569}
{"ts":"2026-06-30T10:46:12.764Z","runId":"20260630-134612","type":"drafting_extracted","textLength":82,"agentResponseType":"string","isArray":false}
{"ts":"2026-06-30T10:46:12.763Z","runId":"20260630-134612","type":"extraction","length":560,"depth":2}
{"ts":"2026-06-30T10:46:12.764Z","runId":"20260630-134612","type":"phase_changed","from":"drafting","to":"saving"}
{"ts":"2026-06-30T10:46:12.765Z","runId":"20260630-134612","type":"deepening_skipped","reason":"depth_reached","currentDepth":2,"totalDepth":2}
{"ts":"2026-06-30T10:46:12.765Z","runId":"20260630-134612","type":"phase_changed","from":"saving","to":"done","draftLength":82}
{"ts":"2026-06-30T10:46:12.765Z","runId":"20260630-134612","type":"phase_changed","from":"extracting","to":"drafting","depth":2}
{"ts":"2026-06-30T10:46:12.765Z","runId":"20260630-134612","type":"drafting","length":620}
{"ts":"2026-06-30T10:46:12.765Z","runId":"20260630-134612","type":"drafting_extracted","textLength":82,"agentResponseType":"string","isArray":false}
{"ts":"2026-06-30T10:46:12.766Z","runId":"20260630-134612","type":"phase_changed","from":"drafting","to":"saving"}
{"ts":"2026-06-30T10:46:12.766Z","runId":"20260630-134612","type":"phase_changed","from":"saving","to":"done","draftLength":82}
{"ts":"2026-06-30T10:46:12.767Z","runId":"20260630-134612","type":"queue_saved","depth":0,"entries":3,"engines":"duckduckgo"}
{"ts":"2026-06-30T10:46:12.767Z","runId":"20260630-134612","type":"search_executed","query":"Q1","resultCount":1,"elapsedMs":0,"depth":0}
{"ts":"2026-06-30T10:46:12.767Z","runId":"20260630-134612","type":"queue_saved","depth":0,"entries":2,"engines":"duckduckgo"}
{"ts":"2026-06-30T10:46:12.767Z","runId":"20260630-134612","type":"search_executed","query":"Q1","resultCount":2,"elapsedMs":0,"depth":0}
{"ts":"2026-06-30T10:46:12.767Z","runId":"20260630-134612","type":"search_executed","query":"Q2","resultCount":1,"elapsedMs":0,"depth":0}
{"ts":"2026-06-30T10:46:12.767Z","runId":"20260630-134612","type":"search_executed","query":"Q2","resultCount":2,"elapsedMs":0,"depth":0}
{"ts":"2026-06-30T10:46:12.768Z","runId":"20260630-134612","type":"search_executed","query":"Q3","resultCount":1,"elapsedMs":1,"depth":0}
{"ts":"2026-06-30T10:46:12.768Z","runId":"20260630-134612","type":"scrape_executed","url":"https://a.com","title":"https://a.com","bytes":4,"elapsedMs":0,"depth":0}
{"ts":"2026-06-30T10:46:12.768Z","runId":"20260630-134612","type":"scrape_executed","url":"https://xstate.js.org","title":"XState","bytes":15,"elapsedMs":0,"depth":0}
{"ts":"2026-06-30T10:46:12.768Z","runId":"20260630-134612","type":"phase_changed","from":"searching","to":"extracting","depth":1}
{"ts":"2026-06-30T10:46:12.768Z","runId":"20260630-134612","type":"scrape_executed","url":"https://thisrobot.life","title":"Robot","bytes":16,"elapsedMs":0,"depth":0}
{"ts":"2026-06-30T10:46:12.768Z","runId":"20260630-134612","type":"phase_changed","from":"searching","to":"extracting","depth":1}
{"ts":"2026-06-30T10:46:12.768Z","runId":"20260630-134612","type":"extraction","length":509,"depth":1}
{"ts":"2026-06-30T10:46:12.768Z","runId":"20260630-134612","type":"extraction","length":712,"depth":1}
{"ts":"2026-06-30T10:46:12.768Z","runId":"20260630-134612","type":"phase_changed","from":"extracting","to":"questioning","depth":1}
{"ts":"2026-06-30T10:46:12.768Z","runId":"20260630-134612","type":"deepening","length":323,"depth":1}
{"ts":"2026-06-30T10:46:12.768Z","runId":"20260630-134612","type":"phase_changed","from":"extracting","to":"questioning","depth":1}
{"ts":"2026-06-30T10:46:12.769Z","runId":"20260630-134612","type":"deepening","length":350,"depth":1}
{"ts":"2026-06-30T10:46:12.769Z","runId":"20260630-134612","type":"queue_saved","depth":1,"entries":3,"engines":"duckduckgo"}
{"ts":"2026-06-30T10:46:12.769Z","runId":"20260630-134612","type":"queue_saved","depth":1,"entries":2,"engines":"duckduckgo"}
{"ts":"2026-06-30T10:46:12.769Z","runId":"20260630-134612","type":"search_executed","query":"Q1","resultCount":1,"elapsedMs":0,"depth":1}
{"ts":"2026-06-30T10:46:12.769Z","runId":"20260630-134612","type":"search_executed","query":"Q1","resultCount":2,"elapsedMs":0,"depth":1}
{"ts":"2026-06-30T10:46:12.769Z","runId":"20260630-134612","type":"search_executed","query":"Q2","resultCount":1,"elapsedMs":0,"depth":1}
{"ts":"2026-06-30T10:46:12.770Z","runId":"20260630-134612","type":"search_executed","query":"Q2","resultCount":2,"elapsedMs":1,"depth":1}
{"ts":"2026-06-30T10:46:12.770Z","runId":"20260630-134612","type":"phase_changed","from":"searching","to":"extracting","depth":2}
{"ts":"2026-06-30T10:46:12.770Z","runId":"20260630-134612","type":"search_executed","query":"Q3","resultCount":1,"elapsedMs":1,"depth":1}
{"ts":"2026-06-30T10:46:12.770Z","runId":"20260630-134612","type":"phase_changed","from":"searching","to":"extracting","depth":2}
{"ts":"2026-06-30T10:46:12.770Z","runId":"20260630-134612","type":"extraction","length":560,"depth":2}
{"ts":"2026-06-30T10:46:12.770Z","runId":"20260630-134612","type":"extraction","length":435,"depth":2}
{"ts":"2026-06-30T10:46:12.772Z","runId":"20260630-134612","type":"queue_saved","depth":0,"entries":2,"engines":"duckduckgo"}
{"ts":"2026-06-30T10:46:12.772Z","runId":"20260630-134612","type":"search_executed","query":"Q1","resultCount":2,"elapsedMs":0,"depth":0}
{"ts":"2026-06-30T10:46:12.772Z","runId":"20260630-134612","type":"search_executed","query":"Q2","resultCount":2,"elapsedMs":0,"depth":0}
{"ts":"2026-06-30T10:46:12.773Z","runId":"20260630-134612","type":"scrape_executed","url":"https://xstate.js.org","title":"XState","bytes":15,"elapsedMs":0,"depth":0}
{"ts":"2026-06-30T10:46:12.773Z","runId":"20260630-134612","type":"scrape_executed","url":"https://thisrobot.life","title":"Robot","bytes":16,"elapsedMs":0,"depth":0}
{"ts":"2026-06-30T10:46:12.773Z","runId":"20260630-134612","type":"phase_changed","from":"searching","to":"extracting","depth":1}
{"ts":"2026-06-30T10:46:12.773Z","runId":"20260630-134612","type":"extraction","length":712,"depth":1}
{"ts":"2026-06-30T10:46:12.773Z","runId":"20260630-134612","type":"phase_changed","from":"extracting","to":"questioning","depth":1}
{"ts":"2026-06-30T10:46:12.774Z","runId":"20260630-134612","type":"deepening","length":350,"depth":1}
{"ts":"2026-06-30T10:46:12.774Z","runId":"20260630-134612","type":"queue_saved","depth":1,"entries":2,"engines":"duckduckgo"}
{"ts":"2026-06-30T10:46:12.774Z","runId":"20260630-134612","type":"search_executed","query":"Q1","resultCount":2,"elapsedMs":0,"depth":1}
{"ts":"2026-06-30T10:46:12.775Z","runId":"20260630-134612","type":"search_executed","query":"Q2","resultCount":2,"elapsedMs":1,"depth":1}
{"ts":"2026-06-30T10:46:12.775Z","runId":"20260630-134612","type":"phase_changed","from":"searching","to":"extracting","depth":2}
{"ts":"2026-06-30T10:46:12.775Z","runId":"20260630-134612","type":"extraction","length":560,"depth":2}
{"ts":"2026-06-30T10:46:12.776Z","runId":"20260630-134612","type":"deepening_skipped","reason":"depth_reached","currentDepth":2,"totalDepth":2}
{"ts":"2026-06-30T10:46:12.776Z","runId":"20260630-134612","type":"phase_changed","from":"extracting","to":"drafting","depth":2}
{"ts":"2026-06-30T10:46:12.776Z","runId":"20260630-134612","type":"drafting","length":620}
{"ts":"2026-06-30T10:46:12.777Z","runId":"20260630-134612","type":"queue_saved","depth":0,"entries":2,"engines":"duckduckgo"}
{"ts":"2026-06-30T10:46:12.777Z","runId":"20260630-134612","type":"search_executed","query":"Q1","resultCount":2,"elapsedMs":0,"depth":0}
{"ts":"2026-06-30T10:46:12.778Z","runId":"20260630-134612","type":"search_executed","query":"Q2","resultCount":2,"elapsedMs":1,"depth":0}
{"ts":"2026-06-30T10:46:12.778Z","runId":"20260630-134612","type":"scrape_executed","url":"https://xstate.js.org","title":"XState","bytes":15,"elapsedMs":0,"depth":0}
{"ts":"2026-06-30T10:46:12.778Z","runId":"20260630-134612","type":"scrape_executed","url":"https://thisrobot.life","title":"Robot","bytes":16,"elapsedMs":0,"depth":0}
{"ts":"2026-06-30T10:46:12.779Z","runId":"20260630-134612","type":"phase_changed","from":"searching","to":"extracting","depth":1}
{"ts":"2026-06-30T10:46:12.779Z","runId":"20260630-134612","type":"extraction","length":712,"depth":1}
{"ts":"2026-06-30T10:46:12.779Z","runId":"20260630-134612","type":"deepening_skipped","reason":"depth_reached","currentDepth":1,"totalDepth":1}
{"ts":"2026-06-30T10:46:12.779Z","runId":"20260630-134612","type":"phase_changed","from":"extracting","to":"drafting","depth":1}
{"ts":"2026-06-30T10:46:12.780Z","runId":"20260630-134612","type":"drafting","length":620}
{"ts":"2026-06-30T10:46:12.780Z","runId":"20260630-134612","type":"drafting_extracted","textLength":86,"agentResponseType":"string","isArray":false}
{"ts":"2026-06-30T10:46:12.780Z","runId":"20260630-134612","type":"phase_changed","from":"drafting","to":"saving"}
{"ts":"2026-06-30T10:46:12.780Z","runId":"20260630-134612","type":"phase_changed","from":"saving","to":"done","draftLength":86}
{"ts":"2026-06-30T10:46:12.781Z","runId":"20260630-134612","type":"queue_saved","depth":0,"entries":2,"engines":"duckduckgo"}
{"ts":"2026-06-30T10:46:12.782Z","runId":"20260630-134612","type":"search_executed","query":"Q1","resultCount":2,"elapsedMs":0,"depth":0}
{"ts":"2026-06-30T10:46:12.782Z","runId":"20260630-134612","type":"search_executed","query":"Q2","resultCount":2,"elapsedMs":0,"depth":0}
{"ts":"2026-06-30T10:46:12.782Z","runId":"20260630-134612","type":"scrape_executed","url":"https://xstate.js.org","title":"XState","bytes":15,"elapsedMs":0,"depth":0}
{"ts":"2026-06-30T10:46:12.782Z","runId":"20260630-134612","type":"scrape_executed","url":"https://thisrobot.life","title":"Robot","bytes":16,"elapsedMs":0,"depth":0}
{"ts":"2026-06-30T10:46:12.783Z","runId":"20260630-134612","type":"phase_changed","from":"searching","to":"extracting","depth":1}
{"ts":"2026-06-30T10:46:12.783Z","runId":"20260630-134612","type":"extraction","length":712,"depth":1}
{"ts":"2026-06-30T10:46:12.783Z","runId":"20260630-134612","type":"deepening_skipped","reason":"depth_reached","currentDepth":1,"totalDepth":1}
{"ts":"2026-06-30T10:46:12.784Z","runId":"20260630-134612","type":"phase_changed","from":"extracting","to":"drafting","depth":1}
{"ts":"2026-06-30T10:46:12.784Z","runId":"20260630-134612","type":"drafting","length":620}
