{"ts":"2026-06-30T23:59:01.258Z","runId":"20260701-025901","type":"queue_saved","depth":0,"entries":1,"engines":"brave"}
{"ts":"2026-06-30T23:59:01.259Z","runId":"20260701-025901","type":"search_executed","query":"q1","resultCount":0,"elapsedMs":0,"depth":0}
{"ts":"2026-06-30T23:59:01.260Z","runId":"20260701-025901","type":"phase_changed","from":"searching","to":"extracting","depth":1}
{"ts":"2026-06-30T23:59:01.260Z","runId":"20260701-025901","type":"extraction","length":333,"depth":1}
{"ts":"2026-06-30T23:59:01.266Z","runId":"20260701-025901","type":"queue_saved","depth":0,"entries":1,"engines":"brave"}
{"ts":"2026-06-30T23:59:01.265Z","runId":"20260701-025901","type":"queue_saved","depth":0,"entries":4,"engines":"duckduckgo"}
{"ts":"2026-06-30T23:59:01.266Z","runId":"20260701-025901","type":"search_executed","query":"q1","resultCount":0,"elapsedMs":0,"depth":0}
{"ts":"2026-06-30T23:59:01.270Z","runId":"20260701-025901","type":"phase_changed","from":"searching","to":"extracting","depth":1}
{"ts":"2026-06-30T23:59:01.272Z","runId":"20260701-025901","type":"extraction","length":333,"depth":1}
{"ts":"2026-06-30T23:59:01.292Z","runId":"20260701-025901","type":"queue_saved","depth":0,"entries":2,"engines":"duckduckgo"}
{"ts":"2026-06-30T23:59:01.293Z","runId":"20260701-025901","type":"search_executed","query":"Original Q1","resultCount":1,"elapsedMs":0,"depth":0}
{"ts":"2026-06-30T23:59:01.294Z","runId":"20260701-025901","type":"search_executed","query":"Original Q2","resultCount":1,"elapsedMs":1,"depth":0}
{"ts":"2026-06-30T23:59:01.295Z","runId":"20260701-025901","type":"scrape_executed","url":"https://a.com","title":"https://a.com","bytes":4,"elapsedMs":0,"depth":0}
{"ts":"2026-06-30T23:59:01.296Z","runId":"20260701-025901","type":"phase_changed","from":"searching","to":"extracting","depth":1}
{"ts":"2026-06-30T23:59:01.297Z","runId":"20260701-025901","type":"extraction","length":488,"depth":1}
{"ts":"2026-06-30T23:59:01.302Z","runId":"20260701-025901","type":"queue_saved","depth":0,"entries":2,"engines":"duckduckgo"}
{"ts":"2026-06-30T23:59:01.302Z","runId":"20260701-025901","type":"search_executed","query":"Original Q1","resultCount":1,"elapsedMs":0,"depth":0}
{"ts":"2026-06-30T23:59:01.304Z","runId":"20260701-025901","type":"search_executed","query":"Original Q2","resultCount":1,"elapsedMs":2,"depth":0}
{"ts":"2026-06-30T23:59:01.304Z","runId":"20260701-025901","type":"scrape_executed","url":"https://a.com","title":"https://a.com","bytes":4,"elapsedMs":0,"depth":0}
{"ts":"2026-06-30T23:59:01.305Z","runId":"20260701-025901","type":"phase_changed","from":"searching","to":"extracting","depth":1}
{"ts":"2026-06-30T23:59:01.308Z","runId":"20260701-025901","type":"extraction","length":488,"depth":1}
{"ts":"2026-06-30T23:59:01.308Z","runId":"20260701-025901","type":"phase_changed","from":"extracting","to":"questioning","depth":1}
{"ts":"2026-06-30T23:59:01.312Z","runId":"20260701-025901","type":"deepening","length":323,"depth":1}
{"ts":"2026-06-30T23:59:01.315Z","runId":"20260701-025901","type":"queue_saved","depth":1,"entries":2,"engines":"duckduckgo"}
{"ts":"2026-06-30T23:59:01.316Z","runId":"20260701-025901","type":"search_executed","query":"What is the first follow-up question?","resultCount":1,"elapsedMs":0,"depth":1}
{"ts":"2026-06-30T23:59:01.317Z","runId":"20260701-025901","type":"search_executed","query":"What is the second follow-up question?","resultCount":1,"elapsedMs":1,"depth":1}
{"ts":"2026-06-30T23:59:01.317Z","runId":"20260701-025901","type":"phase_changed","from":"searching","to":"extracting","depth":2}
{"ts":"2026-06-30T23:59:01.318Z","runId":"20260701-025901","type":"extraction","length":467,"depth":2}
{"ts":"2026-06-30T23:59:01.320Z","runId":"20260701-025901","type":"search_executed","query":"Q1","resultCount":2,"elapsedMs":53,"depth":0}
{"ts":"2026-06-30T23:59:01.322Z","runId":"20260701-025901","type":"search_executed","query":"Q2","resultCount":2,"elapsedMs":54,"depth":0}
{"ts":"2026-06-30T23:59:01.324Z","runId":"20260701-025901","type":"search_executed","query":"Q3","resultCount":2,"elapsedMs":56,"depth":0}
{"ts":"2026-06-30T23:59:01.324Z","runId":"20260701-025901","type":"queue_saved","depth":0,"entries":2,"engines":"duckduckgo"}
{"ts":"2026-06-30T23:59:01.324Z","runId":"20260701-025901","type":"search_executed","query":"Q4","resultCount":2,"elapsedMs":56,"depth":0}
{"ts":"2026-06-30T23:59:01.325Z","runId":"20260701-025901","type":"search_executed","query":"Original Q1","resultCount":1,"elapsedMs":1,"depth":0}
{"ts":"2026-06-30T23:59:01.325Z","runId":"20260701-025901","type":"search_executed","query":"Original Q2","resultCount":1,"elapsedMs":1,"depth":0}
{"ts":"2026-06-30T23:59:01.325Z","runId":"20260701-025901","type":"scrape_executed","url":"https://a.com","title":"https://a.com","bytes":4,"elapsedMs":0,"depth":0}
{"ts":"2026-06-30T23:59:01.326Z","runId":"20260701-025901","type":"phase_changed","from":"searching","to":"extracting","depth":1}
{"ts":"2026-06-30T23:59:01.326Z","runId":"20260701-025901","type":"extraction","length":488,"depth":1}
{"ts":"2026-06-30T23:59:01.327Z","runId":"20260701-025901","type":"phase_changed","from":"extracting","to":"questioning","depth":1}
{"ts":"2026-06-30T23:59:01.327Z","runId":"20260701-025901","type":"deepening","length":323,"depth":1}
{"ts":"2026-06-30T23:59:01.328Z","runId":"20260701-025901","type":"queue_saved","depth":1,"entries":2,"engines":"duckduckgo"}
{"ts":"2026-06-30T23:59:01.328Z","runId":"20260701-025901","type":"queue_saved","depth":0,"entries":2,"engines":"duckduckgo"}
{"ts":"2026-06-30T23:59:01.329Z","runId":"20260701-025901","type":"search_executed","query":"Original Q1","resultCount":1,"elapsedMs":0,"depth":1}
{"ts":"2026-06-30T23:59:01.329Z","runId":"20260701-025901","type":"search_executed","query":"Q1","resultCount":1,"elapsedMs":0,"depth":0}
{"ts":"2026-06-30T23:59:01.330Z","runId":"20260701-025901","type":"search_executed","query":"Original Q2","resultCount":1,"elapsedMs":1,"depth":1}
{"ts":"2026-06-30T23:59:01.330Z","runId":"20260701-025901","type":"phase_changed","from":"searching","to":"extracting","depth":2}
{"ts":"2026-06-30T23:59:01.330Z","runId":"20260701-025901","type":"search_executed","query":"Q2","resultCount":1,"elapsedMs":1,"depth":0}
{"ts":"2026-06-30T23:59:01.330Z","runId":"20260701-025901","type":"extraction","length":414,"depth":2}
{"ts":"2026-06-30T23:59:01.330Z","runId":"20260701-025901","type":"scrape_executed","url":"https://a.com","title":"https://a.com","bytes":4,"elapsedMs":0,"depth":0}
{"ts":"2026-06-30T23:59:01.331Z","runId":"20260701-025901","type":"phase_changed","from":"searching","to":"extracting","depth":1}
{"ts":"2026-06-30T23:59:01.331Z","runId":"20260701-025901","type":"scrape_executed","url":"https://a.com","title":"https://a.com","bytes":4,"elapsedMs":6,"depth":0}
{"ts":"2026-06-30T23:59:01.332Z","runId":"20260701-025901","type":"queue_saved","depth":0,"entries":2,"engines":"duckduckgo"}
{"ts":"2026-06-30T23:59:01.332Z","runId":"20260701-025901","type":"extraction","length":470,"depth":1}
{"ts":"2026-06-30T23:59:01.332Z","runId":"20260701-025901","type":"search_executed","query":"Original Q1","resultCount":1,"elapsedMs":0,"depth":0}
{"ts":"2026-06-30T23:59:01.332Z","runId":"20260701-025901","type":"scrape_executed","url":"https://b.com","title":"https://b.com","bytes":4,"elapsedMs":7,"depth":0}
{"ts":"2026-06-30T23:59:01.332Z","runId":"20260701-025901","type":"search_executed","query":"Original Q2","resultCount":1,"elapsedMs":0,"depth":0}
{"ts":"2026-06-30T23:59:01.332Z","runId":"20260701-025901","type":"phase_changed","from":"extracting","to":"questioning","depth":1}
{"ts":"2026-06-30T23:59:01.333Z","runId":"20260701-025901","type":"phase_changed","from":"searching","to":"extracting","depth":1}
{"ts":"2026-06-30T23:59:01.333Z","runId":"20260701-025901","type":"scrape_executed","url":"https://a.com","title":"https://a.com","bytes":4,"elapsedMs":0,"depth":0}
{"ts":"2026-06-30T23:59:01.333Z","runId":"20260701-025901","type":"deepening","length":323,"depth":1}
{"ts":"2026-06-30T23:59:01.333Z","runId":"20260701-025901","type":"extraction","length":705,"depth":1}
{"ts":"2026-06-30T23:59:01.334Z","runId":"20260701-025901","type":"phase_changed","from":"searching","to":"extracting","depth":1}
{"ts":"2026-06-30T23:59:01.335Z","runId":"20260701-025901","type":"extraction","length":488,"depth":1}
{"ts":"2026-06-30T23:59:01.337Z","runId":"20260701-025901","type":"queue_saved","depth":0,"entries":3,"engines":"duckduckgo"}
{"ts":"2026-06-30T23:59:01.337Z","runId":"20260701-025901","type":"queue_saved","depth":1,"entries":2,"engines":"duckduckgo"}
{"ts":"2026-06-30T23:59:01.338Z","runId":"20260701-025901","type":"phase_changed","from":"extracting","to":"questioning","depth":1}
{"ts":"2026-06-30T23:59:01.338Z","runId":"20260701-025901","type":"search_executed","query":"Question one?","resultCount":1,"elapsedMs":0,"depth":1}
{"ts":"2026-06-30T23:59:01.338Z","runId":"20260701-025901","type":"deepening","length":323,"depth":1}
{"ts":"2026-06-30T23:59:01.339Z","runId":"20260701-025901","type":"search_executed","query":"Question two?","resultCount":1,"elapsedMs":1,"depth":1}
{"ts":"2026-06-30T23:59:01.340Z","runId":"20260701-025901","type":"phase_changed","from":"searching","to":"extracting","depth":2}
{"ts":"2026-06-30T23:59:01.340Z","runId":"20260701-025901","type":"queue_saved","depth":1,"entries":2,"engines":"duckduckgo"}
{"ts":"2026-06-30T23:59:01.340Z","runId":"20260701-025901","type":"extraction","length":418,"depth":2}
{"ts":"2026-06-30T23:59:01.340Z","runId":"20260701-025901","type":"search_executed","query":"Original Q1","resultCount":1,"elapsedMs":0,"depth":1}
{"ts":"2026-06-30T23:59:01.342Z","runId":"20260701-025901","type":"search_executed","query":"Original Q2","resultCount":1,"elapsedMs":2,"depth":1}
{"ts":"2026-06-30T23:59:01.342Z","runId":"20260701-025901","type":"phase_changed","from":"searching","to":"extracting","depth":2}
{"ts":"2026-06-30T23:59:01.343Z","runId":"20260701-025901","type":"extraction","length":414,"depth":2}
{"ts":"2026-06-30T23:59:01.343Z","runId":"20260701-025901","type":"queue_saved","depth":0,"entries":2,"engines":"duckduckgo"}
{"ts":"2026-06-30T23:59:01.344Z","runId":"20260701-025901","type":"search_executed","query":"Q1","resultCount":1,"elapsedMs":0,"depth":0}
{"ts":"2026-06-30T23:59:01.345Z","runId":"20260701-025901","type":"search_executed","query":"Q2","resultCount":1,"elapsedMs":1,"depth":0}
{"ts":"2026-06-30T23:59:01.345Z","runId":"20260701-025901","type":"scrape_executed","url":"https://a.com","title":"https://a.com","bytes":4,"elapsedMs":0,"depth":0}
{"ts":"2026-06-30T23:59:01.346Z","runId":"20260701-025901","type":"phase_changed","from":"searching","to":"extracting","depth":1}
{"ts":"2026-06-30T23:59:01.347Z","runId":"20260701-025901","type":"extraction","length":470,"depth":1}
{"ts":"2026-06-30T23:59:01.348Z","runId":"20260701-025901","type":"phase_changed","from":"extracting","to":"questioning","depth":1}
{"ts":"2026-06-30T23:59:01.348Z","runId":"20260701-025901","type":"deepening","length":323,"depth":1}
{"ts":"2026-06-30T23:59:01.350Z","runId":"20260701-025901","type":"search_executed","query":"Q1","resultCount":2,"elapsedMs":12,"depth":0}
{"ts":"2026-06-30T23:59:01.351Z","runId":"20260701-025901","type":"queue_saved","depth":1,"entries":2,"engines":"duckduckgo"}
{"ts":"2026-06-30T23:59:01.351Z","runId":"20260701-025901","type":"search_executed","query":"Q2","resultCount":2,"elapsedMs":13,"depth":0}
{"ts":"2026-06-30T23:59:01.353Z","runId":"20260701-025901","type":"search_executed","query":"Question one?","resultCount":1,"elapsedMs":0,"depth":1}
{"ts":"2026-06-30T23:59:01.354Z","runId":"20260701-025901","type":"search_executed","query":"Q3","resultCount":2,"elapsedMs":16,"depth":0}
{"ts":"2026-06-30T23:59:01.357Z","runId":"20260701-025901","type":"search_executed","query":"Question two?","resultCount":1,"elapsedMs":4,"depth":1}
{"ts":"2026-06-30T23:59:01.358Z","runId":"20260701-025901","type":"phase_changed","from":"searching","to":"extracting","depth":2}
{"ts":"2026-06-30T23:59:01.358Z","runId":"20260701-025901","type":"extraction","length":418,"depth":2}
{"ts":"2026-06-30T23:59:01.361Z","runId":"20260701-025901","type":"queue_saved","depth":0,"entries":2,"engines":"duckduckgo"}
{"ts":"2026-06-30T23:59:01.362Z","runId":"20260701-025901","type":"search_executed","query":"Q1","resultCount":1,"elapsedMs":0,"depth":0}
{"ts":"2026-06-30T23:59:01.363Z","runId":"20260701-025901","type":"scrape_executed","url":"https://a.com","title":"https://a.com","bytes":4,"elapsedMs":6,"depth":0}
{"ts":"2026-06-30T23:59:01.363Z","runId":"20260701-025901","type":"search_executed","query":"Q2","resultCount":1,"elapsedMs":1,"depth":0}
{"ts":"2026-06-30T23:59:01.364Z","runId":"20260701-025901","type":"scrape_executed","url":"https://b.com","title":"https://b.com","bytes":4,"elapsedMs":7,"depth":0}
{"ts":"2026-06-30T23:59:01.364Z","runId":"20260701-025901","type":"scrape_executed","url":"https://a.com","title":"https://a.com","bytes":4,"elapsedMs":0,"depth":0}
{"ts":"2026-06-30T23:59:01.366Z","runId":"20260701-025901","type":"phase_changed","from":"searching","to":"extracting","depth":1}
{"ts":"2026-06-30T23:59:01.366Z","runId":"20260701-025901","type":"phase_changed","from":"searching","to":"extracting","depth":1}
{"ts":"2026-06-30T23:59:01.367Z","runId":"20260701-025901","type":"extraction","length":470,"depth":1}
{"ts":"2026-06-30T23:59:01.367Z","runId":"20260701-025901","type":"extraction","length":640,"depth":1}
{"ts":"2026-06-30T23:59:01.368Z","runId":"20260701-025901","type":"phase_changed","from":"extracting","to":"questioning","depth":1}
{"ts":"2026-06-30T23:59:01.368Z","runId":"20260701-025901","type":"deepening_skipped","reason":"depth_reached","currentDepth":1,"totalDepth":1}
{"ts":"2026-06-30T23:59:01.368Z","runId":"20260701-025901","type":"deepening","length":323,"depth":1}
{"ts":"2026-06-30T23:59:01.368Z","runId":"20260701-025901","type":"phase_changed","from":"extracting","to":"drafting","depth":1}
{"ts":"2026-06-30T23:59:01.369Z","runId":"20260701-025901","type":"drafting","length":569}
{"ts":"2026-06-30T23:59:01.370Z","runId":"20260701-025901","type":"drafting_extracted","textLength":117,"agentResponseType":"string","isArray":false}
{"ts":"2026-06-30T23:59:01.372Z","runId":"20260701-025901","type":"queue_saved","depth":1,"entries":2,"engines":"duckduckgo"}
{"ts":"2026-06-30T23:59:01.373Z","runId":"20260701-025901","type":"phase_changed","from":"drafting","to":"saving"}
{"ts":"2026-06-30T23:59:01.374Z","runId":"20260701-025901","type":"search_executed","query":"Q1","resultCount":1,"elapsedMs":0,"depth":1}
{"ts":"2026-06-30T23:59:01.375Z","runId":"20260701-025901","type":"phase_changed","from":"saving","to":"done","draftLength":117}
{"ts":"2026-06-30T23:59:01.375Z","runId":"20260701-025901","type":"search_executed","query":"Q2","resultCount":1,"elapsedMs":1,"depth":1}
{"ts":"2026-06-30T23:59:01.376Z","runId":"20260701-025901","type":"phase_changed","from":"searching","to":"extracting","depth":2}
{"ts":"2026-06-30T23:59:01.388Z","runId":"20260701-025901","type":"extraction","length":396,"depth":2}
{"ts":"2026-06-30T23:59:01.920Z","runId":"20260701-025901","type":"queue_saved","depth":0,"entries":3,"engines":"duckduckgo"}
{"ts":"2026-06-30T23:59:01.921Z","runId":"20260701-025901","type":"search_executed","query":"Q1","resultCount":2,"elapsedMs":0,"depth":0}
{"ts":"2026-06-30T23:59:01.921Z","runId":"20260701-025901","type":"search_executed","query":"Q2","resultCount":2,"elapsedMs":0,"depth":0}
{"ts":"2026-06-30T23:59:01.922Z","runId":"20260701-025901","type":"search_executed","query":"Q3","resultCount":2,"elapsedMs":1,"depth":0}
{"ts":"2026-06-30T23:59:01.922Z","runId":"20260701-025901","type":"scrape_executed","url":"https://xstate.js.org","title":"XState Docs","bytes":46,"elapsedMs":0,"depth":0}
{"ts":"2026-06-30T23:59:01.923Z","runId":"20260701-025901","type":"scrape_executed","url":"https://thisrobot.life","title":"Robot FSM","bytes":45,"elapsedMs":1,"depth":0}
{"ts":"2026-06-30T23:59:01.923Z","runId":"20260701-025901","type":"phase_changed","from":"searching","to":"extracting","depth":1}
{"ts":"2026-06-30T23:59:01.924Z","runId":"20260701-025901","type":"extraction","length":974,"depth":1}
{"ts":"2026-06-30T23:59:01.924Z","runId":"20260701-025901","type":"phase_changed","from":"extracting","to":"questioning","depth":1}
{"ts":"2026-06-30T23:59:01.924Z","runId":"20260701-025901","type":"deepening","length":350,"depth":1}
{"ts":"2026-06-30T23:59:01.926Z","runId":"20260701-025901","type":"queue_saved","depth":1,"entries":3,"engines":"duckduckgo"}
{"ts":"2026-06-30T23:59:01.926Z","runId":"20260701-025901","type":"search_executed","query":"Q1","resultCount":2,"elapsedMs":0,"depth":1}
{"ts":"2026-06-30T23:59:01.926Z","runId":"20260701-025901","type":"search_executed","query":"Q2","resultCount":2,"elapsedMs":0,"depth":1}
{"ts":"2026-06-30T23:59:01.927Z","runId":"20260701-025901","type":"search_executed","query":"Q3","resultCount":2,"elapsedMs":1,"depth":1}
{"ts":"2026-06-30T23:59:01.927Z","runId":"20260701-025901","type":"phase_changed","from":"searching","to":"extracting","depth":2}
{"ts":"2026-06-30T23:59:01.927Z","runId":"20260701-025901","type":"extraction","length":753,"depth":2}
{"ts":"2026-06-30T23:59:01.928Z","runId":"20260701-025901","type":"deepening_skipped","reason":"depth_reached","currentDepth":2,"totalDepth":2}
{"ts":"2026-06-30T23:59:01.928Z","runId":"20260701-025901","type":"phase_changed","from":"extracting","to":"drafting","depth":2}
{"ts":"2026-06-30T23:59:01.929Z","runId":"20260701-025901","type":"drafting","length":629}
{"ts":"2026-06-30T23:59:01.929Z","runId":"20260701-025901","type":"drafting_extracted","textLength":51,"agentResponseType":"string","isArray":false}
{"ts":"2026-06-30T23:59:01.930Z","runId":"20260701-025901","type":"phase_changed","from":"drafting","to":"saving"}
{"ts":"2026-06-30T23:59:01.930Z","runId":"20260701-025901","type":"phase_changed","from":"saving","to":"done","draftLength":51}
{"ts":"2026-06-30T23:59:01.933Z","runId":"20260701-025901","type":"queue_saved","depth":0,"entries":1,"engines":"duckduckgo"}
{"ts":"2026-06-30T23:59:01.934Z","runId":"20260701-025901","type":"search_executed","query":"q","resultCount":2,"elapsedMs":1,"depth":0}
{"ts":"2026-06-30T23:59:01.934Z","runId":"20260701-025901","type":"scrape_executed","url":"https://xstate.js.org","title":"XState Docs","bytes":46,"elapsedMs":0,"depth":0}
{"ts":"2026-06-30T23:59:01.934Z","runId":"20260701-025901","type":"scrape_executed","url":"https://thisrobot.life","title":"Robot FSM","bytes":45,"elapsedMs":0,"depth":0}
{"ts":"2026-06-30T23:59:01.935Z","runId":"20260701-025901","type":"phase_changed","from":"searching","to":"extracting","depth":1}
{"ts":"2026-06-30T23:59:01.935Z","runId":"20260701-025901","type":"extraction","length":683,"depth":1}
{"ts":"2026-06-30T23:59:01.936Z","runId":"20260701-025901","type":"phase_changed","from":"extracting","to":"questioning","depth":1}
{"ts":"2026-06-30T23:59:01.936Z","runId":"20260701-025901","type":"deepening","length":323,"depth":1}
{"ts":"2026-06-30T23:59:01.937Z","runId":"20260701-025901","type":"queue_saved","depth":1,"entries":1,"engines":"duckduckgo"}
{"ts":"2026-06-30T23:59:01.937Z","runId":"20260701-025901","type":"search_executed","query":"q","resultCount":2,"elapsedMs":0,"depth":1}
{"ts":"2026-06-30T23:59:01.939Z","runId":"20260701-025901","type":"phase_changed","from":"searching","to":"extracting","depth":2}
{"ts":"2026-06-30T23:59:01.939Z","runId":"20260701-025901","type":"extraction","length":462,"depth":2}
{"ts":"2026-06-30T23:59:01.945Z","runId":"20260701-025901","type":"deepening_skipped","reason":"depth_reached","currentDepth":2,"totalDepth":2}
{"ts":"2026-06-30T23:59:01.946Z","runId":"20260701-025901","type":"phase_changed","from":"extracting","to":"drafting","depth":2}
{"ts":"2026-06-30T23:59:01.946Z","runId":"20260701-025901","type":"drafting","length":569}
{"ts":"2026-06-30T23:59:01.946Z","runId":"20260701-025901","type":"drafting_extracted","textLength":0,"agentResponseType":"string","isArray":false}
{"ts":"2026-06-30T23:59:01.946Z","runId":"20260701-025901","type":"drafting_retry","reason":"empty_response","length":0}
{"ts":"2026-06-30T23:59:01.951Z","runId":"20260701-025901","type":"queue_saved","depth":0,"entries":3,"engines":"duckduckgo"}
{"ts":"2026-06-30T23:59:01.955Z","runId":"20260701-025901","type":"search_executed","query":"Q1","resultCount":2,"elapsedMs":0,"depth":0}
{"ts":"2026-06-30T23:59:01.956Z","runId":"20260701-025901","type":"search_executed","query":"Q2","resultCount":2,"elapsedMs":1,"depth":0}
{"ts":"2026-06-30T23:59:01.957Z","runId":"20260701-025901","type":"search_executed","query":"Q3","resultCount":2,"elapsedMs":2,"depth":0}
{"ts":"2026-06-30T23:59:01.958Z","runId":"20260701-025901","type":"scrape_executed","url":"https://xstate.js.org","title":"XState Docs","bytes":46,"elapsedMs":0,"depth":0}
{"ts":"2026-06-30T23:59:01.958Z","runId":"20260701-025901","type":"scrape_executed","url":"https://thisrobot.life","title":"Robot FSM","bytes":45,"elapsedMs":0,"depth":0}
{"ts":"2026-06-30T23:59:01.958Z","runId":"20260701-025901","type":"phase_changed","from":"searching","to":"extracting","depth":1}
{"ts":"2026-06-30T23:59:01.959Z","runId":"20260701-025901","type":"extraction","length":974,"depth":1}
{"ts":"2026-06-30T23:59:01.959Z","runId":"20260701-025901","type":"phase_changed","from":"extracting","to":"questioning","depth":1}
{"ts":"2026-06-30T23:59:01.960Z","runId":"20260701-025901","type":"deepening","length":350,"depth":1}
{"ts":"2026-06-30T23:59:01.962Z","runId":"20260701-025901","type":"queue_saved","depth":1,"entries":3,"engines":"duckduckgo"}
{"ts":"2026-06-30T23:59:01.962Z","runId":"20260701-025901","type":"search_executed","query":"Q1","resultCount":2,"elapsedMs":0,"depth":1}
{"ts":"2026-06-30T23:59:01.962Z","runId":"20260701-025901","type":"search_executed","query":"Q2","resultCount":2,"elapsedMs":0,"depth":1}
{"ts":"2026-06-30T23:59:01.963Z","runId":"20260701-025901","type":"search_executed","query":"Q3","resultCount":2,"elapsedMs":1,"depth":1}
{"ts":"2026-06-30T23:59:01.963Z","runId":"20260701-025901","type":"phase_changed","from":"searching","to":"extracting","depth":2}
{"ts":"2026-06-30T23:59:01.963Z","runId":"20260701-025901","type":"extraction","length":753,"depth":2}
{"ts":"2026-06-30T23:59:01.964Z","runId":"20260701-025901","type":"deepening_skipped","reason":"depth_reached","currentDepth":2,"totalDepth":2}
{"ts":"2026-06-30T23:59:01.964Z","runId":"20260701-025901","type":"phase_changed","from":"extracting","to":"drafting","depth":2}
{"ts":"2026-06-30T23:59:01.964Z","runId":"20260701-025901","type":"drafting","length":629}
{"ts":"2026-06-30T23:59:01.965Z","runId":"20260701-025901","type":"drafting_extracted","textLength":117,"agentResponseType":"string","isArray":false}
{"ts":"2026-06-30T23:59:01.965Z","runId":"20260701-025901","type":"phase_changed","from":"drafting","to":"saving"}
{"ts":"2026-06-30T23:59:01.965Z","runId":"20260701-025901","type":"phase_changed","from":"saving","to":"done","draftLength":117}
