{"ts":"2026-06-30T23:59:03.283Z","runId":"20260701-025903","type":"queue_saved","depth":0,"entries":3,"engines":"duckduckgo"}
{"ts":"2026-06-30T23:59:03.286Z","runId":"20260701-025903","type":"search_executed","query":"Q1","resultCount":1,"elapsedMs":1,"depth":0}
{"ts":"2026-06-30T23:59:03.287Z","runId":"20260701-025903","type":"search_executed","query":"Q2","resultCount":1,"elapsedMs":2,"depth":0}
{"ts":"2026-06-30T23:59:03.289Z","runId":"20260701-025903","type":"search_executed","query":"Q3","resultCount":1,"elapsedMs":3,"depth":0}
{"ts":"2026-06-30T23:59:03.296Z","runId":"20260701-025903","type":"scrape_executed","url":"https://a.com","title":"https://a.com","bytes":4,"elapsedMs":0,"depth":0}
{"ts":"2026-06-30T23:59:03.299Z","runId":"20260701-025903","type":"phase_changed","from":"searching","to":"extracting","depth":1}
{"ts":"2026-06-30T23:59:03.299Z","runId":"20260701-025903","type":"extraction","length":509,"depth":1}
{"ts":"2026-06-30T23:59:03.300Z","runId":"20260701-025903","type":"phase_changed","from":"extracting","to":"questioning","depth":1}
{"ts":"2026-06-30T23:59:03.302Z","runId":"20260701-025903","type":"deepening","length":323,"depth":1}
{"ts":"2026-06-30T23:59:03.310Z","runId":"20260701-025903","type":"queue_saved","depth":1,"entries":3,"engines":"duckduckgo"}
{"ts":"2026-06-30T23:59:03.310Z","runId":"20260701-025903","type":"search_executed","query":"Q1","resultCount":1,"elapsedMs":0,"depth":1}
{"ts":"2026-06-30T23:59:03.314Z","runId":"20260701-025903","type":"search_executed","query":"Q2","resultCount":1,"elapsedMs":4,"depth":1}
{"ts":"2026-06-30T23:59:03.324Z","runId":"20260701-025903","type":"search_executed","query":"Q3","resultCount":1,"elapsedMs":14,"depth":1}
{"ts":"2026-06-30T23:59:03.327Z","runId":"20260701-025903","type":"soft_limit_triggered","searchCalls":6,"maxSearchCalls":5,"elapsedSeconds":0,"maxElapsedSeconds":0}
{"ts":"2026-06-30T23:59:03.332Z","runId":"20260701-025903","type":"phase_changed","from":"searching","to":"extracting","depth":2}
{"ts":"2026-06-30T23:59:03.338Z","runId":"20260701-025903","type":"extraction","length":435,"depth":2}
{"ts":"2026-06-30T23:59:03.343Z","runId":"20260701-025903","type":"deepening_skipped","reason":"soft_limit","currentDepth":2,"totalDepth":3}
{"ts":"2026-06-30T23:59:03.347Z","runId":"20260701-025903","type":"phase_changed","from":"extracting","to":"drafting","depth":2}
{"ts":"2026-06-30T23:59:03.348Z","runId":"20260701-025903","type":"drafting","length":569}
{"ts":"2026-06-30T23:59:03.349Z","runId":"20260701-025903","type":"drafting_extracted","textLength":82,"agentResponseType":"string","isArray":false}
{"ts":"2026-06-30T23:59:03.350Z","runId":"20260701-025903","type":"phase_changed","from":"drafting","to":"saving"}
{"ts":"2026-06-30T23:59:03.352Z","runId":"20260701-025903","type":"phase_changed","from":"saving","to":"done","draftLength":82}
{"ts":"2026-06-30T23:59:03.358Z","runId":"20260701-025903","type":"queue_saved","depth":0,"entries":2,"engines":"duckduckgo"}
{"ts":"2026-06-30T23:59:03.361Z","runId":"20260701-025903","type":"search_executed","query":"Q1","resultCount":2,"elapsedMs":1,"depth":0}
{"ts":"2026-06-30T23:59:03.363Z","runId":"20260701-025903","type":"search_executed","query":"Q2","resultCount":2,"elapsedMs":3,"depth":0}
{"ts":"2026-06-30T23:59:03.361Z","runId":"20260701-025903","type":"queue_saved","depth":0,"entries":3,"engines":"duckduckgo"}
{"ts":"2026-06-30T23:59:03.364Z","runId":"20260701-025903","type":"scrape_executed","url":"https://xstate.js.org","title":"XState","bytes":15,"elapsedMs":0,"depth":0}
{"ts":"2026-06-30T23:59:03.366Z","runId":"20260701-025903","type":"scrape_executed","url":"https://thisrobot.life","title":"Robot","bytes":16,"elapsedMs":2,"depth":0}
{"ts":"2026-06-30T23:59:03.365Z","runId":"20260701-025903","type":"search_executed","query":"Q1","resultCount":1,"elapsedMs":0,"depth":0}
{"ts":"2026-06-30T23:59:03.367Z","runId":"20260701-025903","type":"phase_changed","from":"searching","to":"extracting","depth":1}
{"ts":"2026-06-30T23:59:03.367Z","runId":"20260701-025903","type":"search_executed","query":"Q2","resultCount":1,"elapsedMs":2,"depth":0}
{"ts":"2026-06-30T23:59:03.373Z","runId":"20260701-025903","type":"extraction","length":712,"depth":1}
{"ts":"2026-06-30T23:59:03.375Z","runId":"20260701-025903","type":"search_executed","query":"Q3","resultCount":1,"elapsedMs":10,"depth":0}
{"ts":"2026-06-30T23:59:03.377Z","runId":"20260701-025903","type":"phase_changed","from":"extracting","to":"questioning","depth":1}
{"ts":"2026-06-30T23:59:03.377Z","runId":"20260701-025903","type":"deepening","length":350,"depth":1}
{"ts":"2026-06-30T23:59:03.377Z","runId":"20260701-025903","type":"scrape_executed","url":"https://a.com","title":"https://a.com","bytes":4,"elapsedMs":0,"depth":0}
{"ts":"2026-06-30T23:59:03.389Z","runId":"20260701-025903","type":"queue_saved","depth":1,"entries":2,"engines":"duckduckgo"}
{"ts":"2026-06-30T23:59:03.392Z","runId":"20260701-025903","type":"phase_changed","from":"searching","to":"extracting","depth":1}
{"ts":"2026-06-30T23:59:03.395Z","runId":"20260701-025903","type":"extraction","length":509,"depth":1}
{"ts":"2026-06-30T23:59:03.392Z","runId":"20260701-025903","type":"search_executed","query":"Q1","resultCount":2,"elapsedMs":0,"depth":1}
{"ts":"2026-06-30T23:59:03.396Z","runId":"20260701-025903","type":"search_executed","query":"Q2","resultCount":2,"elapsedMs":4,"depth":1}
{"ts":"2026-06-30T23:59:03.398Z","runId":"20260701-025903","type":"phase_changed","from":"searching","to":"extracting","depth":2}
{"ts":"2026-06-30T23:59:03.399Z","runId":"20260701-025903","type":"extraction","length":560,"depth":2}
{"ts":"2026-06-30T23:59:03.395Z","runId":"20260701-025903","type":"phase_changed","from":"extracting","to":"questioning","depth":1}
{"ts":"2026-06-30T23:59:03.399Z","runId":"20260701-025903","type":"deepening_skipped","reason":"depth_reached","currentDepth":2,"totalDepth":2}
{"ts":"2026-06-30T23:59:03.399Z","runId":"20260701-025903","type":"deepening","length":323,"depth":1}
{"ts":"2026-06-30T23:59:03.401Z","runId":"20260701-025903","type":"phase_changed","from":"extracting","to":"drafting","depth":2}
{"ts":"2026-06-30T23:59:03.401Z","runId":"20260701-025903","type":"drafting","length":620}
{"ts":"2026-06-30T23:59:03.402Z","runId":"20260701-025903","type":"queue_saved","depth":1,"entries":3,"engines":"duckduckgo"}
{"ts":"2026-06-30T23:59:03.402Z","runId":"20260701-025903","type":"search_executed","query":"Q1","resultCount":1,"elapsedMs":0,"depth":1}
{"ts":"2026-06-30T23:59:03.402Z","runId":"20260701-025903","type":"search_executed","query":"Q2","resultCount":1,"elapsedMs":0,"depth":1}
{"ts":"2026-06-30T23:59:03.403Z","runId":"20260701-025903","type":"search_executed","query":"Q3","resultCount":1,"elapsedMs":1,"depth":1}
{"ts":"2026-06-30T23:59:03.403Z","runId":"20260701-025903","type":"phase_changed","from":"searching","to":"extracting","depth":2}
{"ts":"2026-06-30T23:59:03.403Z","runId":"20260701-025903","type":"extraction","length":435,"depth":2}
{"ts":"2026-06-30T23:59:03.411Z","runId":"20260701-025903","type":"drafting_extracted","textLength":82,"agentResponseType":"string","isArray":false}
{"ts":"2026-06-30T23:59:03.412Z","runId":"20260701-025903","type":"phase_changed","from":"drafting","to":"saving"}
{"ts":"2026-06-30T23:59:03.413Z","runId":"20260701-025903","type":"phase_changed","from":"saving","to":"done","draftLength":82}
{"ts":"2026-06-30T23:59:03.416Z","runId":"20260701-025903","type":"queue_saved","depth":0,"entries":2,"engines":"duckduckgo"}
{"ts":"2026-06-30T23:59:03.417Z","runId":"20260701-025903","type":"search_executed","query":"Q1","resultCount":2,"elapsedMs":1,"depth":0}
{"ts":"2026-06-30T23:59:03.417Z","runId":"20260701-025903","type":"search_executed","query":"Q2","resultCount":2,"elapsedMs":1,"depth":0}
{"ts":"2026-06-30T23:59:03.417Z","runId":"20260701-025903","type":"scrape_executed","url":"https://xstate.js.org","title":"XState","bytes":15,"elapsedMs":0,"depth":0}
{"ts":"2026-06-30T23:59:03.418Z","runId":"20260701-025903","type":"scrape_executed","url":"https://thisrobot.life","title":"Robot","bytes":16,"elapsedMs":1,"depth":0}
{"ts":"2026-06-30T23:59:03.418Z","runId":"20260701-025903","type":"phase_changed","from":"searching","to":"extracting","depth":1}
{"ts":"2026-06-30T23:59:03.419Z","runId":"20260701-025903","type":"extraction","length":712,"depth":1}
{"ts":"2026-06-30T23:59:03.420Z","runId":"20260701-025903","type":"phase_changed","from":"extracting","to":"questioning","depth":1}
{"ts":"2026-06-30T23:59:03.420Z","runId":"20260701-025903","type":"deepening","length":350,"depth":1}
{"ts":"2026-06-30T23:59:03.422Z","runId":"20260701-025903","type":"queue_saved","depth":1,"entries":2,"engines":"duckduckgo"}
{"ts":"2026-06-30T23:59:03.422Z","runId":"20260701-025903","type":"search_executed","query":"Q1","resultCount":2,"elapsedMs":0,"depth":1}
{"ts":"2026-06-30T23:59:03.422Z","runId":"20260701-025903","type":"search_executed","query":"Q2","resultCount":2,"elapsedMs":0,"depth":1}
{"ts":"2026-06-30T23:59:03.422Z","runId":"20260701-025903","type":"phase_changed","from":"searching","to":"extracting","depth":2}
{"ts":"2026-06-30T23:59:03.423Z","runId":"20260701-025903","type":"extraction","length":560,"depth":2}
{"ts":"2026-06-30T23:59:03.424Z","runId":"20260701-025903","type":"queue_saved","depth":0,"entries":2,"engines":"duckduckgo"}
{"ts":"2026-06-30T23:59:03.437Z","runId":"20260701-025903","type":"search_executed","query":"Q1","resultCount":2,"elapsedMs":0,"depth":0}
{"ts":"2026-06-30T23:59:03.438Z","runId":"20260701-025903","type":"search_executed","query":"Q2","resultCount":2,"elapsedMs":1,"depth":0}
{"ts":"2026-06-30T23:59:03.439Z","runId":"20260701-025903","type":"scrape_executed","url":"https://xstate.js.org","title":"XState","bytes":15,"elapsedMs":0,"depth":0}
{"ts":"2026-06-30T23:59:03.439Z","runId":"20260701-025903","type":"scrape_executed","url":"https://thisrobot.life","title":"Robot","bytes":16,"elapsedMs":0,"depth":0}
{"ts":"2026-06-30T23:59:03.439Z","runId":"20260701-025903","type":"phase_changed","from":"searching","to":"extracting","depth":1}
{"ts":"2026-06-30T23:59:03.440Z","runId":"20260701-025903","type":"extraction","length":712,"depth":1}
{"ts":"2026-06-30T23:59:03.441Z","runId":"20260701-025903","type":"phase_changed","from":"extracting","to":"questioning","depth":1}
{"ts":"2026-06-30T23:59:03.441Z","runId":"20260701-025903","type":"deepening","length":350,"depth":1}
{"ts":"2026-06-30T23:59:03.442Z","runId":"20260701-025903","type":"queue_saved","depth":1,"entries":2,"engines":"duckduckgo"}
{"ts":"2026-06-30T23:59:03.442Z","runId":"20260701-025903","type":"search_executed","query":"Q1","resultCount":2,"elapsedMs":0,"depth":1}
{"ts":"2026-06-30T23:59:03.443Z","runId":"20260701-025903","type":"search_executed","query":"Q2","resultCount":2,"elapsedMs":1,"depth":1}
{"ts":"2026-06-30T23:59:03.443Z","runId":"20260701-025903","type":"phase_changed","from":"searching","to":"extracting","depth":2}
{"ts":"2026-06-30T23:59:03.443Z","runId":"20260701-025903","type":"extraction","length":560,"depth":2}
{"ts":"2026-06-30T23:59:03.443Z","runId":"20260701-025903","type":"deepening_skipped","reason":"depth_reached","currentDepth":2,"totalDepth":2}
{"ts":"2026-06-30T23:59:03.444Z","runId":"20260701-025903","type":"phase_changed","from":"extracting","to":"drafting","depth":2}
{"ts":"2026-06-30T23:59:03.444Z","runId":"20260701-025903","type":"drafting","length":620}
{"ts":"2026-06-30T23:59:03.446Z","runId":"20260701-025903","type":"queue_saved","depth":0,"entries":2,"engines":"duckduckgo"}
{"ts":"2026-06-30T23:59:03.449Z","runId":"20260701-025903","type":"search_executed","query":"Q1","resultCount":2,"elapsedMs":3,"depth":0}
{"ts":"2026-06-30T23:59:03.450Z","runId":"20260701-025903","type":"search_executed","query":"Q2","resultCount":2,"elapsedMs":3,"depth":0}
{"ts":"2026-06-30T23:59:03.451Z","runId":"20260701-025903","type":"scrape_executed","url":"https://xstate.js.org","title":"XState","bytes":15,"elapsedMs":0,"depth":0}
{"ts":"2026-06-30T23:59:03.451Z","runId":"20260701-025903","type":"scrape_executed","url":"https://thisrobot.life","title":"Robot","bytes":16,"elapsedMs":0,"depth":0}
{"ts":"2026-06-30T23:59:03.451Z","runId":"20260701-025903","type":"phase_changed","from":"searching","to":"extracting","depth":1}
{"ts":"2026-06-30T23:59:03.452Z","runId":"20260701-025903","type":"extraction","length":712,"depth":1}
{"ts":"2026-06-30T23:59:03.452Z","runId":"20260701-025903","type":"deepening_skipped","reason":"depth_reached","currentDepth":1,"totalDepth":1}
{"ts":"2026-06-30T23:59:03.452Z","runId":"20260701-025903","type":"phase_changed","from":"extracting","to":"drafting","depth":1}
{"ts":"2026-06-30T23:59:03.452Z","runId":"20260701-025903","type":"drafting","length":620}
{"ts":"2026-06-30T23:59:03.453Z","runId":"20260701-025903","type":"drafting_extracted","textLength":86,"agentResponseType":"string","isArray":false}
{"ts":"2026-06-30T23:59:03.453Z","runId":"20260701-025903","type":"phase_changed","from":"drafting","to":"saving"}
{"ts":"2026-06-30T23:59:03.453Z","runId":"20260701-025903","type":"phase_changed","from":"saving","to":"done","draftLength":86}
{"ts":"2026-06-30T23:59:03.455Z","runId":"20260701-025903","type":"queue_saved","depth":0,"entries":2,"engines":"duckduckgo"}
{"ts":"2026-06-30T23:59:03.455Z","runId":"20260701-025903","type":"search_executed","query":"Q1","resultCount":2,"elapsedMs":0,"depth":0}
{"ts":"2026-06-30T23:59:03.456Z","runId":"20260701-025903","type":"search_executed","query":"Q2","resultCount":2,"elapsedMs":1,"depth":0}
{"ts":"2026-06-30T23:59:03.456Z","runId":"20260701-025903","type":"scrape_executed","url":"https://xstate.js.org","title":"XState","bytes":15,"elapsedMs":0,"depth":0}
{"ts":"2026-06-30T23:59:03.457Z","runId":"20260701-025903","type":"scrape_executed","url":"https://thisrobot.life","title":"Robot","bytes":16,"elapsedMs":1,"depth":0}
{"ts":"2026-06-30T23:59:03.458Z","runId":"20260701-025903","type":"phase_changed","from":"searching","to":"extracting","depth":1}
{"ts":"2026-06-30T23:59:03.458Z","runId":"20260701-025903","type":"extraction","length":712,"depth":1}
{"ts":"2026-06-30T23:59:03.459Z","runId":"20260701-025903","type":"deepening_skipped","reason":"depth_reached","currentDepth":1,"totalDepth":1}
{"ts":"2026-06-30T23:59:03.459Z","runId":"20260701-025903","type":"phase_changed","from":"extracting","to":"drafting","depth":1}
{"ts":"2026-06-30T23:59:03.459Z","runId":"20260701-025903","type":"drafting","length":620}
