{"ts":"2026-06-29T22:08:10.081Z","runId":"20260630-010810","type":"queue_saved","depth":0,"entries":2,"engines":"duckduckgo"}
{"ts":"2026-06-29T22:08:10.082Z","runId":"20260630-010810","type":"queue_saved","depth":0,"entries":3,"engines":"duckduckgo"}
{"ts":"2026-06-29T22:08:10.082Z","runId":"20260630-010810","type":"search_executed","query":"Q1","resultCount":2,"elapsedMs":0,"depth":0}
{"ts":"2026-06-29T22:08:10.082Z","runId":"20260630-010810","type":"search_executed","query":"Q2","resultCount":2,"elapsedMs":0,"depth":0}
{"ts":"2026-06-29T22:08:10.082Z","runId":"20260630-010810","type":"search_executed","query":"Q1","resultCount":1,"elapsedMs":0,"depth":0}
{"ts":"2026-06-29T22:08:10.082Z","runId":"20260630-010810","type":"search_executed","query":"Q2","resultCount":1,"elapsedMs":0,"depth":0}
{"ts":"2026-06-29T22:08:10.082Z","runId":"20260630-010810","type":"scrape_executed","url":"https://xstate.js.org","title":"XState","bytes":15,"elapsedMs":0,"depth":0}
{"ts":"2026-06-29T22:08:10.083Z","runId":"20260630-010810","type":"search_executed","query":"Q3","resultCount":1,"elapsedMs":1,"depth":0}
{"ts":"2026-06-29T22:08:10.083Z","runId":"20260630-010810","type":"scrape_executed","url":"https://thisrobot.life","title":"Robot","bytes":16,"elapsedMs":1,"depth":0}
{"ts":"2026-06-29T22:08:10.084Z","runId":"20260630-010810","type":"scrape_executed","url":"https://a.com","title":"https://a.com","bytes":4,"elapsedMs":0,"depth":0}
{"ts":"2026-06-29T22:08:10.085Z","runId":"20260630-010810","type":"phase_changed","from":"searching","to":"extracting","depth":1}
{"ts":"2026-06-29T22:08:10.085Z","runId":"20260630-010810","type":"extraction","length":712,"depth":1}
{"ts":"2026-06-29T22:08:10.085Z","runId":"20260630-010810","type":"phase_changed","from":"searching","to":"extracting","depth":1}
{"ts":"2026-06-29T22:08:10.086Z","runId":"20260630-010810","type":"extraction","length":509,"depth":1}
{"ts":"2026-06-29T22:08:10.087Z","runId":"20260630-010810","type":"phase_changed","from":"extracting","to":"questioning","depth":1}
{"ts":"2026-06-29T22:08:10.086Z","runId":"20260630-010810","type":"phase_changed","from":"extracting","to":"questioning","depth":1}
{"ts":"2026-06-29T22:08:10.087Z","runId":"20260630-010810","type":"deepening","length":350,"depth":1}
{"ts":"2026-06-29T22:08:10.087Z","runId":"20260630-010810","type":"deepening","length":323,"depth":1}
{"ts":"2026-06-29T22:08:10.088Z","runId":"20260630-010810","type":"queue_saved","depth":1,"entries":2,"engines":"duckduckgo"}
{"ts":"2026-06-29T22:08:10.088Z","runId":"20260630-010810","type":"queue_saved","depth":1,"entries":3,"engines":"duckduckgo"}
{"ts":"2026-06-29T22:08:10.088Z","runId":"20260630-010810","type":"search_executed","query":"Q1","resultCount":2,"elapsedMs":0,"depth":1}
{"ts":"2026-06-29T22:08:10.088Z","runId":"20260630-010810","type":"search_executed","query":"Q1","resultCount":1,"elapsedMs":0,"depth":1}
{"ts":"2026-06-29T22:08:10.088Z","runId":"20260630-010810","type":"search_executed","query":"Q2","resultCount":2,"elapsedMs":0,"depth":1}
{"ts":"2026-06-29T22:08:10.088Z","runId":"20260630-010810","type":"search_executed","query":"Q2","resultCount":1,"elapsedMs":0,"depth":1}
{"ts":"2026-06-29T22:08:10.089Z","runId":"20260630-010810","type":"phase_changed","from":"searching","to":"extracting","depth":2}
{"ts":"2026-06-29T22:08:10.089Z","runId":"20260630-010810","type":"search_executed","query":"Q3","resultCount":1,"elapsedMs":1,"depth":1}
{"ts":"2026-06-29T22:08:10.089Z","runId":"20260630-010810","type":"soft_limit_triggered","searchCalls":6,"maxSearchCalls":5,"elapsedSeconds":0,"maxElapsedSeconds":0}
{"ts":"2026-06-29T22:08:10.089Z","runId":"20260630-010810","type":"extraction","length":560,"depth":2}
{"ts":"2026-06-29T22:08:10.089Z","runId":"20260630-010810","type":"phase_changed","from":"searching","to":"extracting","depth":2}
{"ts":"2026-06-29T22:08:10.089Z","runId":"20260630-010810","type":"deepening_skipped","reason":"depth_reached","currentDepth":2,"totalDepth":2}
{"ts":"2026-06-29T22:08:10.089Z","runId":"20260630-010810","type":"extraction","length":435,"depth":2}
{"ts":"2026-06-29T22:08:10.089Z","runId":"20260630-010810","type":"phase_changed","from":"extracting","to":"drafting","depth":2}
{"ts":"2026-06-29T22:08:10.089Z","runId":"20260630-010810","type":"drafting","length":620}
{"ts":"2026-06-29T22:08:10.089Z","runId":"20260630-010810","type":"deepening_skipped","reason":"soft_limit","currentDepth":2,"totalDepth":3}
{"ts":"2026-06-29T22:08:10.090Z","runId":"20260630-010810","type":"phase_changed","from":"extracting","to":"drafting","depth":2}
{"ts":"2026-06-29T22:08:10.090Z","runId":"20260630-010810","type":"drafting_extracted","textLength":82,"agentResponseType":"string","isArray":false}
{"ts":"2026-06-29T22:08:10.090Z","runId":"20260630-010810","type":"drafting","length":569}
{"ts":"2026-06-29T22:08:10.090Z","runId":"20260630-010810","type":"phase_changed","from":"drafting","to":"saving"}
{"ts":"2026-06-29T22:08:10.090Z","runId":"20260630-010810","type":"phase_changed","from":"saving","to":"done","draftLength":82}
{"ts":"2026-06-29T22:08:10.090Z","runId":"20260630-010810","type":"drafting_extracted","textLength":82,"agentResponseType":"string","isArray":false}
{"ts":"2026-06-29T22:08:10.091Z","runId":"20260630-010810","type":"phase_changed","from":"drafting","to":"saving"}
{"ts":"2026-06-29T22:08:10.091Z","runId":"20260630-010810","type":"phase_changed","from":"saving","to":"done","draftLength":82}
{"ts":"2026-06-29T22:08:10.092Z","runId":"20260630-010810","type":"queue_saved","depth":0,"entries":2,"engines":"duckduckgo"}
{"ts":"2026-06-29T22:08:10.092Z","runId":"20260630-010810","type":"search_executed","query":"Q1","resultCount":2,"elapsedMs":0,"depth":0}
{"ts":"2026-06-29T22:08:10.092Z","runId":"20260630-010810","type":"search_executed","query":"Q2","resultCount":2,"elapsedMs":0,"depth":0}
{"ts":"2026-06-29T22:08:10.093Z","runId":"20260630-010810","type":"queue_saved","depth":0,"entries":3,"engines":"duckduckgo"}
{"ts":"2026-06-29T22:08:10.093Z","runId":"20260630-010810","type":"scrape_executed","url":"https://xstate.js.org","title":"XState","bytes":15,"elapsedMs":0,"depth":0}
{"ts":"2026-06-29T22:08:10.093Z","runId":"20260630-010810","type":"scrape_executed","url":"https://thisrobot.life","title":"Robot","bytes":16,"elapsedMs":0,"depth":0}
{"ts":"2026-06-29T22:08:10.093Z","runId":"20260630-010810","type":"search_executed","query":"Q1","resultCount":1,"elapsedMs":0,"depth":0}
{"ts":"2026-06-29T22:08:10.093Z","runId":"20260630-010810","type":"phase_changed","from":"searching","to":"extracting","depth":1}
{"ts":"2026-06-29T22:08:10.093Z","runId":"20260630-010810","type":"search_executed","query":"Q2","resultCount":1,"elapsedMs":0,"depth":0}
{"ts":"2026-06-29T22:08:10.093Z","runId":"20260630-010810","type":"extraction","length":712,"depth":1}
{"ts":"2026-06-29T22:08:10.093Z","runId":"20260630-010810","type":"search_executed","query":"Q3","resultCount":1,"elapsedMs":0,"depth":0}
{"ts":"2026-06-29T22:08:10.094Z","runId":"20260630-010810","type":"scrape_executed","url":"https://a.com","title":"https://a.com","bytes":4,"elapsedMs":0,"depth":0}
{"ts":"2026-06-29T22:08:10.094Z","runId":"20260630-010810","type":"phase_changed","from":"extracting","to":"questioning","depth":1}
{"ts":"2026-06-29T22:08:10.094Z","runId":"20260630-010810","type":"deepening","length":350,"depth":1}
{"ts":"2026-06-29T22:08:10.094Z","runId":"20260630-010810","type":"phase_changed","from":"searching","to":"extracting","depth":1}
{"ts":"2026-06-29T22:08:10.094Z","runId":"20260630-010810","type":"extraction","length":509,"depth":1}
{"ts":"2026-06-29T22:08:10.094Z","runId":"20260630-010810","type":"phase_changed","from":"extracting","to":"questioning","depth":1}
{"ts":"2026-06-29T22:08:10.094Z","runId":"20260630-010810","type":"queue_saved","depth":1,"entries":2,"engines":"duckduckgo"}
{"ts":"2026-06-29T22:08:10.094Z","runId":"20260630-010810","type":"deepening","length":323,"depth":1}
{"ts":"2026-06-29T22:08:10.094Z","runId":"20260630-010810","type":"search_executed","query":"Q1","resultCount":2,"elapsedMs":0,"depth":1}
{"ts":"2026-06-29T22:08:10.094Z","runId":"20260630-010810","type":"search_executed","query":"Q2","resultCount":2,"elapsedMs":0,"depth":1}
{"ts":"2026-06-29T22:08:10.094Z","runId":"20260630-010810","type":"queue_saved","depth":1,"entries":3,"engines":"duckduckgo"}
{"ts":"2026-06-29T22:08:10.095Z","runId":"20260630-010810","type":"phase_changed","from":"searching","to":"extracting","depth":2}
{"ts":"2026-06-29T22:08:10.095Z","runId":"20260630-010810","type":"search_executed","query":"Q1","resultCount":1,"elapsedMs":0,"depth":1}
{"ts":"2026-06-29T22:08:10.095Z","runId":"20260630-010810","type":"extraction","length":560,"depth":2}
{"ts":"2026-06-29T22:08:10.095Z","runId":"20260630-010810","type":"search_executed","query":"Q2","resultCount":1,"elapsedMs":0,"depth":1}
{"ts":"2026-06-29T22:08:10.095Z","runId":"20260630-010810","type":"search_executed","query":"Q3","resultCount":1,"elapsedMs":0,"depth":1}
{"ts":"2026-06-29T22:08:10.095Z","runId":"20260630-010810","type":"phase_changed","from":"searching","to":"extracting","depth":2}
{"ts":"2026-06-29T22:08:10.095Z","runId":"20260630-010810","type":"queue_saved","depth":0,"entries":2,"engines":"duckduckgo"}
{"ts":"2026-06-29T22:08:10.095Z","runId":"20260630-010810","type":"extraction","length":435,"depth":2}
{"ts":"2026-06-29T22:08:10.095Z","runId":"20260630-010810","type":"search_executed","query":"Q1","resultCount":2,"elapsedMs":0,"depth":0}
{"ts":"2026-06-29T22:08:10.096Z","runId":"20260630-010810","type":"search_executed","query":"Q2","resultCount":2,"elapsedMs":1,"depth":0}
{"ts":"2026-06-29T22:08:10.096Z","runId":"20260630-010810","type":"scrape_executed","url":"https://xstate.js.org","title":"XState","bytes":15,"elapsedMs":0,"depth":0}
{"ts":"2026-06-29T22:08:10.096Z","runId":"20260630-010810","type":"scrape_executed","url":"https://thisrobot.life","title":"Robot","bytes":16,"elapsedMs":0,"depth":0}
{"ts":"2026-06-29T22:08:10.096Z","runId":"20260630-010810","type":"phase_changed","from":"searching","to":"extracting","depth":1}
{"ts":"2026-06-29T22:08:10.097Z","runId":"20260630-010810","type":"extraction","length":712,"depth":1}
{"ts":"2026-06-29T22:08:10.097Z","runId":"20260630-010810","type":"phase_changed","from":"extracting","to":"questioning","depth":1}
{"ts":"2026-06-29T22:08:10.097Z","runId":"20260630-010810","type":"deepening","length":350,"depth":1}
{"ts":"2026-06-29T22:08:10.098Z","runId":"20260630-010810","type":"queue_saved","depth":1,"entries":2,"engines":"duckduckgo"}
{"ts":"2026-06-29T22:08:10.098Z","runId":"20260630-010810","type":"search_executed","query":"Q1","resultCount":2,"elapsedMs":0,"depth":1}
{"ts":"2026-06-29T22:08:10.098Z","runId":"20260630-010810","type":"search_executed","query":"Q2","resultCount":2,"elapsedMs":0,"depth":1}
{"ts":"2026-06-29T22:08:10.099Z","runId":"20260630-010810","type":"phase_changed","from":"searching","to":"extracting","depth":2}
{"ts":"2026-06-29T22:08:10.099Z","runId":"20260630-010810","type":"extraction","length":560,"depth":2}
{"ts":"2026-06-29T22:08:10.099Z","runId":"20260630-010810","type":"deepening_skipped","reason":"depth_reached","currentDepth":2,"totalDepth":2}
{"ts":"2026-06-29T22:08:10.100Z","runId":"20260630-010810","type":"phase_changed","from":"extracting","to":"drafting","depth":2}
{"ts":"2026-06-29T22:08:10.100Z","runId":"20260630-010810","type":"drafting","length":620}
{"ts":"2026-06-29T22:08:10.101Z","runId":"20260630-010810","type":"queue_saved","depth":0,"entries":2,"engines":"duckduckgo"}
{"ts":"2026-06-29T22:08:10.101Z","runId":"20260630-010810","type":"search_executed","query":"Q1","resultCount":2,"elapsedMs":0,"depth":0}
{"ts":"2026-06-29T22:08:10.101Z","runId":"20260630-010810","type":"search_executed","query":"Q2","resultCount":2,"elapsedMs":0,"depth":0}
{"ts":"2026-06-29T22:08:10.102Z","runId":"20260630-010810","type":"scrape_executed","url":"https://xstate.js.org","title":"XState","bytes":15,"elapsedMs":0,"depth":0}
{"ts":"2026-06-29T22:08:10.102Z","runId":"20260630-010810","type":"scrape_executed","url":"https://thisrobot.life","title":"Robot","bytes":16,"elapsedMs":0,"depth":0}
{"ts":"2026-06-29T22:08:10.102Z","runId":"20260630-010810","type":"phase_changed","from":"searching","to":"extracting","depth":1}
{"ts":"2026-06-29T22:08:10.102Z","runId":"20260630-010810","type":"extraction","length":712,"depth":1}
{"ts":"2026-06-29T22:08:10.102Z","runId":"20260630-010810","type":"deepening_skipped","reason":"depth_reached","currentDepth":1,"totalDepth":1}
{"ts":"2026-06-29T22:08:10.103Z","runId":"20260630-010810","type":"phase_changed","from":"extracting","to":"drafting","depth":1}
{"ts":"2026-06-29T22:08:10.103Z","runId":"20260630-010810","type":"drafting","length":620}
{"ts":"2026-06-29T22:08:10.104Z","runId":"20260630-010810","type":"drafting_extracted","textLength":86,"agentResponseType":"string","isArray":false}
{"ts":"2026-06-29T22:08:10.104Z","runId":"20260630-010810","type":"phase_changed","from":"drafting","to":"saving"}
{"ts":"2026-06-29T22:08:10.104Z","runId":"20260630-010810","type":"phase_changed","from":"saving","to":"done","draftLength":86}
{"ts":"2026-06-29T22:08:10.105Z","runId":"20260630-010810","type":"queue_saved","depth":0,"entries":2,"engines":"duckduckgo"}
{"ts":"2026-06-29T22:08:10.105Z","runId":"20260630-010810","type":"search_executed","query":"Q1","resultCount":2,"elapsedMs":0,"depth":0}
{"ts":"2026-06-29T22:08:10.105Z","runId":"20260630-010810","type":"search_executed","query":"Q2","resultCount":2,"elapsedMs":0,"depth":0}
{"ts":"2026-06-29T22:08:10.106Z","runId":"20260630-010810","type":"scrape_executed","url":"https://xstate.js.org","title":"XState","bytes":15,"elapsedMs":0,"depth":0}
{"ts":"2026-06-29T22:08:10.106Z","runId":"20260630-010810","type":"scrape_executed","url":"https://thisrobot.life","title":"Robot","bytes":16,"elapsedMs":0,"depth":0}
{"ts":"2026-06-29T22:08:10.106Z","runId":"20260630-010810","type":"phase_changed","from":"searching","to":"extracting","depth":1}
{"ts":"2026-06-29T22:08:10.106Z","runId":"20260630-010810","type":"extraction","length":712,"depth":1}
{"ts":"2026-06-29T22:08:10.106Z","runId":"20260630-010810","type":"deepening_skipped","reason":"depth_reached","currentDepth":1,"totalDepth":1}
{"ts":"2026-06-29T22:08:10.107Z","runId":"20260630-010810","type":"phase_changed","from":"extracting","to":"drafting","depth":1}
{"ts":"2026-06-29T22:08:10.107Z","runId":"20260630-010810","type":"drafting","length":620}
