{"ts":"2026-06-30T21:43:17.484Z","runId":"20260701-004317","type":"queue_saved","depth":0,"entries":2,"engines":"duckduckgo"}
{"ts":"2026-06-30T21:43:17.486Z","runId":"20260701-004317","type":"search_executed","query":"Q1","resultCount":2,"elapsedMs":2,"depth":0}
{"ts":"2026-06-30T21:43:17.487Z","runId":"20260701-004317","type":"search_executed","query":"Q2","resultCount":2,"elapsedMs":3,"depth":0}
{"ts":"2026-06-30T21:43:17.488Z","runId":"20260701-004317","type":"scrape_executed","url":"https://xstate.js.org","title":"XState","bytes":15,"elapsedMs":0,"depth":0}
{"ts":"2026-06-30T21:43:17.489Z","runId":"20260701-004317","type":"scrape_executed","url":"https://thisrobot.life","title":"Robot","bytes":16,"elapsedMs":1,"depth":0}
{"ts":"2026-06-30T21:43:17.493Z","runId":"20260701-004317","type":"phase_changed","from":"searching","to":"extracting","depth":1}
{"ts":"2026-06-30T21:43:17.494Z","runId":"20260701-004317","type":"extraction","length":712,"depth":1}
{"ts":"2026-06-30T21:43:17.495Z","runId":"20260701-004317","type":"phase_changed","from":"extracting","to":"questioning","depth":1}
{"ts":"2026-06-30T21:43:17.496Z","runId":"20260701-004317","type":"deepening","length":350,"depth":1}
{"ts":"2026-06-30T21:43:17.498Z","runId":"20260701-004317","type":"queue_saved","depth":1,"entries":2,"engines":"duckduckgo"}
{"ts":"2026-06-30T21:43:17.500Z","runId":"20260701-004317","type":"search_executed","query":"Q1","resultCount":2,"elapsedMs":1,"depth":1}
{"ts":"2026-06-30T21:43:17.508Z","runId":"20260701-004317","type":"search_executed","query":"Q2","resultCount":2,"elapsedMs":9,"depth":1}
{"ts":"2026-06-30T21:43:17.518Z","runId":"20260701-004317","type":"phase_changed","from":"searching","to":"extracting","depth":2}
{"ts":"2026-06-30T21:43:17.518Z","runId":"20260701-004317","type":"extraction","length":560,"depth":2}
{"ts":"2026-06-30T21:43:17.519Z","runId":"20260701-004317","type":"deepening_skipped","reason":"depth_reached","currentDepth":2,"totalDepth":2}
{"ts":"2026-06-30T21:43:17.519Z","runId":"20260701-004317","type":"phase_changed","from":"extracting","to":"drafting","depth":2}
{"ts":"2026-06-30T21:43:17.520Z","runId":"20260701-004317","type":"drafting","length":620}
{"ts":"2026-06-30T21:43:17.522Z","runId":"20260701-004317","type":"drafting_extracted","textLength":82,"agentResponseType":"string","isArray":false}
{"ts":"2026-06-30T21:43:17.523Z","runId":"20260701-004317","type":"phase_changed","from":"drafting","to":"saving"}
{"ts":"2026-06-30T21:43:17.523Z","runId":"20260701-004317","type":"phase_changed","from":"saving","to":"done","draftLength":82}
{"ts":"2026-06-30T21:43:17.528Z","runId":"20260701-004317","type":"queue_saved","depth":0,"entries":2,"engines":"duckduckgo"}
{"ts":"2026-06-30T21:43:17.528Z","runId":"20260701-004317","type":"search_executed","query":"Q1","resultCount":2,"elapsedMs":0,"depth":0}
{"ts":"2026-06-30T21:43:17.530Z","runId":"20260701-004317","type":"search_executed","query":"Q2","resultCount":2,"elapsedMs":2,"depth":0}
{"ts":"2026-06-30T21:43:17.531Z","runId":"20260701-004317","type":"scrape_executed","url":"https://xstate.js.org","title":"XState","bytes":15,"elapsedMs":0,"depth":0}
{"ts":"2026-06-30T21:43:17.531Z","runId":"20260701-004317","type":"scrape_executed","url":"https://thisrobot.life","title":"Robot","bytes":16,"elapsedMs":0,"depth":0}
{"ts":"2026-06-30T21:43:17.531Z","runId":"20260701-004317","type":"phase_changed","from":"searching","to":"extracting","depth":1}
{"ts":"2026-06-30T21:43:17.532Z","runId":"20260701-004317","type":"extraction","length":712,"depth":1}
{"ts":"2026-06-30T21:43:17.532Z","runId":"20260701-004317","type":"phase_changed","from":"extracting","to":"questioning","depth":1}
{"ts":"2026-06-30T21:43:17.532Z","runId":"20260701-004317","type":"deepening","length":350,"depth":1}
{"ts":"2026-06-30T21:43:17.533Z","runId":"20260701-004317","type":"queue_saved","depth":1,"entries":2,"engines":"duckduckgo"}
{"ts":"2026-06-30T21:43:17.534Z","runId":"20260701-004317","type":"search_executed","query":"Q1","resultCount":2,"elapsedMs":0,"depth":1}
{"ts":"2026-06-30T21:43:17.534Z","runId":"20260701-004317","type":"search_executed","query":"Q2","resultCount":2,"elapsedMs":0,"depth":1}
{"ts":"2026-06-30T21:43:17.534Z","runId":"20260701-004317","type":"phase_changed","from":"searching","to":"extracting","depth":2}
{"ts":"2026-06-30T21:43:17.535Z","runId":"20260701-004317","type":"extraction","length":560,"depth":2}
{"ts":"2026-06-30T21:43:17.536Z","runId":"20260701-004317","type":"queue_saved","depth":0,"entries":2,"engines":"duckduckgo"}
{"ts":"2026-06-30T21:43:17.537Z","runId":"20260701-004317","type":"search_executed","query":"Q1","resultCount":2,"elapsedMs":1,"depth":0}
{"ts":"2026-06-30T21:43:17.537Z","runId":"20260701-004317","type":"search_executed","query":"Q2","resultCount":2,"elapsedMs":1,"depth":0}
{"ts":"2026-06-30T21:43:17.538Z","runId":"20260701-004317","type":"scrape_executed","url":"https://xstate.js.org","title":"XState","bytes":15,"elapsedMs":0,"depth":0}
{"ts":"2026-06-30T21:43:17.538Z","runId":"20260701-004317","type":"scrape_executed","url":"https://thisrobot.life","title":"Robot","bytes":16,"elapsedMs":0,"depth":0}
{"ts":"2026-06-30T21:43:17.538Z","runId":"20260701-004317","type":"phase_changed","from":"searching","to":"extracting","depth":1}
{"ts":"2026-06-30T21:43:17.539Z","runId":"20260701-004317","type":"extraction","length":712,"depth":1}
{"ts":"2026-06-30T21:43:17.539Z","runId":"20260701-004317","type":"phase_changed","from":"extracting","to":"questioning","depth":1}
{"ts":"2026-06-30T21:43:17.539Z","runId":"20260701-004317","type":"deepening","length":350,"depth":1}
{"ts":"2026-06-30T21:43:17.540Z","runId":"20260701-004317","type":"queue_saved","depth":1,"entries":2,"engines":"duckduckgo"}
{"ts":"2026-06-30T21:43:17.540Z","runId":"20260701-004317","type":"search_executed","query":"Q1","resultCount":2,"elapsedMs":0,"depth":1}
{"ts":"2026-06-30T21:43:17.541Z","runId":"20260701-004317","type":"search_executed","query":"Q2","resultCount":2,"elapsedMs":1,"depth":1}
{"ts":"2026-06-30T21:43:17.544Z","runId":"20260701-004317","type":"phase_changed","from":"searching","to":"extracting","depth":2}
{"ts":"2026-06-30T21:43:17.545Z","runId":"20260701-004317","type":"extraction","length":560,"depth":2}
{"ts":"2026-06-30T21:43:17.546Z","runId":"20260701-004317","type":"deepening_skipped","reason":"depth_reached","currentDepth":2,"totalDepth":2}
{"ts":"2026-06-30T21:43:17.560Z","runId":"20260701-004317","type":"queue_saved","depth":0,"entries":3,"engines":"duckduckgo"}
{"ts":"2026-06-30T21:43:17.558Z","runId":"20260701-004317","type":"phase_changed","from":"extracting","to":"drafting","depth":2}
{"ts":"2026-06-30T21:43:17.560Z","runId":"20260701-004317","type":"search_executed","query":"Q1","resultCount":1,"elapsedMs":0,"depth":0}
{"ts":"2026-06-30T21:43:17.562Z","runId":"20260701-004317","type":"drafting","length":620}
{"ts":"2026-06-30T21:43:17.562Z","runId":"20260701-004317","type":"search_executed","query":"Q2","resultCount":1,"elapsedMs":2,"depth":0}
{"ts":"2026-06-30T21:43:17.562Z","runId":"20260701-004317","type":"search_executed","query":"Q3","resultCount":1,"elapsedMs":2,"depth":0}
{"ts":"2026-06-30T21:43:17.563Z","runId":"20260701-004317","type":"scrape_executed","url":"https://a.com","title":"https://a.com","bytes":4,"elapsedMs":0,"depth":0}
{"ts":"2026-06-30T21:43:17.564Z","runId":"20260701-004317","type":"phase_changed","from":"searching","to":"extracting","depth":1}
{"ts":"2026-06-30T21:43:17.564Z","runId":"20260701-004317","type":"extraction","length":509,"depth":1}
{"ts":"2026-06-30T21:43:17.564Z","runId":"20260701-004317","type":"phase_changed","from":"extracting","to":"questioning","depth":1}
{"ts":"2026-06-30T21:43:17.564Z","runId":"20260701-004317","type":"deepening","length":323,"depth":1}
{"ts":"2026-06-30T21:43:17.565Z","runId":"20260701-004317","type":"queue_saved","depth":1,"entries":3,"engines":"duckduckgo"}
{"ts":"2026-06-30T21:43:17.566Z","runId":"20260701-004317","type":"search_executed","query":"Q1","resultCount":1,"elapsedMs":0,"depth":1}
{"ts":"2026-06-30T21:43:17.566Z","runId":"20260701-004317","type":"search_executed","query":"Q2","resultCount":1,"elapsedMs":0,"depth":1}
{"ts":"2026-06-30T21:43:17.566Z","runId":"20260701-004317","type":"search_executed","query":"Q3","resultCount":1,"elapsedMs":0,"depth":1}
{"ts":"2026-06-30T21:43:17.566Z","runId":"20260701-004317","type":"soft_limit_triggered","searchCalls":6,"maxSearchCalls":5,"elapsedSeconds":0,"maxElapsedSeconds":0}
{"ts":"2026-06-30T21:43:17.567Z","runId":"20260701-004317","type":"phase_changed","from":"searching","to":"extracting","depth":2}
{"ts":"2026-06-30T21:43:17.567Z","runId":"20260701-004317","type":"extraction","length":435,"depth":2}
{"ts":"2026-06-30T21:43:17.567Z","runId":"20260701-004317","type":"deepening_skipped","reason":"soft_limit","currentDepth":2,"totalDepth":3}
{"ts":"2026-06-30T21:43:17.567Z","runId":"20260701-004317","type":"phase_changed","from":"extracting","to":"drafting","depth":2}
{"ts":"2026-06-30T21:43:17.567Z","runId":"20260701-004317","type":"drafting","length":569}
{"ts":"2026-06-30T21:43:17.568Z","runId":"20260701-004317","type":"drafting_extracted","textLength":82,"agentResponseType":"string","isArray":false}
{"ts":"2026-06-30T21:43:17.568Z","runId":"20260701-004317","type":"phase_changed","from":"drafting","to":"saving"}
{"ts":"2026-06-30T21:43:17.568Z","runId":"20260701-004317","type":"phase_changed","from":"saving","to":"done","draftLength":82}
{"ts":"2026-06-30T21:43:17.571Z","runId":"20260701-004317","type":"queue_saved","depth":0,"entries":3,"engines":"duckduckgo"}
{"ts":"2026-06-30T21:43:17.572Z","runId":"20260701-004317","type":"search_executed","query":"Q1","resultCount":1,"elapsedMs":1,"depth":0}
{"ts":"2026-06-30T21:43:17.572Z","runId":"20260701-004317","type":"search_executed","query":"Q2","resultCount":1,"elapsedMs":0,"depth":0}
{"ts":"2026-06-30T21:43:17.572Z","runId":"20260701-004317","type":"search_executed","query":"Q3","resultCount":1,"elapsedMs":0,"depth":0}
{"ts":"2026-06-30T21:43:17.572Z","runId":"20260701-004317","type":"scrape_executed","url":"https://a.com","title":"https://a.com","bytes":4,"elapsedMs":0,"depth":0}
{"ts":"2026-06-30T21:43:17.573Z","runId":"20260701-004317","type":"phase_changed","from":"searching","to":"extracting","depth":1}
{"ts":"2026-06-30T21:43:17.573Z","runId":"20260701-004317","type":"extraction","length":509,"depth":1}
{"ts":"2026-06-30T21:43:17.573Z","runId":"20260701-004317","type":"phase_changed","from":"extracting","to":"questioning","depth":1}
{"ts":"2026-06-30T21:43:17.573Z","runId":"20260701-004317","type":"deepening","length":323,"depth":1}
{"ts":"2026-06-30T21:43:17.574Z","runId":"20260701-004317","type":"queue_saved","depth":1,"entries":3,"engines":"duckduckgo"}
{"ts":"2026-06-30T21:43:17.574Z","runId":"20260701-004317","type":"search_executed","query":"Q1","resultCount":1,"elapsedMs":0,"depth":1}
{"ts":"2026-06-30T21:43:17.574Z","runId":"20260701-004317","type":"search_executed","query":"Q2","resultCount":1,"elapsedMs":0,"depth":1}
{"ts":"2026-06-30T21:43:17.575Z","runId":"20260701-004317","type":"search_executed","query":"Q3","resultCount":1,"elapsedMs":1,"depth":1}
{"ts":"2026-06-30T21:43:17.575Z","runId":"20260701-004317","type":"phase_changed","from":"searching","to":"extracting","depth":2}
{"ts":"2026-06-30T21:43:17.575Z","runId":"20260701-004317","type":"extraction","length":435,"depth":2}
{"ts":"2026-06-30T21:43:17.586Z","runId":"20260701-004317","type":"queue_saved","depth":0,"entries":2,"engines":"duckduckgo"}
{"ts":"2026-06-30T21:43:17.593Z","runId":"20260701-004317","type":"search_executed","query":"Q1","resultCount":2,"elapsedMs":0,"depth":0}
{"ts":"2026-06-30T21:43:17.599Z","runId":"20260701-004317","type":"search_executed","query":"Q2","resultCount":2,"elapsedMs":6,"depth":0}
{"ts":"2026-06-30T21:43:17.603Z","runId":"20260701-004317","type":"scrape_executed","url":"https://xstate.js.org","title":"XState","bytes":15,"elapsedMs":0,"depth":0}
{"ts":"2026-06-30T21:43:17.609Z","runId":"20260701-004317","type":"scrape_executed","url":"https://thisrobot.life","title":"Robot","bytes":16,"elapsedMs":6,"depth":0}
{"ts":"2026-06-30T21:43:17.609Z","runId":"20260701-004317","type":"phase_changed","from":"searching","to":"extracting","depth":1}
{"ts":"2026-06-30T21:43:17.619Z","runId":"20260701-004317","type":"extraction","length":712,"depth":1}
{"ts":"2026-06-30T21:43:17.620Z","runId":"20260701-004317","type":"deepening_skipped","reason":"depth_reached","currentDepth":1,"totalDepth":1}
{"ts":"2026-06-30T21:43:17.624Z","runId":"20260701-004317","type":"phase_changed","from":"extracting","to":"drafting","depth":1}
{"ts":"2026-06-30T21:43:17.631Z","runId":"20260701-004317","type":"drafting","length":620}
{"ts":"2026-06-30T21:43:17.631Z","runId":"20260701-004317","type":"drafting_extracted","textLength":86,"agentResponseType":"string","isArray":false}
{"ts":"2026-06-30T21:43:17.641Z","runId":"20260701-004317","type":"phase_changed","from":"drafting","to":"saving"}
{"ts":"2026-06-30T21:43:17.642Z","runId":"20260701-004317","type":"phase_changed","from":"saving","to":"done","draftLength":86}
{"ts":"2026-06-30T21:43:17.646Z","runId":"20260701-004317","type":"queue_saved","depth":0,"entries":2,"engines":"duckduckgo"}
{"ts":"2026-06-30T21:43:17.647Z","runId":"20260701-004317","type":"search_executed","query":"Q1","resultCount":2,"elapsedMs":0,"depth":0}
{"ts":"2026-06-30T21:43:17.648Z","runId":"20260701-004317","type":"search_executed","query":"Q2","resultCount":2,"elapsedMs":1,"depth":0}
{"ts":"2026-06-30T21:43:17.649Z","runId":"20260701-004317","type":"scrape_executed","url":"https://xstate.js.org","title":"XState","bytes":15,"elapsedMs":0,"depth":0}
{"ts":"2026-06-30T21:43:17.650Z","runId":"20260701-004317","type":"scrape_executed","url":"https://thisrobot.life","title":"Robot","bytes":16,"elapsedMs":1,"depth":0}
{"ts":"2026-06-30T21:43:17.652Z","runId":"20260701-004317","type":"phase_changed","from":"searching","to":"extracting","depth":1}
{"ts":"2026-06-30T21:43:17.653Z","runId":"20260701-004317","type":"extraction","length":712,"depth":1}
{"ts":"2026-06-30T21:43:17.655Z","runId":"20260701-004317","type":"deepening_skipped","reason":"depth_reached","currentDepth":1,"totalDepth":1}
{"ts":"2026-06-30T21:43:17.657Z","runId":"20260701-004317","type":"phase_changed","from":"extracting","to":"drafting","depth":1}
{"ts":"2026-06-30T21:43:17.658Z","runId":"20260701-004317","type":"drafting","length":620}
