{"ts":"2026-06-30T21:43:15.009Z","runId":"20260701-004315","type":"queue_saved","depth":0,"entries":2,"engines":"duckduckgo"}
{"ts":"2026-06-30T21:43:15.010Z","runId":"20260701-004315","type":"search_executed","query":"Original Q1","resultCount":1,"elapsedMs":1,"depth":0}
{"ts":"2026-06-30T21:43:15.015Z","runId":"20260701-004315","type":"search_executed","query":"Original Q2","resultCount":1,"elapsedMs":6,"depth":0}
{"ts":"2026-06-30T21:43:15.017Z","runId":"20260701-004315","type":"scrape_executed","url":"https://a.com","title":"https://a.com","bytes":4,"elapsedMs":0,"depth":0}
{"ts":"2026-06-30T21:43:15.018Z","runId":"20260701-004315","type":"phase_changed","from":"searching","to":"extracting","depth":1}
{"ts":"2026-06-30T21:43:15.023Z","runId":"20260701-004315","type":"extraction","length":488,"depth":1}
{"ts":"2026-06-30T21:43:15.024Z","runId":"20260701-004315","type":"phase_changed","from":"extracting","to":"questioning","depth":1}
{"ts":"2026-06-30T21:43:15.024Z","runId":"20260701-004315","type":"deepening","length":323,"depth":1}
{"ts":"2026-06-30T21:43:15.039Z","runId":"20260701-004315","type":"queue_saved","depth":1,"entries":2,"engines":"duckduckgo"}
{"ts":"2026-06-30T21:43:15.040Z","runId":"20260701-004315","type":"search_executed","query":"What is the first follow-up question?","resultCount":1,"elapsedMs":0,"depth":1}
{"ts":"2026-06-30T21:43:15.040Z","runId":"20260701-004315","type":"search_executed","query":"What is the second follow-up question?","resultCount":1,"elapsedMs":0,"depth":1}
{"ts":"2026-06-30T21:43:15.040Z","runId":"20260701-004315","type":"phase_changed","from":"searching","to":"extracting","depth":2}
{"ts":"2026-06-30T21:43:15.042Z","runId":"20260701-004315","type":"extraction","length":467,"depth":2}
{"ts":"2026-06-30T21:43:15.066Z","runId":"20260701-004315","type":"queue_saved","depth":0,"entries":2,"engines":"duckduckgo"}
{"ts":"2026-06-30T21:43:15.067Z","runId":"20260701-004315","type":"search_executed","query":"Original Q1","resultCount":1,"elapsedMs":0,"depth":0}
{"ts":"2026-06-30T21:43:15.068Z","runId":"20260701-004315","type":"search_executed","query":"Original Q2","resultCount":1,"elapsedMs":1,"depth":0}
{"ts":"2026-06-30T21:43:15.075Z","runId":"20260701-004315","type":"scrape_executed","url":"https://a.com","title":"https://a.com","bytes":4,"elapsedMs":0,"depth":0}
{"ts":"2026-06-30T21:43:15.076Z","runId":"20260701-004315","type":"phase_changed","from":"searching","to":"extracting","depth":1}
{"ts":"2026-06-30T21:43:15.076Z","runId":"20260701-004315","type":"extraction","length":488,"depth":1}
{"ts":"2026-06-30T21:43:15.078Z","runId":"20260701-004315","type":"phase_changed","from":"extracting","to":"questioning","depth":1}
{"ts":"2026-06-30T21:43:15.078Z","runId":"20260701-004315","type":"deepening","length":323,"depth":1}
{"ts":"2026-06-30T21:43:15.089Z","runId":"20260701-004315","type":"queue_saved","depth":1,"entries":2,"engines":"duckduckgo"}
{"ts":"2026-06-30T21:43:15.089Z","runId":"20260701-004315","type":"search_executed","query":"Original Q1","resultCount":1,"elapsedMs":0,"depth":1}
{"ts":"2026-06-30T21:43:15.090Z","runId":"20260701-004315","type":"search_executed","query":"Original Q2","resultCount":1,"elapsedMs":1,"depth":1}
{"ts":"2026-06-30T21:43:15.091Z","runId":"20260701-004315","type":"phase_changed","from":"searching","to":"extracting","depth":2}
{"ts":"2026-06-30T21:43:15.095Z","runId":"20260701-004315","type":"extraction","length":414,"depth":2}
{"ts":"2026-06-30T21:43:15.098Z","runId":"20260701-004315","type":"queue_saved","depth":0,"entries":2,"engines":"duckduckgo"}
{"ts":"2026-06-30T21:43:15.102Z","runId":"20260701-004315","type":"search_executed","query":"Original Q1","resultCount":1,"elapsedMs":0,"depth":0}
{"ts":"2026-06-30T21:43:15.105Z","runId":"20260701-004315","type":"search_executed","query":"Original Q2","resultCount":1,"elapsedMs":3,"depth":0}
{"ts":"2026-06-30T21:43:15.106Z","runId":"20260701-004315","type":"scrape_executed","url":"https://a.com","title":"https://a.com","bytes":4,"elapsedMs":0,"depth":0}
{"ts":"2026-06-30T21:43:15.107Z","runId":"20260701-004315","type":"phase_changed","from":"searching","to":"extracting","depth":1}
{"ts":"2026-06-30T21:43:15.108Z","runId":"20260701-004315","type":"extraction","length":488,"depth":1}
{"ts":"2026-06-30T21:43:15.110Z","runId":"20260701-004315","type":"phase_changed","from":"extracting","to":"questioning","depth":1}
{"ts":"2026-06-30T21:43:15.113Z","runId":"20260701-004315","type":"deepening","length":323,"depth":1}
{"ts":"2026-06-30T21:43:15.115Z","runId":"20260701-004315","type":"queue_saved","depth":1,"entries":2,"engines":"duckduckgo"}
{"ts":"2026-06-30T21:43:15.115Z","runId":"20260701-004315","type":"search_executed","query":"Original Q1","resultCount":1,"elapsedMs":0,"depth":1}
{"ts":"2026-06-30T21:43:15.116Z","runId":"20260701-004315","type":"search_executed","query":"Original Q2","resultCount":1,"elapsedMs":1,"depth":1}
{"ts":"2026-06-30T21:43:15.116Z","runId":"20260701-004315","type":"phase_changed","from":"searching","to":"extracting","depth":2}
{"ts":"2026-06-30T21:43:15.116Z","runId":"20260701-004315","type":"extraction","length":414,"depth":2}
{"ts":"2026-06-30T21:43:15.725Z","runId":"20260701-004315","type":"queue_saved","depth":0,"entries":3,"engines":"duckduckgo"}
{"ts":"2026-06-30T21:43:15.725Z","runId":"20260701-004315","type":"search_executed","query":"Q1","resultCount":2,"elapsedMs":0,"depth":0}
{"ts":"2026-06-30T21:43:15.726Z","runId":"20260701-004315","type":"search_executed","query":"Q2","resultCount":2,"elapsedMs":1,"depth":0}
{"ts":"2026-06-30T21:43:15.726Z","runId":"20260701-004315","type":"search_executed","query":"Q3","resultCount":2,"elapsedMs":1,"depth":0}
{"ts":"2026-06-30T21:43:15.727Z","runId":"20260701-004315","type":"scrape_executed","url":"https://xstate.js.org","title":"XState Docs","bytes":46,"elapsedMs":0,"depth":0}
{"ts":"2026-06-30T21:43:15.727Z","runId":"20260701-004315","type":"scrape_executed","url":"https://thisrobot.life","title":"Robot FSM","bytes":45,"elapsedMs":0,"depth":0}
{"ts":"2026-06-30T21:43:15.727Z","runId":"20260701-004315","type":"phase_changed","from":"searching","to":"extracting","depth":1}
{"ts":"2026-06-30T21:43:15.728Z","runId":"20260701-004315","type":"extraction","length":974,"depth":1}
{"ts":"2026-06-30T21:43:15.728Z","runId":"20260701-004315","type":"phase_changed","from":"extracting","to":"questioning","depth":1}
{"ts":"2026-06-30T21:43:15.728Z","runId":"20260701-004315","type":"deepening","length":350,"depth":1}
{"ts":"2026-06-30T21:43:15.729Z","runId":"20260701-004315","type":"queue_saved","depth":1,"entries":3,"engines":"duckduckgo"}
{"ts":"2026-06-30T21:43:15.730Z","runId":"20260701-004315","type":"search_executed","query":"Q1","resultCount":2,"elapsedMs":0,"depth":1}
{"ts":"2026-06-30T21:43:15.730Z","runId":"20260701-004315","type":"search_executed","query":"Q2","resultCount":2,"elapsedMs":0,"depth":1}
{"ts":"2026-06-30T21:43:15.730Z","runId":"20260701-004315","type":"search_executed","query":"Q3","resultCount":2,"elapsedMs":0,"depth":1}
{"ts":"2026-06-30T21:43:15.731Z","runId":"20260701-004315","type":"phase_changed","from":"searching","to":"extracting","depth":2}
{"ts":"2026-06-30T21:43:15.731Z","runId":"20260701-004315","type":"extraction","length":753,"depth":2}
{"ts":"2026-06-30T21:43:15.731Z","runId":"20260701-004315","type":"deepening_skipped","reason":"depth_reached","currentDepth":2,"totalDepth":2}
{"ts":"2026-06-30T21:43:15.732Z","runId":"20260701-004315","type":"phase_changed","from":"extracting","to":"drafting","depth":2}
{"ts":"2026-06-30T21:43:15.736Z","runId":"20260701-004315","type":"drafting","length":629}
{"ts":"2026-06-30T21:43:15.736Z","runId":"20260701-004315","type":"drafting_extracted","textLength":51,"agentResponseType":"string","isArray":false}
{"ts":"2026-06-30T21:43:15.737Z","runId":"20260701-004315","type":"phase_changed","from":"drafting","to":"saving"}
{"ts":"2026-06-30T21:43:15.737Z","runId":"20260701-004315","type":"phase_changed","from":"saving","to":"done","draftLength":51}
{"ts":"2026-06-30T21:43:15.740Z","runId":"20260701-004315","type":"queue_saved","depth":0,"entries":1,"engines":"duckduckgo"}
{"ts":"2026-06-30T21:43:15.740Z","runId":"20260701-004315","type":"search_executed","query":"q","resultCount":2,"elapsedMs":0,"depth":0}
{"ts":"2026-06-30T21:43:15.741Z","runId":"20260701-004315","type":"scrape_executed","url":"https://xstate.js.org","title":"XState Docs","bytes":46,"elapsedMs":0,"depth":0}
{"ts":"2026-06-30T21:43:15.741Z","runId":"20260701-004315","type":"scrape_executed","url":"https://thisrobot.life","title":"Robot FSM","bytes":45,"elapsedMs":0,"depth":0}
{"ts":"2026-06-30T21:43:15.741Z","runId":"20260701-004315","type":"phase_changed","from":"searching","to":"extracting","depth":1}
{"ts":"2026-06-30T21:43:15.742Z","runId":"20260701-004315","type":"extraction","length":683,"depth":1}
{"ts":"2026-06-30T21:43:15.742Z","runId":"20260701-004315","type":"phase_changed","from":"extracting","to":"questioning","depth":1}
{"ts":"2026-06-30T21:43:15.742Z","runId":"20260701-004315","type":"deepening","length":323,"depth":1}
{"ts":"2026-06-30T21:43:15.743Z","runId":"20260701-004315","type":"queue_saved","depth":1,"entries":1,"engines":"duckduckgo"}
{"ts":"2026-06-30T21:43:15.743Z","runId":"20260701-004315","type":"search_executed","query":"q","resultCount":2,"elapsedMs":0,"depth":1}
{"ts":"2026-06-30T21:43:15.744Z","runId":"20260701-004315","type":"phase_changed","from":"searching","to":"extracting","depth":2}
{"ts":"2026-06-30T21:43:15.744Z","runId":"20260701-004315","type":"extraction","length":462,"depth":2}
{"ts":"2026-06-30T21:43:15.745Z","runId":"20260701-004315","type":"deepening_skipped","reason":"depth_reached","currentDepth":2,"totalDepth":2}
{"ts":"2026-06-30T21:43:15.745Z","runId":"20260701-004315","type":"phase_changed","from":"extracting","to":"drafting","depth":2}
{"ts":"2026-06-30T21:43:15.745Z","runId":"20260701-004315","type":"drafting","length":569}
{"ts":"2026-06-30T21:43:15.745Z","runId":"20260701-004315","type":"drafting_extracted","textLength":0,"agentResponseType":"string","isArray":false}
{"ts":"2026-06-30T21:43:15.746Z","runId":"20260701-004315","type":"drafting_retry","reason":"empty_response","length":0}
{"ts":"2026-06-30T21:43:15.755Z","runId":"20260701-004315","type":"queue_saved","depth":0,"entries":3,"engines":"duckduckgo"}
{"ts":"2026-06-30T21:43:15.760Z","runId":"20260701-004315","type":"search_executed","query":"Q1","resultCount":2,"elapsedMs":2,"depth":0}
{"ts":"2026-06-30T21:43:15.760Z","runId":"20260701-004315","type":"search_executed","query":"Q2","resultCount":2,"elapsedMs":1,"depth":0}
{"ts":"2026-06-30T21:43:15.763Z","runId":"20260701-004315","type":"search_executed","query":"Q3","resultCount":2,"elapsedMs":4,"depth":0}
{"ts":"2026-06-30T21:43:15.766Z","runId":"20260701-004315","type":"scrape_executed","url":"https://xstate.js.org","title":"XState Docs","bytes":46,"elapsedMs":0,"depth":0}
{"ts":"2026-06-30T21:43:15.767Z","runId":"20260701-004315","type":"scrape_executed","url":"https://thisrobot.life","title":"Robot FSM","bytes":45,"elapsedMs":1,"depth":0}
{"ts":"2026-06-30T21:43:15.767Z","runId":"20260701-004315","type":"phase_changed","from":"searching","to":"extracting","depth":1}
{"ts":"2026-06-30T21:43:15.768Z","runId":"20260701-004315","type":"extraction","length":974,"depth":1}
{"ts":"2026-06-30T21:43:15.768Z","runId":"20260701-004315","type":"phase_changed","from":"extracting","to":"questioning","depth":1}
{"ts":"2026-06-30T21:43:15.769Z","runId":"20260701-004315","type":"deepening","length":350,"depth":1}
{"ts":"2026-06-30T21:43:15.770Z","runId":"20260701-004315","type":"queue_saved","depth":1,"entries":3,"engines":"duckduckgo"}
{"ts":"2026-06-30T21:43:15.770Z","runId":"20260701-004315","type":"search_executed","query":"Q1","resultCount":2,"elapsedMs":0,"depth":1}
{"ts":"2026-06-30T21:43:15.771Z","runId":"20260701-004315","type":"search_executed","query":"Q2","resultCount":2,"elapsedMs":1,"depth":1}
{"ts":"2026-06-30T21:43:15.771Z","runId":"20260701-004315","type":"search_executed","query":"Q3","resultCount":2,"elapsedMs":1,"depth":1}
{"ts":"2026-06-30T21:43:15.771Z","runId":"20260701-004315","type":"phase_changed","from":"searching","to":"extracting","depth":2}
{"ts":"2026-06-30T21:43:15.771Z","runId":"20260701-004315","type":"extraction","length":753,"depth":2}
{"ts":"2026-06-30T21:43:15.772Z","runId":"20260701-004315","type":"deepening_skipped","reason":"depth_reached","currentDepth":2,"totalDepth":2}
{"ts":"2026-06-30T21:43:15.772Z","runId":"20260701-004315","type":"phase_changed","from":"extracting","to":"drafting","depth":2}
{"ts":"2026-06-30T21:43:15.773Z","runId":"20260701-004315","type":"drafting","length":629}
{"ts":"2026-06-30T21:43:15.773Z","runId":"20260701-004315","type":"drafting_extracted","textLength":117,"agentResponseType":"string","isArray":false}
{"ts":"2026-06-30T21:43:15.773Z","runId":"20260701-004315","type":"phase_changed","from":"drafting","to":"saving"}
{"ts":"2026-06-30T21:43:15.775Z","runId":"20260701-004315","type":"phase_changed","from":"saving","to":"done","draftLength":117}
