{"ts":"2026-06-30T10:47:42.371Z","runId":"20260630-134742","type":"queue_saved","depth":0,"entries":2,"engines":"duckduckgo"}
{"ts":"2026-06-30T10:47:42.372Z","runId":"20260630-134742","type":"search_executed","query":"Q1","resultCount":1,"elapsedMs":0,"depth":0}
{"ts":"2026-06-30T10:47:42.372Z","runId":"20260630-134742","type":"search_executed","query":"Q2","resultCount":1,"elapsedMs":0,"depth":0}
{"ts":"2026-06-30T10:47:42.372Z","runId":"20260630-134742","type":"scrape_executed","url":"https://a.com","title":"https://a.com","bytes":4,"elapsedMs":0,"depth":0}
{"ts":"2026-06-30T10:47:42.373Z","runId":"20260630-134742","type":"phase_changed","from":"searching","to":"extracting","depth":1}
{"ts":"2026-06-30T10:47:42.373Z","runId":"20260630-134742","type":"extraction","length":470,"depth":1}
{"ts":"2026-06-30T10:47:42.373Z","runId":"20260630-134742","type":"phase_changed","from":"extracting","to":"questioning","depth":1}
{"ts":"2026-06-30T10:47:42.374Z","runId":"20260630-134742","type":"deepening","length":323,"depth":1}
{"ts":"2026-06-30T10:47:42.375Z","runId":"20260630-134742","type":"queue_saved","depth":0,"entries":4,"engines":"duckduckgo"}
{"ts":"2026-06-30T10:47:42.375Z","runId":"20260630-134742","type":"queue_saved","depth":1,"entries":2,"engines":"duckduckgo"}
{"ts":"2026-06-30T10:47:42.376Z","runId":"20260630-134742","type":"search_executed","query":"Question one?","resultCount":1,"elapsedMs":0,"depth":1}
{"ts":"2026-06-30T10:47:42.376Z","runId":"20260630-134742","type":"search_executed","query":"Question two?","resultCount":1,"elapsedMs":0,"depth":1}
{"ts":"2026-06-30T10:47:42.378Z","runId":"20260630-134742","type":"phase_changed","from":"searching","to":"extracting","depth":2}
{"ts":"2026-06-30T10:47:42.379Z","runId":"20260630-134742","type":"extraction","length":418,"depth":2}
{"ts":"2026-06-30T10:47:42.381Z","runId":"20260630-134742","type":"queue_saved","depth":0,"entries":2,"engines":"duckduckgo"}
{"ts":"2026-06-30T10:47:42.381Z","runId":"20260630-134742","type":"search_executed","query":"Q1","resultCount":1,"elapsedMs":0,"depth":0}
{"ts":"2026-06-30T10:47:42.382Z","runId":"20260630-134742","type":"search_executed","query":"Q2","resultCount":1,"elapsedMs":1,"depth":0}
{"ts":"2026-06-30T10:47:42.382Z","runId":"20260630-134742","type":"scrape_executed","url":"https://a.com","title":"https://a.com","bytes":4,"elapsedMs":0,"depth":0}
{"ts":"2026-06-30T10:47:42.382Z","runId":"20260630-134742","type":"phase_changed","from":"searching","to":"extracting","depth":1}
{"ts":"2026-06-30T10:47:42.382Z","runId":"20260630-134742","type":"extraction","length":470,"depth":1}
{"ts":"2026-06-30T10:47:42.383Z","runId":"20260630-134742","type":"phase_changed","from":"extracting","to":"questioning","depth":1}
{"ts":"2026-06-30T10:47:42.383Z","runId":"20260630-134742","type":"deepening","length":323,"depth":1}
{"ts":"2026-06-30T10:47:42.383Z","runId":"20260630-134742","type":"queue_saved","depth":0,"entries":2,"engines":"duckduckgo"}
{"ts":"2026-06-30T10:47:42.383Z","runId":"20260630-134742","type":"queue_saved","depth":1,"entries":2,"engines":"duckduckgo"}
{"ts":"2026-06-30T10:47:42.383Z","runId":"20260630-134742","type":"search_executed","query":"Question one?","resultCount":1,"elapsedMs":0,"depth":1}
{"ts":"2026-06-30T10:47:42.383Z","runId":"20260630-134742","type":"queue_saved","depth":0,"entries":1,"engines":"brave"}
{"ts":"2026-06-30T10:47:42.384Z","runId":"20260630-134742","type":"search_executed","query":"Question two?","resultCount":1,"elapsedMs":1,"depth":1}
{"ts":"2026-06-30T10:47:42.384Z","runId":"20260630-134742","type":"search_executed","query":"Original Q1","resultCount":1,"elapsedMs":1,"depth":0}
{"ts":"2026-06-30T10:47:42.384Z","runId":"20260630-134742","type":"search_executed","query":"q1","resultCount":0,"elapsedMs":0,"depth":0}
{"ts":"2026-06-30T10:47:42.384Z","runId":"20260630-134742","type":"search_executed","query":"Original Q2","resultCount":1,"elapsedMs":1,"depth":0}
{"ts":"2026-06-30T10:47:42.384Z","runId":"20260630-134742","type":"phase_changed","from":"searching","to":"extracting","depth":2}
{"ts":"2026-06-30T10:47:42.384Z","runId":"20260630-134742","type":"scrape_executed","url":"https://a.com","title":"https://a.com","bytes":4,"elapsedMs":0,"depth":0}
{"ts":"2026-06-30T10:47:42.384Z","runId":"20260630-134742","type":"phase_changed","from":"searching","to":"extracting","depth":1}
{"ts":"2026-06-30T10:47:42.384Z","runId":"20260630-134742","type":"extraction","length":418,"depth":2}
{"ts":"2026-06-30T10:47:42.384Z","runId":"20260630-134742","type":"extraction","length":333,"depth":1}
{"ts":"2026-06-30T10:47:42.384Z","runId":"20260630-134742","type":"phase_changed","from":"searching","to":"extracting","depth":1}
{"ts":"2026-06-30T10:47:42.385Z","runId":"20260630-134742","type":"queue_saved","depth":0,"entries":2,"engines":"duckduckgo"}
{"ts":"2026-06-30T10:47:42.384Z","runId":"20260630-134742","type":"extraction","length":488,"depth":1}
{"ts":"2026-06-30T10:47:42.385Z","runId":"20260630-134742","type":"search_executed","query":"Q1","resultCount":1,"elapsedMs":0,"depth":0}
{"ts":"2026-06-30T10:47:42.385Z","runId":"20260630-134742","type":"search_executed","query":"Q2","resultCount":1,"elapsedMs":0,"depth":0}
{"ts":"2026-06-30T10:47:42.385Z","runId":"20260630-134742","type":"scrape_executed","url":"https://a.com","title":"https://a.com","bytes":4,"elapsedMs":0,"depth":0}
{"ts":"2026-06-30T10:47:42.386Z","runId":"20260630-134742","type":"phase_changed","from":"searching","to":"extracting","depth":1}
{"ts":"2026-06-30T10:47:42.386Z","runId":"20260630-134742","type":"extraction","length":470,"depth":1}
{"ts":"2026-06-30T10:47:42.386Z","runId":"20260630-134742","type":"phase_changed","from":"extracting","to":"questioning","depth":1}
{"ts":"2026-06-30T10:47:42.386Z","runId":"20260630-134742","type":"deepening","length":323,"depth":1}
{"ts":"2026-06-30T10:47:42.386Z","runId":"20260630-134742","type":"queue_saved","depth":1,"entries":2,"engines":"duckduckgo"}
{"ts":"2026-06-30T10:47:42.386Z","runId":"20260630-134742","type":"search_executed","query":"Q1","resultCount":1,"elapsedMs":0,"depth":1}
{"ts":"2026-06-30T10:47:42.387Z","runId":"20260630-134742","type":"search_executed","query":"Q2","resultCount":1,"elapsedMs":1,"depth":1}
{"ts":"2026-06-30T10:47:42.387Z","runId":"20260630-134742","type":"queue_saved","depth":0,"entries":2,"engines":"duckduckgo"}
{"ts":"2026-06-30T10:47:42.386Z","runId":"20260630-134742","type":"queue_saved","depth":0,"entries":1,"engines":"brave"}
{"ts":"2026-06-30T10:47:42.387Z","runId":"20260630-134742","type":"phase_changed","from":"searching","to":"extracting","depth":2}
{"ts":"2026-06-30T10:47:42.387Z","runId":"20260630-134742","type":"search_executed","query":"Original Q1","resultCount":1,"elapsedMs":0,"depth":0}
{"ts":"2026-06-30T10:47:42.387Z","runId":"20260630-134742","type":"search_executed","query":"q1","resultCount":0,"elapsedMs":0,"depth":0}
{"ts":"2026-06-30T10:47:42.387Z","runId":"20260630-134742","type":"extraction","length":396,"depth":2}
{"ts":"2026-06-30T10:47:42.387Z","runId":"20260630-134742","type":"phase_changed","from":"searching","to":"extracting","depth":1}
{"ts":"2026-06-30T10:47:42.387Z","runId":"20260630-134742","type":"search_executed","query":"Original Q2","resultCount":1,"elapsedMs":0,"depth":0}
{"ts":"2026-06-30T10:47:42.388Z","runId":"20260630-134742","type":"extraction","length":333,"depth":1}
{"ts":"2026-06-30T10:47:42.388Z","runId":"20260630-134742","type":"scrape_executed","url":"https://a.com","title":"https://a.com","bytes":4,"elapsedMs":0,"depth":0}
{"ts":"2026-06-30T10:47:42.388Z","runId":"20260630-134742","type":"phase_changed","from":"searching","to":"extracting","depth":1}
{"ts":"2026-06-30T10:47:42.388Z","runId":"20260630-134742","type":"extraction","length":488,"depth":1}
{"ts":"2026-06-30T10:47:42.389Z","runId":"20260630-134742","type":"phase_changed","from":"extracting","to":"questioning","depth":1}
{"ts":"2026-06-30T10:47:42.389Z","runId":"20260630-134742","type":"deepening","length":323,"depth":1}
{"ts":"2026-06-30T10:47:42.390Z","runId":"20260630-134742","type":"queue_saved","depth":1,"entries":2,"engines":"duckduckgo"}
{"ts":"2026-06-30T10:47:42.390Z","runId":"20260630-134742","type":"search_executed","query":"What is the first follow-up question?","resultCount":1,"elapsedMs":0,"depth":1}
{"ts":"2026-06-30T10:47:42.391Z","runId":"20260630-134742","type":"search_executed","query":"What is the second follow-up question?","resultCount":1,"elapsedMs":1,"depth":1}
{"ts":"2026-06-30T10:47:42.392Z","runId":"20260630-134742","type":"phase_changed","from":"searching","to":"extracting","depth":2}
{"ts":"2026-06-30T10:47:42.392Z","runId":"20260630-134742","type":"extraction","length":467,"depth":2}
{"ts":"2026-06-30T10:47:42.393Z","runId":"20260630-134742","type":"queue_saved","depth":0,"entries":2,"engines":"duckduckgo"}
{"ts":"2026-06-30T10:47:42.393Z","runId":"20260630-134742","type":"search_executed","query":"Original Q1","resultCount":1,"elapsedMs":0,"depth":0}
{"ts":"2026-06-30T10:47:42.393Z","runId":"20260630-134742","type":"search_executed","query":"Original Q2","resultCount":1,"elapsedMs":0,"depth":0}
{"ts":"2026-06-30T10:47:42.394Z","runId":"20260630-134742","type":"scrape_executed","url":"https://a.com","title":"https://a.com","bytes":4,"elapsedMs":0,"depth":0}
{"ts":"2026-06-30T10:47:42.394Z","runId":"20260630-134742","type":"phase_changed","from":"searching","to":"extracting","depth":1}
{"ts":"2026-06-30T10:47:42.394Z","runId":"20260630-134742","type":"extraction","length":488,"depth":1}
{"ts":"2026-06-30T10:47:42.395Z","runId":"20260630-134742","type":"phase_changed","from":"extracting","to":"questioning","depth":1}
{"ts":"2026-06-30T10:47:42.395Z","runId":"20260630-134742","type":"deepening","length":323,"depth":1}
{"ts":"2026-06-30T10:47:42.397Z","runId":"20260630-134742","type":"queue_saved","depth":1,"entries":2,"engines":"duckduckgo"}
{"ts":"2026-06-30T10:47:42.397Z","runId":"20260630-134742","type":"search_executed","query":"Original Q1","resultCount":1,"elapsedMs":0,"depth":1}
{"ts":"2026-06-30T10:47:42.398Z","runId":"20260630-134742","type":"search_executed","query":"Original Q2","resultCount":1,"elapsedMs":1,"depth":1}
{"ts":"2026-06-30T10:47:42.398Z","runId":"20260630-134742","type":"phase_changed","from":"searching","to":"extracting","depth":2}
{"ts":"2026-06-30T10:47:42.398Z","runId":"20260630-134742","type":"extraction","length":414,"depth":2}
{"ts":"2026-06-30T10:47:42.400Z","runId":"20260630-134742","type":"queue_saved","depth":0,"entries":2,"engines":"duckduckgo"}
{"ts":"2026-06-30T10:47:42.400Z","runId":"20260630-134742","type":"search_executed","query":"Original Q1","resultCount":1,"elapsedMs":0,"depth":0}
{"ts":"2026-06-30T10:47:42.400Z","runId":"20260630-134742","type":"search_executed","query":"Original Q2","resultCount":1,"elapsedMs":0,"depth":0}
{"ts":"2026-06-30T10:47:42.400Z","runId":"20260630-134742","type":"scrape_executed","url":"https://a.com","title":"https://a.com","bytes":4,"elapsedMs":0,"depth":0}
{"ts":"2026-06-30T10:47:42.401Z","runId":"20260630-134742","type":"phase_changed","from":"searching","to":"extracting","depth":1}
{"ts":"2026-06-30T10:47:42.401Z","runId":"20260630-134742","type":"extraction","length":488,"depth":1}
{"ts":"2026-06-30T10:47:42.401Z","runId":"20260630-134742","type":"phase_changed","from":"extracting","to":"questioning","depth":1}
{"ts":"2026-06-30T10:47:42.401Z","runId":"20260630-134742","type":"deepening","length":323,"depth":1}
{"ts":"2026-06-30T10:47:42.402Z","runId":"20260630-134742","type":"queue_saved","depth":1,"entries":2,"engines":"duckduckgo"}
{"ts":"2026-06-30T10:47:42.402Z","runId":"20260630-134742","type":"search_executed","query":"Original Q1","resultCount":1,"elapsedMs":0,"depth":1}
{"ts":"2026-06-30T10:47:42.402Z","runId":"20260630-134742","type":"search_executed","query":"Original Q2","resultCount":1,"elapsedMs":0,"depth":1}
{"ts":"2026-06-30T10:47:42.402Z","runId":"20260630-134742","type":"phase_changed","from":"searching","to":"extracting","depth":2}
{"ts":"2026-06-30T10:47:42.403Z","runId":"20260630-134742","type":"extraction","length":414,"depth":2}
{"ts":"2026-06-30T10:47:42.432Z","runId":"20260630-134742","type":"search_executed","query":"Q1","resultCount":2,"elapsedMs":57,"depth":0}
{"ts":"2026-06-30T10:47:42.432Z","runId":"20260630-134742","type":"search_executed","query":"Q2","resultCount":2,"elapsedMs":57,"depth":0}
{"ts":"2026-06-30T10:47:42.432Z","runId":"20260630-134742","type":"search_executed","query":"Q3","resultCount":2,"elapsedMs":57,"depth":0}
{"ts":"2026-06-30T10:47:42.433Z","runId":"20260630-134742","type":"search_executed","query":"Q4","resultCount":2,"elapsedMs":58,"depth":0}
{"ts":"2026-06-30T10:47:42.440Z","runId":"20260630-134742","type":"scrape_executed","url":"https://a.com","title":"https://a.com","bytes":4,"elapsedMs":7,"depth":0}
{"ts":"2026-06-30T10:47:42.440Z","runId":"20260630-134742","type":"scrape_executed","url":"https://b.com","title":"https://b.com","bytes":4,"elapsedMs":7,"depth":0}
{"ts":"2026-06-30T10:47:42.440Z","runId":"20260630-134742","type":"phase_changed","from":"searching","to":"extracting","depth":1}
{"ts":"2026-06-30T10:47:42.441Z","runId":"20260630-134742","type":"extraction","length":705,"depth":1}
{"ts":"2026-06-30T10:47:42.443Z","runId":"20260630-134742","type":"queue_saved","depth":0,"entries":3,"engines":"duckduckgo"}
{"ts":"2026-06-30T10:47:42.455Z","runId":"20260630-134742","type":"search_executed","query":"Q1","resultCount":2,"elapsedMs":12,"depth":0}
{"ts":"2026-06-30T10:47:42.456Z","runId":"20260630-134742","type":"search_executed","query":"Q2","resultCount":2,"elapsedMs":13,"depth":0}
{"ts":"2026-06-30T10:47:42.456Z","runId":"20260630-134742","type":"search_executed","query":"Q3","resultCount":2,"elapsedMs":13,"depth":0}
{"ts":"2026-06-30T10:47:42.463Z","runId":"20260630-134742","type":"scrape_executed","url":"https://a.com","title":"https://a.com","bytes":4,"elapsedMs":6,"depth":0}
{"ts":"2026-06-30T10:47:42.464Z","runId":"20260630-134742","type":"scrape_executed","url":"https://b.com","title":"https://b.com","bytes":4,"elapsedMs":7,"depth":0}
{"ts":"2026-06-30T10:47:42.464Z","runId":"20260630-134742","type":"phase_changed","from":"searching","to":"extracting","depth":1}
{"ts":"2026-06-30T10:47:42.464Z","runId":"20260630-134742","type":"extraction","length":640,"depth":1}
{"ts":"2026-06-30T10:47:42.465Z","runId":"20260630-134742","type":"deepening_skipped","reason":"depth_reached","currentDepth":1,"totalDepth":1}
{"ts":"2026-06-30T10:47:42.465Z","runId":"20260630-134742","type":"phase_changed","from":"extracting","to":"drafting","depth":1}
{"ts":"2026-06-30T10:47:42.465Z","runId":"20260630-134742","type":"drafting","length":569}
{"ts":"2026-06-30T10:47:42.465Z","runId":"20260630-134742","type":"drafting_extracted","textLength":117,"agentResponseType":"string","isArray":false}
{"ts":"2026-06-30T10:47:42.466Z","runId":"20260630-134742","type":"phase_changed","from":"drafting","to":"saving"}
{"ts":"2026-06-30T10:47:42.466Z","runId":"20260630-134742","type":"phase_changed","from":"saving","to":"done","draftLength":117}
{"ts":"2026-06-30T10:47:42.572Z","runId":"20260630-134742","type":"queue_saved","depth":0,"entries":3,"engines":"duckduckgo"}
{"ts":"2026-06-30T10:47:42.573Z","runId":"20260630-134742","type":"search_executed","query":"Q1","resultCount":2,"elapsedMs":0,"depth":0}
{"ts":"2026-06-30T10:47:42.573Z","runId":"20260630-134742","type":"search_executed","query":"Q2","resultCount":2,"elapsedMs":0,"depth":0}
{"ts":"2026-06-30T10:47:42.573Z","runId":"20260630-134742","type":"search_executed","query":"Q3","resultCount":2,"elapsedMs":0,"depth":0}
{"ts":"2026-06-30T10:47:42.574Z","runId":"20260630-134742","type":"scrape_executed","url":"https://xstate.js.org","title":"XState Docs","bytes":46,"elapsedMs":0,"depth":0}
{"ts":"2026-06-30T10:47:42.574Z","runId":"20260630-134742","type":"scrape_executed","url":"https://thisrobot.life","title":"Robot FSM","bytes":45,"elapsedMs":0,"depth":0}
{"ts":"2026-06-30T10:47:42.574Z","runId":"20260630-134742","type":"phase_changed","from":"searching","to":"extracting","depth":1}
{"ts":"2026-06-30T10:47:42.574Z","runId":"20260630-134742","type":"extraction","length":974,"depth":1}
{"ts":"2026-06-30T10:47:42.575Z","runId":"20260630-134742","type":"phase_changed","from":"extracting","to":"questioning","depth":1}
{"ts":"2026-06-30T10:47:42.575Z","runId":"20260630-134742","type":"deepening","length":350,"depth":1}
{"ts":"2026-06-30T10:47:42.576Z","runId":"20260630-134742","type":"queue_saved","depth":1,"entries":3,"engines":"duckduckgo"}
{"ts":"2026-06-30T10:47:42.576Z","runId":"20260630-134742","type":"search_executed","query":"Q1","resultCount":2,"elapsedMs":0,"depth":1}
{"ts":"2026-06-30T10:47:42.577Z","runId":"20260630-134742","type":"search_executed","query":"Q2","resultCount":2,"elapsedMs":1,"depth":1}
{"ts":"2026-06-30T10:47:42.577Z","runId":"20260630-134742","type":"search_executed","query":"Q3","resultCount":2,"elapsedMs":1,"depth":1}
{"ts":"2026-06-30T10:47:42.577Z","runId":"20260630-134742","type":"phase_changed","from":"searching","to":"extracting","depth":2}
{"ts":"2026-06-30T10:47:42.578Z","runId":"20260630-134742","type":"extraction","length":753,"depth":2}
{"ts":"2026-06-30T10:47:42.578Z","runId":"20260630-134742","type":"deepening_skipped","reason":"depth_reached","currentDepth":2,"totalDepth":2}
{"ts":"2026-06-30T10:47:42.578Z","runId":"20260630-134742","type":"phase_changed","from":"extracting","to":"drafting","depth":2}
{"ts":"2026-06-30T10:47:42.578Z","runId":"20260630-134742","type":"drafting","length":629}
{"ts":"2026-06-30T10:47:42.579Z","runId":"20260630-134742","type":"drafting_extracted","textLength":51,"agentResponseType":"string","isArray":false}
{"ts":"2026-06-30T10:47:42.579Z","runId":"20260630-134742","type":"phase_changed","from":"drafting","to":"saving"}
{"ts":"2026-06-30T10:47:42.579Z","runId":"20260630-134742","type":"phase_changed","from":"saving","to":"done","draftLength":51}
{"ts":"2026-06-30T10:47:42.584Z","runId":"20260630-134742","type":"queue_saved","depth":0,"entries":1,"engines":"duckduckgo"}
{"ts":"2026-06-30T10:47:42.585Z","runId":"20260630-134742","type":"search_executed","query":"q","resultCount":2,"elapsedMs":0,"depth":0}
{"ts":"2026-06-30T10:47:42.587Z","runId":"20260630-134742","type":"scrape_executed","url":"https://xstate.js.org","title":"XState Docs","bytes":46,"elapsedMs":0,"depth":0}
{"ts":"2026-06-30T10:47:42.589Z","runId":"20260630-134742","type":"scrape_executed","url":"https://thisrobot.life","title":"Robot FSM","bytes":45,"elapsedMs":2,"depth":0}
{"ts":"2026-06-30T10:47:42.590Z","runId":"20260630-134742","type":"phase_changed","from":"searching","to":"extracting","depth":1}
{"ts":"2026-06-30T10:47:42.590Z","runId":"20260630-134742","type":"extraction","length":683,"depth":1}
{"ts":"2026-06-30T10:47:42.591Z","runId":"20260630-134742","type":"phase_changed","from":"extracting","to":"questioning","depth":1}
{"ts":"2026-06-30T10:47:42.592Z","runId":"20260630-134742","type":"deepening","length":323,"depth":1}
{"ts":"2026-06-30T10:47:42.602Z","runId":"20260630-134742","type":"queue_saved","depth":1,"entries":1,"engines":"duckduckgo"}
{"ts":"2026-06-30T10:47:42.602Z","runId":"20260630-134742","type":"search_executed","query":"q","resultCount":2,"elapsedMs":0,"depth":1}
{"ts":"2026-06-30T10:47:42.603Z","runId":"20260630-134742","type":"phase_changed","from":"searching","to":"extracting","depth":2}
{"ts":"2026-06-30T10:47:42.603Z","runId":"20260630-134742","type":"extraction","length":462,"depth":2}
{"ts":"2026-06-30T10:47:42.603Z","runId":"20260630-134742","type":"deepening_skipped","reason":"depth_reached","currentDepth":2,"totalDepth":2}
{"ts":"2026-06-30T10:47:42.603Z","runId":"20260630-134742","type":"phase_changed","from":"extracting","to":"drafting","depth":2}
{"ts":"2026-06-30T10:47:42.604Z","runId":"20260630-134742","type":"drafting","length":569}
{"ts":"2026-06-30T10:47:42.604Z","runId":"20260630-134742","type":"drafting_extracted","textLength":0,"agentResponseType":"string","isArray":false}
{"ts":"2026-06-30T10:47:42.604Z","runId":"20260630-134742","type":"drafting_retry","reason":"empty_response","length":0}
{"ts":"2026-06-30T10:47:42.607Z","runId":"20260630-134742","type":"queue_saved","depth":0,"entries":3,"engines":"duckduckgo"}
{"ts":"2026-06-30T10:47:42.608Z","runId":"20260630-134742","type":"search_executed","query":"Q1","resultCount":2,"elapsedMs":0,"depth":0}
{"ts":"2026-06-30T10:47:42.608Z","runId":"20260630-134742","type":"search_executed","query":"Q2","resultCount":2,"elapsedMs":0,"depth":0}
{"ts":"2026-06-30T10:47:42.608Z","runId":"20260630-134742","type":"search_executed","query":"Q3","resultCount":2,"elapsedMs":0,"depth":0}
{"ts":"2026-06-30T10:47:42.608Z","runId":"20260630-134742","type":"scrape_executed","url":"https://xstate.js.org","title":"XState Docs","bytes":46,"elapsedMs":0,"depth":0}
{"ts":"2026-06-30T10:47:42.608Z","runId":"20260630-134742","type":"scrape_executed","url":"https://thisrobot.life","title":"Robot FSM","bytes":45,"elapsedMs":0,"depth":0}
{"ts":"2026-06-30T10:47:42.609Z","runId":"20260630-134742","type":"phase_changed","from":"searching","to":"extracting","depth":1}
{"ts":"2026-06-30T10:47:42.609Z","runId":"20260630-134742","type":"extraction","length":974,"depth":1}
{"ts":"2026-06-30T10:47:42.609Z","runId":"20260630-134742","type":"phase_changed","from":"extracting","to":"questioning","depth":1}
{"ts":"2026-06-30T10:47:42.609Z","runId":"20260630-134742","type":"deepening","length":350,"depth":1}
{"ts":"2026-06-30T10:47:42.610Z","runId":"20260630-134742","type":"queue_saved","depth":1,"entries":3,"engines":"duckduckgo"}
{"ts":"2026-06-30T10:47:42.610Z","runId":"20260630-134742","type":"search_executed","query":"Q1","resultCount":2,"elapsedMs":0,"depth":1}
{"ts":"2026-06-30T10:47:42.610Z","runId":"20260630-134742","type":"search_executed","query":"Q2","resultCount":2,"elapsedMs":0,"depth":1}
{"ts":"2026-06-30T10:47:42.610Z","runId":"20260630-134742","type":"search_executed","query":"Q3","resultCount":2,"elapsedMs":0,"depth":1}
{"ts":"2026-06-30T10:47:42.610Z","runId":"20260630-134742","type":"phase_changed","from":"searching","to":"extracting","depth":2}
{"ts":"2026-06-30T10:47:42.611Z","runId":"20260630-134742","type":"extraction","length":753,"depth":2}
{"ts":"2026-06-30T10:47:42.611Z","runId":"20260630-134742","type":"deepening_skipped","reason":"depth_reached","currentDepth":2,"totalDepth":2}
{"ts":"2026-06-30T10:47:42.611Z","runId":"20260630-134742","type":"phase_changed","from":"extracting","to":"drafting","depth":2}
{"ts":"2026-06-30T10:47:42.611Z","runId":"20260630-134742","type":"drafting","length":629}
{"ts":"2026-06-30T10:47:42.612Z","runId":"20260630-134742","type":"drafting_extracted","textLength":117,"agentResponseType":"string","isArray":false}
{"ts":"2026-06-30T10:47:42.612Z","runId":"20260630-134742","type":"phase_changed","from":"drafting","to":"saving"}
{"ts":"2026-06-30T10:47:42.612Z","runId":"20260630-134742","type":"phase_changed","from":"saving","to":"done","draftLength":117}
{"ts":"2026-06-30T10:47:42.759Z","runId":"20260630-134742","type":"queue_saved","depth":0,"entries":1,"engines":"duckduckgo"}
{"ts":"2026-06-30T10:47:42.759Z","runId":"20260630-134742","type":"search_executed","query":"q1","resultCount":0,"elapsedMs":0,"depth":0}
{"ts":"2026-06-30T10:47:42.760Z","runId":"20260630-134742","type":"phase_changed","from":"searching","to":"extracting","depth":1}
{"ts":"2026-06-30T10:47:42.760Z","runId":"20260630-134742","type":"extraction","length":333,"depth":1}
{"ts":"2026-06-30T10:47:42.921Z","runId":"20260630-134742","type":"queue_saved","depth":0,"entries":3,"engines":"duckduckgo"}
{"ts":"2026-06-30T10:47:42.921Z","runId":"20260630-134742","type":"search_executed","query":"Q1","resultCount":1,"elapsedMs":0,"depth":0}
{"ts":"2026-06-30T10:47:42.922Z","runId":"20260630-134742","type":"search_executed","query":"Q2","resultCount":1,"elapsedMs":1,"depth":0}
{"ts":"2026-06-30T10:47:42.922Z","runId":"20260630-134742","type":"search_executed","query":"Q3","resultCount":1,"elapsedMs":1,"depth":0}
{"ts":"2026-06-30T10:47:42.922Z","runId":"20260630-134742","type":"scrape_executed","url":"https://a.com","title":"https://a.com","bytes":4,"elapsedMs":0,"depth":0}
{"ts":"2026-06-30T10:47:42.923Z","runId":"20260630-134742","type":"phase_changed","from":"searching","to":"extracting","depth":1}
{"ts":"2026-06-30T10:47:42.923Z","runId":"20260630-134742","type":"extraction","length":509,"depth":1}
{"ts":"2026-06-30T10:47:42.924Z","runId":"20260630-134742","type":"phase_changed","from":"extracting","to":"questioning","depth":1}
{"ts":"2026-06-30T10:47:42.924Z","runId":"20260630-134742","type":"deepening","length":323,"depth":1}
{"ts":"2026-06-30T10:47:42.925Z","runId":"20260630-134742","type":"queue_saved","depth":1,"entries":3,"engines":"duckduckgo"}
{"ts":"2026-06-30T10:47:42.925Z","runId":"20260630-134742","type":"search_executed","query":"Q1","resultCount":1,"elapsedMs":0,"depth":1}
{"ts":"2026-06-30T10:47:42.925Z","runId":"20260630-134742","type":"search_executed","query":"Q2","resultCount":1,"elapsedMs":0,"depth":1}
{"ts":"2026-06-30T10:47:42.925Z","runId":"20260630-134742","type":"search_executed","query":"Q3","resultCount":1,"elapsedMs":0,"depth":1}
{"ts":"2026-06-30T10:47:42.926Z","runId":"20260630-134742","type":"soft_limit_triggered","searchCalls":6,"maxSearchCalls":5,"elapsedSeconds":0,"maxElapsedSeconds":0}
{"ts":"2026-06-30T10:47:42.926Z","runId":"20260630-134742","type":"phase_changed","from":"searching","to":"extracting","depth":2}
{"ts":"2026-06-30T10:47:42.926Z","runId":"20260630-134742","type":"extraction","length":435,"depth":2}
{"ts":"2026-06-30T10:47:42.926Z","runId":"20260630-134742","type":"deepening_skipped","reason":"soft_limit","currentDepth":2,"totalDepth":3}
{"ts":"2026-06-30T10:47:42.927Z","runId":"20260630-134742","type":"phase_changed","from":"extracting","to":"drafting","depth":2}
{"ts":"2026-06-30T10:47:42.927Z","runId":"20260630-134742","type":"drafting","length":569}
{"ts":"2026-06-30T10:47:42.927Z","runId":"20260630-134742","type":"drafting_extracted","textLength":82,"agentResponseType":"string","isArray":false}
{"ts":"2026-06-30T10:47:42.927Z","runId":"20260630-134742","type":"phase_changed","from":"drafting","to":"saving"}
{"ts":"2026-06-30T10:47:42.928Z","runId":"20260630-134742","type":"phase_changed","from":"saving","to":"done","draftLength":82}
{"ts":"2026-06-30T10:47:42.930Z","runId":"20260630-134742","type":"queue_saved","depth":0,"entries":3,"engines":"duckduckgo"}
{"ts":"2026-06-30T10:47:42.931Z","runId":"20260630-134742","type":"search_executed","query":"Q1","resultCount":1,"elapsedMs":1,"depth":0}
{"ts":"2026-06-30T10:47:42.931Z","runId":"20260630-134742","type":"search_executed","query":"Q2","resultCount":1,"elapsedMs":1,"depth":0}
{"ts":"2026-06-30T10:47:42.931Z","runId":"20260630-134742","type":"search_executed","query":"Q3","resultCount":1,"elapsedMs":0,"depth":0}
{"ts":"2026-06-30T10:47:42.931Z","runId":"20260630-134742","type":"scrape_executed","url":"https://a.com","title":"https://a.com","bytes":4,"elapsedMs":0,"depth":0}
{"ts":"2026-06-30T10:47:42.932Z","runId":"20260630-134742","type":"phase_changed","from":"searching","to":"extracting","depth":1}
{"ts":"2026-06-30T10:47:42.932Z","runId":"20260630-134742","type":"extraction","length":509,"depth":1}
{"ts":"2026-06-30T10:47:42.933Z","runId":"20260630-134742","type":"phase_changed","from":"extracting","to":"questioning","depth":1}
{"ts":"2026-06-30T10:47:42.933Z","runId":"20260630-134742","type":"deepening","length":323,"depth":1}
{"ts":"2026-06-30T10:47:42.934Z","runId":"20260630-134742","type":"queue_saved","depth":1,"entries":3,"engines":"duckduckgo"}
{"ts":"2026-06-30T10:47:42.935Z","runId":"20260630-134742","type":"search_executed","query":"Q1","resultCount":1,"elapsedMs":0,"depth":1}
{"ts":"2026-06-30T10:47:42.935Z","runId":"20260630-134742","type":"search_executed","query":"Q2","resultCount":1,"elapsedMs":0,"depth":1}
{"ts":"2026-06-30T10:47:42.935Z","runId":"20260630-134742","type":"search_executed","query":"Q3","resultCount":1,"elapsedMs":0,"depth":1}
{"ts":"2026-06-30T10:47:42.935Z","runId":"20260630-134742","type":"phase_changed","from":"searching","to":"extracting","depth":2}
{"ts":"2026-06-30T10:47:42.936Z","runId":"20260630-134742","type":"extraction","length":435,"depth":2}
{"ts":"2026-06-30T10:47:42.956Z","runId":"20260630-134742","type":"queue_saved","depth":0,"entries":2,"engines":"duckduckgo"}
{"ts":"2026-06-30T10:47:42.957Z","runId":"20260630-134742","type":"search_executed","query":"Q1","resultCount":2,"elapsedMs":1,"depth":0}
{"ts":"2026-06-30T10:47:42.957Z","runId":"20260630-134742","type":"search_executed","query":"Q2","resultCount":2,"elapsedMs":0,"depth":0}
{"ts":"2026-06-30T10:47:42.957Z","runId":"20260630-134742","type":"scrape_executed","url":"https://xstate.js.org","title":"XState","bytes":15,"elapsedMs":0,"depth":0}
{"ts":"2026-06-30T10:47:42.958Z","runId":"20260630-134742","type":"scrape_executed","url":"https://thisrobot.life","title":"Robot","bytes":16,"elapsedMs":1,"depth":0}
{"ts":"2026-06-30T10:47:42.958Z","runId":"20260630-134742","type":"phase_changed","from":"searching","to":"extracting","depth":1}
{"ts":"2026-06-30T10:47:42.958Z","runId":"20260630-134742","type":"extraction","length":712,"depth":1}
{"ts":"2026-06-30T10:47:42.959Z","runId":"20260630-134742","type":"phase_changed","from":"extracting","to":"questioning","depth":1}
{"ts":"2026-06-30T10:47:42.959Z","runId":"20260630-134742","type":"deepening","length":350,"depth":1}
{"ts":"2026-06-30T10:47:42.960Z","runId":"20260630-134742","type":"queue_saved","depth":1,"entries":2,"engines":"duckduckgo"}
{"ts":"2026-06-30T10:47:42.960Z","runId":"20260630-134742","type":"search_executed","query":"Q1","resultCount":2,"elapsedMs":0,"depth":1}
{"ts":"2026-06-30T10:47:42.961Z","runId":"20260630-134742","type":"search_executed","query":"Q2","resultCount":2,"elapsedMs":1,"depth":1}
{"ts":"2026-06-30T10:47:42.961Z","runId":"20260630-134742","type":"phase_changed","from":"searching","to":"extracting","depth":2}
{"ts":"2026-06-30T10:47:42.961Z","runId":"20260630-134742","type":"extraction","length":560,"depth":2}
{"ts":"2026-06-30T10:47:42.962Z","runId":"20260630-134742","type":"deepening_skipped","reason":"depth_reached","currentDepth":2,"totalDepth":2}
{"ts":"2026-06-30T10:47:42.962Z","runId":"20260630-134742","type":"phase_changed","from":"extracting","to":"drafting","depth":2}
{"ts":"2026-06-30T10:47:42.962Z","runId":"20260630-134742","type":"drafting","length":620}
{"ts":"2026-06-30T10:47:42.963Z","runId":"20260630-134742","type":"drafting_extracted","textLength":82,"agentResponseType":"string","isArray":false}
{"ts":"2026-06-30T10:47:42.963Z","runId":"20260630-134742","type":"phase_changed","from":"drafting","to":"saving"}
{"ts":"2026-06-30T10:47:42.963Z","runId":"20260630-134742","type":"phase_changed","from":"saving","to":"done","draftLength":82}
{"ts":"2026-06-30T10:47:42.967Z","runId":"20260630-134742","type":"queue_saved","depth":0,"entries":2,"engines":"duckduckgo"}
{"ts":"2026-06-30T10:47:42.969Z","runId":"20260630-134742","type":"search_executed","query":"Q1","resultCount":2,"elapsedMs":1,"depth":0}
{"ts":"2026-06-30T10:47:42.970Z","runId":"20260630-134742","type":"search_executed","query":"Q2","resultCount":2,"elapsedMs":2,"depth":0}
{"ts":"2026-06-30T10:47:42.970Z","runId":"20260630-134742","type":"scrape_executed","url":"https://xstate.js.org","title":"XState","bytes":15,"elapsedMs":0,"depth":0}
{"ts":"2026-06-30T10:47:42.970Z","runId":"20260630-134742","type":"scrape_executed","url":"https://thisrobot.life","title":"Robot","bytes":16,"elapsedMs":0,"depth":0}
{"ts":"2026-06-30T10:47:42.971Z","runId":"20260630-134742","type":"phase_changed","from":"searching","to":"extracting","depth":1}
{"ts":"2026-06-30T10:47:42.971Z","runId":"20260630-134742","type":"extraction","length":712,"depth":1}
{"ts":"2026-06-30T10:47:42.972Z","runId":"20260630-134742","type":"phase_changed","from":"extracting","to":"questioning","depth":1}
{"ts":"2026-06-30T10:47:42.972Z","runId":"20260630-134742","type":"deepening","length":350,"depth":1}
{"ts":"2026-06-30T10:47:42.973Z","runId":"20260630-134742","type":"queue_saved","depth":1,"entries":2,"engines":"duckduckgo"}
{"ts":"2026-06-30T10:47:42.973Z","runId":"20260630-134742","type":"search_executed","query":"Q1","resultCount":2,"elapsedMs":0,"depth":1}
{"ts":"2026-06-30T10:47:42.974Z","runId":"20260630-134742","type":"search_executed","query":"Q2","resultCount":2,"elapsedMs":1,"depth":1}
{"ts":"2026-06-30T10:47:42.974Z","runId":"20260630-134742","type":"phase_changed","from":"searching","to":"extracting","depth":2}
{"ts":"2026-06-30T10:47:42.974Z","runId":"20260630-134742","type":"extraction","length":560,"depth":2}
{"ts":"2026-06-30T10:47:42.975Z","runId":"20260630-134742","type":"queue_saved","depth":0,"entries":2,"engines":"duckduckgo"}
{"ts":"2026-06-30T10:47:42.976Z","runId":"20260630-134742","type":"search_executed","query":"Q1","resultCount":2,"elapsedMs":0,"depth":0}
{"ts":"2026-06-30T10:47:42.976Z","runId":"20260630-134742","type":"search_executed","query":"Q2","resultCount":2,"elapsedMs":0,"depth":0}
{"ts":"2026-06-30T10:47:42.976Z","runId":"20260630-134742","type":"scrape_executed","url":"https://xstate.js.org","title":"XState","bytes":15,"elapsedMs":0,"depth":0}
{"ts":"2026-06-30T10:47:42.977Z","runId":"20260630-134742","type":"scrape_executed","url":"https://thisrobot.life","title":"Robot","bytes":16,"elapsedMs":1,"depth":0}
{"ts":"2026-06-30T10:47:42.978Z","runId":"20260630-134742","type":"phase_changed","from":"searching","to":"extracting","depth":1}
{"ts":"2026-06-30T10:47:42.978Z","runId":"20260630-134742","type":"extraction","length":712,"depth":1}
{"ts":"2026-06-30T10:47:42.979Z","runId":"20260630-134742","type":"phase_changed","from":"extracting","to":"questioning","depth":1}
{"ts":"2026-06-30T10:47:42.979Z","runId":"20260630-134742","type":"deepening","length":350,"depth":1}
{"ts":"2026-06-30T10:47:42.980Z","runId":"20260630-134742","type":"queue_saved","depth":1,"entries":2,"engines":"duckduckgo"}
{"ts":"2026-06-30T10:47:42.982Z","runId":"20260630-134742","type":"search_executed","query":"Q1","resultCount":2,"elapsedMs":0,"depth":1}
{"ts":"2026-06-30T10:47:42.982Z","runId":"20260630-134742","type":"search_executed","query":"Q2","resultCount":2,"elapsedMs":0,"depth":1}
{"ts":"2026-06-30T10:47:42.983Z","runId":"20260630-134742","type":"phase_changed","from":"searching","to":"extracting","depth":2}
{"ts":"2026-06-30T10:47:42.983Z","runId":"20260630-134742","type":"extraction","length":560,"depth":2}
{"ts":"2026-06-30T10:47:42.983Z","runId":"20260630-134742","type":"deepening_skipped","reason":"depth_reached","currentDepth":2,"totalDepth":2}
{"ts":"2026-06-30T10:47:42.983Z","runId":"20260630-134742","type":"phase_changed","from":"extracting","to":"drafting","depth":2}
{"ts":"2026-06-30T10:47:42.984Z","runId":"20260630-134742","type":"drafting","length":620}
{"ts":"2026-06-30T10:47:42.985Z","runId":"20260630-134742","type":"queue_saved","depth":0,"entries":2,"engines":"duckduckgo"}
{"ts":"2026-06-30T10:47:42.985Z","runId":"20260630-134742","type":"search_executed","query":"Q1","resultCount":2,"elapsedMs":0,"depth":0}
{"ts":"2026-06-30T10:47:42.985Z","runId":"20260630-134742","type":"search_executed","query":"Q2","resultCount":2,"elapsedMs":0,"depth":0}
{"ts":"2026-06-30T10:47:42.986Z","runId":"20260630-134742","type":"scrape_executed","url":"https://xstate.js.org","title":"XState","bytes":15,"elapsedMs":0,"depth":0}
{"ts":"2026-06-30T10:47:42.986Z","runId":"20260630-134742","type":"scrape_executed","url":"https://thisrobot.life","title":"Robot","bytes":16,"elapsedMs":0,"depth":0}
{"ts":"2026-06-30T10:47:42.987Z","runId":"20260630-134742","type":"phase_changed","from":"searching","to":"extracting","depth":1}
{"ts":"2026-06-30T10:47:42.987Z","runId":"20260630-134742","type":"extraction","length":712,"depth":1}
{"ts":"2026-06-30T10:47:42.987Z","runId":"20260630-134742","type":"deepening_skipped","reason":"depth_reached","currentDepth":1,"totalDepth":1}
{"ts":"2026-06-30T10:47:42.987Z","runId":"20260630-134742","type":"phase_changed","from":"extracting","to":"drafting","depth":1}
{"ts":"2026-06-30T10:47:42.987Z","runId":"20260630-134742","type":"drafting","length":620}
{"ts":"2026-06-30T10:47:42.988Z","runId":"20260630-134742","type":"drafting_extracted","textLength":86,"agentResponseType":"string","isArray":false}
{"ts":"2026-06-30T10:47:42.988Z","runId":"20260630-134742","type":"phase_changed","from":"drafting","to":"saving"}
{"ts":"2026-06-30T10:47:42.988Z","runId":"20260630-134742","type":"phase_changed","from":"saving","to":"done","draftLength":86}
{"ts":"2026-06-30T10:47:42.990Z","runId":"20260630-134742","type":"queue_saved","depth":0,"entries":2,"engines":"duckduckgo"}
{"ts":"2026-06-30T10:47:42.992Z","runId":"20260630-134742","type":"search_executed","query":"Q1","resultCount":2,"elapsedMs":0,"depth":0}
{"ts":"2026-06-30T10:47:42.992Z","runId":"20260630-134742","type":"search_executed","query":"Q2","resultCount":2,"elapsedMs":0,"depth":0}
{"ts":"2026-06-30T10:47:42.992Z","runId":"20260630-134742","type":"scrape_executed","url":"https://xstate.js.org","title":"XState","bytes":15,"elapsedMs":0,"depth":0}
{"ts":"2026-06-30T10:47:42.993Z","runId":"20260630-134742","type":"scrape_executed","url":"https://thisrobot.life","title":"Robot","bytes":16,"elapsedMs":1,"depth":0}
{"ts":"2026-06-30T10:47:42.993Z","runId":"20260630-134742","type":"phase_changed","from":"searching","to":"extracting","depth":1}
{"ts":"2026-06-30T10:47:42.993Z","runId":"20260630-134742","type":"extraction","length":712,"depth":1}
{"ts":"2026-06-30T10:47:42.994Z","runId":"20260630-134742","type":"deepening_skipped","reason":"depth_reached","currentDepth":1,"totalDepth":1}
{"ts":"2026-06-30T10:47:42.994Z","runId":"20260630-134742","type":"phase_changed","from":"extracting","to":"drafting","depth":1}
{"ts":"2026-06-30T10:47:42.994Z","runId":"20260630-134742","type":"drafting","length":620}
