{"ts":"2026-06-30T21:43:10.206Z","runId":"20260701-004310","type":"queue_saved","depth":0,"entries":3,"engines":"duckduckgo"}
{"ts":"2026-06-30T21:43:10.207Z","runId":"20260701-004310","type":"search_executed","query":"Q1","resultCount":1,"elapsedMs":0,"depth":0}
{"ts":"2026-06-30T21:43:10.208Z","runId":"20260701-004310","type":"search_executed","query":"Q2","resultCount":1,"elapsedMs":1,"depth":0}
{"ts":"2026-06-30T21:43:10.208Z","runId":"20260701-004310","type":"search_executed","query":"Q3","resultCount":1,"elapsedMs":1,"depth":0}
{"ts":"2026-06-30T21:43:10.209Z","runId":"20260701-004310","type":"scrape_executed","url":"https://a.com","title":"https://a.com","bytes":4,"elapsedMs":0,"depth":0}
{"ts":"2026-06-30T21:43:10.210Z","runId":"20260701-004310","type":"phase_changed","from":"searching","to":"extracting","depth":1}
{"ts":"2026-06-30T21:43:10.210Z","runId":"20260701-004310","type":"extraction","length":509,"depth":1}
{"ts":"2026-06-30T21:43:10.210Z","runId":"20260701-004310","type":"phase_changed","from":"extracting","to":"questioning","depth":1}
{"ts":"2026-06-30T21:43:10.211Z","runId":"20260701-004310","type":"deepening","length":323,"depth":1}
{"ts":"2026-06-30T21:43:10.212Z","runId":"20260701-004310","type":"queue_saved","depth":1,"entries":3,"engines":"duckduckgo"}
{"ts":"2026-06-30T21:43:10.212Z","runId":"20260701-004310","type":"search_executed","query":"Q1","resultCount":1,"elapsedMs":0,"depth":1}
{"ts":"2026-06-30T21:43:10.212Z","runId":"20260701-004310","type":"search_executed","query":"Q2","resultCount":1,"elapsedMs":0,"depth":1}
{"ts":"2026-06-30T21:43:10.213Z","runId":"20260701-004310","type":"search_executed","query":"Q3","resultCount":1,"elapsedMs":1,"depth":1}
{"ts":"2026-06-30T21:43:10.213Z","runId":"20260701-004310","type":"soft_limit_triggered","searchCalls":6,"maxSearchCalls":5,"elapsedSeconds":0,"maxElapsedSeconds":0}
{"ts":"2026-06-30T21:43:10.214Z","runId":"20260701-004310","type":"phase_changed","from":"searching","to":"extracting","depth":2}
{"ts":"2026-06-30T21:43:10.214Z","runId":"20260701-004310","type":"extraction","length":435,"depth":2}
{"ts":"2026-06-30T21:43:10.217Z","runId":"20260701-004310","type":"deepening_skipped","reason":"soft_limit","currentDepth":2,"totalDepth":3}
{"ts":"2026-06-30T21:43:10.219Z","runId":"20260701-004310","type":"phase_changed","from":"extracting","to":"drafting","depth":2}
{"ts":"2026-06-30T21:43:10.222Z","runId":"20260701-004310","type":"drafting","length":569}
{"ts":"2026-06-30T21:43:10.222Z","runId":"20260701-004310","type":"drafting_extracted","textLength":82,"agentResponseType":"string","isArray":false}
{"ts":"2026-06-30T21:43:10.223Z","runId":"20260701-004310","type":"phase_changed","from":"drafting","to":"saving"}
{"ts":"2026-06-30T21:43:10.224Z","runId":"20260701-004310","type":"phase_changed","from":"saving","to":"done","draftLength":82}
{"ts":"2026-06-30T21:43:10.230Z","runId":"20260701-004310","type":"queue_saved","depth":0,"entries":3,"engines":"duckduckgo"}
{"ts":"2026-06-30T21:43:10.232Z","runId":"20260701-004310","type":"search_executed","query":"Q1","resultCount":1,"elapsedMs":1,"depth":0}
{"ts":"2026-06-30T21:43:10.232Z","runId":"20260701-004310","type":"search_executed","query":"Q2","resultCount":1,"elapsedMs":1,"depth":0}
{"ts":"2026-06-30T21:43:10.232Z","runId":"20260701-004310","type":"search_executed","query":"Q3","resultCount":1,"elapsedMs":1,"depth":0}
{"ts":"2026-06-30T21:43:10.233Z","runId":"20260701-004310","type":"scrape_executed","url":"https://a.com","title":"https://a.com","bytes":4,"elapsedMs":0,"depth":0}
{"ts":"2026-06-30T21:43:10.233Z","runId":"20260701-004310","type":"phase_changed","from":"searching","to":"extracting","depth":1}
{"ts":"2026-06-30T21:43:10.233Z","runId":"20260701-004310","type":"extraction","length":509,"depth":1}
{"ts":"2026-06-30T21:43:10.234Z","runId":"20260701-004310","type":"phase_changed","from":"extracting","to":"questioning","depth":1}
{"ts":"2026-06-30T21:43:10.234Z","runId":"20260701-004310","type":"deepening","length":323,"depth":1}
{"ts":"2026-06-30T21:43:10.238Z","runId":"20260701-004310","type":"queue_saved","depth":1,"entries":3,"engines":"duckduckgo"}
{"ts":"2026-06-30T21:43:10.239Z","runId":"20260701-004310","type":"search_executed","query":"Q1","resultCount":1,"elapsedMs":0,"depth":1}
{"ts":"2026-06-30T21:43:10.240Z","runId":"20260701-004310","type":"search_executed","query":"Q2","resultCount":1,"elapsedMs":1,"depth":1}
{"ts":"2026-06-30T21:43:10.241Z","runId":"20260701-004310","type":"search_executed","query":"Q3","resultCount":1,"elapsedMs":2,"depth":1}
{"ts":"2026-06-30T21:43:10.243Z","runId":"20260701-004310","type":"phase_changed","from":"searching","to":"extracting","depth":2}
{"ts":"2026-06-30T21:43:10.244Z","runId":"20260701-004310","type":"extraction","length":435,"depth":2}
{"ts":"2026-06-30T21:43:10.287Z","runId":"20260701-004310","type":"queue_saved","depth":0,"entries":2,"engines":"duckduckgo"}
{"ts":"2026-06-30T21:43:10.289Z","runId":"20260701-004310","type":"search_executed","query":"Q1","resultCount":2,"elapsedMs":1,"depth":0}
{"ts":"2026-06-30T21:43:10.291Z","runId":"20260701-004310","type":"search_executed","query":"Q2","resultCount":2,"elapsedMs":3,"depth":0}
{"ts":"2026-06-30T21:43:10.292Z","runId":"20260701-004310","type":"scrape_executed","url":"https://xstate.js.org","title":"XState","bytes":15,"elapsedMs":0,"depth":0}
{"ts":"2026-06-30T21:43:10.292Z","runId":"20260701-004310","type":"scrape_executed","url":"https://thisrobot.life","title":"Robot","bytes":16,"elapsedMs":0,"depth":0}
{"ts":"2026-06-30T21:43:10.293Z","runId":"20260701-004310","type":"phase_changed","from":"searching","to":"extracting","depth":1}
{"ts":"2026-06-30T21:43:10.294Z","runId":"20260701-004310","type":"extraction","length":712,"depth":1}
{"ts":"2026-06-30T21:43:10.294Z","runId":"20260701-004310","type":"phase_changed","from":"extracting","to":"questioning","depth":1}
{"ts":"2026-06-30T21:43:10.295Z","runId":"20260701-004310","type":"deepening","length":350,"depth":1}
{"ts":"2026-06-30T21:43:10.298Z","runId":"20260701-004310","type":"queue_saved","depth":1,"entries":2,"engines":"duckduckgo"}
{"ts":"2026-06-30T21:43:10.299Z","runId":"20260701-004310","type":"search_executed","query":"Q1","resultCount":2,"elapsedMs":0,"depth":1}
{"ts":"2026-06-30T21:43:10.300Z","runId":"20260701-004310","type":"search_executed","query":"Q2","resultCount":2,"elapsedMs":1,"depth":1}
{"ts":"2026-06-30T21:43:10.300Z","runId":"20260701-004310","type":"phase_changed","from":"searching","to":"extracting","depth":2}
{"ts":"2026-06-30T21:43:10.301Z","runId":"20260701-004310","type":"extraction","length":560,"depth":2}
{"ts":"2026-06-30T21:43:10.301Z","runId":"20260701-004310","type":"deepening_skipped","reason":"depth_reached","currentDepth":2,"totalDepth":2}
{"ts":"2026-06-30T21:43:10.302Z","runId":"20260701-004310","type":"phase_changed","from":"extracting","to":"drafting","depth":2}
{"ts":"2026-06-30T21:43:10.303Z","runId":"20260701-004310","type":"drafting","length":620}
{"ts":"2026-06-30T21:43:10.304Z","runId":"20260701-004310","type":"drafting_extracted","textLength":82,"agentResponseType":"string","isArray":false}
{"ts":"2026-06-30T21:43:10.305Z","runId":"20260701-004310","type":"phase_changed","from":"drafting","to":"saving"}
{"ts":"2026-06-30T21:43:10.306Z","runId":"20260701-004310","type":"phase_changed","from":"saving","to":"done","draftLength":82}
{"ts":"2026-06-30T21:43:10.311Z","runId":"20260701-004310","type":"queue_saved","depth":0,"entries":2,"engines":"duckduckgo"}
{"ts":"2026-06-30T21:43:10.311Z","runId":"20260701-004310","type":"search_executed","query":"Q1","resultCount":2,"elapsedMs":0,"depth":0}
{"ts":"2026-06-30T21:43:10.312Z","runId":"20260701-004310","type":"search_executed","query":"Q2","resultCount":2,"elapsedMs":1,"depth":0}
{"ts":"2026-06-30T21:43:10.312Z","runId":"20260701-004310","type":"scrape_executed","url":"https://xstate.js.org","title":"XState","bytes":15,"elapsedMs":0,"depth":0}
{"ts":"2026-06-30T21:43:10.313Z","runId":"20260701-004310","type":"scrape_executed","url":"https://thisrobot.life","title":"Robot","bytes":16,"elapsedMs":1,"depth":0}
{"ts":"2026-06-30T21:43:10.313Z","runId":"20260701-004310","type":"phase_changed","from":"searching","to":"extracting","depth":1}
{"ts":"2026-06-30T21:43:10.313Z","runId":"20260701-004310","type":"extraction","length":712,"depth":1}
{"ts":"2026-06-30T21:43:10.314Z","runId":"20260701-004310","type":"phase_changed","from":"extracting","to":"questioning","depth":1}
{"ts":"2026-06-30T21:43:10.314Z","runId":"20260701-004310","type":"deepening","length":350,"depth":1}
{"ts":"2026-06-30T21:43:10.315Z","runId":"20260701-004310","type":"queue_saved","depth":1,"entries":2,"engines":"duckduckgo"}
{"ts":"2026-06-30T21:43:10.315Z","runId":"20260701-004310","type":"search_executed","query":"Q1","resultCount":2,"elapsedMs":0,"depth":1}
{"ts":"2026-06-30T21:43:10.316Z","runId":"20260701-004310","type":"search_executed","query":"Q2","resultCount":2,"elapsedMs":1,"depth":1}
{"ts":"2026-06-30T21:43:10.316Z","runId":"20260701-004310","type":"phase_changed","from":"searching","to":"extracting","depth":2}
{"ts":"2026-06-30T21:43:10.316Z","runId":"20260701-004310","type":"extraction","length":560,"depth":2}
{"ts":"2026-06-30T21:43:10.319Z","runId":"20260701-004310","type":"queue_saved","depth":0,"entries":2,"engines":"duckduckgo"}
{"ts":"2026-06-30T21:43:10.321Z","runId":"20260701-004310","type":"search_executed","query":"Q1","resultCount":2,"elapsedMs":0,"depth":0}
{"ts":"2026-06-30T21:43:10.323Z","runId":"20260701-004310","type":"search_executed","query":"Q2","resultCount":2,"elapsedMs":2,"depth":0}
{"ts":"2026-06-30T21:43:10.324Z","runId":"20260701-004310","type":"scrape_executed","url":"https://xstate.js.org","title":"XState","bytes":15,"elapsedMs":0,"depth":0}
{"ts":"2026-06-30T21:43:10.324Z","runId":"20260701-004310","type":"scrape_executed","url":"https://thisrobot.life","title":"Robot","bytes":16,"elapsedMs":0,"depth":0}
{"ts":"2026-06-30T21:43:10.329Z","runId":"20260701-004310","type":"phase_changed","from":"searching","to":"extracting","depth":1}
{"ts":"2026-06-30T21:43:10.329Z","runId":"20260701-004310","type":"extraction","length":712,"depth":1}
{"ts":"2026-06-30T21:43:10.330Z","runId":"20260701-004310","type":"phase_changed","from":"extracting","to":"questioning","depth":1}
{"ts":"2026-06-30T21:43:10.330Z","runId":"20260701-004310","type":"deepening","length":350,"depth":1}
{"ts":"2026-06-30T21:43:10.331Z","runId":"20260701-004310","type":"queue_saved","depth":1,"entries":2,"engines":"duckduckgo"}
{"ts":"2026-06-30T21:43:10.332Z","runId":"20260701-004310","type":"search_executed","query":"Q1","resultCount":2,"elapsedMs":0,"depth":1}
{"ts":"2026-06-30T21:43:10.332Z","runId":"20260701-004310","type":"search_executed","query":"Q2","resultCount":2,"elapsedMs":0,"depth":1}
{"ts":"2026-06-30T21:43:10.333Z","runId":"20260701-004310","type":"phase_changed","from":"searching","to":"extracting","depth":2}
{"ts":"2026-06-30T21:43:10.333Z","runId":"20260701-004310","type":"extraction","length":560,"depth":2}
{"ts":"2026-06-30T21:43:10.333Z","runId":"20260701-004310","type":"deepening_skipped","reason":"depth_reached","currentDepth":2,"totalDepth":2}
{"ts":"2026-06-30T21:43:10.334Z","runId":"20260701-004310","type":"phase_changed","from":"extracting","to":"drafting","depth":2}
{"ts":"2026-06-30T21:43:10.334Z","runId":"20260701-004310","type":"drafting","length":620}
{"ts":"2026-06-30T21:43:10.348Z","runId":"20260701-004310","type":"queue_saved","depth":0,"entries":2,"engines":"duckduckgo"}
{"ts":"2026-06-30T21:43:10.349Z","runId":"20260701-004310","type":"search_executed","query":"Q1","resultCount":2,"elapsedMs":1,"depth":0}
{"ts":"2026-06-30T21:43:10.350Z","runId":"20260701-004310","type":"search_executed","query":"Q2","resultCount":2,"elapsedMs":1,"depth":0}
{"ts":"2026-06-30T21:43:10.351Z","runId":"20260701-004310","type":"scrape_executed","url":"https://xstate.js.org","title":"XState","bytes":15,"elapsedMs":0,"depth":0}
{"ts":"2026-06-30T21:43:10.352Z","runId":"20260701-004310","type":"scrape_executed","url":"https://thisrobot.life","title":"Robot","bytes":16,"elapsedMs":1,"depth":0}
{"ts":"2026-06-30T21:43:10.352Z","runId":"20260701-004310","type":"phase_changed","from":"searching","to":"extracting","depth":1}
{"ts":"2026-06-30T21:43:10.353Z","runId":"20260701-004310","type":"extraction","length":712,"depth":1}
{"ts":"2026-06-30T21:43:10.353Z","runId":"20260701-004310","type":"deepening_skipped","reason":"depth_reached","currentDepth":1,"totalDepth":1}
{"ts":"2026-06-30T21:43:10.354Z","runId":"20260701-004310","type":"phase_changed","from":"extracting","to":"drafting","depth":1}
{"ts":"2026-06-30T21:43:10.355Z","runId":"20260701-004310","type":"drafting","length":620}
{"ts":"2026-06-30T21:43:10.355Z","runId":"20260701-004310","type":"drafting_extracted","textLength":86,"agentResponseType":"string","isArray":false}
{"ts":"2026-06-30T21:43:10.355Z","runId":"20260701-004310","type":"phase_changed","from":"drafting","to":"saving"}
{"ts":"2026-06-30T21:43:10.356Z","runId":"20260701-004310","type":"phase_changed","from":"saving","to":"done","draftLength":86}
{"ts":"2026-06-30T21:43:10.358Z","runId":"20260701-004310","type":"queue_saved","depth":0,"entries":2,"engines":"duckduckgo"}
{"ts":"2026-06-30T21:43:10.358Z","runId":"20260701-004310","type":"search_executed","query":"Q1","resultCount":2,"elapsedMs":0,"depth":0}
{"ts":"2026-06-30T21:43:10.359Z","runId":"20260701-004310","type":"search_executed","query":"Q2","resultCount":2,"elapsedMs":1,"depth":0}
{"ts":"2026-06-30T21:43:10.360Z","runId":"20260701-004310","type":"scrape_executed","url":"https://xstate.js.org","title":"XState","bytes":15,"elapsedMs":0,"depth":0}
{"ts":"2026-06-30T21:43:10.360Z","runId":"20260701-004310","type":"scrape_executed","url":"https://thisrobot.life","title":"Robot","bytes":16,"elapsedMs":0,"depth":0}
{"ts":"2026-06-30T21:43:10.361Z","runId":"20260701-004310","type":"phase_changed","from":"searching","to":"extracting","depth":1}
{"ts":"2026-06-30T21:43:10.361Z","runId":"20260701-004310","type":"extraction","length":712,"depth":1}
{"ts":"2026-06-30T21:43:10.361Z","runId":"20260701-004310","type":"deepening_skipped","reason":"depth_reached","currentDepth":1,"totalDepth":1}
{"ts":"2026-06-30T21:43:10.362Z","runId":"20260701-004310","type":"phase_changed","from":"extracting","to":"drafting","depth":1}
{"ts":"2026-06-30T21:43:10.362Z","runId":"20260701-004310","type":"drafting","length":620}
