{"ts":"2026-06-30T21:43:14.837Z","runId":"20260701-004314","type":"queue_saved","depth":0,"entries":4,"engines":"duckduckgo"}
{"ts":"2026-06-30T21:43:14.843Z","runId":"20260701-004314","type":"queue_saved","depth":0,"entries":2,"engines":"duckduckgo"}
{"ts":"2026-06-30T21:43:14.844Z","runId":"20260701-004314","type":"search_executed","query":"Q1","resultCount":1,"elapsedMs":0,"depth":0}
{"ts":"2026-06-30T21:43:14.846Z","runId":"20260701-004314","type":"search_executed","query":"Q2","resultCount":1,"elapsedMs":2,"depth":0}
{"ts":"2026-06-30T21:43:14.854Z","runId":"20260701-004314","type":"scrape_executed","url":"https://a.com","title":"https://a.com","bytes":4,"elapsedMs":0,"depth":0}
{"ts":"2026-06-30T21:43:14.855Z","runId":"20260701-004314","type":"phase_changed","from":"searching","to":"extracting","depth":1}
{"ts":"2026-06-30T21:43:14.856Z","runId":"20260701-004314","type":"extraction","length":470,"depth":1}
{"ts":"2026-06-30T21:43:14.856Z","runId":"20260701-004314","type":"phase_changed","from":"extracting","to":"questioning","depth":1}
{"ts":"2026-06-30T21:43:14.857Z","runId":"20260701-004314","type":"deepening","length":323,"depth":1}
{"ts":"2026-06-30T21:43:14.858Z","runId":"20260701-004314","type":"queue_saved","depth":1,"entries":2,"engines":"duckduckgo"}
{"ts":"2026-06-30T21:43:14.858Z","runId":"20260701-004314","type":"search_executed","query":"Question one?","resultCount":1,"elapsedMs":0,"depth":1}
{"ts":"2026-06-30T21:43:14.859Z","runId":"20260701-004314","type":"search_executed","query":"Question two?","resultCount":1,"elapsedMs":1,"depth":1}
{"ts":"2026-06-30T21:43:14.860Z","runId":"20260701-004314","type":"phase_changed","from":"searching","to":"extracting","depth":2}
{"ts":"2026-06-30T21:43:14.862Z","runId":"20260701-004314","type":"extraction","length":418,"depth":2}
{"ts":"2026-06-30T21:43:14.871Z","runId":"20260701-004314","type":"queue_saved","depth":0,"entries":2,"engines":"duckduckgo"}
{"ts":"2026-06-30T21:43:14.872Z","runId":"20260701-004314","type":"search_executed","query":"Q1","resultCount":1,"elapsedMs":0,"depth":0}
{"ts":"2026-06-30T21:43:14.872Z","runId":"20260701-004314","type":"search_executed","query":"Q2","resultCount":1,"elapsedMs":0,"depth":0}
{"ts":"2026-06-30T21:43:14.873Z","runId":"20260701-004314","type":"scrape_executed","url":"https://a.com","title":"https://a.com","bytes":4,"elapsedMs":0,"depth":0}
{"ts":"2026-06-30T21:43:14.876Z","runId":"20260701-004314","type":"phase_changed","from":"searching","to":"extracting","depth":1}
{"ts":"2026-06-30T21:43:14.880Z","runId":"20260701-004314","type":"extraction","length":470,"depth":1}
{"ts":"2026-06-30T21:43:14.880Z","runId":"20260701-004314","type":"phase_changed","from":"extracting","to":"questioning","depth":1}
{"ts":"2026-06-30T21:43:14.881Z","runId":"20260701-004314","type":"deepening","length":323,"depth":1}
{"ts":"2026-06-30T21:43:14.886Z","runId":"20260701-004314","type":"queue_saved","depth":1,"entries":2,"engines":"duckduckgo"}
{"ts":"2026-06-30T21:43:14.890Z","runId":"20260701-004314","type":"search_executed","query":"Question one?","resultCount":1,"elapsedMs":0,"depth":1}
{"ts":"2026-06-30T21:43:14.890Z","runId":"20260701-004314","type":"search_executed","query":"Question two?","resultCount":1,"elapsedMs":0,"depth":1}
{"ts":"2026-06-30T21:43:14.891Z","runId":"20260701-004314","type":"phase_changed","from":"searching","to":"extracting","depth":2}
{"ts":"2026-06-30T21:43:14.891Z","runId":"20260701-004314","type":"extraction","length":418,"depth":2}
{"ts":"2026-06-30T21:43:14.892Z","runId":"20260701-004314","type":"search_executed","query":"Q1","resultCount":2,"elapsedMs":52,"depth":0}
{"ts":"2026-06-30T21:43:14.892Z","runId":"20260701-004314","type":"search_executed","query":"Q2","resultCount":2,"elapsedMs":50,"depth":0}
{"ts":"2026-06-30T21:43:14.893Z","runId":"20260701-004314","type":"search_executed","query":"Q3","resultCount":2,"elapsedMs":51,"depth":0}
{"ts":"2026-06-30T21:43:14.893Z","runId":"20260701-004314","type":"queue_saved","depth":0,"entries":2,"engines":"duckduckgo"}
{"ts":"2026-06-30T21:43:14.893Z","runId":"20260701-004314","type":"search_executed","query":"Q4","resultCount":2,"elapsedMs":51,"depth":0}
{"ts":"2026-06-30T21:43:14.894Z","runId":"20260701-004314","type":"search_executed","query":"Q1","resultCount":1,"elapsedMs":1,"depth":0}
{"ts":"2026-06-30T21:43:14.894Z","runId":"20260701-004314","type":"search_executed","query":"Q2","resultCount":1,"elapsedMs":1,"depth":0}
{"ts":"2026-06-30T21:43:14.894Z","runId":"20260701-004314","type":"scrape_executed","url":"https://a.com","title":"https://a.com","bytes":4,"elapsedMs":0,"depth":0}
{"ts":"2026-06-30T21:43:14.894Z","runId":"20260701-004314","type":"phase_changed","from":"searching","to":"extracting","depth":1}
{"ts":"2026-06-30T21:43:14.895Z","runId":"20260701-004314","type":"extraction","length":470,"depth":1}
{"ts":"2026-06-30T21:43:14.895Z","runId":"20260701-004314","type":"phase_changed","from":"extracting","to":"questioning","depth":1}
{"ts":"2026-06-30T21:43:14.895Z","runId":"20260701-004314","type":"deepening","length":323,"depth":1}
{"ts":"2026-06-30T21:43:14.897Z","runId":"20260701-004314","type":"queue_saved","depth":1,"entries":2,"engines":"duckduckgo"}
{"ts":"2026-06-30T21:43:14.897Z","runId":"20260701-004314","type":"search_executed","query":"Q1","resultCount":1,"elapsedMs":0,"depth":1}
{"ts":"2026-06-30T21:43:14.897Z","runId":"20260701-004314","type":"search_executed","query":"Q2","resultCount":1,"elapsedMs":0,"depth":1}
{"ts":"2026-06-30T21:43:14.898Z","runId":"20260701-004314","type":"phase_changed","from":"searching","to":"extracting","depth":2}
{"ts":"2026-06-30T21:43:14.898Z","runId":"20260701-004314","type":"extraction","length":396,"depth":2}
{"ts":"2026-06-30T21:43:14.900Z","runId":"20260701-004314","type":"scrape_executed","url":"https://a.com","title":"https://a.com","bytes":4,"elapsedMs":6,"depth":0}
{"ts":"2026-06-30T21:43:14.900Z","runId":"20260701-004314","type":"scrape_executed","url":"https://b.com","title":"https://b.com","bytes":4,"elapsedMs":6,"depth":0}
{"ts":"2026-06-30T21:43:14.901Z","runId":"20260701-004314","type":"phase_changed","from":"searching","to":"extracting","depth":1}
{"ts":"2026-06-30T21:43:14.902Z","runId":"20260701-004314","type":"extraction","length":705,"depth":1}
{"ts":"2026-06-30T21:43:14.911Z","runId":"20260701-004314","type":"queue_saved","depth":0,"entries":3,"engines":"duckduckgo"}
{"ts":"2026-06-30T21:43:14.923Z","runId":"20260701-004314","type":"search_executed","query":"Q1","resultCount":2,"elapsedMs":12,"depth":0}
{"ts":"2026-06-30T21:43:14.931Z","runId":"20260701-004314","type":"search_executed","query":"Q2","resultCount":2,"elapsedMs":19,"depth":0}
{"ts":"2026-06-30T21:43:14.938Z","runId":"20260701-004314","type":"search_executed","query":"Q3","resultCount":2,"elapsedMs":26,"depth":0}
{"ts":"2026-06-30T21:43:14.950Z","runId":"20260701-004314","type":"scrape_executed","url":"https://a.com","title":"https://a.com","bytes":4,"elapsedMs":7,"depth":0}
{"ts":"2026-06-30T21:43:14.951Z","runId":"20260701-004314","type":"queue_saved","depth":0,"entries":1,"engines":"brave"}
{"ts":"2026-06-30T21:43:14.953Z","runId":"20260701-004314","type":"scrape_executed","url":"https://b.com","title":"https://b.com","bytes":4,"elapsedMs":10,"depth":0}
{"ts":"2026-06-30T21:43:14.957Z","runId":"20260701-004314","type":"search_executed","query":"q1","resultCount":0,"elapsedMs":0,"depth":0}
{"ts":"2026-06-30T21:43:14.958Z","runId":"20260701-004314","type":"phase_changed","from":"searching","to":"extracting","depth":1}
{"ts":"2026-06-30T21:43:14.961Z","runId":"20260701-004314","type":"extraction","length":640,"depth":1}
{"ts":"2026-06-30T21:43:14.961Z","runId":"20260701-004314","type":"phase_changed","from":"searching","to":"extracting","depth":1}
{"ts":"2026-06-30T21:43:14.965Z","runId":"20260701-004314","type":"extraction","length":333,"depth":1}
{"ts":"2026-06-30T21:43:14.964Z","runId":"20260701-004314","type":"deepening_skipped","reason":"depth_reached","currentDepth":1,"totalDepth":1}
{"ts":"2026-06-30T21:43:14.968Z","runId":"20260701-004314","type":"phase_changed","from":"extracting","to":"drafting","depth":1}
{"ts":"2026-06-30T21:43:14.968Z","runId":"20260701-004314","type":"drafting","length":569}
{"ts":"2026-06-30T21:43:14.970Z","runId":"20260701-004314","type":"queue_saved","depth":0,"entries":1,"engines":"brave"}
{"ts":"2026-06-30T21:43:14.971Z","runId":"20260701-004314","type":"drafting_extracted","textLength":117,"agentResponseType":"string","isArray":false}
{"ts":"2026-06-30T21:43:14.971Z","runId":"20260701-004314","type":"search_executed","query":"q1","resultCount":0,"elapsedMs":0,"depth":0}
{"ts":"2026-06-30T21:43:14.973Z","runId":"20260701-004314","type":"phase_changed","from":"drafting","to":"saving"}
{"ts":"2026-06-30T21:43:14.973Z","runId":"20260701-004314","type":"phase_changed","from":"searching","to":"extracting","depth":1}
{"ts":"2026-06-30T21:43:14.974Z","runId":"20260701-004314","type":"extraction","length":333,"depth":1}
{"ts":"2026-06-30T21:43:14.974Z","runId":"20260701-004314","type":"phase_changed","from":"saving","to":"done","draftLength":117}
{"ts":"2026-06-30T21:43:14.980Z","runId":"20260701-004314","type":"queue_saved","depth":0,"entries":2,"engines":"duckduckgo"}
{"ts":"2026-06-30T21:43:14.987Z","runId":"20260701-004314","type":"search_executed","query":"Original Q1","resultCount":1,"elapsedMs":0,"depth":0}
{"ts":"2026-06-30T21:43:14.990Z","runId":"20260701-004314","type":"search_executed","query":"Original Q2","resultCount":1,"elapsedMs":3,"depth":0}
{"ts":"2026-06-30T21:43:14.994Z","runId":"20260701-004314","type":"scrape_executed","url":"https://a.com","title":"https://a.com","bytes":4,"elapsedMs":1,"depth":0}
{"ts":"2026-06-30T21:43:14.996Z","runId":"20260701-004314","type":"phase_changed","from":"searching","to":"extracting","depth":1}
{"ts":"2026-06-30T21:43:15.000Z","runId":"20260701-004314","type":"extraction","length":488,"depth":1}
